09-22 00:00:21 [INFO] zhenxun | CMD[签到] 清理日常签到图片数据数据完成...
09-22 00:18:12 [SUCCESS] nonebot | OneBot V11 3973508735 | [message.private.friend]: Message 7874371 from 2747277822 '[json:data={"app":"com.tencent.gamecenter.mall","desc":"【原神】《原神》基尼奇角色PV——「生意」"...]'
09-22 00:18:12 [INFO] nonebot | Event will be handled by Matcher(type='message', module=zhenxun.plugins.mute.mute_message, lineno=32)
09-22 00:18:12 [INFO] nonebot | Event will be handled by Matcher(type='message', module=zhenxun.builtin_plugins.chat_history.chat_message, lineno=39)
09-22 00:18:12 [INFO] nonebot | Event will be handled by Matcher(type='message', module=zhenxun.plugins.parse_bilibili, lineno=54)
09-22 00:18:12 [INFO] nonebot | Matcher(type='message', module=zhenxun.plugins.parse_bilibili, lineno=54) running complete
09-22 00:18:12 [ERROR] nonebot | Running Matcher(type='message', module=zhenxun.plugins.parse_bilibili, lineno=54) failed.
Traceback (most recent call last):

  File "C:\Program Files\zhenxun\zhenxun_bot-dev\bot.py", line 27, in <module>
    nonebot.run()
    │       └ <function run at 0x000001E876265510>
    └ <module 'nonebot' from 'C:\\Users\\Administrator\\AppData\\Local\\pypoetry\\Cache\\virtualenvs\\zhenxun-bot-k9jvl_fX-py3.10\\...

  File "C:\Users\Administrator\AppData\Local\pypoetry\Cache\virtualenvs\zhenxun-bot-k9jvl_fX-py3.10\lib\site-packages\nonebot\__init__.py", line 335, in run
    get_driver().run(*args, **kwargs)
    │                 │       └ {}
    │                 └ ()
    └ <function get_driver at 0x000001E876265360>

  File "C:\Users\Administrator\AppData\Local\pypoetry\Cache\virtualenvs\zhenxun-bot-k9jvl_fX-py3.10\lib\site-packages\nonebot\drivers\fastapi.py", line 186, in run
    uvicorn.run(
    │       └ <function run at 0x000001E876A3ED40>
    └ <module 'uvicorn' from 'C:\\Users\\Administrator\\AppData\\Local\\pypoetry\\Cache\\virtualenvs\\zhenxun-bot-k9jvl_fX-py3.10\\...

  File "C:\Users\Administrator\AppData\Local\pypoetry\Cache\virtualenvs\zhenxun-bot-k9jvl_fX-py3.10\lib\site-packages\uvicorn\main.py", line 577, in run
    server.run()
    │      └ <function Server.run at 0x000001E876A3E680>
    └ <uvicorn.server.Server object at 0x000001E8088FC550>

  File "C:\Users\Administrator\AppData\Local\pypoetry\Cache\virtualenvs\zhenxun-bot-k9jvl_fX-py3.10\lib\site-packages\uvicorn\server.py", line 65, in run
    return asyncio.run(self.serve(sockets=sockets))
           │       │   │    │             └ None
           │       │   │    └ <function Server.serve at 0x000001E876A3E710>
           │       │   └ <uvicorn.server.Server object at 0x000001E8088FC550>
           │       └ <function run at 0x000001E873F5CE50>
           └ <module 'asyncio' from 'C:\\Users\\Administrator\\AppData\\Local\\Programs\\Python\\Python310\\lib\\asyncio\\__init__.py'>

  File "C:\Users\Administrator\AppData\Local\Programs\Python\Python310\lib\asyncio\runners.py", line 44, in run
    return loop.run_until_complete(main)
           │    │                  └ <coroutine object Server.serve at 0x000001E878D617E0>
           │    └ <function BaseEventLoop.run_until_complete at 0x000001E874060280>
           └ <ProactorEventLoop running=True closed=False debug=False>

  File "C:\Users\Administrator\AppData\Local\Programs\Python\Python310\lib\asyncio\base_events.py", line 636, in run_until_complete
    self.run_forever()
    │    └ <function ProactorEventLoop.run_forever at 0x000001E875C9D510>
    └ <ProactorEventLoop running=True closed=False debug=False>

  File "C:\Users\Administrator\AppData\Local\Programs\Python\Python310\lib\asyncio\windows_events.py", line 321, in run_forever
    super().run_forever()

  File "C:\Users\Administrator\AppData\Local\Programs\Python\Python310\lib\asyncio\base_events.py", line 603, in run_forever
    self._run_once()
    │    └ <function BaseEventLoop._run_once at 0x000001E874061CF0>
    └ <ProactorEventLoop running=True closed=False debug=False>

  File "C:\Users\Administrator\AppData\Local\Programs\Python\Python310\lib\asyncio\base_events.py", line 1909, in _run_once
    handle._run()
    │      └ <function Handle._run at 0x000001E8740109D0>
    └ <Handle Task.task_wakeup(<_GatheringFu...c3afecd'}})]]>)>

  File "C:\Users\Administrator\AppData\Local\Programs\Python\Python310\lib\asyncio\events.py", line 80, in _run
    self._context.run(self._callback, *self._args)
    │    │            │    │           │    └ <member '_args' of 'Handle' objects>
    │    │            │    │           └ <Handle Task.task_wakeup(<_GatheringFu...c3afecd'}})]]>)>
    │    │            │    └ <member '_callback' of 'Handle' objects>
    │    │            └ <Handle Task.task_wakeup(<_GatheringFu...c3afecd'}})]]>)>
    │    └ <member '_context' of 'Handle' objects>
    └ <Handle Task.task_wakeup(<_GatheringFu...c3afecd'}})]]>)>

  File "C:\Users\Administrator\AppData\Local\pypoetry\Cache\virtualenvs\zhenxun-bot-k9jvl_fX-py3.10\lib\site-packages\nonebot\message.py", line 476, in check_and_run_matcher
    await _run_matcher(
          └ <function _run_matcher at 0x000001E8763C09D0>

> File "C:\Users\Administrator\AppData\Local\pypoetry\Cache\virtualenvs\zhenxun-bot-k9jvl_fX-py3.10\lib\site-packages\nonebot\message.py", line 428, in _run_matcher
    await matcher.run(bot, event, state, stack, dependency_cache)
          │       │   │    │      │      │      └ {<function _event_to_me at 0x000001E8762B9CF0>: <Task finished name='Task-7788919' coro=<_event_to_me() done, defined at C:\U...
          │       │   │    │      │      └ <contextlib.AsyncExitStack object at 0x000001E808EE4AF0>
          │       │   │    │      └ {'_prefix': {'command': None, 'raw_command': None, 'command_arg': None, 'command_start': None, 'command_whitespace': None}}
          │       │   │    └ PrivateMessageEvent(time=1726935492, self_id=3973508735, post_type='message', sub_type='friend', user_id=2747277822, message_...
          │       │   └ Bot(type='OneBot V11', self_id='3973508735')
          │       └ <function Matcher.run at 0x000001E8762B9B40>
          └ Matcher(type='message', module=zhenxun.plugins.parse_bilibili, lineno=54)

  File "C:\Users\Administrator\AppData\Local\pypoetry\Cache\virtualenvs\zhenxun-bot-k9jvl_fX-py3.10\lib\site-packages\nonebot\internal\matcher\matcher.py", line 850, in run
    await self.simple_run(bot, event, state, stack, dependency_cache)
          │    │          │    │      │      │      └ {<function _event_to_me at 0x000001E8762B9CF0>: <Task finished name='Task-7788919' coro=<_event_to_me() done, defined at C:\U...
          │    │          │    │      │      └ <contextlib.AsyncExitStack object at 0x000001E808EE4AF0>
          │    │          │    │      └ {'_prefix': {'command': None, 'raw_command': None, 'command_arg': None, 'command_start': None, 'command_whitespace': None}}
          │    │          │    └ PrivateMessageEvent(time=1726935492, self_id=3973508735, post_type='message', sub_type='friend', user_id=2747277822, message_...
          │    │          └ Bot(type='OneBot V11', self_id='3973508735')
          │    └ <function Matcher.simple_run at 0x000001E8762B9AB0>
          └ Matcher(type='message', module=zhenxun.plugins.parse_bilibili, lineno=54)

  File "C:\Users\Administrator\AppData\Local\pypoetry\Cache\virtualenvs\zhenxun-bot-k9jvl_fX-py3.10\lib\site-packages\nonebot\internal\matcher\matcher.py", line 825, in simple_run
    await handler(
          └ Dependent(call=_)

  File "C:\Users\Administrator\AppData\Local\pypoetry\Cache\virtualenvs\zhenxun-bot-k9jvl_fX-py3.10\lib\site-packages\nonebot\dependencies\__init__.py", line 94, in __call__
    return await cast(Callable[..., Awaitable[R]], self.call)(**values)
                 │    │             │         │    │    │       └ {'session': Session(bot_id='3973508735', bot_type='OneBot V11', platform='qq', level=<SessionLevel.LEVEL1: 1>, id1='274727782...
                 │    │             │         │    │    └ <function _ at 0x000001E8084CF0A0>
                 │    │             │         │    └ Dependent(call=_)
                 │    │             │         └ ~R
                 │    │             └ <class 'collections.abc.Awaitable'>
                 │    └ typing.Callable
                 └ <function cast at 0x000001E873DF04C0>

  File "C:\Program Files\zhenxun\zhenxun_bot-dev\zhenxun\plugins\parse_bilibili\__init__.py", line 86, in _
    get_url = (qqdocurl_value if qqdocurl_value else jumpUrl_value).split("?")[
               │                 │                   └ {}
               │                 └ {}
               └ {}

AttributeError: 'dict' object has no attribute 'split'
09-22 00:18:12 [INFO] nonebot | Matcher(type='message', module=zhenxun.builtin_plugins.chat_history.chat_message, lineno=39) running complete
09-22 00:18:12 [INFO] nonebot | Matcher(type='message', module=zhenxun.plugins.mute.mute_message, lineno=32) running complete
09-22 00:18:12 [INFO] nonebot | Event will be handled by Matcher(type='message', module=zhenxun.plugins.nonebot_plugin_sparkapi.matchers.chat, lineno=19)
09-22 00:18:22 [INFO] nonebot | Matcher(type='message', module=zhenxun.plugins.nonebot_plugin_sparkapi.matchers.chat, lineno=19) running complete
09-22 00:18:22 [ERROR] nonebot | Running Matcher(type='message', module=zhenxun.plugins.nonebot_plugin_sparkapi.matchers.chat, lineno=19) failed.
Traceback (most recent call last):

  File "C:\Program Files\zhenxun\zhenxun_bot-dev\bot.py", line 27, in <module>
    nonebot.run()
    │       └ <function run at 0x000001E876265510>
    └ <module 'nonebot' from 'C:\\Users\\Administrator\\AppData\\Local\\pypoetry\\Cache\\virtualenvs\\zhenxun-bot-k9jvl_fX-py3.10\\...

  File "C:\Users\Administrator\AppData\Local\pypoetry\Cache\virtualenvs\zhenxun-bot-k9jvl_fX-py3.10\lib\site-packages\nonebot\__init__.py", line 335, in run
    get_driver().run(*args, **kwargs)
    │                 │       └ {}
    │                 └ ()
    └ <function get_driver at 0x000001E876265360>

  File "C:\Users\Administrator\AppData\Local\pypoetry\Cache\virtualenvs\zhenxun-bot-k9jvl_fX-py3.10\lib\site-packages\nonebot\drivers\fastapi.py", line 186, in run
    uvicorn.run(
    │       └ <function run at 0x000001E876A3ED40>
    └ <module 'uvicorn' from 'C:\\Users\\Administrator\\AppData\\Local\\pypoetry\\Cache\\virtualenvs\\zhenxun-bot-k9jvl_fX-py3.10\\...

  File "C:\Users\Administrator\AppData\Local\pypoetry\Cache\virtualenvs\zhenxun-bot-k9jvl_fX-py3.10\lib\site-packages\uvicorn\main.py", line 577, in run
    server.run()
    │      └ <function Server.run at 0x000001E876A3E680>
    └ <uvicorn.server.Server object at 0x000001E8088FC550>

  File "C:\Users\Administrator\AppData\Local\pypoetry\Cache\virtualenvs\zhenxun-bot-k9jvl_fX-py3.10\lib\site-packages\uvicorn\server.py", line 65, in run
    return asyncio.run(self.serve(sockets=sockets))
           │       │   │    │             └ None
           │       │   │    └ <function Server.serve at 0x000001E876A3E710>
           │       │   └ <uvicorn.server.Server object at 0x000001E8088FC550>
           │       └ <function run at 0x000001E873F5CE50>
           └ <module 'asyncio' from 'C:\\Users\\Administrator\\AppData\\Local\\Programs\\Python\\Python310\\lib\\asyncio\\__init__.py'>

  File "C:\Users\Administrator\AppData\Local\Programs\Python\Python310\lib\asyncio\runners.py", line 44, in run
    return loop.run_until_complete(main)
           │    │                  └ <coroutine object Server.serve at 0x000001E878D617E0>
           │    └ <function BaseEventLoop.run_until_complete at 0x000001E874060280>
           └ <ProactorEventLoop running=True closed=False debug=False>

  File "C:\Users\Administrator\AppData\Local\Programs\Python\Python310\lib\asyncio\base_events.py", line 636, in run_until_complete
    self.run_forever()
    │    └ <function ProactorEventLoop.run_forever at 0x000001E875C9D510>
    └ <ProactorEventLoop running=True closed=False debug=False>

  File "C:\Users\Administrator\AppData\Local\Programs\Python\Python310\lib\asyncio\windows_events.py", line 321, in run_forever
    super().run_forever()

  File "C:\Users\Administrator\AppData\Local\Programs\Python\Python310\lib\asyncio\base_events.py", line 603, in run_forever
    self._run_once()
    │    └ <function BaseEventLoop._run_once at 0x000001E874061CF0>
    └ <ProactorEventLoop running=True closed=False debug=False>

  File "C:\Users\Administrator\AppData\Local\Programs\Python\Python310\lib\asyncio\base_events.py", line 1909, in _run_once
    handle._run()
    │      └ <function Handle._run at 0x000001E8740109D0>
    └ <Handle Task.task_wakeup(<Future finished result=None>)>

  File "C:\Users\Administrator\AppData\Local\Programs\Python\Python310\lib\asyncio\events.py", line 80, in _run
    self._context.run(self._callback, *self._args)
    │    │            │    │           │    └ <member '_args' of 'Handle' objects>
    │    │            │    │           └ <Handle Task.task_wakeup(<Future finished result=None>)>
    │    │            │    └ <member '_callback' of 'Handle' objects>
    │    │            └ <Handle Task.task_wakeup(<Future finished result=None>)>
    │    └ <member '_context' of 'Handle' objects>
    └ <Handle Task.task_wakeup(<Future finished result=None>)>

  File "C:\Users\Administrator\AppData\Local\pypoetry\Cache\virtualenvs\zhenxun-bot-k9jvl_fX-py3.10\lib\site-packages\nonebot\message.py", line 476, in check_and_run_matcher
    await _run_matcher(
          └ <function _run_matcher at 0x000001E8763C09D0>

> File "C:\Users\Administrator\AppData\Local\pypoetry\Cache\virtualenvs\zhenxun-bot-k9jvl_fX-py3.10\lib\site-packages\nonebot\message.py", line 428, in _run_matcher
    await matcher.run(bot, event, state, stack, dependency_cache)
          │       │   │    │      │      │      └ {<function _event_to_me at 0x000001E8762B9CF0>: <Task finished name='Task-7788919' coro=<_event_to_me() done, defined at C:\U...
          │       │   │    │      │      └ <contextlib.AsyncExitStack object at 0x000001E808EE4AF0>
          │       │   │    │      └ {'_prefix': {'command': None, 'raw_command': None, 'command_arg': None, 'command_start': None, 'command_whitespace': None}}
          │       │   │    └ PrivateMessageEvent(time=1726935492, self_id=3973508735, post_type='message', sub_type='friend', user_id=2747277822, message_...
          │       │   └ Bot(type='OneBot V11', self_id='3973508735')
          │       └ <function Matcher.run at 0x000001E8762B9B40>
          └ Matcher(type='message', module=zhenxun.plugins.nonebot_plugin_sparkapi.matchers.chat, lineno=19)

  File "C:\Users\Administrator\AppData\Local\pypoetry\Cache\virtualenvs\zhenxun-bot-k9jvl_fX-py3.10\lib\site-packages\nonebot\internal\matcher\matcher.py", line 850, in run
    await self.simple_run(bot, event, state, stack, dependency_cache)
          │    │          │    │      │      │      └ {<function _event_to_me at 0x000001E8762B9CF0>: <Task finished name='Task-7788919' coro=<_event_to_me() done, defined at C:\U...
          │    │          │    │      │      └ <contextlib.AsyncExitStack object at 0x000001E808EE4AF0>
          │    │          │    │      └ {'_prefix': {'command': None, 'raw_command': None, 'command_arg': None, 'command_start': None, 'command_whitespace': None}}
          │    │          │    └ PrivateMessageEvent(time=1726935492, self_id=3973508735, post_type='message', sub_type='friend', user_id=2747277822, message_...
          │    │          └ Bot(type='OneBot V11', self_id='3973508735')
          │    └ <function Matcher.simple_run at 0x000001E8762B9AB0>
          └ Matcher(type='message', module=zhenxun.plugins.nonebot_plugin_sparkapi.matchers.chat, lineno=19)

  File "C:\Users\Administrator\AppData\Local\pypoetry\Cache\virtualenvs\zhenxun-bot-k9jvl_fX-py3.10\lib\site-packages\nonebot\internal\matcher\matcher.py", line 825, in simple_run
    await handler(
          └ Dependent(call=_)

  File "C:\Users\Administrator\AppData\Local\pypoetry\Cache\virtualenvs\zhenxun-bot-k9jvl_fX-py3.10\lib\site-packages\nonebot\dependencies\__init__.py", line 94, in __call__
    return await cast(Callable[..., Awaitable[R]], self.call)(**values)
                 │    │             │         │    │    │       └ {'session_id': 'qq_OneBot_V11_3973508735_2747277822', 'arg': [MessageSegment(type='json', data={'data': '{"app":"com.tencent....
                 │    │             │         │    │    └ <function _ at 0x000001E808567880>
                 │    │             │         │    └ Dependent(call=_)
                 │    │             │         └ ~R
                 │    │             └ <class 'collections.abc.Awaitable'>
                 │    └ typing.Callable
                 └ <function cast at 0x000001E873DF04C0>

  File "C:\Program Files\zhenxun\zhenxun_bot-dev\zhenxun\plugins\nonebot_plugin_sparkapi\matchers\chat.py", line 27, in _
    await solve_at("内容不能为空！").finish()
          └ <function solve_at at 0x000001E808537BE0>

  File "C:\Users\Administrator\AppData\Local\pypoetry\Cache\virtualenvs\zhenxun-bot-k9jvl_fX-py3.10\lib\site-packages\nonebot_plugin_alconna\uniseg\message.py", line 1407, in finish
    await self.send(target, bot, fallback, at_sender, reply_to, **kwargs)
          │    │    │       │    │         │          │           └ {}
          │    │    │       │    │         │          └ False
          │    │    │       │    │         └ False
          │    │    │       │    └ <FallbackStrategy.rollback: 'rollback'>
          │    │    │       └ None
          │    │    └ None
          │    └ <function UniMessage.send at 0x000001E879139480>
          └ [Text(text='内容不能为空！', styles={})]

  File "C:\Users\Administrator\AppData\Local\pypoetry\Cache\virtualenvs\zhenxun-bot-k9jvl_fX-py3.10\lib\site-packages\nonebot_plugin_alconna\uniseg\message.py", line 1395, in send
    res = await fn.send_to(target, bot, msg, **kwargs)
                │  │       │       │    │      └ {}
                │  │       │       │    └ [MessageSegment(type='text', data={'text': '内容不能为空！'})]
                │  │       │       └ Bot(type='OneBot V11', self_id='3973508735')
                │  │       └ PrivateMessageEvent(time=1726935492, self_id=3973508735, post_type='message', sub_type='friend', user_id=2747277822, message_...
                │  └ <function Onebot11MessageExporter.send_to at 0x000001E87911C820>
                └ <nonebot_plugin_alconna.uniseg.adapters.onebot11.exporter.Onebot11MessageExporter object at 0x000001E8790DA7A0>

  File "C:\Users\Administrator\AppData\Local\pypoetry\Cache\virtualenvs\zhenxun-bot-k9jvl_fX-py3.10\lib\site-packages\nonebot_plugin_alconna\uniseg\adapters\onebot11\exporter.py", line 154, in send_to
    return await bot.send(target, message, **kwargs)  # type: ignore
                 │   │    │       │          └ {}
                 │   │    │       └ [MessageSegment(type='text', data={'text': '内容不能为空！'})]
                 │   │    └ PrivateMessageEvent(time=1726935492, self_id=3973508735, post_type='message', sub_type='friend', user_id=2747277822, message_...
                 │   └ <function Bot.send at 0x000001E8767E8160>
                 └ Bot(type='OneBot V11', self_id='3973508735')

  File "C:\Users\Administrator\AppData\Local\pypoetry\Cache\virtualenvs\zhenxun-bot-k9jvl_fX-py3.10\lib\site-packages\nonebot\adapters\onebot\v11\bot.py", line 237, in send
    return await self.__class__.send_handler(self, event, message, **kwargs)
                 │    │                      │     │      │          └ {}
                 │    │                      │     │      └ [MessageSegment(type='text', data={'text': '内容不能为空！'})]
                 │    │                      │     └ PrivateMessageEvent(time=1726935492, self_id=3973508735, post_type='message', sub_type='friend', user_id=2747277822, message_...
                 │    │                      └ Bot(type='OneBot V11', self_id='3973508735')
                 │    └ <attribute '__class__' of 'object' objects>
                 └ Bot(type='OneBot V11', self_id='3973508735')

  File "C:\Users\Administrator\AppData\Local\pypoetry\Cache\virtualenvs\zhenxun-bot-k9jvl_fX-py3.10\lib\site-packages\nonebot\adapters\onebot\v11\bot.py", line 190, in send
    return await bot.send_msg(**params)
                 │              └ {'user_id': 2747277822, 'message_type': 'private', 'message': [MessageSegment(type='text', data={'text': '内容不能为空！'})]}
                 └ Bot(type='OneBot V11', self_id='3973508735')

  File "C:\Users\Administrator\AppData\Local\pypoetry\Cache\virtualenvs\zhenxun-bot-k9jvl_fX-py3.10\lib\site-packages\nonebot\internal\adapter\bot.py", line 122, in call_api
    raise exception
          └ ActionFailed(status='failed', retcode=1200, data=None, message='Error: Timeout: NTEvent serviceAndMethod:NodeIKernelMsgServic...

  File "C:\Users\Administrator\AppData\Local\pypoetry\Cache\virtualenvs\zhenxun-bot-k9jvl_fX-py3.10\lib\site-packages\nonebot\internal\adapter\bot.py", line 97, in call_api
    result = await self.adapter._call_api(self, api, **data)
                   │    │       │         │     │      └ {'user_id': 2747277822, 'message_type': 'private', 'message': [MessageSegment(type='text', data={'text': '内容不能为空！'})]}
                   │    │       │         │     └ 'send_msg'
                   │    │       │         └ Bot(type='OneBot V11', self_id='3973508735')
                   │    │       └ <function Adapter._call_api at 0x000001E873B08820>
                   │    └ Adapter(name='OneBot V11')
                   └ Bot(type='OneBot V11', self_id='3973508735')

  File "C:\Users\Administrator\AppData\Local\pypoetry\Cache\virtualenvs\zhenxun-bot-k9jvl_fX-py3.10\lib\site-packages\nonebot\adapters\onebot\v11\adapter.py", line 147, in _call_api
    return handle_api_result(await self._result_store.fetch(seq, timeout))
           │                       │    │             │     │    └ 30.0
           │                       │    │             │     └ 1764
           │                       │    │             └ <function ResultStore.fetch at 0x000001E8767E92D0>
           │                       │    └ <nonebot.adapters.onebot.store.ResultStore object at 0x000001E8765085E0>
           │                       └ Adapter(name='OneBot V11')
           └ <function handle_api_result at 0x000001E876770280>

  File "C:\Users\Administrator\AppData\Local\pypoetry\Cache\virtualenvs\zhenxun-bot-k9jvl_fX-py3.10\lib\site-packages\nonebot\adapters\onebot\v11\utils.py", line 58, in handle_api_result
    raise ActionFailed(**result)
          │              └ {'status': 'failed', 'retcode': 1200, 'data': None, 'message': 'Error: Timeout: NTEvent serviceAndMethod:NodeIKernelMsgServic...
          └ <class 'nonebot.adapters.onebot.v11.exception.ActionFailed'>

nonebot.adapters.onebot.v11.exception.ActionFailed: ActionFailed(status='failed', retcode=1200, data=None, message='Error: Timeout: NTEvent serviceAndMethod:NodeIKernelMsgService/sendMsg ListenerName:NodeIKernelMsgListener/onMsgInfoListUpdate EventRet:\n{}\n\n    at Timeout.sendDataCallback [as _onTimeout] (file:///C:/Users/Administrator/Documents/LiteloaderQQNT/plugins/NapCat.Framework/napcat.mjs:7666:15)\n    at listOnTimeout (node:internal/timers:573:17)\n    at process.processTimers (node:internal/timers:514:7)', wording='Error: Timeout: NTEvent serviceAndMethod:NodeIKernelMsgService/sendMsg ListenerName:NodeIKernelMsgListener/onMsgInfoListUpdate EventRet:\n{}\n\n    at Timeout.sendDataCallback [as _onTimeout] (file:///C:/Users/Administrator/Documents/LiteloaderQQNT/plugins/NapCat.Framework/napcat.mjs:7666:15)\n    at listOnTimeout (node:internal/timers:573:17)\n    at process.processTimers (node:internal/timers:514:7)', echo='1764')
09-22 00:25:24 [SUCCESS] nonebot | OneBot V11 3973508735 | [message.group.normal]: Message 1599293878 from 843298567@[群:546881717] '所以到底去哪'
09-22 00:25:24 [INFO] nonebot | Event will be handled by Matcher(type='message', module=zhenxun.plugins.mute.mute_message, lineno=32)
09-22 00:25:24 [INFO] nonebot | Event will be handled by Matcher(type='message', module=zhenxun.builtin_plugins.chat_history.chat_message, lineno=39)
09-22 00:25:24 [INFO] nonebot | Event will be handled by Matcher(type='message', module=zhenxun.plugins.parse_bilibili, lineno=54)
09-22 00:25:24 [INFO] nonebot | Matcher(type='message', module=zhenxun.plugins.parse_bilibili, lineno=54) running complete
09-22 00:25:25 [INFO] nonebot | Matcher(type='message', module=zhenxun.builtin_plugins.chat_history.chat_message, lineno=39) running complete
09-22 00:25:25 [INFO] nonebot | Matcher(type='message', module=zhenxun.plugins.mute.mute_message, lineno=32) running complete
09-22 00:25:25 [INFO] nonebot | Event will be handled by Matcher(type='message', module=zhenxun.plugins.fudu, lineno=97)
09-22 00:25:25 [INFO] nonebot | Matcher(type='message', module=zhenxun.plugins.fudu, lineno=97) running complete
09-22 00:26:27 [SUCCESS] nonebot | OneBot V11 3973508735 | [message.group.normal]: Message 1938069803 from 843298567@[群:546881717] '[at:qq=1095712946] 杭州玩些啥，西湖每条鱼长什么样我都记住了'
09-22 00:26:27 [INFO] nonebot | Event will be handled by Matcher(type='message', module=zhenxun.plugins.mute.mute_message, lineno=32)
09-22 00:26:27 [INFO] nonebot | Event will be handled by Matcher(type='message', module=zhenxun.builtin_plugins.chat_history.chat_message, lineno=39)
09-22 00:26:27 [INFO] nonebot | Event will be handled by Matcher(type='message', module=zhenxun.plugins.parse_bilibili, lineno=54)
09-22 00:26:27 [INFO] nonebot | Matcher(type='message', module=zhenxun.plugins.mute.mute_message, lineno=32) running complete
09-22 00:26:27 [INFO] nonebot | Matcher(type='message', module=zhenxun.plugins.parse_bilibili, lineno=54) running complete
09-22 00:26:27 [INFO] nonebot | Matcher(type='message', module=zhenxun.builtin_plugins.chat_history.chat_message, lineno=39) running complete
09-22 00:26:28 [INFO] nonebot | Event will be handled by Matcher(type='message', module=zhenxun.plugins.fudu, lineno=97)
09-22 00:26:28 [INFO] nonebot | Matcher(type='message', module=zhenxun.plugins.fudu, lineno=97) running complete
09-22 01:00:21 [INFO] zhenxun | CMD[签到] 清理日常签到图片数据数据完成...
09-22 01:01:00 [INFO] zhenxun | CMD[定时任务] 自动清理临时数据完成，共清理了 1.38MB 的数据...
09-22 01:51:18 [INFO] uvicorn | Shutting down
09-22 01:51:18 [WARNING] nonebot | OneBot V11 | WebSocket for Bot 3973508735 closed by peer
09-22 01:51:18 [INFO] websockets | connection closed
09-22 01:51:18 [INFO] uvicorn | Finished server process [5036]
09-22 01:51:18 [INFO] nonebot_plugin_apscheduler | Scheduler Shutdown
