10-14 00:06:10 [SUCCESS] nonebot | OneBot V11 3973508735 | [message.group.normal]: Message 1071491323 from 1046393368@[群:546881717] 'caps要被标记了'
10-14 00:06:10 [INFO] nonebot | Event will be handled by Matcher(type='message', module=zhenxun.plugins.mute.mute_message, lineno=32)
10-14 00:06:10 [INFO] nonebot | Event will be handled by Matcher(type='message', module=zhenxun.builtin_plugins.chat_history.chat_message, lineno=39)
10-14 00:06:10 [INFO] nonebot | Event will be handled by Matcher(type='message', module=zhenxun.plugins.parse_bilibili, lineno=54)
10-14 00:06:10 [INFO] nonebot | Matcher(type='message', module=zhenxun.plugins.parse_bilibili, lineno=54) running complete
10-14 00:06:10 [INFO] nonebot | Matcher(type='message', module=zhenxun.builtin_plugins.chat_history.chat_message, lineno=39) running complete
10-14 00:06:10 [INFO] nonebot | Matcher(type='message', module=zhenxun.plugins.mute.mute_message, lineno=32) running complete
10-14 00:06:11 [INFO] nonebot | Event will be handled by Matcher(type='message', module=zhenxun.plugins.fudu, lineno=97)
10-14 00:06:11 [INFO] nonebot | Matcher(type='message', module=zhenxun.plugins.fudu, lineno=97) running complete
10-14 00:09:49 [SUCCESS] nonebot | OneBot V11 3973508735 | [message.group.normal]: Message 733462092 from 1046393368@[群:546881717] 'on'
10-14 00:09:49 [INFO] nonebot | Event will be handled by Matcher(type='message', module=zhenxun.plugins.mute.mute_message, lineno=32)
10-14 00:09:49 [INFO] nonebot | Event will be handled by Matcher(type='message', module=zhenxun.builtin_plugins.chat_history.chat_message, lineno=39)
10-14 00:09:49 [INFO] nonebot | Matcher(type='message', module=zhenxun.builtin_plugins.chat_history.chat_message, lineno=39) running complete
10-14 00:09:49 [INFO] nonebot | Event will be handled by Matcher(type='message', module=zhenxun.plugins.parse_bilibili, lineno=54)
10-14 00:09:49 [INFO] nonebot | Matcher(type='message', module=zhenxun.plugins.mute.mute_message, lineno=32) running complete
10-14 00:09:49 [INFO] nonebot | Matcher(type='message', module=zhenxun.plugins.parse_bilibili, lineno=54) running complete
10-14 00:09:49 [INFO] nonebot | Event will be handled by Matcher(type='message', module=zhenxun.plugins.fudu, lineno=97)
10-14 00:09:49 [INFO] nonebot | Matcher(type='message', module=zhenxun.plugins.fudu, lineno=97) running complete
10-14 00:13:01 [SUCCESS] nonebot | OneBot V11 3973508735 | [message.group.normal]: Message 692316858 from 1046393368@[群:546881717] '[image:file=000000904e61704361744f6e65426f747c4d736746696c657c327c3534363838313...,sub_type=0,file_id=000000904e61704361744f6e65426f747c4d736746696c657c327c3534363838313...,url=https://multimedia.nt.qq.com.cn/download?appid=1407&fileid=CgoxMDQ2...,file_size=147525,file_unique=435AFFAAD9A469C02F5C43BF763B55BA.jpg]'
10-14 00:13:01 [INFO] nonebot | Event will be handled by Matcher(type='message', module=zhenxun.plugins.mute.mute_message, lineno=32)
10-14 00:13:01 [INFO] nonebot | Event will be handled by Matcher(type='message', module=zhenxun.builtin_plugins.chat_history.chat_message, lineno=39)
10-14 00:13:01 [INFO] nonebot | Event will be handled by Matcher(type='message', module=zhenxun.plugins.parse_bilibili, lineno=54)
10-14 00:13:01 [INFO] nonebot | Matcher(type='message', module=zhenxun.builtin_plugins.chat_history.chat_message, lineno=39) running complete
10-14 00:13:01 [INFO] nonebot | Matcher(type='message', module=zhenxun.plugins.parse_bilibili, lineno=54) running complete
10-14 00:13:01 [INFO] zhenxun | 下载 https://multimedia.nt.qq.com.cn/download?appid=1407&fileid=CgoxMDQ2MzkzMzY4EhSvQ8NTlJP5WjeLQuQahJF5FO5boBjFgAkg_woom5LJ89-LiQMyBHByb2RQgL2jAQ&spec=0&rkey=CAQSKAB6JWENi5LMWdm-MvH9GSoI5Wp_e4uceh7NVomf9p-IoD1pRPqyPb0 成功.. Path：C:\Program Files\zhenxun\zhenxun_bot-dev\resources\temp\compare_download__mute__img.jpg
10-14 00:13:01 [INFO] nonebot | Matcher(type='message', module=zhenxun.plugins.mute.mute_message, lineno=32) running complete
10-14 00:13:01 [INFO] nonebot | Event will be handled by Matcher(type='message', module=zhenxun.plugins.fudu, lineno=97)
10-14 00:13:02 [INFO] zhenxun | 下载 https://multimedia.nt.qq.com.cn/download?appid=1407&fileid=CgoxMDQ2MzkzMzY4EhSvQ8NTlJP5WjeLQuQahJF5FO5boBjFgAkg_woom5LJ89-LiQMyBHByb2RQgL2jAQ&spec=0&rkey=CAQSKAB6JWENi5LMWdm-MvH9GSoI5Wp_e4uceh7NVomf9p-IoD1pRPqyPb0 成功.. Path：C:\Program Files\zhenxun\zhenxun_bot-dev\resources\temp\compare_download_546881717_img.jpg
10-14 00:13:02 [INFO] nonebot | Matcher(type='message', module=zhenxun.plugins.fudu, lineno=97) running complete
10-14 00:13:04 [SUCCESS] nonebot | OneBot V11 3973508735 | [message.group.normal]: Message 192990904 from 1046393368@[群:546881717] '这是干啥呢？'
10-14 00:13:04 [INFO] nonebot | Event will be handled by Matcher(type='message', module=zhenxun.plugins.mute.mute_message, lineno=32)
10-14 00:13:04 [INFO] nonebot | Event will be handled by Matcher(type='message', module=zhenxun.plugins.parse_bilibili, lineno=54)
10-14 00:13:04 [INFO] nonebot | Event will be handled by Matcher(type='message', module=zhenxun.builtin_plugins.chat_history.chat_message, lineno=39)
10-14 00:13:04 [INFO] nonebot | Matcher(type='message', module=zhenxun.builtin_plugins.chat_history.chat_message, lineno=39) running complete
10-14 00:13:04 [INFO] nonebot | Matcher(type='message', module=zhenxun.plugins.parse_bilibili, lineno=54) running complete
10-14 00:13:04 [INFO] nonebot | Matcher(type='message', module=zhenxun.plugins.mute.mute_message, lineno=32) running complete
10-14 00:13:04 [INFO] nonebot | Event will be handled by Matcher(type='message', module=zhenxun.plugins.fudu, lineno=97)
10-14 00:13:04 [INFO] nonebot | Matcher(type='message', module=zhenxun.plugins.fudu, lineno=97) running complete
10-14 00:16:20 [INFO] zhenxun | CMD[签到] 清理日常签到图片数据数据完成...
10-14 00:21:05 [SUCCESS] nonebot | OneBot V11 3973508735 | [message.group.normal]: Message 2120125476 from 499736955@[群:546881717] 's3赛季'
10-14 00:21:05 [INFO] nonebot | Event will be handled by Matcher(type='message', module=zhenxun.plugins.mute.mute_message, lineno=32)
10-14 00:21:05 [INFO] nonebot | Event will be handled by Matcher(type='message', module=zhenxun.builtin_plugins.chat_history.chat_message, lineno=39)
10-14 00:21:05 [INFO] nonebot | Event will be handled by Matcher(type='message', module=zhenxun.plugins.parse_bilibili, lineno=54)
10-14 00:21:05 [INFO] nonebot | Matcher(type='message', module=zhenxun.plugins.parse_bilibili, lineno=54) running complete
10-14 00:21:05 [INFO] nonebot | Matcher(type='message', module=zhenxun.builtin_plugins.chat_history.chat_message, lineno=39) running complete
10-14 00:21:05 [INFO] nonebot | Matcher(type='message', module=zhenxun.plugins.mute.mute_message, lineno=32) running complete
10-14 00:21:05 [INFO] nonebot | Event will be handled by Matcher(type='message', module=zhenxun.plugins.fudu, lineno=97)
10-14 00:21:05 [INFO] nonebot | Matcher(type='message', module=zhenxun.plugins.fudu, lineno=97) running complete
10-14 00:23:02 [SUCCESS] nonebot | OneBot V11 3973508735 | [message.group.normal]: Message 324151622 from 1046393368@[群:546881717] '赶紧的吧'
10-14 00:23:02 [INFO] nonebot | Event will be handled by Matcher(type='message', module=zhenxun.plugins.mute.mute_message, lineno=32)
10-14 00:23:02 [INFO] nonebot | Event will be handled by Matcher(type='message', module=zhenxun.builtin_plugins.chat_history.chat_message, lineno=39)
10-14 00:23:02 [INFO] nonebot | Matcher(type='message', module=zhenxun.builtin_plugins.chat_history.chat_message, lineno=39) running complete
10-14 00:23:02 [INFO] nonebot | Event will be handled by Matcher(type='message', module=zhenxun.plugins.parse_bilibili, lineno=54)
10-14 00:23:02 [INFO] nonebot | Matcher(type='message', module=zhenxun.plugins.mute.mute_message, lineno=32) running complete
10-14 00:23:02 [INFO] nonebot | Matcher(type='message', module=zhenxun.plugins.parse_bilibili, lineno=54) running complete
10-14 00:23:02 [INFO] nonebot | Event will be handled by Matcher(type='message', module=zhenxun.plugins.fudu, lineno=97)
10-14 00:23:02 [INFO] nonebot | Matcher(type='message', module=zhenxun.plugins.fudu, lineno=97) running complete
10-14 00:23:05 [SUCCESS] nonebot | OneBot V11 3973508735 | [message.group.normal]: Message 299296547 from 1046393368@[群:546881717] '别上班了'
10-14 00:23:05 [INFO] nonebot | Event will be handled by Matcher(type='message', module=zhenxun.plugins.mute.mute_message, lineno=32)
10-14 00:23:05 [INFO] nonebot | Event will be handled by Matcher(type='message', module=zhenxun.builtin_plugins.chat_history.chat_message, lineno=39)
10-14 00:23:05 [INFO] nonebot | Event will be handled by Matcher(type='message', module=zhenxun.plugins.parse_bilibili, lineno=54)
10-14 00:23:05 [INFO] nonebot | Matcher(type='message', module=zhenxun.builtin_plugins.chat_history.chat_message, lineno=39) running complete
10-14 00:23:05 [INFO] nonebot | Matcher(type='message', module=zhenxun.plugins.parse_bilibili, lineno=54) running complete
10-14 00:23:05 [INFO] nonebot | Matcher(type='message', module=zhenxun.plugins.mute.mute_message, lineno=32) running complete
10-14 00:23:05 [INFO] nonebot | Event will be handled by Matcher(type='message', module=zhenxun.plugins.fudu, lineno=97)
10-14 00:23:05 [INFO] nonebot | Matcher(type='message', module=zhenxun.plugins.fudu, lineno=97) running complete
10-14 00:27:03 [SUCCESS] nonebot | OneBot V11 3973508735 | [message.group.normal]: Message 929020013 from 457891411@[群:546881717] '别上班了'
10-14 00:27:03 [INFO] nonebot | Event will be handled by Matcher(type='message', module=zhenxun.plugins.mute.mute_message, lineno=32)
10-14 00:27:03 [INFO] nonebot | Event will be handled by Matcher(type='message', module=zhenxun.builtin_plugins.chat_history.chat_message, lineno=39)
10-14 00:27:03 [INFO] nonebot | Matcher(type='message', module=zhenxun.builtin_plugins.chat_history.chat_message, lineno=39) running complete
10-14 00:27:03 [INFO] nonebot | Matcher(type='message', module=zhenxun.plugins.mute.mute_message, lineno=32) running complete
10-14 00:27:03 [INFO] nonebot | Event will be handled by Matcher(type='message', module=zhenxun.plugins.parse_bilibili, lineno=54)
10-14 00:27:03 [INFO] nonebot | Matcher(type='message', module=zhenxun.plugins.parse_bilibili, lineno=54) running complete
10-14 00:27:03 [INFO] nonebot | Event will be handled by Matcher(type='message', module=zhenxun.plugins.fudu, lineno=97)
10-14 00:27:03 [INFO] nonebot | Matcher(type='message', module=zhenxun.plugins.fudu, lineno=97) running complete
10-14 00:31:52 [SUCCESS] nonebot | OneBot V11 3973508735 | [message.group.normal]: Message 924760940 from 782877431@[群:546881717] '嘻嘻'
10-14 00:31:52 [INFO] nonebot | Event will be handled by Matcher(type='message', module=zhenxun.plugins.mute.mute_message, lineno=32)
10-14 00:31:52 [INFO] nonebot | Event will be handled by Matcher(type='message', module=zhenxun.builtin_plugins.chat_history.chat_message, lineno=39)
10-14 00:31:52 [INFO] nonebot | Event will be handled by Matcher(type='message', module=zhenxun.plugins.parse_bilibili, lineno=54)
10-14 00:31:52 [INFO] nonebot | Matcher(type='message', module=zhenxun.builtin_plugins.chat_history.chat_message, lineno=39) running complete
10-14 00:31:52 [INFO] nonebot | Matcher(type='message', module=zhenxun.plugins.parse_bilibili, lineno=54) running complete
10-14 00:31:52 [INFO] nonebot | Matcher(type='message', module=zhenxun.plugins.mute.mute_message, lineno=32) running complete
10-14 00:31:52 [INFO] nonebot | Event will be handled by Matcher(type='message', module=zhenxun.plugins.fudu, lineno=97)
10-14 00:31:52 [INFO] nonebot | Matcher(type='message', module=zhenxun.plugins.fudu, lineno=97) running complete
10-14 00:31:56 [SUCCESS] nonebot | OneBot V11 3973508735 | [message.group.normal]: Message 345237126 from 782877431@[群:546881717] '竟然还有大餐'
10-14 00:31:56 [INFO] nonebot | Event will be handled by Matcher(type='message', module=zhenxun.plugins.mute.mute_message, lineno=32)
10-14 00:31:56 [INFO] nonebot | Event will be handled by Matcher(type='message', module=zhenxun.builtin_plugins.chat_history.chat_message, lineno=39)
10-14 00:31:56 [INFO] nonebot | Matcher(type='message', module=zhenxun.builtin_plugins.chat_history.chat_message, lineno=39) running complete
10-14 00:31:56 [INFO] nonebot | Event will be handled by Matcher(type='message', module=zhenxun.plugins.parse_bilibili, lineno=54)
10-14 00:31:56 [INFO] nonebot | Matcher(type='message', module=zhenxun.plugins.mute.mute_message, lineno=32) running complete
10-14 00:31:56 [INFO] nonebot | Matcher(type='message', module=zhenxun.plugins.parse_bilibili, lineno=54) running complete
10-14 00:31:56 [INFO] nonebot | Event will be handled by Matcher(type='message', module=zhenxun.plugins.fudu, lineno=97)
10-14 00:31:56 [INFO] nonebot | Matcher(type='message', module=zhenxun.plugins.fudu, lineno=97) running complete
10-14 00:32:04 [SUCCESS] nonebot | OneBot V11 3973508735 | [message.group.normal]: Message 1922907938 from 1046393368@[群:546881717] '睡不了了'
10-14 00:32:04 [INFO] nonebot | Event will be handled by Matcher(type='message', module=zhenxun.plugins.mute.mute_message, lineno=32)
10-14 00:32:04 [INFO] nonebot | Event will be handled by Matcher(type='message', module=zhenxun.builtin_plugins.chat_history.chat_message, lineno=39)
10-14 00:32:04 [INFO] nonebot | Event will be handled by Matcher(type='message', module=zhenxun.plugins.parse_bilibili, lineno=54)
10-14 00:32:04 [INFO] nonebot | Matcher(type='message', module=zhenxun.builtin_plugins.chat_history.chat_message, lineno=39) running complete
10-14 00:32:04 [INFO] nonebot | Matcher(type='message', module=zhenxun.plugins.mute.mute_message, lineno=32) running complete
10-14 00:32:04 [INFO] nonebot | Matcher(type='message', module=zhenxun.plugins.parse_bilibili, lineno=54) running complete
10-14 00:32:04 [INFO] nonebot | Event will be handled by Matcher(type='message', module=zhenxun.plugins.fudu, lineno=97)
10-14 00:32:04 [INFO] nonebot | Matcher(type='message', module=zhenxun.plugins.fudu, lineno=97) running complete
10-14 00:33:16 [SUCCESS] nonebot | OneBot V11 3973508735 | [message.group.normal]: Message 2012266574 from 1046393368@[群:546881717] '好流畅的压缩'
10-14 00:33:16 [INFO] nonebot | Event will be handled by Matcher(type='message', module=zhenxun.plugins.mute.mute_message, lineno=32)
10-14 00:33:16 [INFO] nonebot | Event will be handled by Matcher(type='message', module=zhenxun.plugins.parse_bilibili, lineno=54)
10-14 00:33:16 [INFO] nonebot | Event will be handled by Matcher(type='message', module=zhenxun.builtin_plugins.chat_history.chat_message, lineno=39)
10-14 00:33:16 [INFO] nonebot | Matcher(type='message', module=zhenxun.plugins.mute.mute_message, lineno=32) running complete
10-14 00:33:16 [INFO] nonebot | Matcher(type='message', module=zhenxun.builtin_plugins.chat_history.chat_message, lineno=39) running complete
10-14 00:33:16 [INFO] nonebot | Matcher(type='message', module=zhenxun.plugins.parse_bilibili, lineno=54) running complete
10-14 00:33:17 [INFO] nonebot | Event will be handled by Matcher(type='message', module=zhenxun.plugins.fudu, lineno=97)
10-14 00:33:17 [INFO] nonebot | Matcher(type='message', module=zhenxun.plugins.fudu, lineno=97) running complete
10-14 00:33:41 [SUCCESS] nonebot | OneBot V11 3973508735 | [message.group.normal]: Message 718443746 from 1046393368@[群:546881717] '游回家吧BLG'
10-14 00:33:41 [INFO] nonebot | Event will be handled by Matcher(type='message', module=zhenxun.plugins.mute.mute_message, lineno=32)
10-14 00:33:41 [INFO] nonebot | Event will be handled by Matcher(type='message', module=zhenxun.plugins.parse_bilibili, lineno=54)
10-14 00:33:41 [INFO] nonebot | Event will be handled by Matcher(type='message', module=zhenxun.builtin_plugins.chat_history.chat_message, lineno=39)
10-14 00:33:41 [INFO] nonebot | Matcher(type='message', module=zhenxun.plugins.mute.mute_message, lineno=32) running complete
10-14 00:33:41 [INFO] nonebot | Matcher(type='message', module=zhenxun.builtin_plugins.chat_history.chat_message, lineno=39) running complete
10-14 00:33:41 [INFO] nonebot | Matcher(type='message', module=zhenxun.plugins.parse_bilibili, lineno=54) running complete
10-14 00:33:41 [INFO] nonebot | Event will be handled by Matcher(type='message', module=zhenxun.plugins.fudu, lineno=97)
10-14 00:33:41 [INFO] nonebot | Matcher(type='message', module=zhenxun.plugins.fudu, lineno=97) running complete
10-14 00:42:12 [SUCCESS] nonebot | OneBot V11 3973508735 | [message.private.friend]: Message 140748085 from 843298567 'session'
10-14 00:42:12 [INFO] nonebot | Event will be handled by Matcher(type='message', module=zhenxun.plugins.mute.mute_message, lineno=32)
10-14 00:42:12 [INFO] nonebot | Event will be handled by Matcher(type='message', module=zhenxun.builtin_plugins.chat_history.chat_message, lineno=39)
10-14 00:42:12 [INFO] nonebot | Event will be handled by Matcher(type='message', module=zhenxun.plugins.parse_bilibili, lineno=54)
10-14 00:42:12 [INFO] nonebot | Matcher(type='message', module=zhenxun.plugins.parse_bilibili, lineno=54) running complete
10-14 00:42:12 [INFO] nonebot | Matcher(type='message', module=zhenxun.builtin_plugins.chat_history.chat_message, lineno=39) running complete
10-14 00:42:12 [INFO] nonebot | Matcher(type='message', module=zhenxun.plugins.mute.mute_message, lineno=32) running complete
10-14 00:42:12 [INFO] nonebot | Event will be handled by Matcher(type='message', module=zhenxun.plugins.nonebot_plugin_sparkapi.matchers.session.session, lineno=5)
10-14 00:42:13 [INFO] nonebot | Matcher(type='message', module=zhenxun.plugins.nonebot_plugin_sparkapi.matchers.session.session, lineno=5) running complete
10-14 00:43:02 [SUCCESS] nonebot | OneBot V11 3973508735 | [message.private.friend]: Message 746112425 from 843298567 'session'
10-14 00:43:02 [INFO] nonebot | Event will be handled by Matcher(type='message', module=zhenxun.plugins.mute.mute_message, lineno=32)
10-14 00:43:02 [INFO] nonebot | Event will be handled by Matcher(type='message', module=zhenxun.builtin_plugins.chat_history.chat_message, lineno=39)
10-14 00:43:02 [INFO] nonebot | Event will be handled by Matcher(type='message', module=zhenxun.plugins.parse_bilibili, lineno=54)
10-14 00:43:02 [INFO] nonebot | Matcher(type='message', module=zhenxun.plugins.mute.mute_message, lineno=32) running complete
10-14 00:43:02 [INFO] nonebot | Matcher(type='message', module=zhenxun.builtin_plugins.chat_history.chat_message, lineno=39) running complete
10-14 00:43:02 [INFO] nonebot | Matcher(type='message', module=zhenxun.plugins.parse_bilibili, lineno=54) running complete
10-14 00:43:02 [INFO] nonebot | Event will be handled by Matcher(type='message', module=zhenxun.plugins.nonebot_plugin_sparkapi.matchers.session.session, lineno=5)
10-14 00:43:02 [INFO] nonebot | Matcher(type='message', module=zhenxun.plugins.nonebot_plugin_sparkapi.matchers.session.session, lineno=5) running complete
10-14 01:01:00 [INFO] zhenxun | CMD[定时任务] 自动清理临时数据完成，共清理了 19.05MB 的数据...
