11-18 00:53:32 [INFO] zhenxun | CMD[签到] 清理日常签到图片数据数据完成...
11-18 01:01:00 [INFO] zhenxun | CMD[定时任务] 自动清理临时数据完成，共清理了 19.65MB 的数据...
11-18 01:53:32 [INFO] zhenxun | CMD[签到] 清理日常签到图片数据数据完成...
11-18 02:26:37 [SUCCESS] nonebot | OneBot V11 3973508735 | [message.private.friend]: Message 1579378721 from 2747277822 '[json:data={"app":"com.tencent.gamecenter.mall","desc":"仙灵聚首，大圣顶住！","meta":{"t...]'
11-18 02:26:37 [INFO] nonebot | Event will be handled by Matcher(type='message', module=zhenxun.plugins.mute.mute_message, lineno=32)
11-18 02:26:37 [INFO] nonebot | Event will be handled by Matcher(type='message', module=zhenxun.plugins.parse_bilibili, lineno=54)
11-18 02:26:37 [INFO] nonebot | Event will be handled by Matcher(type='message', module=zhenxun.builtin_plugins.chat_history.chat_message, lineno=39)
11-18 02:26:37 [INFO] nonebot | Matcher(type='message', module=zhenxun.plugins.parse_bilibili, lineno=54) running complete
11-18 02:26:37 [ERROR] nonebot | Running Matcher(type='message', module=zhenxun.plugins.parse_bilibili, lineno=54) failed.
Traceback (most recent call last):

  File "C:\Program Files\zhenxun\zhenxun_bot-dev\bot.py", line 27, in <module>
    nonebot.run()
    │       └ <function run at 0x0000029D58C85510>
    └ <module 'nonebot' from 'C:\\Users\\Administrator\\AppData\\Local\\pypoetry\\Cache\\virtualenvs\\zhenxun-bot-k9jvl_fX-py3.10\\...

  File "C:\Users\Administrator\AppData\Local\pypoetry\Cache\virtualenvs\zhenxun-bot-k9jvl_fX-py3.10\lib\site-packages\nonebot\__init__.py", line 335, in run
    get_driver().run(*args, **kwargs)
    │                 │       └ {}
    │                 └ ()
    └ <function get_driver at 0x0000029D58C85360>

  File "C:\Users\Administrator\AppData\Local\pypoetry\Cache\virtualenvs\zhenxun-bot-k9jvl_fX-py3.10\lib\site-packages\nonebot\drivers\fastapi.py", line 186, in run
    uvicorn.run(
    │       └ <function run at 0x0000029D5945ED40>
    └ <module 'uvicorn' from 'C:\\Users\\Administrator\\AppData\\Local\\pypoetry\\Cache\\virtualenvs\\zhenxun-bot-k9jvl_fX-py3.10\\...

  File "C:\Users\Administrator\AppData\Local\pypoetry\Cache\virtualenvs\zhenxun-bot-k9jvl_fX-py3.10\lib\site-packages\uvicorn\main.py", line 577, in run
    server.run()
    │      └ <function Server.run at 0x0000029D5945E680>
    └ <uvicorn.server.Server object at 0x0000029D69631210>

  File "C:\Users\Administrator\AppData\Local\pypoetry\Cache\virtualenvs\zhenxun-bot-k9jvl_fX-py3.10\lib\site-packages\uvicorn\server.py", line 65, in run
    return asyncio.run(self.serve(sockets=sockets))
           │       │   │    │             └ None
           │       │   │    └ <function Server.serve at 0x0000029D5945E710>
           │       │   └ <uvicorn.server.Server object at 0x0000029D69631210>
           │       └ <function run at 0x0000029D5697CE50>
           └ <module 'asyncio' from 'C:\\Users\\Administrator\\AppData\\Local\\Programs\\Python\\Python310\\lib\\asyncio\\__init__.py'>

  File "C:\Users\Administrator\AppData\Local\Programs\Python\Python310\lib\asyncio\runners.py", line 44, in run
    return loop.run_until_complete(main)
           │    │                  └ <coroutine object Server.serve at 0x0000029D5B86C270>
           │    └ <function BaseEventLoop.run_until_complete at 0x0000029D56A80280>
           └ <ProactorEventLoop running=True closed=False debug=False>

  File "C:\Users\Administrator\AppData\Local\Programs\Python\Python310\lib\asyncio\base_events.py", line 636, in run_until_complete
    self.run_forever()
    │    └ <function ProactorEventLoop.run_forever at 0x0000029D586C1510>
    └ <ProactorEventLoop running=True closed=False debug=False>

  File "C:\Users\Administrator\AppData\Local\Programs\Python\Python310\lib\asyncio\windows_events.py", line 321, in run_forever
    super().run_forever()

  File "C:\Users\Administrator\AppData\Local\Programs\Python\Python310\lib\asyncio\base_events.py", line 603, in run_forever
    self._run_once()
    │    └ <function BaseEventLoop._run_once at 0x0000029D56A81CF0>
    └ <ProactorEventLoop running=True closed=False debug=False>

  File "C:\Users\Administrator\AppData\Local\Programs\Python\Python310\lib\asyncio\base_events.py", line 1909, in _run_once
    handle._run()
    │      └ <function Handle._run at 0x0000029D56A309D0>
    └ <Handle Task.task_wakeup(<_GatheringFu...cf7189a'}})]]>)>

  File "C:\Users\Administrator\AppData\Local\Programs\Python\Python310\lib\asyncio\events.py", line 80, in _run
    self._context.run(self._callback, *self._args)
    │    │            │    │           │    └ <member '_args' of 'Handle' objects>
    │    │            │    │           └ <Handle Task.task_wakeup(<_GatheringFu...cf7189a'}})]]>)>
    │    │            │    └ <member '_callback' of 'Handle' objects>
    │    │            └ <Handle Task.task_wakeup(<_GatheringFu...cf7189a'}})]]>)>
    │    └ <member '_context' of 'Handle' objects>
    └ <Handle Task.task_wakeup(<_GatheringFu...cf7189a'}})]]>)>

  File "C:\Users\Administrator\AppData\Local\pypoetry\Cache\virtualenvs\zhenxun-bot-k9jvl_fX-py3.10\lib\site-packages\nonebot\message.py", line 476, in check_and_run_matcher
    await _run_matcher(
          └ <function _run_matcher at 0x0000029D58DE09D0>

> File "C:\Users\Administrator\AppData\Local\pypoetry\Cache\virtualenvs\zhenxun-bot-k9jvl_fX-py3.10\lib\site-packages\nonebot\message.py", line 428, in _run_matcher
    await matcher.run(bot, event, state, stack, dependency_cache)
          │       │   │    │      │      │      └ {<function _event_to_me at 0x0000029D58CD9CF0>: <Task finished name='Task-25018167' coro=<_event_to_me() done, defined at C:\...
          │       │   │    │      │      └ <contextlib.AsyncExitStack object at 0x0000029D69F29330>
          │       │   │    │      └ {'_prefix': {'command': None, 'raw_command': None, 'command_arg': None, 'command_start': None, 'command_whitespace': None}}
          │       │   │    └ PrivateMessageEvent(time=1731867997, self_id=3973508735, post_type='message', sub_type='friend', user_id=2747277822, message_...
          │       │   └ Bot(type='OneBot V11', self_id='3973508735')
          │       └ <function Matcher.run at 0x0000029D58CD9B40>
          └ Matcher(type='message', module=zhenxun.plugins.parse_bilibili, lineno=54)

  File "C:\Users\Administrator\AppData\Local\pypoetry\Cache\virtualenvs\zhenxun-bot-k9jvl_fX-py3.10\lib\site-packages\nonebot\internal\matcher\matcher.py", line 850, in run
    await self.simple_run(bot, event, state, stack, dependency_cache)
          │    │          │    │      │      │      └ {<function _event_to_me at 0x0000029D58CD9CF0>: <Task finished name='Task-25018167' coro=<_event_to_me() done, defined at C:\...
          │    │          │    │      │      └ <contextlib.AsyncExitStack object at 0x0000029D69F29330>
          │    │          │    │      └ {'_prefix': {'command': None, 'raw_command': None, 'command_arg': None, 'command_start': None, 'command_whitespace': None}}
          │    │          │    └ PrivateMessageEvent(time=1731867997, self_id=3973508735, post_type='message', sub_type='friend', user_id=2747277822, message_...
          │    │          └ Bot(type='OneBot V11', self_id='3973508735')
          │    └ <function Matcher.simple_run at 0x0000029D58CD9AB0>
          └ Matcher(type='message', module=zhenxun.plugins.parse_bilibili, lineno=54)

  File "C:\Users\Administrator\AppData\Local\pypoetry\Cache\virtualenvs\zhenxun-bot-k9jvl_fX-py3.10\lib\site-packages\nonebot\internal\matcher\matcher.py", line 825, in simple_run
    await handler(
          └ Dependent(call=_)

  File "C:\Users\Administrator\AppData\Local\pypoetry\Cache\virtualenvs\zhenxun-bot-k9jvl_fX-py3.10\lib\site-packages\nonebot\dependencies\__init__.py", line 94, in __call__
    return await cast(Callable[..., Awaitable[R]], self.call)(**values)
                 │    │             │         │    │    │       └ {'session': Session(bot_id='3973508735', bot_type='OneBot V11', platform='qq', level=<SessionLevel.LEVEL1: 1>, id1='274727782...
                 │    │             │         │    │    └ <function _ at 0x0000029D650A16C0>
                 │    │             │         │    └ Dependent(call=_)
                 │    │             │         └ ~R
                 │    │             └ <class 'collections.abc.Awaitable'>
                 │    └ typing.Callable
                 └ <function cast at 0x0000029D568104C0>

  File "C:\Program Files\zhenxun\zhenxun_bot-dev\zhenxun\plugins\parse_bilibili\__init__.py", line 86, in _
    get_url = (qqdocurl_value if qqdocurl_value else jumpUrl_value).split("?")[
               │                 │                   └ {}
               │                 └ {}
               └ {}

AttributeError: 'dict' object has no attribute 'split'
11-18 02:26:38 [INFO] nonebot | Matcher(type='message', module=zhenxun.plugins.mute.mute_message, lineno=32) running complete
11-18 02:26:38 [INFO] nonebot | Matcher(type='message', module=zhenxun.builtin_plugins.chat_history.chat_message, lineno=39) running complete
11-18 02:26:38 [INFO] nonebot | Event will be handled by Matcher(type='message', module=zhenxun.plugins.nonebot_plugin_sparkapi.matchers.chat, lineno=39)
11-18 02:26:38 [INFO] zhenxun | begin to build uni message!!!
11-18 02:26:48 [INFO] nonebot | Matcher(type='message', module=zhenxun.plugins.nonebot_plugin_sparkapi.matchers.chat, lineno=39) running complete
11-18 02:26:48 [ERROR] nonebot | Running Matcher(type='message', module=zhenxun.plugins.nonebot_plugin_sparkapi.matchers.chat, lineno=39) failed.
Traceback (most recent call last):

  File "C:\Program Files\zhenxun\zhenxun_bot-dev\bot.py", line 27, in <module>
    nonebot.run()
    │       └ <function run at 0x0000029D58C85510>
    └ <module 'nonebot' from 'C:\\Users\\Administrator\\AppData\\Local\\pypoetry\\Cache\\virtualenvs\\zhenxun-bot-k9jvl_fX-py3.10\\...

  File "C:\Users\Administrator\AppData\Local\pypoetry\Cache\virtualenvs\zhenxun-bot-k9jvl_fX-py3.10\lib\site-packages\nonebot\__init__.py", line 335, in run
    get_driver().run(*args, **kwargs)
    │                 │       └ {}
    │                 └ ()
    └ <function get_driver at 0x0000029D58C85360>

  File "C:\Users\Administrator\AppData\Local\pypoetry\Cache\virtualenvs\zhenxun-bot-k9jvl_fX-py3.10\lib\site-packages\nonebot\drivers\fastapi.py", line 186, in run
    uvicorn.run(
    │       └ <function run at 0x0000029D5945ED40>
    └ <module 'uvicorn' from 'C:\\Users\\Administrator\\AppData\\Local\\pypoetry\\Cache\\virtualenvs\\zhenxun-bot-k9jvl_fX-py3.10\\...

  File "C:\Users\Administrator\AppData\Local\pypoetry\Cache\virtualenvs\zhenxun-bot-k9jvl_fX-py3.10\lib\site-packages\uvicorn\main.py", line 577, in run
    server.run()
    │      └ <function Server.run at 0x0000029D5945E680>
    └ <uvicorn.server.Server object at 0x0000029D69631210>

  File "C:\Users\Administrator\AppData\Local\pypoetry\Cache\virtualenvs\zhenxun-bot-k9jvl_fX-py3.10\lib\site-packages\uvicorn\server.py", line 65, in run
    return asyncio.run(self.serve(sockets=sockets))
           │       │   │    │             └ None
           │       │   │    └ <function Server.serve at 0x0000029D5945E710>
           │       │   └ <uvicorn.server.Server object at 0x0000029D69631210>
           │       └ <function run at 0x0000029D5697CE50>
           └ <module 'asyncio' from 'C:\\Users\\Administrator\\AppData\\Local\\Programs\\Python\\Python310\\lib\\asyncio\\__init__.py'>

  File "C:\Users\Administrator\AppData\Local\Programs\Python\Python310\lib\asyncio\runners.py", line 44, in run
    return loop.run_until_complete(main)
           │    │                  └ <coroutine object Server.serve at 0x0000029D5B86C270>
           │    └ <function BaseEventLoop.run_until_complete at 0x0000029D56A80280>
           └ <ProactorEventLoop running=True closed=False debug=False>

  File "C:\Users\Administrator\AppData\Local\Programs\Python\Python310\lib\asyncio\base_events.py", line 636, in run_until_complete
    self.run_forever()
    │    └ <function ProactorEventLoop.run_forever at 0x0000029D586C1510>
    └ <ProactorEventLoop running=True closed=False debug=False>

  File "C:\Users\Administrator\AppData\Local\Programs\Python\Python310\lib\asyncio\windows_events.py", line 321, in run_forever
    super().run_forever()

  File "C:\Users\Administrator\AppData\Local\Programs\Python\Python310\lib\asyncio\base_events.py", line 603, in run_forever
    self._run_once()
    │    └ <function BaseEventLoop._run_once at 0x0000029D56A81CF0>
    └ <ProactorEventLoop running=True closed=False debug=False>

  File "C:\Users\Administrator\AppData\Local\Programs\Python\Python310\lib\asyncio\base_events.py", line 1909, in _run_once
    handle._run()
    │      └ <function Handle._run at 0x0000029D56A309D0>
    └ <Handle Task.task_wakeup(<Future finished result=None>)>

  File "C:\Users\Administrator\AppData\Local\Programs\Python\Python310\lib\asyncio\events.py", line 80, in _run
    self._context.run(self._callback, *self._args)
    │    │            │    │           │    └ <member '_args' of 'Handle' objects>
    │    │            │    │           └ <Handle Task.task_wakeup(<Future finished result=None>)>
    │    │            │    └ <member '_callback' of 'Handle' objects>
    │    │            └ <Handle Task.task_wakeup(<Future finished result=None>)>
    │    └ <member '_context' of 'Handle' objects>
    └ <Handle Task.task_wakeup(<Future finished result=None>)>

  File "C:\Users\Administrator\AppData\Local\pypoetry\Cache\virtualenvs\zhenxun-bot-k9jvl_fX-py3.10\lib\site-packages\nonebot\message.py", line 476, in check_and_run_matcher
    await _run_matcher(
          └ <function _run_matcher at 0x0000029D58DE09D0>

> File "C:\Users\Administrator\AppData\Local\pypoetry\Cache\virtualenvs\zhenxun-bot-k9jvl_fX-py3.10\lib\site-packages\nonebot\message.py", line 428, in _run_matcher
    await matcher.run(bot, event, state, stack, dependency_cache)
          │       │   │    │      │      │      └ {<function _event_to_me at 0x0000029D58CD9CF0>: <Task finished name='Task-25018167' coro=<_event_to_me() done, defined at C:\...
          │       │   │    │      │      └ <contextlib.AsyncExitStack object at 0x0000029D69F29330>
          │       │   │    │      └ {'_prefix': {'command': None, 'raw_command': None, 'command_arg': None, 'command_start': None, 'command_whitespace': None}}
          │       │   │    └ PrivateMessageEvent(time=1731867997, self_id=3973508735, post_type='message', sub_type='friend', user_id=2747277822, message_...
          │       │   └ Bot(type='OneBot V11', self_id='3973508735')
          │       └ <function Matcher.run at 0x0000029D58CD9B40>
          └ Matcher(type='message', module=zhenxun.plugins.nonebot_plugin_sparkapi.matchers.chat, lineno=39)

  File "C:\Users\Administrator\AppData\Local\pypoetry\Cache\virtualenvs\zhenxun-bot-k9jvl_fX-py3.10\lib\site-packages\nonebot\internal\matcher\matcher.py", line 850, in run
    await self.simple_run(bot, event, state, stack, dependency_cache)
          │    │          │    │      │      │      └ {<function _event_to_me at 0x0000029D58CD9CF0>: <Task finished name='Task-25018167' coro=<_event_to_me() done, defined at C:\...
          │    │          │    │      │      └ <contextlib.AsyncExitStack object at 0x0000029D69F29330>
          │    │          │    │      └ {'_prefix': {'command': None, 'raw_command': None, 'command_arg': None, 'command_start': None, 'command_whitespace': None}}
          │    │          │    └ PrivateMessageEvent(time=1731867997, self_id=3973508735, post_type='message', sub_type='friend', user_id=2747277822, message_...
          │    │          └ Bot(type='OneBot V11', self_id='3973508735')
          │    └ <function Matcher.simple_run at 0x0000029D58CD9AB0>
          └ Matcher(type='message', module=zhenxun.plugins.nonebot_plugin_sparkapi.matchers.chat, lineno=39)

  File "C:\Users\Administrator\AppData\Local\pypoetry\Cache\virtualenvs\zhenxun-bot-k9jvl_fX-py3.10\lib\site-packages\nonebot\internal\matcher\matcher.py", line 825, in simple_run
    await handler(
          └ Dependent(call=_)

  File "C:\Users\Administrator\AppData\Local\pypoetry\Cache\virtualenvs\zhenxun-bot-k9jvl_fX-py3.10\lib\site-packages\nonebot\dependencies\__init__.py", line 94, in __call__
    return await cast(Callable[..., Awaitable[R]], self.call)(**values)
                 │    │             │         │    │    │       └ {'session_id': 'qq_OneBot_V11_3973508735_2747277822', 'arg': [MessageSegment(type='json', data={'data': '{"app":"com.tencent....
                 │    │             │         │    │    └ <function _ at 0x0000029D65D8B5B0>
                 │    │             │         │    └ Dependent(call=_)
                 │    │             │         └ ~R
                 │    │             └ <class 'collections.abc.Awaitable'>
                 │    └ typing.Callable
                 └ <function cast at 0x0000029D568104C0>

  File "C:\Program Files\zhenxun\zhenxun_bot-dev\zhenxun\plugins\nonebot_plugin_sparkapi\matchers\chat.py", line 58, in _
    await hello().finish()
          └ <function hello at 0x0000029D65D8B2E0>

  File "C:\Users\Administrator\AppData\Local\pypoetry\Cache\virtualenvs\zhenxun-bot-k9jvl_fX-py3.10\lib\site-packages\nonebot_plugin_alconna\uniseg\message.py", line 1407, in finish
    await self.send(target, bot, fallback, at_sender, reply_to, **kwargs)
          │    │    │       │    │         │          │           └ {}
          │    │    │       │    │         │          └ False
          │    │    │       │    │         └ False
          │    │    │       │    └ <FallbackStrategy.rollback: 'rollback'>
          │    │    │       └ None
          │    │    └ None
          │    └ <function UniMessage.send at 0x0000029D5CB4E560>
          └ [Image(id=None, url=None, path=WindowsPath('resources/image/zai/5.jpg'), raw=None, mimetype=None, name='5.jpg'), Text(text='你...

  File "C:\Users\Administrator\AppData\Local\pypoetry\Cache\virtualenvs\zhenxun-bot-k9jvl_fX-py3.10\lib\site-packages\nonebot_plugin_alconna\uniseg\message.py", line 1395, in send
    res = await fn.send_to(target, bot, msg, **kwargs)
                │  │       │       │    │      └ {}
                │  │       │       │    └ [MessageSegment(type='image', data={'file': 'file:///C:/Program%20Files/zhenxun/zhenxun_bot-dev/resources/image/zai/5.jpg', '...
                │  │       │       └ Bot(type='OneBot V11', self_id='3973508735')
                │  │       └ PrivateMessageEvent(time=1731867997, self_id=3973508735, post_type='message', sub_type='friend', user_id=2747277822, message_...
                │  └ <function Onebot11MessageExporter.send_to at 0x0000029D5CAE9900>
                └ <nonebot_plugin_alconna.uniseg.adapters.onebot11.exporter.Onebot11MessageExporter object at 0x0000029D5CA64FD0>

  File "C:\Users\Administrator\AppData\Local\pypoetry\Cache\virtualenvs\zhenxun-bot-k9jvl_fX-py3.10\lib\site-packages\nonebot_plugin_alconna\uniseg\adapters\onebot11\exporter.py", line 155, in send_to
    return await bot.send(target, message, **kwargs)  # type: ignore
                 │   │    │       │          └ {}
                 │   │    │       └ [MessageSegment(type='image', data={'file': 'file:///C:/Program%20Files/zhenxun/zhenxun_bot-dev/resources/image/zai/5.jpg', '...
                 │   │    └ PrivateMessageEvent(time=1731867997, self_id=3973508735, post_type='message', sub_type='friend', user_id=2747277822, message_...
                 │   └ <function Bot.send at 0x0000029D59208160>
                 └ Bot(type='OneBot V11', self_id='3973508735')

  File "C:\Users\Administrator\AppData\Local\pypoetry\Cache\virtualenvs\zhenxun-bot-k9jvl_fX-py3.10\lib\site-packages\nonebot\adapters\onebot\v11\bot.py", line 237, in send
    return await self.__class__.send_handler(self, event, message, **kwargs)
                 │    │                      │     │      │          └ {}
                 │    │                      │     │      └ [MessageSegment(type='image', data={'file': 'file:///C:/Program%20Files/zhenxun/zhenxun_bot-dev/resources/image/zai/5.jpg', '...
                 │    │                      │     └ PrivateMessageEvent(time=1731867997, self_id=3973508735, post_type='message', sub_type='friend', user_id=2747277822, message_...
                 │    │                      └ Bot(type='OneBot V11', self_id='3973508735')
                 │    └ <attribute '__class__' of 'object' objects>
                 └ Bot(type='OneBot V11', self_id='3973508735')

  File "C:\Users\Administrator\AppData\Local\pypoetry\Cache\virtualenvs\zhenxun-bot-k9jvl_fX-py3.10\lib\site-packages\nonebot\adapters\onebot\v11\bot.py", line 190, in send
    return await bot.send_msg(**params)
                 │              └ {'user_id': 2747277822, 'message_type': 'private', 'message': [MessageSegment(type='image', data={'file': 'file:///C:/Program...
                 └ Bot(type='OneBot V11', self_id='3973508735')

  File "C:\Users\Administrator\AppData\Local\pypoetry\Cache\virtualenvs\zhenxun-bot-k9jvl_fX-py3.10\lib\site-packages\nonebot\internal\adapter\bot.py", line 122, in call_api
    raise exception
          └ ActionFailed(status='failed', retcode=1200, data=None, message='Error: Timeout: NTEvent serviceAndMethod:NodeIKernelMsgServic...

  File "C:\Users\Administrator\AppData\Local\pypoetry\Cache\virtualenvs\zhenxun-bot-k9jvl_fX-py3.10\lib\site-packages\nonebot\internal\adapter\bot.py", line 97, in call_api
    result = await self.adapter._call_api(self, api, **data)
                   │    │       │         │     │      └ {'user_id': 2747277822, 'message_type': 'private', 'message': [MessageSegment(type='image', data={'file': 'file:///C:/Program...
                   │    │       │         │     └ 'send_msg'
                   │    │       │         └ Bot(type='OneBot V11', self_id='3973508735')
                   │    │       └ <function Adapter._call_api at 0x0000029D56508820>
                   │    └ Adapter(name='OneBot V11')
                   └ Bot(type='OneBot V11', self_id='3973508735')

  File "C:\Users\Administrator\AppData\Local\pypoetry\Cache\virtualenvs\zhenxun-bot-k9jvl_fX-py3.10\lib\site-packages\nonebot\adapters\onebot\v11\adapter.py", line 147, in _call_api
    return handle_api_result(await self._result_store.fetch(seq, timeout))
           │                       │    │             │     │    └ 30.0
           │                       │    │             │     └ 5974
           │                       │    │             └ <function ResultStore.fetch at 0x0000029D592092D0>
           │                       │    └ <nonebot.adapters.onebot.store.ResultStore object at 0x0000029D58F2C5E0>
           │                       └ Adapter(name='OneBot V11')
           └ <function handle_api_result at 0x0000029D59190280>

  File "C:\Users\Administrator\AppData\Local\pypoetry\Cache\virtualenvs\zhenxun-bot-k9jvl_fX-py3.10\lib\site-packages\nonebot\adapters\onebot\v11\utils.py", line 58, in handle_api_result
    raise ActionFailed(**result)
          │              └ {'status': 'failed', 'retcode': 1200, 'data': None, 'message': 'Error: Timeout: NTEvent serviceAndMethod:NodeIKernelMsgServic...
          └ <class 'nonebot.adapters.onebot.v11.exception.ActionFailed'>

nonebot.adapters.onebot.v11.exception.ActionFailed: ActionFailed(status='failed', retcode=1200, data=None, message='Error: Timeout: NTEvent serviceAndMethod:NodeIKernelMsgService/sendMsg ListenerName:NodeIKernelMsgListener/onMsgInfoListUpdate EventRet:\n{}\n\n    at Timeout.sendDataCallback [as _onTimeout] (file:///C:/Users/Administrator/Documents/LiteloaderQQNT/plugins/NapCat.Framework/napcat.mjs:7666:15)\n    at listOnTimeout (node:internal/timers:573:17)\n    at process.processTimers (node:internal/timers:514:7)', wording='Error: Timeout: NTEvent serviceAndMethod:NodeIKernelMsgService/sendMsg ListenerName:NodeIKernelMsgListener/onMsgInfoListUpdate EventRet:\n{}\n\n    at Timeout.sendDataCallback [as _onTimeout] (file:///C:/Users/Administrator/Documents/LiteloaderQQNT/plugins/NapCat.Framework/napcat.mjs:7666:15)\n    at listOnTimeout (node:internal/timers:573:17)\n    at process.processTimers (node:internal/timers:514:7)', echo='5974')
11-18 02:53:32 [INFO] zhenxun | CMD[签到] 清理日常签到图片数据数据完成...
11-18 03:01:00 [ERROR] zhenxun | 清理AI日常聊天数据失败... || 错误 <class 'FileNotFoundError'>: [WinError 3] 系统找不到指定的路径。: 'C:\\Users\\Administrator\\AppData\\Local\\nonebot2\\nonebot_plugin_sparkapi'
11-18 03:01:00 [INFO] zhenxun | 自动更新好友信息成功...
11-18 03:01:00 [INFO] zhenxun | 自动更新群组成员信息成功...
11-18 03:25:01 [INFO] zhenxun | CMD[自动备份] 自动备份成功...
11-18 03:53:32 [INFO] zhenxun | CMD[签到] 清理日常签到图片数据数据完成...
11-18 04:01:00 [WARNING] zhenxun | 当前无UP池或 prts_up_char.json 文件不存在
11-18 04:01:00 [WARNING] zhenxun | 坎公骑冠剑UP更新出错 <class 'IndexError'>：list index out of range
11-18 04:01:00 [WARNING] zhenxun | guardian_up_char 解析出错
11-18 04:01:00 [WARNING] zhenxun | 赛马娘UP更新出错 || 错误<class 'AttributeError'>: 'NoneType' object has no attribute 'find'
11-18 04:01:00 [WARNING] zhenxun | pretty_up_char 解析出错
11-18 04:01:03 [WARNING] zhenxun | 原神 获取额外信息错误 旅行者水
11-18 04:01:07 [WARNING] zhenxun | 原神 获取额外信息错误 旅行者草
11-18 04:01:10 [WARNING] zhenxun | 原神 获取额外信息错误 旅行者雷
11-18 04:01:13 [WARNING] zhenxun | 原神 获取额外信息错误 旅行者风
11-18 04:01:13 [WARNING] zhenxun | 原神 获取额外信息错误 旅行者岩
11-18 04:01:16 [INFO] zhenxun | 原神 更新成功
11-18 04:01:16 [INFO] zhenxun | 原神 武器更新成功
11-18 04:01:16 [INFO] zhenxun | 成功获取原神当前up信息...当前up池: 「赤团开时」 & 「月草的赐慧」 & 「神铸赋形」
11-18 04:30:02 [INFO] zhenxun | 下载 https://i.pixiv.re/img-original/img/2023/11/01/19/12/53/113049474_p0.png 成功.. Path：C:\Program Files\zhenxun\zhenxun_bot-dev\resources\temp\6.jpg
11-18 04:30:02 [INFO] zhenxun | 不需要压缩，移动图片resources\temp/6.jpg --> /resources\image\_setu/6.jpg
11-18 04:30:02 [ERROR] zhenxun | 更新色图 6.jpg 错误 <class 'FileExistsError'>: [WinError 183] 当文件已存在时，无法创建该文件。: 'resources\\temp\\6.jpg' -> 'resources\\image\\_setu\\6.jpg'
11-18 04:30:04 [INFO] zhenxun | 下载 https://i.pixiv.re/img-original/img/2022/12/01/00/21/42/103235297_p0.jpg 成功.. Path：C:\Program Files\zhenxun\zhenxun_bot-dev\resources\temp\5.jpg
11-18 04:30:04 [INFO] zhenxun | 不需要压缩，移动图片resources\temp/5.jpg --> /resources\image\_setu/5.jpg
11-18 04:30:04 [ERROR] zhenxun | 更新色图 5.jpg 错误 <class 'FileExistsError'>: [WinError 183] 当文件已存在时，无法创建该文件。: 'resources\\temp\\5.jpg' -> 'resources\\image\\_setu\\5.jpg'
11-18 04:30:28 [INFO] zhenxun | 下载 https://i.pixiv.re/img-original/img/2023/03/29/00/00/36/106651983_p0.png 成功.. Path：C:\Program Files\zhenxun\zhenxun_bot-dev\resources\temp\4.jpg
11-18 04:30:32 [INFO] zhenxun | 下载 https://i.pixiv.re/img-original/img/2022/04/04/18/18/36/97403745_p0.png 成功.. Path：C:\Program Files\zhenxun\zhenxun_bot-dev\resources\temp\3.jpg
11-18 04:30:32 [INFO] zhenxun | 不需要压缩，移动图片resources\temp/3.jpg --> /resources\image\_setu/3.jpg
11-18 04:30:32 [ERROR] zhenxun | 更新色图 3.jpg 错误 <class 'FileExistsError'>: [WinError 183] 当文件已存在时，无法创建该文件。: 'resources\\temp\\3.jpg' -> 'resources\\image\\_setu\\3.jpg'
11-18 04:30:39 [INFO] zhenxun | 下载 https://i.pixiv.re/img-original/img/2023/10/27/18/20/27/112890527_p0.png 成功.. Path：C:\Program Files\zhenxun\zhenxun_bot-dev\resources\temp\2.jpg
11-18 04:30:43 [INFO] zhenxun | 下载 https://i.pixiv.re/img-original/img/2023/11/15/21/06/20/113432062_p0.jpg 成功.. Path：C:\Program Files\zhenxun\zhenxun_bot-dev\resources\temp\1.jpg
11-18 04:30:43 [INFO] zhenxun | 不需要压缩，移动图片resources\temp/1.jpg --> /resources\image\_setu/1.jpg
11-18 04:30:43 [ERROR] zhenxun | 更新色图 1.jpg 错误 <class 'FileExistsError'>: [WinError 183] 当文件已存在时，无法创建该文件。: 'resources\\temp\\1.jpg' -> 'resources\\image\\_setu\\1.jpg'
11-18 04:30:45 [INFO] zhenxun | 下载 https://i.pixiv.re/img-original/img/2023/04/18/19/12/19/107296589_p0.jpg 成功.. Path：C:\Program Files\zhenxun\zhenxun_bot-dev\resources\temp\0.jpg
11-18 04:30:45 [INFO] zhenxun | 不需要压缩，移动图片resources\temp/0.jpg --> /resources\image\_setu/0.jpg
11-18 04:30:45 [ERROR] zhenxun | 更新色图 0.jpg 错误 <class 'FileExistsError'>: [WinError 183] 当文件已存在时，无法创建该文件。: 'resources\\temp\\0.jpg' -> 'resources\\image\\_setu\\0.jpg'
11-18 04:30:55 [INFO] zhenxun | 下载 https://i.pixiv.re/img-original/img/2023/01/06/08/04/26/104277373_p3.png 成功.. Path：C:\Program Files\zhenxun\zhenxun_bot-dev\resources\temp\0.jpg
11-18 04:30:55 [INFO] zhenxun | CMD[自动更新色图] ("2024-11-18 04:30:55 更新 色图 完成，本地存在 8 张，实际更新 3 张，以下为更新时未知错误：\n更新色图 6.jpg 错误 <class 'FileExistsError'>: [WinError 183] 当文件已存在时，无法创建该文件。: 'resources\\\\temp\\\\6.jpg' -> 'resources\\\\image\\\\_setu\\\\6.jpg'",)
11-18 04:40:00 [INFO] zhenxun | CMD[Chat检测] [Target]([992333365]) 群组两日内未发送任何消息，关闭该群全部被动
11-18 04:53:32 [INFO] zhenxun | CMD[签到] 清理日常签到图片数据数据完成...
11-18 05:53:32 [INFO] zhenxun | CMD[签到] 清理日常签到图片数据数据完成...
11-18 06:01:00 [INFO] zhenxun | begin to build uni message!!!
11-18 06:01:00 [INFO] zhenxun | group list is [<GroupConsole>, <GroupConsole>]
11-18 06:01:00 [INFO] zhenxun | key is 992333365:None, check_func is <function check at 0x0000029D62519E10>
11-18 06:01:00 [INFO] zhenxun | is_run value False
11-18 06:01:00 [INFO] zhenxun | key is 546881717:None, check_func is <function check at 0x0000029D62519E10>
11-18 06:01:00 [INFO] zhenxun | is_run value True
11-18 06:01:00 [INFO] zhenxun | target is Target({'id': '546881717', 'parent_id': '', 'channel': False, 'private': False, 'self_id': None, 'extra': {}, 'scope': None, 'adapter': None, 'platforms': None})
11-18 06:01:00 [INFO] zhenxun | begin to build uni message!!!
11-18 06:01:00 [INFO] zhenxun | 每日早安发送...
11-18 06:53:32 [INFO] zhenxun | CMD[签到] 清理日常签到图片数据数据完成...
11-18 07:53:32 [INFO] zhenxun | CMD[签到] 清理日常签到图片数据数据完成...
11-18 08:53:32 [INFO] zhenxun | CMD[签到] 清理日常签到图片数据数据完成...
11-18 09:01:00 [INFO] zhenxun | begin to build uni message!!!
11-18 09:01:00 [INFO] zhenxun | group list is [<GroupConsole>, <GroupConsole>]
11-18 09:01:00 [INFO] zhenxun | key is 992333365:None, check_func is None
11-18 09:01:00 [INFO] zhenxun | is_run value True
11-18 09:01:00 [INFO] zhenxun | target is Target({'id': '992333365', 'parent_id': '', 'channel': False, 'private': False, 'self_id': None, 'extra': {}, 'scope': None, 'adapter': None, 'platforms': None})
11-18 09:01:00 [INFO] zhenxun | begin to build uni message!!!
11-18 09:01:00 [ERROR] zhenxun | CMD[被动每日新闻] [Target]([992333365:None]) 发送失败 || 错误 <class 'nonebot.adapters.onebot.v11.exception.ActionFailed'>: ActionFailed(status='failed', retcode=1200, data=None, message='Error: EventChecker Failed: NTEvent serviceAndMethod:NodeIKernelMsgService/sendMsg ListenerName:NodeIKernelMsgListener/onMsgInfoListUpdate EventRet:\n{\n    "result": 120,\n    "errMsg": ""\n}\n\n    at file:///C:/Users/Administrator/Documents/LiteloaderQQNT/plugins/NapCat.Framework/napcat.mjs:7704:15', wording='Error: EventChecker Failed: NTEvent serviceAndMethod:NodeIKernelMsgService/sendMsg ListenerName:NodeIKernelMsgListener/onMsgInfoListUpdate EventRet:\n{\n    "result": 120,\n    "errMsg": ""\n}\n\n    at file:///C:/Users/Administrator/Documents/LiteloaderQQNT/plugins/NapCat.Framework/napcat.mjs:7704:15', echo='6218')
11-18 09:01:00 [INFO] zhenxun | key is 546881717:None, check_func is None
11-18 09:01:00 [INFO] zhenxun | is_run value True
11-18 09:01:00 [INFO] zhenxun | target is Target({'id': '546881717', 'parent_id': '', 'channel': False, 'private': False, 'self_id': None, 'extra': {}, 'scope': None, 'adapter': None, 'platforms': None})
11-18 09:01:00 [INFO] zhenxun | begin to build uni message!!!
11-18 09:01:00 [INFO] zhenxun | 每日摸鱼发送...
11-18 09:01:03 [INFO] zhenxun | 下载 https://api.03c3.cn/api/zb 成功.. Path：C:\Program Files\zhenxun\zhenxun_bot-dev\resources\temp\moyu1731891660.jpeg
11-18 09:01:03 [INFO] zhenxun | begin to build uni message!!!
11-18 09:01:03 [INFO] zhenxun | group list is [<GroupConsole>, <GroupConsole>]
11-18 09:01:03 [INFO] zhenxun | key is 992333365:None, check_func is None
11-18 09:01:03 [INFO] zhenxun | is_run value True
11-18 09:01:03 [INFO] zhenxun | target is Target({'id': '992333365', 'parent_id': '', 'channel': False, 'private': False, 'self_id': None, 'extra': {}, 'scope': None, 'adapter': None, 'platforms': None})
11-18 09:01:03 [INFO] zhenxun | begin to build uni message!!!
11-18 09:01:04 [ERROR] zhenxun | CMD[被动每日新闻] [Target]([992333365:None]) 发送失败 || 错误 <class 'nonebot.adapters.onebot.v11.exception.ActionFailed'>: ActionFailed(status='failed', retcode=1200, data=None, message='Error: EventChecker Failed: NTEvent serviceAndMethod:NodeIKernelMsgService/sendMsg ListenerName:NodeIKernelMsgListener/onMsgInfoListUpdate EventRet:\n{\n    "result": 120,\n    "errMsg": ""\n}\n\n    at file:///C:/Users/Administrator/Documents/LiteloaderQQNT/plugins/NapCat.Framework/napcat.mjs:7704:15', wording='Error: EventChecker Failed: NTEvent serviceAndMethod:NodeIKernelMsgService/sendMsg ListenerName:NodeIKernelMsgListener/onMsgInfoListUpdate EventRet:\n{\n    "result": 120,\n    "errMsg": ""\n}\n\n    at file:///C:/Users/Administrator/Documents/LiteloaderQQNT/plugins/NapCat.Framework/napcat.mjs:7704:15', echo='6221')
11-18 09:01:04 [INFO] zhenxun | key is 546881717:None, check_func is None
11-18 09:01:04 [INFO] zhenxun | is_run value True
11-18 09:01:04 [INFO] zhenxun | target is Target({'id': '546881717', 'parent_id': '', 'channel': False, 'private': False, 'self_id': None, 'extra': {}, 'scope': None, 'adapter': None, 'platforms': None})
11-18 09:01:04 [INFO] zhenxun | begin to build uni message!!!
11-18 09:01:05 [INFO] zhenxun | 发送摸鱼 [image]
11-18 09:01:11 [INFO] zhenxun | 自动生成日报成功...
11-18 09:14:39 [SUCCESS] nonebot | OneBot V11 3973508735 | [message.group.normal]: Message 1092787216 from 1095712946@[群:546881717] '[at:qq=3973508735] 使用道具2'
11-18 09:14:39 [INFO] nonebot | Event will be handled by Matcher(type='message', module=zhenxun.plugins.mute.mute_message, lineno=32)
11-18 09:14:39 [INFO] nonebot | Event will be handled by Matcher(type='message', module=zhenxun.builtin_plugins.chat_history.chat_message, lineno=39)
11-18 09:14:39 [INFO] nonebot | Event will be handled by Matcher(type='message', module=zhenxun.plugins.parse_bilibili, lineno=54)
11-18 09:14:39 [INFO] nonebot | Matcher(type='message', module=zhenxun.plugins.parse_bilibili, lineno=54) running complete
11-18 09:14:40 [INFO] nonebot | Matcher(type='message', module=zhenxun.builtin_plugins.chat_history.chat_message, lineno=39) running complete
11-18 09:14:40 [INFO] nonebot | Matcher(type='message', module=zhenxun.plugins.mute.mute_message, lineno=32) running complete
11-18 09:14:40 [INFO] nonebot | Event will be handled by AlconnaMatcher(type='', module=zhenxun.builtin_plugins.shop, lineno=49)
11-18 09:14:40 [INFO] zhenxun | begin to build uni message!!!
11-18 09:14:40 [INFO] nonebot | AlconnaMatcher(type='', module=zhenxun.builtin_plugins.shop, lineno=49) running complete
11-18 09:14:54 [SUCCESS] nonebot | OneBot V11 3973508735 | [message.group.normal]: Message 1195665141 from 1095712946@[群:546881717] '[at:qq=3973508735] 购买道具3'
11-18 09:14:54 [INFO] nonebot | Event will be handled by Matcher(type='message', module=zhenxun.plugins.mute.mute_message, lineno=32)
11-18 09:14:54 [INFO] nonebot | Event will be handled by Matcher(type='message', module=zhenxun.builtin_plugins.chat_history.chat_message, lineno=39)
11-18 09:14:54 [INFO] nonebot | Matcher(type='message', module=zhenxun.builtin_plugins.chat_history.chat_message, lineno=39) running complete
11-18 09:14:54 [INFO] nonebot | Event will be handled by Matcher(type='message', module=zhenxun.plugins.parse_bilibili, lineno=54)
11-18 09:14:54 [INFO] nonebot | Matcher(type='message', module=zhenxun.plugins.mute.mute_message, lineno=32) running complete
11-18 09:14:54 [INFO] nonebot | Matcher(type='message', module=zhenxun.plugins.parse_bilibili, lineno=54) running complete
11-18 09:14:54 [INFO] nonebot | Event will be handled by AlconnaMatcher(type='', module=zhenxun.builtin_plugins.shop, lineno=49)
11-18 09:14:54 [INFO] zhenxun | Adapter[OneBot V11] 平台[qq] 群聊[546881717] 用户[1095712946] CMD[金币商店] 购买道具 3, 数量: 1
11-18 09:14:54 [INFO] zhenxun | 用户[1095712946] CMD[购买道具] 花费 250.0 金币购买 好感度双倍加持卡Ⅲ ×1 成功！
11-18 09:14:54 [INFO] zhenxun | begin to build uni message!!!
11-18 09:14:54 [INFO] nonebot | AlconnaMatcher(type='', module=zhenxun.builtin_plugins.shop, lineno=49) running complete
11-18 09:15:05 [SUCCESS] nonebot | OneBot V11 3973508735 | [message.group.normal]: Message 1587151574 from 1095712946@[群:546881717] '[at:qq=3973508735] 使用道具2'
11-18 09:15:05 [INFO] nonebot | Event will be handled by Matcher(type='message', module=zhenxun.plugins.mute.mute_message, lineno=32)
11-18 09:15:05 [INFO] nonebot | Event will be handled by Matcher(type='message', module=zhenxun.builtin_plugins.chat_history.chat_message, lineno=39)
11-18 09:15:05 [INFO] nonebot | Event will be handled by Matcher(type='message', module=zhenxun.plugins.parse_bilibili, lineno=54)
11-18 09:15:05 [INFO] nonebot | Matcher(type='message', module=zhenxun.builtin_plugins.chat_history.chat_message, lineno=39) running complete
11-18 09:15:05 [INFO] nonebot | Matcher(type='message', module=zhenxun.plugins.mute.mute_message, lineno=32) running complete
11-18 09:15:05 [INFO] nonebot | Matcher(type='message', module=zhenxun.plugins.parse_bilibili, lineno=54) running complete
11-18 09:15:05 [INFO] nonebot | Event will be handled by AlconnaMatcher(type='', module=zhenxun.builtin_plugins.shop, lineno=49)
11-18 09:15:05 [INFO] zhenxun | Adapter[OneBot V11] 平台[qq] 群聊[546881717] 用户[1095712946] CMD[金币商店] 使用道具 2, 数量: 1
11-18 09:15:05 [INFO] zhenxun | begin to build uni message!!!
11-18 09:15:05 [INFO] nonebot | AlconnaMatcher(type='', module=zhenxun.builtin_plugins.shop, lineno=49) running complete
11-18 09:15:15 [SUCCESS] nonebot | OneBot V11 3973508735 | [message.group.normal]: Message 84337511 from 1095712946@[群:546881717] '[at:qq=3973508735] 使用道具1'
11-18 09:15:15 [INFO] nonebot | Event will be handled by Matcher(type='message', module=zhenxun.plugins.mute.mute_message, lineno=32)
11-18 09:15:15 [INFO] nonebot | Event will be handled by Matcher(type='message', module=zhenxun.builtin_plugins.chat_history.chat_message, lineno=39)
11-18 09:15:15 [INFO] nonebot | Event will be handled by Matcher(type='message', module=zhenxun.plugins.parse_bilibili, lineno=54)
11-18 09:15:15 [INFO] nonebot | Matcher(type='message', module=zhenxun.builtin_plugins.chat_history.chat_message, lineno=39) running complete
11-18 09:15:15 [INFO] nonebot | Matcher(type='message', module=zhenxun.plugins.mute.mute_message, lineno=32) running complete
11-18 09:15:15 [INFO] nonebot | Matcher(type='message', module=zhenxun.plugins.parse_bilibili, lineno=54) running complete
11-18 09:15:15 [INFO] nonebot | Event will be handled by AlconnaMatcher(type='', module=zhenxun.builtin_plugins.shop, lineno=49)
11-18 09:15:15 [INFO] zhenxun | Adapter[OneBot V11] 平台[qq] 群聊[546881717] 用户[1095712946] CMD[金币商店] 使用道具 1, 数量: 1
11-18 09:15:15 [INFO] zhenxun | begin to build uni message!!!
11-18 09:15:16 [INFO] nonebot | AlconnaMatcher(type='', module=zhenxun.builtin_plugins.shop, lineno=49) running complete
11-18 09:15:22 [SUCCESS] nonebot | OneBot V11 3973508735 | [message.group.normal]: Message 939351960 from 1095712946@[群:546881717] '签到'
11-18 09:15:22 [INFO] nonebot | Event will be handled by Matcher(type='message', module=zhenxun.plugins.mute.mute_message, lineno=32)
11-18 09:15:22 [INFO] nonebot | Event will be handled by Matcher(type='message', module=zhenxun.builtin_plugins.chat_history.chat_message, lineno=39)
11-18 09:15:22 [INFO] nonebot | Matcher(type='message', module=zhenxun.builtin_plugins.chat_history.chat_message, lineno=39) running complete
11-18 09:15:22 [INFO] nonebot | Event will be handled by Matcher(type='message', module=zhenxun.plugins.parse_bilibili, lineno=54)
11-18 09:15:22 [INFO] nonebot | Matcher(type='message', module=zhenxun.plugins.mute.mute_message, lineno=32) running complete
11-18 09:15:22 [INFO] nonebot | Matcher(type='message', module=zhenxun.plugins.parse_bilibili, lineno=54) running complete
11-18 09:15:22 [INFO] nonebot | Event will be handled by AlconnaMatcher(type='', module=zhenxun.builtin_plugins.sign_in, lineno=89)
11-18 09:15:22 [INFO] zhenxun | Adapter[OneBot V11] 平台[qq] 群聊[546881717] 用户[1095712946] CMD[签到] 签到成功. score: 26.92 (+1.34).获取金币/道具: 41
11-18 09:15:26 [INFO] zhenxun | Adapter[OneBot V11] 平台[qq] 群聊[546881717] 用户[1095712946] CMD[签到] 签到成功
11-18 09:15:26 [INFO] zhenxun | begin to build uni message!!!
11-18 09:15:27 [INFO] nonebot | AlconnaMatcher(type='', module=zhenxun.builtin_plugins.sign_in, lineno=89) running complete
11-18 09:53:32 [INFO] zhenxun | CMD[签到] 清理日常签到图片数据数据完成...
11-18 10:05:17 [SUCCESS] nonebot | OneBot V11 3973508735 | [message.group.normal]: Message 1216619990 from 1095712946@[群:546881717] '冬天的衣服该洗一下拿出来穿了'
11-18 10:05:17 [INFO] nonebot | Event will be handled by Matcher(type='message', module=zhenxun.plugins.mute.mute_message, lineno=32)
11-18 10:05:17 [INFO] nonebot | Event will be handled by Matcher(type='message', module=zhenxun.builtin_plugins.chat_history.chat_message, lineno=39)
11-18 10:05:17 [INFO] nonebot | Event will be handled by Matcher(type='message', module=zhenxun.plugins.parse_bilibili, lineno=54)
11-18 10:05:17 [INFO] nonebot | Matcher(type='message', module=zhenxun.plugins.parse_bilibili, lineno=54) running complete
11-18 10:05:17 [INFO] nonebot | Matcher(type='message', module=zhenxun.builtin_plugins.chat_history.chat_message, lineno=39) running complete
11-18 10:05:17 [INFO] nonebot | Matcher(type='message', module=zhenxun.plugins.mute.mute_message, lineno=32) running complete
11-18 10:05:17 [INFO] nonebot | Event will be handled by Matcher(type='message', module=zhenxun.plugins.fudu, lineno=97)
11-18 10:05:18 [INFO] nonebot | Matcher(type='message', module=zhenxun.plugins.fudu, lineno=97) running complete
11-18 10:05:21 [SUCCESS] nonebot | OneBot V11 3973508735 | [message.group.normal]: Message 242710174 from 1095712946@[群:546881717] '今天有点冷'
11-18 10:05:21 [INFO] nonebot | Event will be handled by Matcher(type='message', module=zhenxun.plugins.mute.mute_message, lineno=32)
11-18 10:05:21 [INFO] nonebot | Event will be handled by Matcher(type='message', module=zhenxun.builtin_plugins.chat_history.chat_message, lineno=39)
11-18 10:05:21 [INFO] nonebot | Matcher(type='message', module=zhenxun.builtin_plugins.chat_history.chat_message, lineno=39) running complete
11-18 10:05:21 [INFO] nonebot | Event will be handled by Matcher(type='message', module=zhenxun.plugins.parse_bilibili, lineno=54)
11-18 10:05:21 [INFO] nonebot | Matcher(type='message', module=zhenxun.plugins.mute.mute_message, lineno=32) running complete
11-18 10:05:21 [INFO] nonebot | Matcher(type='message', module=zhenxun.plugins.parse_bilibili, lineno=54) running complete
11-18 10:05:21 [INFO] nonebot | Event will be handled by Matcher(type='message', module=zhenxun.plugins.fudu, lineno=97)
11-18 10:05:21 [INFO] nonebot | Matcher(type='message', module=zhenxun.plugins.fudu, lineno=97) running complete
11-18 10:08:43 [SUCCESS] nonebot | OneBot V11 3973508735 | [message.group.normal]: Message 2038708298 from 499736955@[群:546881717] '今天有点冷'
11-18 10:08:43 [INFO] nonebot | Event will be handled by Matcher(type='message', module=zhenxun.plugins.mute.mute_message, lineno=32)
11-18 10:08:43 [INFO] nonebot | Event will be handled by Matcher(type='message', module=zhenxun.builtin_plugins.chat_history.chat_message, lineno=39)
11-18 10:08:43 [INFO] nonebot | Event will be handled by Matcher(type='message', module=zhenxun.plugins.parse_bilibili, lineno=54)
11-18 10:08:43 [INFO] nonebot | Matcher(type='message', module=zhenxun.builtin_plugins.chat_history.chat_message, lineno=39) running complete
11-18 10:08:43 [INFO] nonebot | Matcher(type='message', module=zhenxun.plugins.parse_bilibili, lineno=54) running complete
11-18 10:08:43 [INFO] nonebot | Matcher(type='message', module=zhenxun.plugins.mute.mute_message, lineno=32) running complete
11-18 10:08:43 [INFO] nonebot | Event will be handled by Matcher(type='message', module=zhenxun.plugins.fudu, lineno=97)
11-18 10:08:43 [INFO] nonebot | Matcher(type='message', module=zhenxun.plugins.fudu, lineno=97) running complete
11-18 10:14:46 [SUCCESS] nonebot | OneBot V11 3973508735 | [message.group.normal]: Message 1253395595 from 782877431@[群:546881717] '多吃点，长点肥膘就行了！'
11-18 10:14:46 [INFO] nonebot | Event will be handled by Matcher(type='message', module=zhenxun.plugins.mute.mute_message, lineno=32)
11-18 10:14:47 [INFO] nonebot | Event will be handled by Matcher(type='message', module=zhenxun.builtin_plugins.chat_history.chat_message, lineno=39)
11-18 10:14:47 [INFO] nonebot | Event will be handled by Matcher(type='message', module=zhenxun.plugins.parse_bilibili, lineno=54)
11-18 10:14:47 [INFO] nonebot | Matcher(type='message', module=zhenxun.plugins.parse_bilibili, lineno=54) running complete
11-18 10:14:47 [INFO] nonebot | Matcher(type='message', module=zhenxun.builtin_plugins.chat_history.chat_message, lineno=39) running complete
11-18 10:14:47 [INFO] nonebot | Matcher(type='message', module=zhenxun.plugins.mute.mute_message, lineno=32) running complete
11-18 10:14:47 [INFO] nonebot | Event will be handled by Matcher(type='message', module=zhenxun.plugins.fudu, lineno=97)
11-18 10:14:47 [INFO] nonebot | Matcher(type='message', module=zhenxun.plugins.fudu, lineno=97) running complete
11-18 10:53:32 [INFO] zhenxun | CMD[签到] 清理日常签到图片数据数据完成...
11-18 11:19:40 [SUCCESS] nonebot | OneBot V11 3973508735 | [message.group.normal]: Message 1097179398 from 457891411@[群:546881717] '冷吗'
11-18 11:19:40 [INFO] nonebot | Event will be handled by Matcher(type='message', module=zhenxun.plugins.mute.mute_message, lineno=32)
11-18 11:19:40 [INFO] nonebot | Event will be handled by Matcher(type='message', module=zhenxun.builtin_plugins.chat_history.chat_message, lineno=39)
11-18 11:19:40 [INFO] nonebot | Event will be handled by Matcher(type='message', module=zhenxun.plugins.parse_bilibili, lineno=54)
11-18 11:19:40 [INFO] nonebot | Matcher(type='message', module=zhenxun.plugins.parse_bilibili, lineno=54) running complete
11-18 11:19:40 [INFO] nonebot | Matcher(type='message', module=zhenxun.builtin_plugins.chat_history.chat_message, lineno=39) running complete
11-18 11:19:40 [INFO] nonebot | Matcher(type='message', module=zhenxun.plugins.mute.mute_message, lineno=32) running complete
11-18 11:19:40 [INFO] nonebot | Event will be handled by Matcher(type='message', module=zhenxun.plugins.fudu, lineno=97)
11-18 11:19:40 [INFO] nonebot | Matcher(type='message', module=zhenxun.plugins.fudu, lineno=97) running complete
11-18 11:19:43 [SUCCESS] nonebot | OneBot V11 3973508735 | [message.group.normal]: Message 2030250935 from 457891411@[群:546881717] '还在短袖呢'
11-18 11:19:43 [INFO] nonebot | Event will be handled by Matcher(type='message', module=zhenxun.plugins.mute.mute_message, lineno=32)
11-18 11:19:43 [INFO] nonebot | Event will be handled by Matcher(type='message', module=zhenxun.builtin_plugins.chat_history.chat_message, lineno=39)
11-18 11:19:43 [INFO] nonebot | Event will be handled by Matcher(type='message', module=zhenxun.plugins.parse_bilibili, lineno=54)
11-18 11:19:43 [INFO] nonebot | Matcher(type='message', module=zhenxun.builtin_plugins.chat_history.chat_message, lineno=39) running complete
11-18 11:19:43 [INFO] nonebot | Matcher(type='message', module=zhenxun.plugins.mute.mute_message, lineno=32) running complete
11-18 11:19:43 [INFO] nonebot | Matcher(type='message', module=zhenxun.plugins.parse_bilibili, lineno=54) running complete
11-18 11:19:44 [INFO] nonebot | Event will be handled by Matcher(type='message', module=zhenxun.plugins.fudu, lineno=97)
11-18 11:19:44 [INFO] nonebot | Matcher(type='message', module=zhenxun.plugins.fudu, lineno=97) running complete
11-18 11:21:35 [SUCCESS] nonebot | OneBot V11 3973508735 | [message.group.normal]: Message 1320238390 from 1046393368@[群:546881717] '暖气都烧上了'
11-18 11:21:35 [INFO] nonebot | Event will be handled by Matcher(type='message', module=zhenxun.plugins.mute.mute_message, lineno=32)
11-18 11:21:35 [INFO] nonebot | Event will be handled by Matcher(type='message', module=zhenxun.builtin_plugins.chat_history.chat_message, lineno=39)
11-18 11:21:35 [INFO] nonebot | Event will be handled by Matcher(type='message', module=zhenxun.plugins.parse_bilibili, lineno=54)
11-18 11:21:35 [INFO] nonebot | Matcher(type='message', module=zhenxun.builtin_plugins.chat_history.chat_message, lineno=39) running complete
11-18 11:21:35 [INFO] nonebot | Matcher(type='message', module=zhenxun.plugins.mute.mute_message, lineno=32) running complete
11-18 11:21:35 [INFO] nonebot | Matcher(type='message', module=zhenxun.plugins.parse_bilibili, lineno=54) running complete
11-18 11:21:35 [INFO] nonebot | Event will be handled by Matcher(type='message', module=zhenxun.plugins.fudu, lineno=97)
11-18 11:21:35 [INFO] nonebot | Matcher(type='message', module=zhenxun.plugins.fudu, lineno=97) running complete
11-18 11:49:40 [SUCCESS] nonebot | OneBot V11 3973508735 | [message.group.normal]: Message 1041484702 from 782877431@[群:546881717] '俞周帆昨天孤立大家'
11-18 11:49:40 [INFO] nonebot | Event will be handled by Matcher(type='message', module=zhenxun.plugins.mute.mute_message, lineno=32)
11-18 11:49:40 [INFO] nonebot | Event will be handled by Matcher(type='message', module=zhenxun.builtin_plugins.chat_history.chat_message, lineno=39)
11-18 11:49:40 [INFO] nonebot | Event will be handled by Matcher(type='message', module=zhenxun.plugins.parse_bilibili, lineno=54)
11-18 11:49:40 [INFO] nonebot | Matcher(type='message', module=zhenxun.plugins.parse_bilibili, lineno=54) running complete
11-18 11:49:40 [INFO] nonebot | Matcher(type='message', module=zhenxun.builtin_plugins.chat_history.chat_message, lineno=39) running complete
11-18 11:49:40 [INFO] nonebot | Matcher(type='message', module=zhenxun.plugins.mute.mute_message, lineno=32) running complete
11-18 11:49:41 [INFO] nonebot | Event will be handled by Matcher(type='message', module=zhenxun.plugins.fudu, lineno=97)
11-18 11:49:41 [INFO] nonebot | Matcher(type='message', module=zhenxun.plugins.fudu, lineno=97) running complete
11-18 11:49:42 [SUCCESS] nonebot | OneBot V11 3973508735 | [message.group.normal]: Message 1953444070 from 782877431@[群:546881717] '唉'
11-18 11:49:42 [INFO] nonebot | Event will be handled by Matcher(type='message', module=zhenxun.plugins.mute.mute_message, lineno=32)
11-18 11:49:42 [INFO] nonebot | Event will be handled by Matcher(type='message', module=zhenxun.builtin_plugins.chat_history.chat_message, lineno=39)
11-18 11:49:42 [INFO] nonebot | Matcher(type='message', module=zhenxun.builtin_plugins.chat_history.chat_message, lineno=39) running complete
11-18 11:49:42 [INFO] nonebot | Event will be handled by Matcher(type='message', module=zhenxun.plugins.parse_bilibili, lineno=54)
11-18 11:49:42 [INFO] nonebot | Matcher(type='message', module=zhenxun.plugins.mute.mute_message, lineno=32) running complete
11-18 11:49:42 [INFO] nonebot | Matcher(type='message', module=zhenxun.plugins.parse_bilibili, lineno=54) running complete
11-18 11:49:42 [INFO] nonebot | Event will be handled by Matcher(type='message', module=zhenxun.plugins.fudu, lineno=97)
11-18 11:49:42 [INFO] nonebot | Matcher(type='message', module=zhenxun.plugins.fudu, lineno=97) running complete
11-18 11:53:32 [INFO] zhenxun | CMD[签到] 清理日常签到图片数据数据完成...
11-18 11:57:35 [SUCCESS] nonebot | OneBot V11 3973508735 | [message.group.normal]: Message 1616070791 from 457891411@[群:546881717] '确实'
11-18 11:57:35 [INFO] nonebot | Event will be handled by Matcher(type='message', module=zhenxun.plugins.mute.mute_message, lineno=32)
11-18 11:57:35 [INFO] nonebot | Event will be handled by Matcher(type='message', module=zhenxun.builtin_plugins.chat_history.chat_message, lineno=39)
11-18 11:57:35 [INFO] nonebot | Event will be handled by Matcher(type='message', module=zhenxun.plugins.parse_bilibili, lineno=54)
11-18 11:57:35 [INFO] nonebot | Matcher(type='message', module=zhenxun.plugins.parse_bilibili, lineno=54) running complete
11-18 11:57:36 [INFO] nonebot | Matcher(type='message', module=zhenxun.builtin_plugins.chat_history.chat_message, lineno=39) running complete
11-18 11:57:36 [INFO] nonebot | Matcher(type='message', module=zhenxun.plugins.mute.mute_message, lineno=32) running complete
11-18 11:57:36 [INFO] nonebot | Event will be handled by Matcher(type='message', module=zhenxun.plugins.fudu, lineno=97)
11-18 11:57:36 [INFO] nonebot | Matcher(type='message', module=zhenxun.plugins.fudu, lineno=97) running complete
11-18 11:57:48 [SUCCESS] nonebot | OneBot V11 3973508735 | [message.group.normal]: Message 363093234 from 457891411@[群:546881717] '孤立大王'
11-18 11:57:48 [INFO] nonebot | Event will be handled by Matcher(type='message', module=zhenxun.plugins.mute.mute_message, lineno=32)
11-18 11:57:48 [INFO] nonebot | Event will be handled by Matcher(type='message', module=zhenxun.builtin_plugins.chat_history.chat_message, lineno=39)
11-18 11:57:48 [INFO] nonebot | Event will be handled by Matcher(type='message', module=zhenxun.plugins.parse_bilibili, lineno=54)
11-18 11:57:48 [INFO] nonebot | Matcher(type='message', module=zhenxun.builtin_plugins.chat_history.chat_message, lineno=39) running complete
11-18 11:57:48 [INFO] nonebot | Matcher(type='message', module=zhenxun.plugins.mute.mute_message, lineno=32) running complete
11-18 11:57:48 [INFO] nonebot | Matcher(type='message', module=zhenxun.plugins.parse_bilibili, lineno=54) running complete
11-18 11:57:48 [INFO] nonebot | Event will be handled by Matcher(type='message', module=zhenxun.plugins.fudu, lineno=97)
11-18 11:57:48 [INFO] nonebot | Matcher(type='message', module=zhenxun.plugins.fudu, lineno=97) running complete
11-18 12:53:32 [INFO] zhenxun | CMD[签到] 清理日常签到图片数据数据完成...
11-18 13:53:32 [INFO] zhenxun | CMD[签到] 清理日常签到图片数据数据完成...
11-18 14:53:32 [INFO] zhenxun | CMD[签到] 清理日常签到图片数据数据完成...
11-18 15:01:00 [INFO] zhenxun | begin to build uni message!!!
11-18 15:01:00 [INFO] zhenxun | group list is [<GroupConsole>, <GroupConsole>]
11-18 15:01:00 [INFO] zhenxun | key is 992333365:None, check_func is None
11-18 15:01:00 [INFO] zhenxun | is_run value True
11-18 15:01:00 [INFO] zhenxun | target is Target({'id': '992333365', 'parent_id': '', 'channel': False, 'private': False, 'self_id': None, 'extra': {}, 'scope': None, 'adapter': None, 'platforms': None})
11-18 15:01:00 [INFO] zhenxun | begin to build uni message!!!
11-18 15:01:00 [ERROR] zhenxun | CMD[真寻日报] [Target]([992333365:None]) 发送失败 || 错误 <class 'nonebot.adapters.onebot.v11.exception.ActionFailed'>: ActionFailed(status='failed', retcode=1200, data=None, message='Error: EventChecker Failed: NTEvent serviceAndMethod:NodeIKernelMsgService/sendMsg ListenerName:NodeIKernelMsgListener/onMsgInfoListUpdate EventRet:\n{\n    "result": 1006514,\n    "errMsg": "网络连接异常!"\n}\n\n    at file:///C:/Users/Administrator/Documents/LiteloaderQQNT/plugins/NapCat.Framework/napcat.mjs:7704:15', wording='Error: EventChecker Failed: NTEvent serviceAndMethod:NodeIKernelMsgService/sendMsg ListenerName:NodeIKernelMsgListener/onMsgInfoListUpdate EventRet:\n{\n    "result": 1006514,\n    "errMsg": "网络连接异常!"\n}\n\n    at file:///C:/Users/Administrator/Documents/LiteloaderQQNT/plugins/NapCat.Framework/napcat.mjs:7704:15', echo='6446')
11-18 15:01:00 [INFO] zhenxun | key is 546881717:None, check_func is None
11-18 15:01:00 [INFO] zhenxun | is_run value True
11-18 15:01:00 [INFO] zhenxun | target is Target({'id': '546881717', 'parent_id': '', 'channel': False, 'private': False, 'self_id': None, 'extra': {}, 'scope': None, 'adapter': None, 'platforms': None})
11-18 15:01:00 [INFO] zhenxun | begin to build uni message!!!
11-18 15:01:00 [ERROR] zhenxun | CMD[真寻日报] [Target]([546881717:None]) 发送失败 || 错误 <class 'nonebot.adapters.onebot.v11.exception.ActionFailed'>: ActionFailed(status='failed', retcode=1200, data=None, message='Error: EventChecker Failed: NTEvent serviceAndMethod:NodeIKernelMsgService/sendMsg ListenerName:NodeIKernelMsgListener/onMsgInfoListUpdate EventRet:\n{\n    "result": 1006514,\n    "errMsg": "网络连接异常!"\n}\n\n    at file:///C:/Users/Administrator/Documents/LiteloaderQQNT/plugins/NapCat.Framework/napcat.mjs:7704:15', wording='Error: EventChecker Failed: NTEvent serviceAndMethod:NodeIKernelMsgService/sendMsg ListenerName:NodeIKernelMsgListener/onMsgInfoListUpdate EventRet:\n{\n    "result": 1006514,\n    "errMsg": "网络连接异常!"\n}\n\n    at file:///C:/Users/Administrator/Documents/LiteloaderQQNT/plugins/NapCat.Framework/napcat.mjs:7704:15', echo='6447')
11-18 15:01:00 [INFO] zhenxun | begin to build uni message!!!
11-18 15:01:00 [INFO] zhenxun | group list is [<GroupConsole>, <GroupConsole>]
11-18 15:01:00 [INFO] zhenxun | key is 992333365:None, check_func is None
11-18 15:01:00 [INFO] zhenxun | is_run value True
11-18 15:01:00 [INFO] zhenxun | target is Target({'id': '992333365', 'parent_id': '', 'channel': False, 'private': False, 'self_id': None, 'extra': {}, 'scope': None, 'adapter': None, 'platforms': None})
11-18 15:01:00 [INFO] zhenxun | begin to build uni message!!!
11-18 15:01:00 [ERROR] zhenxun | CMD[真寻日报] [Target]([992333365:None]) 发送失败 || 错误 <class 'nonebot.adapters.onebot.v11.exception.ActionFailed'>: ActionFailed(status='failed', retcode=1200, data=None, message='Error: EventChecker Failed: NTEvent serviceAndMethod:NodeIKernelMsgService/sendMsg ListenerName:NodeIKernelMsgListener/onMsgInfoListUpdate EventRet:\n{\n    "result": -1,\n    "errMsg": "rich media transfer failed"\n}\n\n    at file:///C:/Users/Administrator/Documents/LiteloaderQQNT/plugins/NapCat.Framework/napcat.mjs:7704:15', wording='Error: EventChecker Failed: NTEvent serviceAndMethod:NodeIKernelMsgService/sendMsg ListenerName:NodeIKernelMsgListener/onMsgInfoListUpdate EventRet:\n{\n    "result": -1,\n    "errMsg": "rich media transfer failed"\n}\n\n    at file:///C:/Users/Administrator/Documents/LiteloaderQQNT/plugins/NapCat.Framework/napcat.mjs:7704:15', echo='6449')
11-18 15:01:00 [INFO] zhenxun | key is 546881717:None, check_func is None
11-18 15:01:00 [INFO] zhenxun | is_run value True
11-18 15:01:00 [INFO] zhenxun | target is Target({'id': '546881717', 'parent_id': '', 'channel': False, 'private': False, 'self_id': None, 'extra': {}, 'scope': None, 'adapter': None, 'platforms': None})
11-18 15:01:00 [INFO] zhenxun | begin to build uni message!!!
11-18 15:01:00 [ERROR] zhenxun | CMD[真寻日报] [Target]([546881717:None]) 发送失败 || 错误 <class 'nonebot.adapters.onebot.v11.exception.ActionFailed'>: ActionFailed(status='failed', retcode=1200, data=None, message='Error: EventChecker Failed: NTEvent serviceAndMethod:NodeIKernelMsgService/sendMsg ListenerName:NodeIKernelMsgListener/onMsgInfoListUpdate EventRet:\n{\n    "result": -1,\n    "errMsg": "rich media transfer failed"\n}\n\n    at file:///C:/Users/Administrator/Documents/LiteloaderQQNT/plugins/NapCat.Framework/napcat.mjs:7704:15', wording='Error: EventChecker Failed: NTEvent serviceAndMethod:NodeIKernelMsgService/sendMsg ListenerName:NodeIKernelMsgListener/onMsgInfoListUpdate EventRet:\n{\n    "result": -1,\n    "errMsg": "rich media transfer failed"\n}\n\n    at file:///C:/Users/Administrator/Documents/LiteloaderQQNT/plugins/NapCat.Framework/napcat.mjs:7704:15', echo='6450')
11-18 15:01:00 [INFO] zhenxun | 每日真寻日报发送...
11-18 15:53:32 [INFO] zhenxun | CMD[签到] 清理日常签到图片数据数据完成...
11-18 16:53:32 [INFO] zhenxun | CMD[签到] 清理日常签到图片数据数据完成...
11-18 17:53:32 [INFO] zhenxun | CMD[签到] 清理日常签到图片数据数据完成...
11-18 18:01:00 [INFO] zhenxun | begin to build uni message!!!
11-18 18:01:00 [INFO] zhenxun | group list is [<GroupConsole>, <GroupConsole>]
11-18 18:01:00 [INFO] zhenxun | key is 992333365:None, check_func is None
11-18 18:01:00 [INFO] zhenxun | is_run value True
11-18 18:01:00 [INFO] zhenxun | target is Target({'id': '992333365', 'parent_id': '', 'channel': False, 'private': False, 'self_id': None, 'extra': {}, 'scope': None, 'adapter': None, 'platforms': None})
11-18 18:01:00 [INFO] zhenxun | begin to build uni message!!!
11-18 18:01:00 [ERROR] zhenxun | CMD[被动查询微博热搜] [Target]([992333365:None]) 发送失败 || 错误 <class 'nonebot.adapters.onebot.v11.exception.ActionFailed'>: ActionFailed(status='failed', retcode=1200, data=None, message='Error: EventChecker Failed: NTEvent serviceAndMethod:NodeIKernelMsgService/sendMsg ListenerName:NodeIKernelMsgListener/onMsgInfoListUpdate EventRet:\n{\n    "result": 1006514,\n    "errMsg": "网络连接异常!"\n}\n\n    at file:///C:/Users/Administrator/Documents/LiteloaderQQNT/plugins/NapCat.Framework/napcat.mjs:7704:15', wording='Error: EventChecker Failed: NTEvent serviceAndMethod:NodeIKernelMsgService/sendMsg ListenerName:NodeIKernelMsgListener/onMsgInfoListUpdate EventRet:\n{\n    "result": 1006514,\n    "errMsg": "网络连接异常!"\n}\n\n    at file:///C:/Users/Administrator/Documents/LiteloaderQQNT/plugins/NapCat.Framework/napcat.mjs:7704:15', echo='6560')
11-18 18:01:00 [INFO] zhenxun | key is 546881717:None, check_func is None
11-18 18:01:00 [INFO] zhenxun | is_run value True
11-18 18:01:00 [INFO] zhenxun | target is Target({'id': '546881717', 'parent_id': '', 'channel': False, 'private': False, 'self_id': None, 'extra': {}, 'scope': None, 'adapter': None, 'platforms': None})
11-18 18:01:00 [INFO] zhenxun | begin to build uni message!!!
11-18 18:01:00 [ERROR] zhenxun | CMD[被动查询微博热搜] [Target]([546881717:None]) 发送失败 || 错误 <class 'nonebot.adapters.onebot.v11.exception.ActionFailed'>: ActionFailed(status='failed', retcode=1200, data=None, message='Error: EventChecker Failed: NTEvent serviceAndMethod:NodeIKernelMsgService/sendMsg ListenerName:NodeIKernelMsgListener/onMsgInfoListUpdate EventRet:\n{\n    "result": 1006514,\n    "errMsg": "网络连接异常!"\n}\n\n    at file:///C:/Users/Administrator/Documents/LiteloaderQQNT/plugins/NapCat.Framework/napcat.mjs:7704:15', wording='Error: EventChecker Failed: NTEvent serviceAndMethod:NodeIKernelMsgService/sendMsg ListenerName:NodeIKernelMsgListener/onMsgInfoListUpdate EventRet:\n{\n    "result": 1006514,\n    "errMsg": "网络连接异常!"\n}\n\n    at file:///C:/Users/Administrator/Documents/LiteloaderQQNT/plugins/NapCat.Framework/napcat.mjs:7704:15', echo='6561')
11-18 18:01:00 [INFO] zhenxun | 成功获取原神当前up信息...当前up池: 「赤团开时」 & 「月草的赐慧」 & 「神铸赋形」
11-18 18:01:00 [INFO] zhenxun | begin to build uni message!!!
11-18 18:01:00 [INFO] zhenxun | begin to build uni message!!!
11-18 18:01:00 [INFO] zhenxun | group list is [<GroupConsole>, <GroupConsole>]
11-18 18:01:00 [INFO] zhenxun | key is 992333365:None, check_func is None
11-18 18:01:00 [INFO] zhenxun | is_run value True
11-18 18:01:00 [INFO] zhenxun | target is Target({'id': '992333365', 'parent_id': '', 'channel': False, 'private': False, 'self_id': None, 'extra': {}, 'scope': None, 'adapter': None, 'platforms': None})
11-18 18:01:00 [INFO] zhenxun | begin to build uni message!!!
11-18 18:01:00 [ERROR] zhenxun | CMD[被动查询微博热搜] [Target]([992333365:None]) 发送失败 || 错误 <class 'nonebot.adapters.onebot.v11.exception.ActionFailed'>: ActionFailed(status='failed', retcode=1200, data=None, message='Error: EventChecker Failed: NTEvent serviceAndMethod:NodeIKernelMsgService/sendMsg ListenerName:NodeIKernelMsgListener/onMsgInfoListUpdate EventRet:\n{\n    "result": -1,\n    "errMsg": "rich media transfer failed"\n}\n\n    at file:///C:/Users/Administrator/Documents/LiteloaderQQNT/plugins/NapCat.Framework/napcat.mjs:7704:15', wording='Error: EventChecker Failed: NTEvent serviceAndMethod:NodeIKernelMsgService/sendMsg ListenerName:NodeIKernelMsgListener/onMsgInfoListUpdate EventRet:\n{\n    "result": -1,\n    "errMsg": "rich media transfer failed"\n}\n\n    at file:///C:/Users/Administrator/Documents/LiteloaderQQNT/plugins/NapCat.Framework/napcat.mjs:7704:15', echo='6563')
11-18 18:01:00 [INFO] zhenxun | key is 546881717:None, check_func is None
11-18 18:01:00 [INFO] zhenxun | is_run value True
11-18 18:01:00 [INFO] zhenxun | target is Target({'id': '546881717', 'parent_id': '', 'channel': False, 'private': False, 'self_id': None, 'extra': {}, 'scope': None, 'adapter': None, 'platforms': None})
11-18 18:01:00 [INFO] zhenxun | begin to build uni message!!!
11-18 18:01:01 [ERROR] zhenxun | CMD[被动查询微博热搜] [Target]([546881717:None]) 发送失败 || 错误 <class 'nonebot.adapters.onebot.v11.exception.ActionFailed'>: ActionFailed(status='failed', retcode=1200, data=None, message='Error: EventChecker Failed: NTEvent serviceAndMethod:NodeIKernelMsgService/sendMsg ListenerName:NodeIKernelMsgListener/onMsgInfoListUpdate EventRet:\n{\n    "result": -1,\n    "errMsg": "rich media transfer failed"\n}\n\n    at file:///C:/Users/Administrator/Documents/LiteloaderQQNT/plugins/NapCat.Framework/napcat.mjs:7704:15', wording='Error: EventChecker Failed: NTEvent serviceAndMethod:NodeIKernelMsgService/sendMsg ListenerName:NodeIKernelMsgListener/onMsgInfoListUpdate EventRet:\n{\n    "result": -1,\n    "errMsg": "rich media transfer failed"\n}\n\n    at file:///C:/Users/Administrator/Documents/LiteloaderQQNT/plugins/NapCat.Framework/napcat.mjs:7704:15', echo='6564')
11-18 18:01:01 [INFO] zhenxun | 定时查询微博热搜
11-18 18:53:32 [INFO] zhenxun | CMD[签到] 清理日常签到图片数据数据完成...
11-18 19:53:32 [INFO] zhenxun | CMD[签到] 清理日常签到图片数据数据完成...
11-18 20:53:32 [INFO] zhenxun | CMD[签到] 清理日常签到图片数据数据完成...
11-18 21:53:32 [INFO] zhenxun | CMD[签到] 清理日常签到图片数据数据完成...
11-18 22:53:32 [INFO] zhenxun | CMD[签到] 清理日常签到图片数据数据完成...
11-18 23:53:32 [INFO] zhenxun | CMD[签到] 清理日常签到图片数据数据完成...
11-18 23:59:00 [INFO] zhenxun | begin to build uni message!!!
11-18 23:59:00 [INFO] zhenxun | group list is [<GroupConsole>, <GroupConsole>]
11-18 23:59:00 [INFO] zhenxun | key is 992333365:None, check_func is <function check at 0x0000029D62519E10>
11-18 23:59:00 [INFO] zhenxun | is_run value False
11-18 23:59:00 [INFO] zhenxun | key is 546881717:None, check_func is <function check at 0x0000029D62519E10>
11-18 23:59:00 [INFO] zhenxun | is_run value True
11-18 23:59:00 [INFO] zhenxun | target is Target({'id': '546881717', 'parent_id': '', 'channel': False, 'private': False, 'self_id': None, 'extra': {}, 'scope': None, 'adapter': None, 'platforms': None})
11-18 23:59:00 [INFO] zhenxun | begin to build uni message!!!
11-18 23:59:00 [ERROR] zhenxun | CMD[被动早晚安] [Target]([546881717:None]) 发送失败 || 错误 <class 'nonebot.adapters.onebot.v11.exception.ActionFailed'>: ActionFailed(status='failed', retcode=1200, data=None, message='Error: EventChecker Failed: NTEvent serviceAndMethod:NodeIKernelMsgService/sendMsg ListenerName:NodeIKernelMsgListener/onMsgInfoListUpdate EventRet:\n{\n    "result": -1,\n    "errMsg": "rich media transfer failed"\n}\n\n    at file:///C:/Users/Administrator/Documents/LiteloaderQQNT/plugins/NapCat.Framework/napcat.mjs:7704:15', wording='Error: EventChecker Failed: NTEvent serviceAndMethod:NodeIKernelMsgService/sendMsg ListenerName:NodeIKernelMsgListener/onMsgInfoListUpdate EventRet:\n{\n    "result": -1,\n    "errMsg": "rich media transfer failed"\n}\n\n    at file:///C:/Users/Administrator/Documents/LiteloaderQQNT/plugins/NapCat.Framework/napcat.mjs:7704:15', echo='6782')
11-18 23:59:00 [INFO] zhenxun | 每日晚安发送...
