09-28 00:45:35 [INFO] zhenxun | CMD[签到] 清理日常签到图片数据数据完成...
09-28 01:01:00 [INFO] zhenxun | CMD[定时任务] 自动清理临时数据完成，共清理了 9.11MB 的数据...
09-28 01:45:35 [INFO] zhenxun | CMD[签到] 清理日常签到图片数据数据完成...
09-28 02:45:35 [INFO] zhenxun | CMD[签到] 清理日常签到图片数据数据完成...
09-28 03:01:00 [INFO] zhenxun | 自动更新好友信息成功...
09-28 03:01:00 [INFO] zhenxun | 自动更新群组成员信息成功...
09-28 03:25:01 [INFO] zhenxun | CMD[自动备份] 自动备份成功...
09-28 03:28:02 [SUCCESS] nonebot | OneBot V11 3973508735 | [message.private.friend]: Message 1207164650 from 2747277822 '[json:data={"app":"com.tencent.gamecenter.mall","desc":"【英雄联盟手游】5.3版本首发皮肤星域系列"...]'
09-28 03:28:02 [INFO] nonebot | Event will be handled by Matcher(type='message', module=zhenxun.plugins.mute.mute_message, lineno=32)
09-28 03:28:02 [INFO] nonebot | Event will be handled by Matcher(type='message', module=zhenxun.builtin_plugins.chat_history.chat_message, lineno=39)
09-28 03:28:02 [INFO] nonebot | Event will be handled by Matcher(type='message', module=zhenxun.plugins.parse_bilibili, lineno=54)
09-28 03:28:02 [INFO] nonebot | Matcher(type='message', module=zhenxun.plugins.parse_bilibili, lineno=54) running complete
09-28 03:28:02 [ERROR] nonebot | Running Matcher(type='message', module=zhenxun.plugins.parse_bilibili, lineno=54) failed.
Traceback (most recent call last):

  File "C:\Program Files\zhenxun\zhenxun_bot-dev\bot.py", line 27, in <module>
    nonebot.run()
    │       └ <function run at 0x0000020AD7005510>
    └ <module 'nonebot' from 'C:\\Users\\Administrator\\AppData\\Local\\pypoetry\\Cache\\virtualenvs\\zhenxun-bot-k9jvl_fX-py3.10\\...

  File "C:\Users\Administrator\AppData\Local\pypoetry\Cache\virtualenvs\zhenxun-bot-k9jvl_fX-py3.10\lib\site-packages\nonebot\__init__.py", line 335, in run
    get_driver().run(*args, **kwargs)
    │                 │       └ {}
    │                 └ ()
    └ <function get_driver at 0x0000020AD7005360>

  File "C:\Users\Administrator\AppData\Local\pypoetry\Cache\virtualenvs\zhenxun-bot-k9jvl_fX-py3.10\lib\site-packages\nonebot\drivers\fastapi.py", line 186, in run
    uvicorn.run(
    │       └ <function run at 0x0000020AD77DED40>
    └ <module 'uvicorn' from 'C:\\Users\\Administrator\\AppData\\Local\\pypoetry\\Cache\\virtualenvs\\zhenxun-bot-k9jvl_fX-py3.10\\...

  File "C:\Users\Administrator\AppData\Local\pypoetry\Cache\virtualenvs\zhenxun-bot-k9jvl_fX-py3.10\lib\site-packages\uvicorn\main.py", line 577, in run
    server.run()
    │      └ <function Server.run at 0x0000020AD77DE680>
    └ <uvicorn.server.Server object at 0x0000020AE7A31D80>

  File "C:\Users\Administrator\AppData\Local\pypoetry\Cache\virtualenvs\zhenxun-bot-k9jvl_fX-py3.10\lib\site-packages\uvicorn\server.py", line 65, in run
    return asyncio.run(self.serve(sockets=sockets))
           │       │   │    │             └ None
           │       │   │    └ <function Server.serve at 0x0000020AD77DE710>
           │       │   └ <uvicorn.server.Server object at 0x0000020AE7A31D80>
           │       └ <function run at 0x0000020AD4CFCE50>
           └ <module 'asyncio' from 'C:\\Users\\Administrator\\AppData\\Local\\Programs\\Python\\Python310\\lib\\asyncio\\__init__.py'>

  File "C:\Users\Administrator\AppData\Local\Programs\Python\Python310\lib\asyncio\runners.py", line 44, in run
    return loop.run_until_complete(main)
           │    │                  └ <coroutine object Server.serve at 0x0000020AD9B017E0>
           │    └ <function BaseEventLoop.run_until_complete at 0x0000020AD4E00280>
           └ <ProactorEventLoop running=True closed=False debug=False>

  File "C:\Users\Administrator\AppData\Local\Programs\Python\Python310\lib\asyncio\base_events.py", line 636, in run_until_complete
    self.run_forever()
    │    └ <function ProactorEventLoop.run_forever at 0x0000020AD6A3D510>
    └ <ProactorEventLoop running=True closed=False debug=False>

  File "C:\Users\Administrator\AppData\Local\Programs\Python\Python310\lib\asyncio\windows_events.py", line 321, in run_forever
    super().run_forever()

  File "C:\Users\Administrator\AppData\Local\Programs\Python\Python310\lib\asyncio\base_events.py", line 603, in run_forever
    self._run_once()
    │    └ <function BaseEventLoop._run_once at 0x0000020AD4E01CF0>
    └ <ProactorEventLoop running=True closed=False debug=False>

  File "C:\Users\Administrator\AppData\Local\Programs\Python\Python310\lib\asyncio\base_events.py", line 1909, in _run_once
    handle._run()
    │      └ <function Handle._run at 0x0000020AD4DB09D0>
    └ <Handle Task.task_wakeup(<_GatheringFu...7a42871'}})]]>)>

  File "C:\Users\Administrator\AppData\Local\Programs\Python\Python310\lib\asyncio\events.py", line 80, in _run
    self._context.run(self._callback, *self._args)
    │    │            │    │           │    └ <member '_args' of 'Handle' objects>
    │    │            │    │           └ <Handle Task.task_wakeup(<_GatheringFu...7a42871'}})]]>)>
    │    │            │    └ <member '_callback' of 'Handle' objects>
    │    │            └ <Handle Task.task_wakeup(<_GatheringFu...7a42871'}})]]>)>
    │    └ <member '_context' of 'Handle' objects>
    └ <Handle Task.task_wakeup(<_GatheringFu...7a42871'}})]]>)>

  File "C:\Users\Administrator\AppData\Local\pypoetry\Cache\virtualenvs\zhenxun-bot-k9jvl_fX-py3.10\lib\site-packages\nonebot\message.py", line 476, in check_and_run_matcher
    await _run_matcher(
          └ <function _run_matcher at 0x0000020AD71609D0>

> File "C:\Users\Administrator\AppData\Local\pypoetry\Cache\virtualenvs\zhenxun-bot-k9jvl_fX-py3.10\lib\site-packages\nonebot\message.py", line 428, in _run_matcher
    await matcher.run(bot, event, state, stack, dependency_cache)
          │       │   │    │      │      │      └ {<function _event_to_me at 0x0000020AD7059CF0>: <Task finished name='Task-2627949' coro=<_event_to_me() done, defined at C:\U...
          │       │   │    │      │      └ <contextlib.AsyncExitStack object at 0x0000020AE92CAEC0>
          │       │   │    │      └ {'_prefix': {'command': None, 'raw_command': None, 'command_arg': None, 'command_start': None, 'command_whitespace': None}}
          │       │   │    └ PrivateMessageEvent(time=1727465282, self_id=3973508735, post_type='message', sub_type='friend', user_id=2747277822, message_...
          │       │   └ Bot(type='OneBot V11', self_id='3973508735')
          │       └ <function Matcher.run at 0x0000020AD7059B40>
          └ Matcher(type='message', module=zhenxun.plugins.parse_bilibili, lineno=54)

  File "C:\Users\Administrator\AppData\Local\pypoetry\Cache\virtualenvs\zhenxun-bot-k9jvl_fX-py3.10\lib\site-packages\nonebot\internal\matcher\matcher.py", line 850, in run
    await self.simple_run(bot, event, state, stack, dependency_cache)
          │    │          │    │      │      │      └ {<function _event_to_me at 0x0000020AD7059CF0>: <Task finished name='Task-2627949' coro=<_event_to_me() done, defined at C:\U...
          │    │          │    │      │      └ <contextlib.AsyncExitStack object at 0x0000020AE92CAEC0>
          │    │          │    │      └ {'_prefix': {'command': None, 'raw_command': None, 'command_arg': None, 'command_start': None, 'command_whitespace': None}}
          │    │          │    └ PrivateMessageEvent(time=1727465282, self_id=3973508735, post_type='message', sub_type='friend', user_id=2747277822, message_...
          │    │          └ Bot(type='OneBot V11', self_id='3973508735')
          │    └ <function Matcher.simple_run at 0x0000020AD7059AB0>
          └ Matcher(type='message', module=zhenxun.plugins.parse_bilibili, lineno=54)

  File "C:\Users\Administrator\AppData\Local\pypoetry\Cache\virtualenvs\zhenxun-bot-k9jvl_fX-py3.10\lib\site-packages\nonebot\internal\matcher\matcher.py", line 825, in simple_run
    await handler(
          └ Dependent(call=_)

  File "C:\Users\Administrator\AppData\Local\pypoetry\Cache\virtualenvs\zhenxun-bot-k9jvl_fX-py3.10\lib\site-packages\nonebot\dependencies\__init__.py", line 94, in __call__
    return await cast(Callable[..., Awaitable[R]], self.call)(**values)
                 │    │             │         │    │    │       └ {'session': Session(bot_id='3973508735', bot_type='OneBot V11', platform='qq', level=<SessionLevel.LEVEL1: 1>, id1='274727782...
                 │    │             │         │    │    └ <function _ at 0x0000020AE3A484C0>
                 │    │             │         │    └ Dependent(call=_)
                 │    │             │         └ ~R
                 │    │             └ <class 'collections.abc.Awaitable'>
                 │    └ typing.Callable
                 └ <function cast at 0x0000020AD4B904C0>

  File "C:\Program Files\zhenxun\zhenxun_bot-dev\zhenxun\plugins\parse_bilibili\__init__.py", line 86, in _
    get_url = (qqdocurl_value if qqdocurl_value else jumpUrl_value).split("?")[
               │                 │                   └ {}
               │                 └ {}
               └ {}

AttributeError: 'dict' object has no attribute 'split'
09-28 03:28:02 [INFO] nonebot | Matcher(type='message', module=zhenxun.builtin_plugins.chat_history.chat_message, lineno=39) running complete
09-28 03:28:03 [INFO] nonebot | Matcher(type='message', module=zhenxun.plugins.mute.mute_message, lineno=32) running complete
09-28 03:28:03 [INFO] nonebot | Event will be handled by Matcher(type='message', module=zhenxun.plugins.nonebot_plugin_sparkapi.matchers.chat, lineno=39)
09-28 03:28:13 [INFO] nonebot | Matcher(type='message', module=zhenxun.plugins.nonebot_plugin_sparkapi.matchers.chat, lineno=39) running complete
09-28 03:28:13 [ERROR] nonebot | Running Matcher(type='message', module=zhenxun.plugins.nonebot_plugin_sparkapi.matchers.chat, lineno=39) failed.
Traceback (most recent call last):

  File "C:\Program Files\zhenxun\zhenxun_bot-dev\bot.py", line 27, in <module>
    nonebot.run()
    │       └ <function run at 0x0000020AD7005510>
    └ <module 'nonebot' from 'C:\\Users\\Administrator\\AppData\\Local\\pypoetry\\Cache\\virtualenvs\\zhenxun-bot-k9jvl_fX-py3.10\\...

  File "C:\Users\Administrator\AppData\Local\pypoetry\Cache\virtualenvs\zhenxun-bot-k9jvl_fX-py3.10\lib\site-packages\nonebot\__init__.py", line 335, in run
    get_driver().run(*args, **kwargs)
    │                 │       └ {}
    │                 └ ()
    └ <function get_driver at 0x0000020AD7005360>

  File "C:\Users\Administrator\AppData\Local\pypoetry\Cache\virtualenvs\zhenxun-bot-k9jvl_fX-py3.10\lib\site-packages\nonebot\drivers\fastapi.py", line 186, in run
    uvicorn.run(
    │       └ <function run at 0x0000020AD77DED40>
    └ <module 'uvicorn' from 'C:\\Users\\Administrator\\AppData\\Local\\pypoetry\\Cache\\virtualenvs\\zhenxun-bot-k9jvl_fX-py3.10\\...

  File "C:\Users\Administrator\AppData\Local\pypoetry\Cache\virtualenvs\zhenxun-bot-k9jvl_fX-py3.10\lib\site-packages\uvicorn\main.py", line 577, in run
    server.run()
    │      └ <function Server.run at 0x0000020AD77DE680>
    └ <uvicorn.server.Server object at 0x0000020AE7A31D80>

  File "C:\Users\Administrator\AppData\Local\pypoetry\Cache\virtualenvs\zhenxun-bot-k9jvl_fX-py3.10\lib\site-packages\uvicorn\server.py", line 65, in run
    return asyncio.run(self.serve(sockets=sockets))
           │       │   │    │             └ None
           │       │   │    └ <function Server.serve at 0x0000020AD77DE710>
           │       │   └ <uvicorn.server.Server object at 0x0000020AE7A31D80>
           │       └ <function run at 0x0000020AD4CFCE50>
           └ <module 'asyncio' from 'C:\\Users\\Administrator\\AppData\\Local\\Programs\\Python\\Python310\\lib\\asyncio\\__init__.py'>

  File "C:\Users\Administrator\AppData\Local\Programs\Python\Python310\lib\asyncio\runners.py", line 44, in run
    return loop.run_until_complete(main)
           │    │                  └ <coroutine object Server.serve at 0x0000020AD9B017E0>
           │    └ <function BaseEventLoop.run_until_complete at 0x0000020AD4E00280>
           └ <ProactorEventLoop running=True closed=False debug=False>

  File "C:\Users\Administrator\AppData\Local\Programs\Python\Python310\lib\asyncio\base_events.py", line 636, in run_until_complete
    self.run_forever()
    │    └ <function ProactorEventLoop.run_forever at 0x0000020AD6A3D510>
    └ <ProactorEventLoop running=True closed=False debug=False>

  File "C:\Users\Administrator\AppData\Local\Programs\Python\Python310\lib\asyncio\windows_events.py", line 321, in run_forever
    super().run_forever()

  File "C:\Users\Administrator\AppData\Local\Programs\Python\Python310\lib\asyncio\base_events.py", line 603, in run_forever
    self._run_once()
    │    └ <function BaseEventLoop._run_once at 0x0000020AD4E01CF0>
    └ <ProactorEventLoop running=True closed=False debug=False>

  File "C:\Users\Administrator\AppData\Local\Programs\Python\Python310\lib\asyncio\base_events.py", line 1909, in _run_once
    handle._run()
    │      └ <function Handle._run at 0x0000020AD4DB09D0>
    └ <Handle Task.task_wakeup(<Future finished result=None>)>

  File "C:\Users\Administrator\AppData\Local\Programs\Python\Python310\lib\asyncio\events.py", line 80, in _run
    self._context.run(self._callback, *self._args)
    │    │            │    │           │    └ <member '_args' of 'Handle' objects>
    │    │            │    │           └ <Handle Task.task_wakeup(<Future finished result=None>)>
    │    │            │    └ <member '_callback' of 'Handle' objects>
    │    │            └ <Handle Task.task_wakeup(<Future finished result=None>)>
    │    └ <member '_context' of 'Handle' objects>
    └ <Handle Task.task_wakeup(<Future finished result=None>)>

  File "C:\Users\Administrator\AppData\Local\pypoetry\Cache\virtualenvs\zhenxun-bot-k9jvl_fX-py3.10\lib\site-packages\nonebot\message.py", line 476, in check_and_run_matcher
    await _run_matcher(
          └ <function _run_matcher at 0x0000020AD71609D0>

> File "C:\Users\Administrator\AppData\Local\pypoetry\Cache\virtualenvs\zhenxun-bot-k9jvl_fX-py3.10\lib\site-packages\nonebot\message.py", line 428, in _run_matcher
    await matcher.run(bot, event, state, stack, dependency_cache)
          │       │   │    │      │      │      └ {<function _event_to_me at 0x0000020AD7059CF0>: <Task finished name='Task-2627949' coro=<_event_to_me() done, defined at C:\U...
          │       │   │    │      │      └ <contextlib.AsyncExitStack object at 0x0000020AE92CAEC0>
          │       │   │    │      └ {'_prefix': {'command': None, 'raw_command': None, 'command_arg': None, 'command_start': None, 'command_whitespace': None}}
          │       │   │    └ PrivateMessageEvent(time=1727465282, self_id=3973508735, post_type='message', sub_type='friend', user_id=2747277822, message_...
          │       │   └ Bot(type='OneBot V11', self_id='3973508735')
          │       └ <function Matcher.run at 0x0000020AD7059B40>
          └ Matcher(type='message', module=zhenxun.plugins.nonebot_plugin_sparkapi.matchers.chat, lineno=39)

  File "C:\Users\Administrator\AppData\Local\pypoetry\Cache\virtualenvs\zhenxun-bot-k9jvl_fX-py3.10\lib\site-packages\nonebot\internal\matcher\matcher.py", line 850, in run
    await self.simple_run(bot, event, state, stack, dependency_cache)
          │    │          │    │      │      │      └ {<function _event_to_me at 0x0000020AD7059CF0>: <Task finished name='Task-2627949' coro=<_event_to_me() done, defined at C:\U...
          │    │          │    │      │      └ <contextlib.AsyncExitStack object at 0x0000020AE92CAEC0>
          │    │          │    │      └ {'_prefix': {'command': None, 'raw_command': None, 'command_arg': None, 'command_start': None, 'command_whitespace': None}}
          │    │          │    └ PrivateMessageEvent(time=1727465282, self_id=3973508735, post_type='message', sub_type='friend', user_id=2747277822, message_...
          │    │          └ Bot(type='OneBot V11', self_id='3973508735')
          │    └ <function Matcher.simple_run at 0x0000020AD7059AB0>
          └ Matcher(type='message', module=zhenxun.plugins.nonebot_plugin_sparkapi.matchers.chat, lineno=39)

  File "C:\Users\Administrator\AppData\Local\pypoetry\Cache\virtualenvs\zhenxun-bot-k9jvl_fX-py3.10\lib\site-packages\nonebot\internal\matcher\matcher.py", line 825, in simple_run
    await handler(
          └ Dependent(call=_)

  File "C:\Users\Administrator\AppData\Local\pypoetry\Cache\virtualenvs\zhenxun-bot-k9jvl_fX-py3.10\lib\site-packages\nonebot\dependencies\__init__.py", line 94, in __call__
    return await cast(Callable[..., Awaitable[R]], self.call)(**values)
                 │    │             │         │    │    │       └ {'session_id': 'qq_OneBot_V11_3973508735_2747277822', 'arg': [MessageSegment(type='json', data={'data': '{"app":"com.tencent....
                 │    │             │         │    │    └ <function _ at 0x0000020AE25AC1F0>
                 │    │             │         │    └ Dependent(call=_)
                 │    │             │         └ ~R
                 │    │             └ <class 'collections.abc.Awaitable'>
                 │    └ typing.Callable
                 └ <function cast at 0x0000020AD4B904C0>

  File "C:\Program Files\zhenxun\zhenxun_bot-dev\zhenxun\plugins\nonebot_plugin_sparkapi\matchers\chat.py", line 58, in _
    await hello().finish()
          └ <function hello at 0x0000020AE253FEB0>

  File "C:\Users\Administrator\AppData\Local\pypoetry\Cache\virtualenvs\zhenxun-bot-k9jvl_fX-py3.10\lib\site-packages\nonebot_plugin_alconna\uniseg\message.py", line 1407, in finish
    await self.send(target, bot, fallback, at_sender, reply_to, **kwargs)
          │    │    │       │    │         │          │           └ {}
          │    │    │       │    │         │          └ False
          │    │    │       │    │         └ False
          │    │    │       │    └ <FallbackStrategy.rollback: 'rollback'>
          │    │    │       └ None
          │    │    └ None
          │    └ <function UniMessage.send at 0x0000020AD9ED9480>
          └ [Image(id=None, url=None, path=WindowsPath('resources/image/zai/1.jpg'), raw=None, mimetype=None, name='1.jpg'), Text(text='库...

  File "C:\Users\Administrator\AppData\Local\pypoetry\Cache\virtualenvs\zhenxun-bot-k9jvl_fX-py3.10\lib\site-packages\nonebot_plugin_alconna\uniseg\message.py", line 1395, in send
    res = await fn.send_to(target, bot, msg, **kwargs)
                │  │       │       │    │      └ {}
                │  │       │       │    └ [MessageSegment(type='image', data={'file': 'file:///C:/Program%20Files/zhenxun/zhenxun_bot-dev/resources/image/zai/1.jpg', '...
                │  │       │       └ Bot(type='OneBot V11', self_id='3973508735')
                │  │       └ PrivateMessageEvent(time=1727465282, self_id=3973508735, post_type='message', sub_type='friend', user_id=2747277822, message_...
                │  └ <function Onebot11MessageExporter.send_to at 0x0000020AD9EBC820>
                └ <nonebot_plugin_alconna.uniseg.adapters.onebot11.exporter.Onebot11MessageExporter object at 0x0000020AD9E7A7A0>

  File "C:\Users\Administrator\AppData\Local\pypoetry\Cache\virtualenvs\zhenxun-bot-k9jvl_fX-py3.10\lib\site-packages\nonebot_plugin_alconna\uniseg\adapters\onebot11\exporter.py", line 154, in send_to
    return await bot.send(target, message, **kwargs)  # type: ignore
                 │   │    │       │          └ {}
                 │   │    │       └ [MessageSegment(type='image', data={'file': 'file:///C:/Program%20Files/zhenxun/zhenxun_bot-dev/resources/image/zai/1.jpg', '...
                 │   │    └ PrivateMessageEvent(time=1727465282, self_id=3973508735, post_type='message', sub_type='friend', user_id=2747277822, message_...
                 │   └ <function Bot.send at 0x0000020AD7588160>
                 └ Bot(type='OneBot V11', self_id='3973508735')

  File "C:\Users\Administrator\AppData\Local\pypoetry\Cache\virtualenvs\zhenxun-bot-k9jvl_fX-py3.10\lib\site-packages\nonebot\adapters\onebot\v11\bot.py", line 237, in send
    return await self.__class__.send_handler(self, event, message, **kwargs)
                 │    │                      │     │      │          └ {}
                 │    │                      │     │      └ [MessageSegment(type='image', data={'file': 'file:///C:/Program%20Files/zhenxun/zhenxun_bot-dev/resources/image/zai/1.jpg', '...
                 │    │                      │     └ PrivateMessageEvent(time=1727465282, self_id=3973508735, post_type='message', sub_type='friend', user_id=2747277822, message_...
                 │    │                      └ Bot(type='OneBot V11', self_id='3973508735')
                 │    └ <attribute '__class__' of 'object' objects>
                 └ Bot(type='OneBot V11', self_id='3973508735')

  File "C:\Users\Administrator\AppData\Local\pypoetry\Cache\virtualenvs\zhenxun-bot-k9jvl_fX-py3.10\lib\site-packages\nonebot\adapters\onebot\v11\bot.py", line 190, in send
    return await bot.send_msg(**params)
                 │              └ {'user_id': 2747277822, 'message_type': 'private', 'message': [MessageSegment(type='image', data={'file': 'file:///C:/Program...
                 └ Bot(type='OneBot V11', self_id='3973508735')

  File "C:\Users\Administrator\AppData\Local\pypoetry\Cache\virtualenvs\zhenxun-bot-k9jvl_fX-py3.10\lib\site-packages\nonebot\internal\adapter\bot.py", line 122, in call_api
    raise exception
          └ ActionFailed(status='failed', retcode=1200, data=None, message='Error: Timeout: NTEvent serviceAndMethod:NodeIKernelMsgServic...

  File "C:\Users\Administrator\AppData\Local\pypoetry\Cache\virtualenvs\zhenxun-bot-k9jvl_fX-py3.10\lib\site-packages\nonebot\internal\adapter\bot.py", line 97, in call_api
    result = await self.adapter._call_api(self, api, **data)
                   │    │       │         │     │      └ {'user_id': 2747277822, 'message_type': 'private', 'message': [MessageSegment(type='image', data={'file': 'file:///C:/Program...
                   │    │       │         │     └ 'send_msg'
                   │    │       │         └ Bot(type='OneBot V11', self_id='3973508735')
                   │    │       └ <function Adapter._call_api at 0x0000020AD4878820>
                   │    └ Adapter(name='OneBot V11')
                   └ Bot(type='OneBot V11', self_id='3973508735')

  File "C:\Users\Administrator\AppData\Local\pypoetry\Cache\virtualenvs\zhenxun-bot-k9jvl_fX-py3.10\lib\site-packages\nonebot\adapters\onebot\v11\adapter.py", line 147, in _call_api
    return handle_api_result(await self._result_store.fetch(seq, timeout))
           │                       │    │             │     │    └ 30.0
           │                       │    │             │     └ 620
           │                       │    │             └ <function ResultStore.fetch at 0x0000020AD75892D0>
           │                       │    └ <nonebot.adapters.onebot.store.ResultStore object at 0x0000020AD72A85E0>
           │                       └ Adapter(name='OneBot V11')
           └ <function handle_api_result at 0x0000020AD7510280>

  File "C:\Users\Administrator\AppData\Local\pypoetry\Cache\virtualenvs\zhenxun-bot-k9jvl_fX-py3.10\lib\site-packages\nonebot\adapters\onebot\v11\utils.py", line 58, in handle_api_result
    raise ActionFailed(**result)
          │              └ {'status': 'failed', 'retcode': 1200, 'data': None, 'message': 'Error: Timeout: NTEvent serviceAndMethod:NodeIKernelMsgServic...
          └ <class 'nonebot.adapters.onebot.v11.exception.ActionFailed'>

nonebot.adapters.onebot.v11.exception.ActionFailed: ActionFailed(status='failed', retcode=1200, data=None, message='Error: Timeout: NTEvent serviceAndMethod:NodeIKernelMsgService/sendMsg ListenerName:NodeIKernelMsgListener/onMsgInfoListUpdate EventRet:\n{}\n\n    at Timeout.sendDataCallback [as _onTimeout] (file:///C:/Users/Administrator/Documents/LiteloaderQQNT/plugins/NapCat.Framework/napcat.mjs:7666:15)\n    at listOnTimeout (node:internal/timers:573:17)\n    at process.processTimers (node:internal/timers:514:7)', wording='Error: Timeout: NTEvent serviceAndMethod:NodeIKernelMsgService/sendMsg ListenerName:NodeIKernelMsgListener/onMsgInfoListUpdate EventRet:\n{}\n\n    at Timeout.sendDataCallback [as _onTimeout] (file:///C:/Users/Administrator/Documents/LiteloaderQQNT/plugins/NapCat.Framework/napcat.mjs:7666:15)\n    at listOnTimeout (node:internal/timers:573:17)\n    at process.processTimers (node:internal/timers:514:7)', echo='620')
09-28 03:45:35 [INFO] zhenxun | CMD[签到] 清理日常签到图片数据数据完成...
09-28 04:01:00 [WARNING] zhenxun | 当前无UP池或 prts_up_char.json 文件不存在
09-28 04:01:00 [WARNING] zhenxun | 坎公骑冠剑UP更新出错 <class 'IndexError'>：list index out of range
09-28 04:01:00 [WARNING] zhenxun | guardian_up_char 解析出错
09-28 04:01:00 [WARNING] zhenxun | 赛马娘UP更新出错 || 错误<class 'AttributeError'>: 'NoneType' object has no attribute 'find'
09-28 04:01:00 [WARNING] zhenxun | pretty_up_char 解析出错
09-28 04:01:04 [WARNING] zhenxun | 原神 获取额外信息错误 旅行者水
09-28 04:01:07 [WARNING] zhenxun | 原神 获取额外信息错误 旅行者草
09-28 04:01:11 [WARNING] zhenxun | 原神 获取额外信息错误 旅行者雷
09-28 04:01:14 [WARNING] zhenxun | 原神 获取额外信息错误 旅行者风
09-28 04:01:14 [WARNING] zhenxun | 原神 获取额外信息错误 旅行者岩
09-28 04:01:18 [INFO] zhenxun | 原神 更新成功
09-28 04:01:18 [INFO] zhenxun | 原神 武器更新成功
09-28 04:01:19 [INFO] zhenxun | 成功获取原神当前up信息...当前up池: 「影寂天下人」 & 「巡火猎秘」 & 「神铸赋形」
09-28 04:30:04 [INFO] zhenxun | 下载 https://i.pixiv.re/img-original/img/2023/10/27/18/20/27/112890527_p0.png 成功.. Path：C:\Program Files\zhenxun\zhenxun_bot-dev\resources\temp\2.jpg
09-28 04:30:07 [INFO] zhenxun | 下载 https://i.pixiv.re/img-original/img/2023/11/15/21/06/20/113432062_p0.jpg 成功.. Path：C:\Program Files\zhenxun\zhenxun_bot-dev\resources\temp\1.jpg
09-28 04:30:07 [INFO] zhenxun | 不需要压缩，移动图片resources\temp/1.jpg --> /resources\image\_setu/1.jpg
09-28 04:30:07 [ERROR] zhenxun | 更新色图 1.jpg 错误 <class 'FileExistsError'>: [WinError 183] 当文件已存在时，无法创建该文件。: 'resources\\temp\\1.jpg' -> 'resources\\image\\_setu\\1.jpg'
09-28 04:30:10 [INFO] zhenxun | 下载 https://i.pixiv.re/img-original/img/2023/04/18/19/12/19/107296589_p0.jpg 成功.. Path：C:\Program Files\zhenxun\zhenxun_bot-dev\resources\temp\0.jpg
09-28 04:30:10 [INFO] zhenxun | 不需要压缩，移动图片resources\temp/0.jpg --> /resources\image\_setu/0.jpg
09-28 04:30:10 [ERROR] zhenxun | 更新色图 0.jpg 错误 <class 'FileExistsError'>: [WinError 183] 当文件已存在时，无法创建该文件。: 'resources\\temp\\0.jpg' -> 'resources\\image\\_setu\\0.jpg'
09-28 04:30:10 [INFO] zhenxun | CMD[自动更新色图] ("2024-09-28 04:30:10 更新 色图 完成，本地存在 3 张，实际更新 1 张，以下为更新时未知错误：\n更新色图 1.jpg 错误 <class 'FileExistsError'>: [WinError 183] 当文件已存在时，无法创建该文件。: 'resources\\\\temp\\\\1.jpg' -> 'resources\\\\image\\\\_setu\\\\1.jpg'",)
09-28 04:40:00 [INFO] zhenxun | CMD[Chat检测] [Target]([992333365]) 群组两日内未发送任何消息，关闭该群全部被动
09-28 04:45:35 [INFO] zhenxun | CMD[签到] 清理日常签到图片数据数据完成...
09-28 05:45:35 [INFO] zhenxun | CMD[签到] 清理日常签到图片数据数据完成...
09-28 06:01:00 [INFO] zhenxun | group list is [<GroupConsole>, <GroupConsole>]
09-28 06:01:00 [INFO] zhenxun | key is 992333365:None, check_func is <function check at 0x0000020AE0CCCCA0>
09-28 06:01:00 [INFO] zhenxun | is_run value False
09-28 06:01:00 [INFO] zhenxun | key is 546881717:None, check_func is <function check at 0x0000020AE0CCCCA0>
09-28 06:01:00 [INFO] zhenxun | is_run value True
09-28 06:01:00 [INFO] zhenxun | target is Target({'id': '546881717', 'parent_id': '', 'channel': False, 'private': False, 'self_id': None, 'extra': {}, 'scope': None, 'adapter': None, 'platforms': None})
09-28 06:01:00 [INFO] zhenxun | 每日早安发送...
09-28 06:45:35 [INFO] zhenxun | CMD[签到] 清理日常签到图片数据数据完成...
09-28 07:45:35 [INFO] zhenxun | CMD[签到] 清理日常签到图片数据数据完成...
09-28 08:45:35 [INFO] zhenxun | CMD[签到] 清理日常签到图片数据数据完成...
09-28 08:48:50 [SUCCESS] nonebot | OneBot V11 3973508735 | [message.group.normal]: Message 1161415225 from 782877431@[群:546881717] '小叶子，你怎么起的比鸡还早，睡的比狗还晚'
09-28 08:48:50 [INFO] nonebot | Event will be handled by Matcher(type='message', module=zhenxun.plugins.mute.mute_message, lineno=32)
09-28 08:48:50 [INFO] nonebot | Event will be handled by Matcher(type='message', module=zhenxun.builtin_plugins.chat_history.chat_message, lineno=39)
09-28 08:48:50 [INFO] nonebot | Event will be handled by Matcher(type='message', module=zhenxun.plugins.parse_bilibili, lineno=54)
09-28 08:48:50 [INFO] nonebot | Matcher(type='message', module=zhenxun.plugins.parse_bilibili, lineno=54) running complete
09-28 08:48:50 [INFO] nonebot | Matcher(type='message', module=zhenxun.builtin_plugins.chat_history.chat_message, lineno=39) running complete
09-28 08:48:50 [INFO] nonebot | Matcher(type='message', module=zhenxun.plugins.mute.mute_message, lineno=32) running complete
09-28 08:48:50 [INFO] nonebot | Event will be handled by Matcher(type='message', module=zhenxun.plugins.nonebot_plugin_sparkapi.matchers.chat, lineno=39)
09-28 08:48:50 [INFO] zhenxun | 用户[782877431] CMD[ai] 问题：你怎么起的比鸡还早，睡的比狗还晚 ---- 回答：None
09-28 08:48:52 [INFO] nonebot | Matcher(type='message', module=zhenxun.plugins.nonebot_plugin_sparkapi.matchers.chat, lineno=39) running complete
09-28 09:01:00 [INFO] zhenxun | group list is [<GroupConsole>, <GroupConsole>]
09-28 09:01:00 [INFO] zhenxun | key is 992333365:None, check_func is None
09-28 09:01:00 [INFO] zhenxun | is_run value True
09-28 09:01:00 [INFO] zhenxun | target is Target({'id': '992333365', 'parent_id': '', 'channel': False, 'private': False, 'self_id': None, 'extra': {}, 'scope': None, 'adapter': None, 'platforms': None})
09-28 09:01:00 [INFO] zhenxun | key is 546881717:None, check_func is None
09-28 09:01:00 [INFO] zhenxun | is_run value True
09-28 09:01:00 [INFO] zhenxun | target is Target({'id': '546881717', 'parent_id': '', 'channel': False, 'private': False, 'self_id': None, 'extra': {}, 'scope': None, 'adapter': None, 'platforms': None})
09-28 09:01:00 [INFO] zhenxun | 每日摸鱼发送...
09-28 09:01:00 [INFO] zhenxun | 下载 https://api.jun.la/60s.php?format=image 成功.. Path：C:\Program Files\zhenxun\zhenxun_bot-dev\resources\temp\moyu1727485260.jpeg
09-28 09:01:00 [INFO] zhenxun | group list is [<GroupConsole>, <GroupConsole>]
09-28 09:01:00 [INFO] zhenxun | key is 992333365:None, check_func is None
09-28 09:01:00 [INFO] zhenxun | is_run value True
09-28 09:01:00 [INFO] zhenxun | target is Target({'id': '992333365', 'parent_id': '', 'channel': False, 'private': False, 'self_id': None, 'extra': {}, 'scope': None, 'adapter': None, 'platforms': None})
09-28 09:01:01 [INFO] zhenxun | key is 546881717:None, check_func is None
09-28 09:01:01 [INFO] zhenxun | is_run value True
09-28 09:01:01 [INFO] zhenxun | target is Target({'id': '546881717', 'parent_id': '', 'channel': False, 'private': False, 'self_id': None, 'extra': {}, 'scope': None, 'adapter': None, 'platforms': None})
09-28 09:01:02 [INFO] zhenxun | 发送摸鱼 [image]
09-28 09:03:25 [SUCCESS] nonebot | OneBot V11 3973508735 | [message.group.normal]: Message 2129172774 from 782877431@[群:546881717] '跟我说谢谢叶子妹'
09-28 09:03:25 [INFO] nonebot | Event will be handled by Matcher(type='message', module=zhenxun.plugins.mute.mute_message, lineno=32)
09-28 09:03:25 [INFO] nonebot | Event will be handled by Matcher(type='message', module=zhenxun.builtin_plugins.chat_history.chat_message, lineno=39)
09-28 09:03:25 [INFO] nonebot | Event will be handled by Matcher(type='message', module=zhenxun.plugins.parse_bilibili, lineno=54)
09-28 09:03:25 [INFO] nonebot | Matcher(type='message', module=zhenxun.plugins.parse_bilibili, lineno=54) running complete
09-28 09:03:25 [INFO] nonebot | Matcher(type='message', module=zhenxun.builtin_plugins.chat_history.chat_message, lineno=39) running complete
09-28 09:03:25 [INFO] nonebot | Matcher(type='message', module=zhenxun.plugins.mute.mute_message, lineno=32) running complete
09-28 09:03:25 [INFO] nonebot | Event will be handled by Matcher(type='message', module=zhenxun.plugins.fudu, lineno=97)
09-28 09:03:25 [INFO] nonebot | Matcher(type='message', module=zhenxun.plugins.fudu, lineno=97) running complete
09-28 09:06:36 [SUCCESS] nonebot | OneBot V11 3973508735 | [message.group.normal]: Message 15369085 from 1095712946@[群:546881717] '跟我说谢谢叶子妹'
09-28 09:06:36 [INFO] nonebot | Event will be handled by Matcher(type='message', module=zhenxun.plugins.mute.mute_message, lineno=32)
09-28 09:06:36 [INFO] nonebot | Event will be handled by Matcher(type='message', module=zhenxun.builtin_plugins.chat_history.chat_message, lineno=39)
09-28 09:06:36 [INFO] nonebot | Event will be handled by Matcher(type='message', module=zhenxun.plugins.parse_bilibili, lineno=54)
09-28 09:06:36 [INFO] nonebot | Matcher(type='message', module=zhenxun.builtin_plugins.chat_history.chat_message, lineno=39) running complete
09-28 09:06:36 [INFO] nonebot | Matcher(type='message', module=zhenxun.plugins.mute.mute_message, lineno=32) running complete
09-28 09:06:36 [INFO] nonebot | Matcher(type='message', module=zhenxun.plugins.parse_bilibili, lineno=54) running complete
09-28 09:06:36 [INFO] nonebot | Event will be handled by Matcher(type='message', module=zhenxun.plugins.fudu, lineno=97)
09-28 09:06:36 [INFO] nonebot | Matcher(type='message', module=zhenxun.plugins.fudu, lineno=97) running complete
09-28 09:16:09 [SUCCESS] nonebot | OneBot V11 3973508735 | [message.group.normal]: Message 929906412 from 1046393368@[群:546881717] '昨天27度  今天17度'
09-28 09:16:09 [INFO] nonebot | Event will be handled by Matcher(type='message', module=zhenxun.plugins.mute.mute_message, lineno=32)
09-28 09:16:09 [INFO] nonebot | Event will be handled by Matcher(type='message', module=zhenxun.builtin_plugins.chat_history.chat_message, lineno=39)
09-28 09:16:09 [INFO] nonebot | Event will be handled by Matcher(type='message', module=zhenxun.plugins.parse_bilibili, lineno=54)
09-28 09:16:09 [INFO] nonebot | Matcher(type='message', module=zhenxun.plugins.parse_bilibili, lineno=54) running complete
09-28 09:16:09 [INFO] nonebot | Matcher(type='message', module=zhenxun.builtin_plugins.chat_history.chat_message, lineno=39) running complete
09-28 09:16:09 [INFO] nonebot | Matcher(type='message', module=zhenxun.plugins.mute.mute_message, lineno=32) running complete
09-28 09:16:09 [INFO] nonebot | Event will be handled by Matcher(type='message', module=zhenxun.plugins.fudu, lineno=97)
09-28 09:16:09 [INFO] nonebot | Matcher(type='message', module=zhenxun.plugins.fudu, lineno=97) running complete
09-28 09:16:13 [SUCCESS] nonebot | OneBot V11 3973508735 | [message.group.normal]: Message 1388499061 from 1046393368@[群:546881717] '够离谱的'
09-28 09:16:13 [INFO] nonebot | Event will be handled by Matcher(type='message', module=zhenxun.plugins.mute.mute_message, lineno=32)
09-28 09:16:13 [INFO] nonebot | Event will be handled by Matcher(type='message', module=zhenxun.builtin_plugins.chat_history.chat_message, lineno=39)
09-28 09:16:13 [INFO] nonebot | Matcher(type='message', module=zhenxun.builtin_plugins.chat_history.chat_message, lineno=39) running complete
09-28 09:16:13 [INFO] nonebot | Event will be handled by Matcher(type='message', module=zhenxun.plugins.parse_bilibili, lineno=54)
09-28 09:16:13 [INFO] nonebot | Matcher(type='message', module=zhenxun.plugins.mute.mute_message, lineno=32) running complete
09-28 09:16:13 [INFO] nonebot | Matcher(type='message', module=zhenxun.plugins.parse_bilibili, lineno=54) running complete
09-28 09:16:13 [INFO] nonebot | Event will be handled by Matcher(type='message', module=zhenxun.plugins.fudu, lineno=97)
09-28 09:16:13 [INFO] nonebot | Matcher(type='message', module=zhenxun.plugins.fudu, lineno=97) running complete
09-28 09:40:11 [SUCCESS] nonebot | OneBot V11 3973508735 | [message.group.normal]: Message 857706679 from 457891411@[群:546881717] '真有这么离谱吗'
09-28 09:40:11 [INFO] nonebot | Event will be handled by Matcher(type='message', module=zhenxun.plugins.mute.mute_message, lineno=32)
09-28 09:40:11 [INFO] nonebot | Event will be handled by Matcher(type='message', module=zhenxun.builtin_plugins.chat_history.chat_message, lineno=39)
09-28 09:40:11 [INFO] nonebot | Event will be handled by Matcher(type='message', module=zhenxun.plugins.parse_bilibili, lineno=54)
09-28 09:40:11 [INFO] nonebot | Matcher(type='message', module=zhenxun.plugins.parse_bilibili, lineno=54) running complete
09-28 09:40:11 [INFO] nonebot | Matcher(type='message', module=zhenxun.builtin_plugins.chat_history.chat_message, lineno=39) running complete
09-28 09:40:11 [INFO] nonebot | Matcher(type='message', module=zhenxun.plugins.mute.mute_message, lineno=32) running complete
09-28 09:40:12 [INFO] nonebot | Event will be handled by Matcher(type='message', module=zhenxun.plugins.fudu, lineno=97)
09-28 09:40:12 [INFO] nonebot | Matcher(type='message', module=zhenxun.plugins.fudu, lineno=97) running complete
09-28 09:45:35 [INFO] zhenxun | CMD[签到] 清理日常签到图片数据数据完成...
09-28 10:13:44 [SUCCESS] nonebot | OneBot V11 3973508735 | [message.group.normal]: Message 2099023825 from 457891411@[群:546881717] '[face:id=419]'
09-28 10:13:44 [INFO] nonebot | Event will be handled by Matcher(type='message', module=zhenxun.plugins.mute.mute_message, lineno=32)
09-28 10:13:44 [INFO] nonebot | Event will be handled by Matcher(type='message', module=zhenxun.builtin_plugins.chat_history.chat_message, lineno=39)
09-28 10:13:44 [INFO] nonebot | Event will be handled by Matcher(type='message', module=zhenxun.plugins.parse_bilibili, lineno=54)
09-28 10:13:44 [INFO] nonebot | Matcher(type='message', module=zhenxun.plugins.parse_bilibili, lineno=54) running complete
09-28 10:13:44 [INFO] nonebot | Matcher(type='message', module=zhenxun.builtin_plugins.chat_history.chat_message, lineno=39) running complete
09-28 10:13:44 [INFO] nonebot | Matcher(type='message', module=zhenxun.plugins.mute.mute_message, lineno=32) running complete
09-28 10:13:44 [INFO] nonebot | Event will be handled by Matcher(type='message', module=zhenxun.plugins.fudu, lineno=97)
09-28 10:13:44 [INFO] nonebot | Matcher(type='message', module=zhenxun.plugins.fudu, lineno=97) running complete
09-28 10:45:35 [INFO] zhenxun | CMD[签到] 清理日常签到图片数据数据完成...
09-28 11:45:35 [INFO] zhenxun | CMD[签到] 清理日常签到图片数据数据完成...
09-28 12:02:51 [SUCCESS] nonebot | OneBot V11 3973508735 | [message.private.friend]: Message 1911815577 from 843298567 'epic免费游戏'
09-28 12:02:51 [INFO] nonebot | Event will be handled by Matcher(type='message', module=zhenxun.plugins.mute.mute_message, lineno=32)
09-28 12:02:51 [INFO] nonebot | Event will be handled by Matcher(type='message', module=zhenxun.builtin_plugins.chat_history.chat_message, lineno=39)
09-28 12:02:51 [INFO] nonebot | Event will be handled by Matcher(type='message', module=zhenxun.plugins.parse_bilibili, lineno=54)
09-28 12:02:51 [INFO] nonebot | Matcher(type='message', module=zhenxun.plugins.parse_bilibili, lineno=54) running complete
09-28 12:02:51 [INFO] nonebot | Matcher(type='message', module=zhenxun.plugins.mute.mute_message, lineno=32) running complete
09-28 12:02:51 [INFO] nonebot | Matcher(type='message', module=zhenxun.builtin_plugins.chat_history.chat_message, lineno=39) running complete
09-28 12:02:51 [INFO] nonebot | Event will be handled by Matcher(type='message', module=zhenxun.plugins.nonebot_plugin_sparkapi.matchers.chat, lineno=39)
09-28 12:02:51 [INFO] zhenxun | 用户[843298567] CMD[ai] 问题：epic免费游戏 ---- 回答：None
09-28 12:02:57 [INFO] nonebot | Matcher(type='message', module=zhenxun.plugins.nonebot_plugin_sparkapi.matchers.chat, lineno=39) running complete
09-28 12:03:09 [SUCCESS] nonebot | OneBot V11 3973508735 | [message.private.friend]: Message 460130073 from 843298567 'epic'
09-28 12:03:09 [INFO] nonebot | Event will be handled by Matcher(type='message', module=zhenxun.plugins.mute.mute_message, lineno=32)
09-28 12:03:10 [INFO] nonebot | Event will be handled by Matcher(type='message', module=zhenxun.builtin_plugins.chat_history.chat_message, lineno=39)
09-28 12:03:10 [INFO] nonebot | Event will be handled by Matcher(type='message', module=zhenxun.plugins.parse_bilibili, lineno=54)
09-28 12:03:10 [INFO] nonebot | Matcher(type='message', module=zhenxun.plugins.mute.mute_message, lineno=32) running complete
09-28 12:03:10 [INFO] nonebot | Matcher(type='message', module=zhenxun.builtin_plugins.chat_history.chat_message, lineno=39) running complete
09-28 12:03:10 [INFO] nonebot | Matcher(type='message', module=zhenxun.plugins.parse_bilibili, lineno=54) running complete
09-28 12:03:10 [INFO] nonebot | Event will be handled by AlconnaMatcher(type='', module=zhenxun.plugins.epic, lineno=26)
09-28 12:03:12 [INFO] nonebot | AlconnaMatcher(type='', module=zhenxun.plugins.epic, lineno=26) running complete
09-28 12:03:12 [ERROR] nonebot | Running AlconnaMatcher(type='', module=zhenxun.plugins.epic, lineno=26) failed.
Traceback (most recent call last):

  File "C:\Program Files\zhenxun\zhenxun_bot-dev\bot.py", line 27, in <module>
    nonebot.run()
    │       └ <function run at 0x0000020AD7005510>
    └ <module 'nonebot' from 'C:\\Users\\Administrator\\AppData\\Local\\pypoetry\\Cache\\virtualenvs\\zhenxun-bot-k9jvl_fX-py3.10\\...

  File "C:\Users\Administrator\AppData\Local\pypoetry\Cache\virtualenvs\zhenxun-bot-k9jvl_fX-py3.10\lib\site-packages\nonebot\__init__.py", line 335, in run
    get_driver().run(*args, **kwargs)
    │                 │       └ {}
    │                 └ ()
    └ <function get_driver at 0x0000020AD7005360>

  File "C:\Users\Administrator\AppData\Local\pypoetry\Cache\virtualenvs\zhenxun-bot-k9jvl_fX-py3.10\lib\site-packages\nonebot\drivers\fastapi.py", line 186, in run
    uvicorn.run(
    │       └ <function run at 0x0000020AD77DED40>
    └ <module 'uvicorn' from 'C:\\Users\\Administrator\\AppData\\Local\\pypoetry\\Cache\\virtualenvs\\zhenxun-bot-k9jvl_fX-py3.10\\...

  File "C:\Users\Administrator\AppData\Local\pypoetry\Cache\virtualenvs\zhenxun-bot-k9jvl_fX-py3.10\lib\site-packages\uvicorn\main.py", line 577, in run
    server.run()
    │      └ <function Server.run at 0x0000020AD77DE680>
    └ <uvicorn.server.Server object at 0x0000020AE7A31D80>

  File "C:\Users\Administrator\AppData\Local\pypoetry\Cache\virtualenvs\zhenxun-bot-k9jvl_fX-py3.10\lib\site-packages\uvicorn\server.py", line 65, in run
    return asyncio.run(self.serve(sockets=sockets))
           │       │   │    │             └ None
           │       │   │    └ <function Server.serve at 0x0000020AD77DE710>
           │       │   └ <uvicorn.server.Server object at 0x0000020AE7A31D80>
           │       └ <function run at 0x0000020AD4CFCE50>
           └ <module 'asyncio' from 'C:\\Users\\Administrator\\AppData\\Local\\Programs\\Python\\Python310\\lib\\asyncio\\__init__.py'>

  File "C:\Users\Administrator\AppData\Local\Programs\Python\Python310\lib\asyncio\runners.py", line 44, in run
    return loop.run_until_complete(main)
           │    │                  └ <coroutine object Server.serve at 0x0000020AD9B017E0>
           │    └ <function BaseEventLoop.run_until_complete at 0x0000020AD4E00280>
           └ <ProactorEventLoop running=True closed=False debug=False>

  File "C:\Users\Administrator\AppData\Local\Programs\Python\Python310\lib\asyncio\base_events.py", line 636, in run_until_complete
    self.run_forever()
    │    └ <function ProactorEventLoop.run_forever at 0x0000020AD6A3D510>
    └ <ProactorEventLoop running=True closed=False debug=False>

  File "C:\Users\Administrator\AppData\Local\Programs\Python\Python310\lib\asyncio\windows_events.py", line 321, in run_forever
    super().run_forever()

  File "C:\Users\Administrator\AppData\Local\Programs\Python\Python310\lib\asyncio\base_events.py", line 603, in run_forever
    self._run_once()
    │    └ <function BaseEventLoop._run_once at 0x0000020AD4E01CF0>
    └ <ProactorEventLoop running=True closed=False debug=False>

  File "C:\Users\Administrator\AppData\Local\Programs\Python\Python310\lib\asyncio\base_events.py", line 1909, in _run_once
    handle._run()
    │      └ <function Handle._run at 0x0000020AD4DB09D0>
    └ <Handle Task.task_wakeup(<Future finished result=None>)>

  File "C:\Users\Administrator\AppData\Local\Programs\Python\Python310\lib\asyncio\events.py", line 80, in _run
    self._context.run(self._callback, *self._args)
    │    │            │    │           │    └ <member '_args' of 'Handle' objects>
    │    │            │    │           └ <Handle Task.task_wakeup(<Future finished result=None>)>
    │    │            │    └ <member '_callback' of 'Handle' objects>
    │    │            └ <Handle Task.task_wakeup(<Future finished result=None>)>
    │    └ <member '_context' of 'Handle' objects>
    └ <Handle Task.task_wakeup(<Future finished result=None>)>

  File "C:\Users\Administrator\AppData\Local\pypoetry\Cache\virtualenvs\zhenxun-bot-k9jvl_fX-py3.10\lib\site-packages\nonebot\message.py", line 476, in check_and_run_matcher
    await _run_matcher(
          └ <function _run_matcher at 0x0000020AD71609D0>

> File "C:\Users\Administrator\AppData\Local\pypoetry\Cache\virtualenvs\zhenxun-bot-k9jvl_fX-py3.10\lib\site-packages\nonebot\message.py", line 428, in _run_matcher
    await matcher.run(bot, event, state, stack, dependency_cache)
          │       │   │    │      │      │      └ {<function _event_to_me at 0x0000020AD7059CF0>: <Task finished name='Task-3907181' coro=<_event_to_me() done, defined at C:\U...
          │       │   │    │      │      └ <contextlib.AsyncExitStack object at 0x0000020AE92FF070>
          │       │   │    │      └ {'_prefix': {'command': None, 'raw_command': None, 'command_arg': None, 'command_start': None, 'command_whitespace': None}, '...
          │       │   │    └ PrivateMessageEvent(time=1727496189, self_id=3973508735, post_type='message', sub_type='friend', user_id=843298567, message_t...
          │       │   └ Bot(type='OneBot V11', self_id='3973508735')
          │       └ <function Matcher.run at 0x0000020AD7059B40>
          └ AlconnaMatcher(type='', module=zhenxun.plugins.epic, lineno=26)

  File "C:\Users\Administrator\AppData\Local\pypoetry\Cache\virtualenvs\zhenxun-bot-k9jvl_fX-py3.10\lib\site-packages\nonebot\internal\matcher\matcher.py", line 850, in run
    await self.simple_run(bot, event, state, stack, dependency_cache)
          │    │          │    │      │      │      └ {<function _event_to_me at 0x0000020AD7059CF0>: <Task finished name='Task-3907181' coro=<_event_to_me() done, defined at C:\U...
          │    │          │    │      │      └ <contextlib.AsyncExitStack object at 0x0000020AE92FF070>
          │    │          │    │      └ {'_prefix': {'command': None, 'raw_command': None, 'command_arg': None, 'command_start': None, 'command_whitespace': None}, '...
          │    │          │    └ PrivateMessageEvent(time=1727496189, self_id=3973508735, post_type='message', sub_type='friend', user_id=843298567, message_t...
          │    │          └ Bot(type='OneBot V11', self_id='3973508735')
          │    └ <function Matcher.simple_run at 0x0000020AD7059AB0>
          └ AlconnaMatcher(type='', module=zhenxun.plugins.epic, lineno=26)

  File "C:\Users\Administrator\AppData\Local\pypoetry\Cache\virtualenvs\zhenxun-bot-k9jvl_fX-py3.10\lib\site-packages\nonebot\internal\matcher\matcher.py", line 825, in simple_run
    await handler(
          └ Dependent(call=_)

  File "C:\Users\Administrator\AppData\Local\pypoetry\Cache\virtualenvs\zhenxun-bot-k9jvl_fX-py3.10\lib\site-packages\nonebot\dependencies\__init__.py", line 94, in __call__
    return await cast(Callable[..., Awaitable[R]], self.call)(**values)
                 │    │             │         │    │    │       └ {'bot': Bot(type='OneBot V11', self_id='3973508735'), 'session': Session(bot_id='3973508735', bot_type='OneBot V11', platform...
                 │    │             │         │    │    └ <function _ at 0x0000020AE17DC160>
                 │    │             │         │    └ Dependent(call=_)
                 │    │             │         └ ~R
                 │    │             └ <class 'collections.abc.Awaitable'>
                 │    └ typing.Callable
                 └ <function cast at 0x0000020AD4B904C0>

  File "C:\Program Files\zhenxun\zhenxun_bot-dev\zhenxun\plugins\epic\__init__.py", line 37, in _
    await bot.send_group_forward_msg(group_id=gid, messages=msg_list)
          │                                   │             └ [Image(id=None, url='https://cdn1.epicgames.com/spt-assets/836b235a73124dff93ad3f6ec12dbaeb/the-spirit-and-the-mouse-offer-ld...
          │                                   └ None
          └ Bot(type='OneBot V11', self_id='3973508735')

  File "C:\Users\Administrator\AppData\Local\pypoetry\Cache\virtualenvs\zhenxun-bot-k9jvl_fX-py3.10\lib\site-packages\nonebot\internal\adapter\bot.py", line 122, in call_api
    raise exception
          └ ActionFailed(status='failed', retcode=1200, data=None, message='Error: 请指定 group_id 或 user_id\n    at createContext (file:///...

  File "C:\Users\Administrator\AppData\Local\pypoetry\Cache\virtualenvs\zhenxun-bot-k9jvl_fX-py3.10\lib\site-packages\nonebot\internal\adapter\bot.py", line 97, in call_api
    result = await self.adapter._call_api(self, api, **data)
                   │    │       │         │     │      └ {'group_id': None, 'messages': [Image(id=None, url='https://cdn1.epicgames.com/spt-assets/836b235a73124dff93ad3f6ec12dbaeb/th...
                   │    │       │         │     └ 'send_group_forward_msg'
                   │    │       │         └ Bot(type='OneBot V11', self_id='3973508735')
                   │    │       └ <function Adapter._call_api at 0x0000020AD4878820>
                   │    └ Adapter(name='OneBot V11')
                   └ Bot(type='OneBot V11', self_id='3973508735')

  File "C:\Users\Administrator\AppData\Local\pypoetry\Cache\virtualenvs\zhenxun-bot-k9jvl_fX-py3.10\lib\site-packages\nonebot\adapters\onebot\v11\adapter.py", line 147, in _call_api
    return handle_api_result(await self._result_store.fetch(seq, timeout))
           │                       │    │             │     │    └ 30.0
           │                       │    │             │     └ 943
           │                       │    │             └ <function ResultStore.fetch at 0x0000020AD75892D0>
           │                       │    └ <nonebot.adapters.onebot.store.ResultStore object at 0x0000020AD72A85E0>
           │                       └ Adapter(name='OneBot V11')
           └ <function handle_api_result at 0x0000020AD7510280>

  File "C:\Users\Administrator\AppData\Local\pypoetry\Cache\virtualenvs\zhenxun-bot-k9jvl_fX-py3.10\lib\site-packages\nonebot\adapters\onebot\v11\utils.py", line 58, in handle_api_result
    raise ActionFailed(**result)
          │              └ {'status': 'failed', 'retcode': 1200, 'data': None, 'message': 'Error: 请指定 group_id 或 user_id\n    at createContext (file:///...
          └ <class 'nonebot.adapters.onebot.v11.exception.ActionFailed'>

nonebot.adapters.onebot.v11.exception.ActionFailed: ActionFailed(status='failed', retcode=1200, data=None, message='Error: 请指定 group_id 或 user_id\n    at createContext (file:///C:/Users/Administrator/Documents/LiteloaderQQNT/plugins/NapCat.Framework/napcat.mjs:33340:9)\n    at GoCQHTTPSendGroupForwardMsg._handle (file:///C:/Users/Administrator/Documents/LiteloaderQQNT/plugins/NapCat.Framework/napcat.mjs:33365:24)\n    at GoCQHTTPSendGroupForwardMsg.websocketHandle (file:///C:/Users/Administrator/Documents/LiteloaderQQNT/plugins/NapCat.Framework/napcat.mjs:33283:34)\n    at process.processTicksAndRejections (node:internal/process/task_queues:95:5)\n    at async OB11ActiveWebSocketAdapter.handleMessage (file:///C:/Users/Administrator/Documents/LiteloaderQQNT/plugins/NapCat.Framework/napcat.mjs:9469:21)', wording='Error: 请指定 group_id 或 user_id\n    at createContext (file:///C:/Users/Administrator/Documents/LiteloaderQQNT/plugins/NapCat.Framework/napcat.mjs:33340:9)\n    at GoCQHTTPSendGroupForwardMsg._handle (file:///C:/Users/Administrator/Documents/LiteloaderQQNT/plugins/NapCat.Framework/napcat.mjs:33365:24)\n    at GoCQHTTPSendGroupForwardMsg.websocketHandle (file:///C:/Users/Administrator/Documents/LiteloaderQQNT/plugins/NapCat.Framework/napcat.mjs:33283:34)\n    at process.processTicksAndRejections (node:internal/process/task_queues:95:5)\n    at async OB11ActiveWebSocketAdapter.handleMessage (file:///C:/Users/Administrator/Documents/LiteloaderQQNT/plugins/NapCat.Framework/napcat.mjs:9469:21)', echo='943')
09-28 12:03:40 [SUCCESS] nonebot | OneBot V11 3973508735 | [message.private.friend]: Message 1639618100 from 843298567 '帮助epic'
09-28 12:03:40 [INFO] nonebot | Event will be handled by Matcher(type='message', module=zhenxun.plugins.mute.mute_message, lineno=32)
09-28 12:03:40 [INFO] nonebot | Event will be handled by AlconnaMatcher(type='', module=zhenxun.builtin_plugins.help, lineno=44)
09-28 12:03:40 [INFO] nonebot | Event will be handled by Matcher(type='message', module=zhenxun.builtin_plugins.chat_history.chat_message, lineno=39)
09-28 12:03:40 [INFO] nonebot | Event will be handled by Matcher(type='message', module=zhenxun.plugins.parse_bilibili, lineno=54)
09-28 12:03:40 [INFO] nonebot | Matcher(type='message', module=zhenxun.plugins.mute.mute_message, lineno=32) running complete
09-28 12:03:40 [INFO] nonebot | Matcher(type='message', module=zhenxun.plugins.parse_bilibili, lineno=54) running complete
09-28 12:03:40 [INFO] nonebot | Matcher(type='message', module=zhenxun.builtin_plugins.chat_history.chat_message, lineno=39) running complete
09-28 12:03:41 [INFO] zhenxun | Adapter[OneBot V11] 平台[qq] 用户[843298567] CMD[帮助] 查看帮助详情: epic
09-28 12:03:41 [INFO] nonebot | AlconnaMatcher(type='', module=zhenxun.builtin_plugins.help, lineno=44) running complete
09-28 12:03:57 [SUCCESS] nonebot | OneBot V11 3973508735 | [message.private.friend]: Message 1376965939 from 843298567 '功能列表'
09-28 12:03:57 [INFO] nonebot | Event will be handled by Matcher(type='message', module=zhenxun.plugins.mute.mute_message, lineno=32)
09-28 12:03:57 [INFO] nonebot | Event will be handled by Matcher(type='message', module=zhenxun.builtin_plugins.chat_history.chat_message, lineno=39)
09-28 12:03:57 [INFO] nonebot | Event will be handled by Matcher(type='message', module=zhenxun.plugins.parse_bilibili, lineno=54)
09-28 12:03:57 [INFO] nonebot | Matcher(type='message', module=zhenxun.plugins.mute.mute_message, lineno=32) running complete
09-28 12:03:57 [INFO] nonebot | Matcher(type='message', module=zhenxun.builtin_plugins.chat_history.chat_message, lineno=39) running complete
09-28 12:03:57 [INFO] nonebot | Matcher(type='message', module=zhenxun.plugins.parse_bilibili, lineno=54) running complete
09-28 12:03:57 [INFO] nonebot | Event will be handled by Matcher(type='message', module=zhenxun.plugins.nonebot_plugin_sparkapi.matchers.chat, lineno=39)
09-28 12:03:57 [INFO] zhenxun | current key is 功能 the text is 功能列表
09-28 12:03:57 [INFO] zhenxun | 用户[843298567] CMD[ai] 问题：功能列表 ---- 回答：群内发送功能请@我
09-28 12:03:57 [INFO] nonebot | Matcher(type='message', module=zhenxun.plugins.nonebot_plugin_sparkapi.matchers.chat, lineno=39) running complete
09-28 12:04:16 [SUCCESS] nonebot | OneBot V11 3973508735 | [message.private.friend]: Message 1217282595 from 843298567 '帮助'
09-28 12:04:16 [INFO] nonebot | Event will be handled by Matcher(type='message', module=zhenxun.plugins.mute.mute_message, lineno=32)
09-28 12:04:16 [INFO] nonebot | Event will be handled by AlconnaMatcher(type='', module=zhenxun.builtin_plugins.help, lineno=44)
09-28 12:04:16 [INFO] nonebot | Event will be handled by Matcher(type='message', module=zhenxun.builtin_plugins.chat_history.chat_message, lineno=39)
09-28 12:04:16 [INFO] nonebot | Event will be handled by Matcher(type='message', module=zhenxun.plugins.parse_bilibili, lineno=54)
09-28 12:04:16 [INFO] nonebot | Matcher(type='message', module=zhenxun.plugins.mute.mute_message, lineno=32) running complete
09-28 12:04:16 [INFO] nonebot | Matcher(type='message', module=zhenxun.builtin_plugins.chat_history.chat_message, lineno=39) running complete
09-28 12:04:16 [INFO] nonebot | Matcher(type='message', module=zhenxun.plugins.parse_bilibili, lineno=54) running complete
09-28 12:04:21 [INFO] nonebot | AlconnaMatcher(type='', module=zhenxun.builtin_plugins.help, lineno=44) running complete
09-28 12:04:59 [SUCCESS] nonebot | OneBot V11 3973508735 | [message.private.friend]: Message 627956091 from 843298567 '帮助60'
09-28 12:04:59 [INFO] nonebot | Event will be handled by Matcher(type='message', module=zhenxun.plugins.mute.mute_message, lineno=32)
09-28 12:04:59 [INFO] nonebot | Event will be handled by AlconnaMatcher(type='', module=zhenxun.builtin_plugins.help, lineno=44)
09-28 12:04:59 [INFO] nonebot | Event will be handled by Matcher(type='message', module=zhenxun.builtin_plugins.chat_history.chat_message, lineno=39)
09-28 12:04:59 [INFO] nonebot | Event will be handled by Matcher(type='message', module=zhenxun.plugins.parse_bilibili, lineno=54)
09-28 12:04:59 [INFO] nonebot | Matcher(type='message', module=zhenxun.plugins.mute.mute_message, lineno=32) running complete
09-28 12:04:59 [INFO] nonebot | Matcher(type='message', module=zhenxun.builtin_plugins.chat_history.chat_message, lineno=39) running complete
09-28 12:04:59 [INFO] nonebot | Matcher(type='message', module=zhenxun.plugins.parse_bilibili, lineno=54) running complete
09-28 12:05:00 [INFO] zhenxun | Adapter[OneBot V11] 平台[qq] 用户[843298567] CMD[帮助] 查看帮助详情: 60
09-28 12:05:00 [INFO] nonebot | AlconnaMatcher(type='', module=zhenxun.builtin_plugins.help, lineno=44) running complete
09-28 12:45:35 [INFO] zhenxun | CMD[签到] 清理日常签到图片数据数据完成...
09-28 13:45:35 [INFO] zhenxun | CMD[签到] 清理日常签到图片数据数据完成...
09-28 13:50:33 [SUCCESS] nonebot | OneBot V11 3973508735 | [message.group.normal]: Message 1878244285 from 843298567@[群:992333365] '[at:qq=3973508735] epic'
09-28 13:50:45 [INFO] nonebot | Event will be handled by Matcher(type='message', module=zhenxun.plugins.mute.mute_message, lineno=32)
09-28 13:50:45 [WARNING] apscheduler | Run time of job "_ (trigger: interval[0:05:00], next run at: 2024-09-28 13:55:35 CST)" was missed by 0:00:09.948469
09-28 13:50:45 [WARNING] apscheduler | Run time of job "_ (trigger: interval[0:01:00], next run at: 2024-09-28 13:51:35 CST)" was missed by 0:00:09.897788
09-28 13:50:45 [WARNING] apscheduler | Run time of job "_ (trigger: interval[0:05:00], next run at: 2024-09-28 13:55:35 CST)" was missed by 0:00:09.709276
09-28 13:50:45 [WARNING] apscheduler | Run time of job "_ (trigger: interval[0:00:30], next run at: 2024-09-28 13:51:07 CST)" was missed by 0:00:07.721778
09-28 13:50:45 [WARNING] apscheduler | Run time of job "_ (trigger: interval[0:01:00], next run at: 2024-09-28 13:51:37 CST)" was missed by 0:00:07.666781
09-28 13:50:45 [INFO] nonebot | Event will be handled by Matcher(type='message', module=zhenxun.builtin_plugins.chat_history.chat_message, lineno=39)
09-28 13:50:45 [INFO] nonebot | Matcher(type='message', module=zhenxun.builtin_plugins.chat_history.chat_message, lineno=39) running complete
09-28 13:50:45 [INFO] nonebot | Matcher(type='message', module=zhenxun.plugins.mute.mute_message, lineno=32) running complete
09-28 13:50:45 [INFO] nonebot | Event will be handled by AlconnaMatcher(type='', module=zhenxun.plugins.epic, lineno=26)
09-28 13:50:48 [ERROR] zhenxun | Epic 访问接口错误 || 错误 <class 'KeyError'>: 'pages'
09-28 13:50:53 [INFO] zhenxun | Adapter[OneBot V11] 平台[qq] 群聊[992333365] 用户[843298567] CMD[epic] 获取epic免费游戏
09-28 13:50:53 [INFO] nonebot | AlconnaMatcher(type='', module=zhenxun.plugins.epic, lineno=26) running complete
09-28 14:21:37 [INFO] uvicorn | Shutting down
09-28 14:21:37 [WARNING] nonebot | OneBot V11 | WebSocket for Bot 3973508735 closed by peer
09-28 14:21:37 [INFO] websockets | connection closed
09-28 14:21:37 [INFO] uvicorn | Waiting for application shutdown.
09-28 14:21:37 [INFO] nonebot_plugin_apscheduler | Scheduler Shutdown
09-28 14:21:37 [INFO] nonebot_plugin_htmlrender | Browser Stopped.
09-28 14:21:37 [INFO] uvicorn | Application shutdown complete.
09-28 14:21:37 [INFO] uvicorn | Finished server process [9160]
