10-05 00:02:53 [INFO] zhenxun | CMD[签到] 清理日常签到图片数据数据完成...
10-05 00:04:56 [SUCCESS] nonebot | OneBot V11 3973508735 | [message.group.normal]: Message 1999895422 from 782877431@[群:546881717] '[image:file=000000904e61704361744f6e65426f747c4d736746696c657c327c3534363838313...,sub_type=0,file_id=000000904e61704361744f6e65426f747c4d736746696c657c327c3534363838313...,url=https://gchat.qpic.cn/gchatpic_new/782877431/546881717-2349423516-F...,file_size=298855,file_unique={FAFAA1F4-1461-B798-0E32-2DA75C2E7886}.png]'
10-05 00:04:56 [INFO] nonebot | Event will be handled by Matcher(type='message', module=zhenxun.plugins.mute.mute_message, lineno=32)
10-05 00:04:56 [INFO] nonebot | Event will be handled by Matcher(type='message', module=zhenxun.builtin_plugins.chat_history.chat_message, lineno=39)
10-05 00:04:56 [INFO] nonebot | Event will be handled by Matcher(type='message', module=zhenxun.plugins.parse_bilibili, lineno=54)
10-05 00:04:56 [INFO] nonebot | Matcher(type='message', module=zhenxun.plugins.parse_bilibili, lineno=54) running complete
10-05 00:04:56 [INFO] nonebot | Matcher(type='message', module=zhenxun.builtin_plugins.chat_history.chat_message, lineno=39) running complete
10-05 00:04:57 [INFO] zhenxun | 下载 https://gchat.qpic.cn/gchatpic_new/782877431/546881717-2349423516-FAFAA1F41461B7980E322DA75C2E7886/0?term=255&is_origin=0 成功.. Path：C:\Program Files\zhenxun\zhenxun_bot-dev\resources\temp\compare_download__mute__img.jpg
10-05 00:04:57 [INFO] nonebot | Matcher(type='message', module=zhenxun.plugins.mute.mute_message, lineno=32) running complete
10-05 00:04:57 [INFO] nonebot | Event will be handled by Matcher(type='message', module=zhenxun.plugins.fudu, lineno=97)
10-05 00:04:58 [INFO] zhenxun | 下载 https://gchat.qpic.cn/gchatpic_new/782877431/546881717-2349423516-FAFAA1F41461B7980E322DA75C2E7886/0?term=255&is_origin=0 成功.. Path：C:\Program Files\zhenxun\zhenxun_bot-dev\resources\temp\compare_download_546881717_img.jpg
10-05 00:04:58 [INFO] nonebot | Matcher(type='message', module=zhenxun.plugins.fudu, lineno=97) running complete
10-05 00:05:00 [SUCCESS] nonebot | OneBot V11 3973508735 | [message.group.normal]: Message 88417741 from 782877431@[群:546881717] '勇闯幽影地！'
10-05 00:05:00 [INFO] nonebot | Event will be handled by Matcher(type='message', module=zhenxun.plugins.mute.mute_message, lineno=32)
10-05 00:05:00 [INFO] nonebot | Event will be handled by Matcher(type='message', module=zhenxun.builtin_plugins.chat_history.chat_message, lineno=39)
10-05 00:05:01 [INFO] nonebot | Event will be handled by Matcher(type='message', module=zhenxun.plugins.parse_bilibili, lineno=54)
10-05 00:05:01 [INFO] nonebot | Matcher(type='message', module=zhenxun.builtin_plugins.chat_history.chat_message, lineno=39) running complete
10-05 00:05:01 [INFO] nonebot | Matcher(type='message', module=zhenxun.plugins.mute.mute_message, lineno=32) running complete
10-05 00:05:01 [INFO] nonebot | Matcher(type='message', module=zhenxun.plugins.parse_bilibili, lineno=54) running complete
10-05 00:05:01 [INFO] nonebot | Event will be handled by Matcher(type='message', module=zhenxun.plugins.fudu, lineno=97)
10-05 00:05:01 [INFO] nonebot | Matcher(type='message', module=zhenxun.plugins.fudu, lineno=97) running complete
10-05 00:10:28 [SUCCESS] nonebot | OneBot V11 3973508735 | [message.group.normal]: Message 1485111546 from 499736955@[群:546881717] '[image:file=000000904e61704361744f6e65426f747c4d736746696c657c327c3534363838313...,sub_type=1,file_id=000000904e61704361744f6e65426f747c4d736746696c657c327c3534363838313...,url=https://gchat.qpic.cn/gchatpic_new/499736955/546881717-2508879810-0...,file_size=4552,file_unique=0A31C714925EF605355636587C436AE1.jpg]'
10-05 00:10:28 [INFO] nonebot | Event will be handled by Matcher(type='message', module=zhenxun.plugins.mute.mute_message, lineno=32)
10-05 00:10:28 [INFO] nonebot | Event will be handled by Matcher(type='message', module=zhenxun.plugins.parse_bilibili, lineno=54)
10-05 00:10:28 [INFO] nonebot | Event will be handled by Matcher(type='message', module=zhenxun.builtin_plugins.chat_history.chat_message, lineno=39)
10-05 00:10:28 [INFO] nonebot | Matcher(type='message', module=zhenxun.plugins.parse_bilibili, lineno=54) running complete
10-05 00:10:28 [INFO] nonebot | Matcher(type='message', module=zhenxun.builtin_plugins.chat_history.chat_message, lineno=39) running complete
10-05 00:10:28 [INFO] zhenxun | 下载 https://gchat.qpic.cn/gchatpic_new/499736955/546881717-2508879810-0A31C714925EF605355636587C436AE1/0?term=255&is_origin=0 成功.. Path：C:\Program Files\zhenxun\zhenxun_bot-dev\resources\temp\compare_download__mute__img.jpg
10-05 00:10:28 [INFO] nonebot | Matcher(type='message', module=zhenxun.plugins.mute.mute_message, lineno=32) running complete
10-05 00:10:29 [INFO] nonebot | Event will be handled by Matcher(type='message', module=zhenxun.plugins.fudu, lineno=97)
10-05 00:10:29 [INFO] zhenxun | 下载 https://gchat.qpic.cn/gchatpic_new/499736955/546881717-2508879810-0A31C714925EF605355636587C436AE1/0?term=255&is_origin=0 成功.. Path：C:\Program Files\zhenxun\zhenxun_bot-dev\resources\temp\compare_download_546881717_img.jpg
10-05 00:10:29 [INFO] nonebot | Matcher(type='message', module=zhenxun.plugins.fudu, lineno=97) running complete
10-05 00:13:04 [SUCCESS] nonebot | OneBot V11 3973508735 | [message.group.normal]: Message 57169249 from 843298567@[群:546881717] '[at:qq=782877431] 这网速偷感好重'
10-05 00:13:04 [INFO] nonebot | Event will be handled by Matcher(type='message', module=zhenxun.plugins.mute.mute_message, lineno=32)
10-05 00:13:04 [INFO] nonebot | Event will be handled by Matcher(type='message', module=zhenxun.builtin_plugins.chat_history.chat_message, lineno=39)
10-05 00:13:04 [INFO] nonebot | Event will be handled by Matcher(type='message', module=zhenxun.plugins.parse_bilibili, lineno=54)
10-05 00:13:04 [INFO] nonebot | Matcher(type='message', module=zhenxun.plugins.mute.mute_message, lineno=32) running complete
10-05 00:13:04 [INFO] nonebot | Matcher(type='message', module=zhenxun.plugins.parse_bilibili, lineno=54) running complete
10-05 00:13:04 [INFO] nonebot | Matcher(type='message', module=zhenxun.builtin_plugins.chat_history.chat_message, lineno=39) running complete
10-05 00:13:04 [INFO] nonebot | Event will be handled by Matcher(type='message', module=zhenxun.plugins.fudu, lineno=97)
10-05 00:13:04 [INFO] nonebot | Matcher(type='message', module=zhenxun.plugins.fudu, lineno=97) running complete
10-05 00:13:20 [SUCCESS] nonebot | OneBot V11 3973508735 | [message.group.normal]: Message 374575331 from 843298567@[群:546881717] '团酱不会是高贵的千兆光纤吧'
10-05 00:13:20 [INFO] nonebot | Event will be handled by Matcher(type='message', module=zhenxun.plugins.mute.mute_message, lineno=32)
10-05 00:13:20 [INFO] nonebot | Event will be handled by Matcher(type='message', module=zhenxun.builtin_plugins.chat_history.chat_message, lineno=39)
10-05 00:13:20 [INFO] nonebot | Event will be handled by Matcher(type='message', module=zhenxun.plugins.parse_bilibili, lineno=54)
10-05 00:13:20 [INFO] nonebot | Matcher(type='message', module=zhenxun.builtin_plugins.chat_history.chat_message, lineno=39) running complete
10-05 00:13:20 [INFO] nonebot | Matcher(type='message', module=zhenxun.plugins.mute.mute_message, lineno=32) running complete
10-05 00:13:20 [INFO] nonebot | Matcher(type='message', module=zhenxun.plugins.parse_bilibili, lineno=54) running complete
10-05 00:13:20 [INFO] nonebot | Event will be handled by Matcher(type='message', module=zhenxun.plugins.fudu, lineno=97)
10-05 00:13:20 [INFO] nonebot | Matcher(type='message', module=zhenxun.plugins.fudu, lineno=97) running complete
10-05 00:18:19 [SUCCESS] nonebot | OneBot V11 3973508735 | [message.group.normal]: Message 763600133 from 782877431@[群:546881717] '哪有'
10-05 00:18:19 [INFO] nonebot | Event will be handled by Matcher(type='message', module=zhenxun.plugins.mute.mute_message, lineno=32)
10-05 00:18:19 [INFO] nonebot | Event will be handled by Matcher(type='message', module=zhenxun.plugins.parse_bilibili, lineno=54)
10-05 00:18:19 [INFO] nonebot | Event will be handled by Matcher(type='message', module=zhenxun.builtin_plugins.chat_history.chat_message, lineno=39)
10-05 00:18:19 [INFO] nonebot | Matcher(type='message', module=zhenxun.builtin_plugins.chat_history.chat_message, lineno=39) running complete
10-05 00:18:19 [INFO] nonebot | Matcher(type='message', module=zhenxun.plugins.parse_bilibili, lineno=54) running complete
10-05 00:18:19 [INFO] nonebot | Matcher(type='message', module=zhenxun.plugins.mute.mute_message, lineno=32) running complete
10-05 00:18:19 [INFO] nonebot | Event will be handled by Matcher(type='message', module=zhenxun.plugins.fudu, lineno=97)
10-05 00:18:19 [INFO] nonebot | Matcher(type='message', module=zhenxun.plugins.fudu, lineno=97) running complete
10-05 00:18:30 [SUCCESS] nonebot | OneBot V11 3973508735 | [message.group.normal]: Message 762760301 from 782877431@[群:546881717] '也就几百兆'
10-05 00:18:30 [INFO] nonebot | Event will be handled by Matcher(type='message', module=zhenxun.plugins.mute.mute_message, lineno=32)
10-05 00:18:30 [INFO] nonebot | Event will be handled by Matcher(type='message', module=zhenxun.plugins.parse_bilibili, lineno=54)
10-05 00:18:30 [INFO] nonebot | Event will be handled by Matcher(type='message', module=zhenxun.builtin_plugins.chat_history.chat_message, lineno=39)
10-05 00:18:30 [INFO] nonebot | Matcher(type='message', module=zhenxun.builtin_plugins.chat_history.chat_message, lineno=39) running complete
10-05 00:18:30 [INFO] nonebot | Matcher(type='message', module=zhenxun.plugins.parse_bilibili, lineno=54) running complete
10-05 00:18:30 [INFO] nonebot | Matcher(type='message', module=zhenxun.plugins.mute.mute_message, lineno=32) running complete
10-05 00:18:30 [INFO] nonebot | Event will be handled by Matcher(type='message', module=zhenxun.plugins.fudu, lineno=97)
10-05 00:18:30 [INFO] nonebot | Matcher(type='message', module=zhenxun.plugins.fudu, lineno=97) running complete
10-05 00:28:30 [SUCCESS] nonebot | OneBot V11 3973508735 | [message.group.normal]: Message 1317284204 from 782877431@[群:546881717] '[reply:id=1485111546][at:qq=499736955] 我在艾尼尔伊利木'
10-05 00:28:30 [INFO] nonebot | Event will be handled by Matcher(type='message', module=zhenxun.plugins.mute.mute_message, lineno=32)
10-05 00:28:30 [INFO] nonebot | Event will be handled by Matcher(type='message', module=zhenxun.builtin_plugins.chat_history.chat_message, lineno=39)
10-05 00:28:31 [INFO] nonebot | Event will be handled by Matcher(type='message', module=zhenxun.plugins.parse_bilibili, lineno=54)
10-05 00:28:31 [INFO] nonebot | Matcher(type='message', module=zhenxun.plugins.parse_bilibili, lineno=54) running complete
10-05 00:28:31 [INFO] nonebot | Matcher(type='message', module=zhenxun.builtin_plugins.chat_history.chat_message, lineno=39) running complete
10-05 00:28:31 [INFO] nonebot | Matcher(type='message', module=zhenxun.plugins.mute.mute_message, lineno=32) running complete
10-05 00:28:31 [INFO] nonebot | Event will be handled by Matcher(type='message', module=zhenxun.plugins.fudu, lineno=97)
10-05 00:28:31 [INFO] nonebot | Matcher(type='message', module=zhenxun.plugins.fudu, lineno=97) running complete
10-05 00:28:33 [SUCCESS] nonebot | OneBot V11 3973508735 | [message.group.normal]: Message 1430709628 from 782877431@[群:546881717] '你人呢'
10-05 00:28:33 [INFO] nonebot | Event will be handled by Matcher(type='message', module=zhenxun.plugins.mute.mute_message, lineno=32)
10-05 00:28:33 [INFO] nonebot | Event will be handled by Matcher(type='message', module=zhenxun.plugins.parse_bilibili, lineno=54)
10-05 00:28:33 [INFO] nonebot | Event will be handled by Matcher(type='message', module=zhenxun.builtin_plugins.chat_history.chat_message, lineno=39)
10-05 00:28:33 [INFO] nonebot | Matcher(type='message', module=zhenxun.builtin_plugins.chat_history.chat_message, lineno=39) running complete
10-05 00:28:33 [INFO] nonebot | Matcher(type='message', module=zhenxun.plugins.mute.mute_message, lineno=32) running complete
10-05 00:28:33 [INFO] nonebot | Matcher(type='message', module=zhenxun.plugins.parse_bilibili, lineno=54) running complete
10-05 00:28:33 [INFO] nonebot | Event will be handled by Matcher(type='message', module=zhenxun.plugins.fudu, lineno=97)
10-05 00:28:33 [INFO] nonebot | Matcher(type='message', module=zhenxun.plugins.fudu, lineno=97) running complete
10-05 01:01:00 [INFO] zhenxun | CMD[定时任务] 自动清理临时数据完成，共清理了 4.08MB 的数据...
10-05 01:01:09 [SUCCESS] nonebot | OneBot V11 3973508735 | [message.group.normal]: Message 587128467 from 499736955@[群:546881717] '你在个勾八'
10-05 01:01:09 [INFO] nonebot | Event will be handled by Matcher(type='message', module=zhenxun.plugins.mute.mute_message, lineno=32)
10-05 01:01:09 [INFO] nonebot | Event will be handled by Matcher(type='message', module=zhenxun.plugins.parse_bilibili, lineno=54)
10-05 01:01:09 [INFO] nonebot | Event will be handled by Matcher(type='message', module=zhenxun.builtin_plugins.chat_history.chat_message, lineno=39)
10-05 01:01:09 [INFO] nonebot | Matcher(type='message', module=zhenxun.plugins.parse_bilibili, lineno=54) running complete
10-05 01:01:09 [INFO] nonebot | Matcher(type='message', module=zhenxun.builtin_plugins.chat_history.chat_message, lineno=39) running complete
10-05 01:01:09 [INFO] nonebot | Matcher(type='message', module=zhenxun.plugins.mute.mute_message, lineno=32) running complete
10-05 01:01:09 [INFO] nonebot | Event will be handled by Matcher(type='message', module=zhenxun.plugins.fudu, lineno=97)
10-05 01:01:09 [INFO] nonebot | Matcher(type='message', module=zhenxun.plugins.fudu, lineno=97) running complete
10-05 01:01:27 [SUCCESS] nonebot | OneBot V11 3973508735 | [message.group.normal]: Message 92778466 from 499736955@[群:546881717] '半小时打穿幽影地是吧'
10-05 01:01:27 [INFO] nonebot | Event will be handled by Matcher(type='message', module=zhenxun.plugins.mute.mute_message, lineno=32)
10-05 01:01:27 [INFO] nonebot | Event will be handled by Matcher(type='message', module=zhenxun.plugins.parse_bilibili, lineno=54)
10-05 01:01:27 [INFO] nonebot | Event will be handled by Matcher(type='message', module=zhenxun.builtin_plugins.chat_history.chat_message, lineno=39)
10-05 01:01:27 [INFO] nonebot | Matcher(type='message', module=zhenxun.builtin_plugins.chat_history.chat_message, lineno=39) running complete
10-05 01:01:27 [INFO] nonebot | Matcher(type='message', module=zhenxun.plugins.mute.mute_message, lineno=32) running complete
10-05 01:01:27 [INFO] nonebot | Matcher(type='message', module=zhenxun.plugins.parse_bilibili, lineno=54) running complete
10-05 01:01:27 [INFO] nonebot | Event will be handled by Matcher(type='message', module=zhenxun.plugins.fudu, lineno=97)
10-05 01:01:27 [INFO] nonebot | Matcher(type='message', module=zhenxun.plugins.fudu, lineno=97) running complete
10-05 01:02:53 [INFO] zhenxun | CMD[签到] 清理日常签到图片数据数据完成...
10-05 02:02:53 [INFO] zhenxun | CMD[签到] 清理日常签到图片数据数据完成...
10-05 03:01:00 [INFO] zhenxun | 自动更新好友信息成功...
10-05 03:01:00 [INFO] zhenxun | 自动更新群组成员信息成功...
10-05 03:02:53 [INFO] zhenxun | CMD[签到] 清理日常签到图片数据数据完成...
10-05 03:09:29 [SUCCESS] nonebot | OneBot V11 3973508735 | [message.private.friend]: Message 879441424 from 2747277822 '[json:data={"app":"com.tencent.gamecenter.mall","desc":"【王者荣耀】新英雄影必须知道的几个小细节",...]'
10-05 03:09:29 [INFO] nonebot | Event will be handled by Matcher(type='message', module=zhenxun.plugins.mute.mute_message, lineno=32)
10-05 03:09:29 [INFO] nonebot | Event will be handled by Matcher(type='message', module=zhenxun.builtin_plugins.chat_history.chat_message, lineno=39)
10-05 03:09:29 [INFO] nonebot | Event will be handled by Matcher(type='message', module=zhenxun.plugins.parse_bilibili, lineno=54)
10-05 03:09:29 [INFO] nonebot | Matcher(type='message', module=zhenxun.builtin_plugins.chat_history.chat_message, lineno=39) running complete
10-05 03:09:29 [INFO] nonebot | Matcher(type='message', module=zhenxun.plugins.mute.mute_message, lineno=32) running complete
10-05 03:09:29 [INFO] nonebot | Matcher(type='message', module=zhenxun.plugins.parse_bilibili, lineno=54) running complete
10-05 03:09:29 [ERROR] nonebot | Running Matcher(type='message', module=zhenxun.plugins.parse_bilibili, lineno=54) failed.
Traceback (most recent call last):

  File "C:\Program Files\zhenxun\zhenxun_bot-dev\bot.py", line 27, in <module>
    nonebot.run()
    │       └ <function run at 0x00000273E2BC5510>
    └ <module 'nonebot' from 'C:\\Users\\Administrator\\AppData\\Local\\pypoetry\\Cache\\virtualenvs\\zhenxun-bot-k9jvl_fX-py3.10\\...

  File "C:\Users\Administrator\AppData\Local\pypoetry\Cache\virtualenvs\zhenxun-bot-k9jvl_fX-py3.10\lib\site-packages\nonebot\__init__.py", line 335, in run
    get_driver().run(*args, **kwargs)
    │                 │       └ {}
    │                 └ ()
    └ <function get_driver at 0x00000273E2BC5360>

  File "C:\Users\Administrator\AppData\Local\pypoetry\Cache\virtualenvs\zhenxun-bot-k9jvl_fX-py3.10\lib\site-packages\nonebot\drivers\fastapi.py", line 186, in run
    uvicorn.run(
    │       └ <function run at 0x00000273E339ED40>
    └ <module 'uvicorn' from 'C:\\Users\\Administrator\\AppData\\Local\\pypoetry\\Cache\\virtualenvs\\zhenxun-bot-k9jvl_fX-py3.10\\...

  File "C:\Users\Administrator\AppData\Local\pypoetry\Cache\virtualenvs\zhenxun-bot-k9jvl_fX-py3.10\lib\site-packages\uvicorn\main.py", line 577, in run
    server.run()
    │      └ <function Server.run at 0x00000273E339E680>
    └ <uvicorn.server.Server object at 0x00000273F2DC6140>

  File "C:\Users\Administrator\AppData\Local\pypoetry\Cache\virtualenvs\zhenxun-bot-k9jvl_fX-py3.10\lib\site-packages\uvicorn\server.py", line 65, in run
    return asyncio.run(self.serve(sockets=sockets))
           │       │   │    │             └ None
           │       │   │    └ <function Server.serve at 0x00000273E339E710>
           │       │   └ <uvicorn.server.Server object at 0x00000273F2DC6140>
           │       └ <function run at 0x00000273E08BCE50>
           └ <module 'asyncio' from 'C:\\Users\\Administrator\\AppData\\Local\\Programs\\Python\\Python310\\lib\\asyncio\\__init__.py'>

  File "C:\Users\Administrator\AppData\Local\Programs\Python\Python310\lib\asyncio\runners.py", line 44, in run
    return loop.run_until_complete(main)
           │    │                  └ <coroutine object Server.serve at 0x00000273F280E3B0>
           │    └ <function BaseEventLoop.run_until_complete at 0x00000273E09C0280>
           └ <ProactorEventLoop running=True closed=False debug=False>

  File "C:\Users\Administrator\AppData\Local\Programs\Python\Python310\lib\asyncio\base_events.py", line 636, in run_until_complete
    self.run_forever()
    │    └ <function ProactorEventLoop.run_forever at 0x00000273E25FD510>
    └ <ProactorEventLoop running=True closed=False debug=False>

  File "C:\Users\Administrator\AppData\Local\Programs\Python\Python310\lib\asyncio\windows_events.py", line 321, in run_forever
    super().run_forever()

  File "C:\Users\Administrator\AppData\Local\Programs\Python\Python310\lib\asyncio\base_events.py", line 603, in run_forever
    self._run_once()
    │    └ <function BaseEventLoop._run_once at 0x00000273E09C1CF0>
    └ <ProactorEventLoop running=True closed=False debug=False>

  File "C:\Users\Administrator\AppData\Local\Programs\Python\Python310\lib\asyncio\base_events.py", line 1909, in _run_once
    handle._run()
    │      └ <function Handle._run at 0x00000273E09709D0>
    └ <Handle Task.task_wakeup(<_GatheringFu...eb91c27'}})]]>)>

  File "C:\Users\Administrator\AppData\Local\Programs\Python\Python310\lib\asyncio\events.py", line 80, in _run
    self._context.run(self._callback, *self._args)
    │    │            │    │           │    └ <member '_args' of 'Handle' objects>
    │    │            │    │           └ <Handle Task.task_wakeup(<_GatheringFu...eb91c27'}})]]>)>
    │    │            │    └ <member '_callback' of 'Handle' objects>
    │    │            └ <Handle Task.task_wakeup(<_GatheringFu...eb91c27'}})]]>)>
    │    └ <member '_context' of 'Handle' objects>
    └ <Handle Task.task_wakeup(<_GatheringFu...eb91c27'}})]]>)>

  File "C:\Users\Administrator\AppData\Local\pypoetry\Cache\virtualenvs\zhenxun-bot-k9jvl_fX-py3.10\lib\site-packages\nonebot\message.py", line 476, in check_and_run_matcher
    await _run_matcher(
          └ <function _run_matcher at 0x00000273E2D209D0>

> File "C:\Users\Administrator\AppData\Local\pypoetry\Cache\virtualenvs\zhenxun-bot-k9jvl_fX-py3.10\lib\site-packages\nonebot\message.py", line 428, in _run_matcher
    await matcher.run(bot, event, state, stack, dependency_cache)
          │       │   │    │      │      │      └ {<function _event_to_me at 0x00000273E2C19CF0>: <Task finished name='Task-16363888' coro=<_event_to_me() done, defined at C:\...
          │       │   │    │      │      └ <contextlib.AsyncExitStack object at 0x00000273F3AFEF50>
          │       │   │    │      └ {'_prefix': {'command': None, 'raw_command': None, 'command_arg': None, 'command_start': None, 'command_whitespace': None}}
          │       │   │    └ PrivateMessageEvent(time=1728068969, self_id=3973508735, post_type='message', sub_type='friend', user_id=2747277822, message_...
          │       │   └ Bot(type='OneBot V11', self_id='3973508735')
          │       └ <function Matcher.run at 0x00000273E2C19B40>
          └ Matcher(type='message', module=zhenxun.plugins.parse_bilibili, lineno=54)

  File "C:\Users\Administrator\AppData\Local\pypoetry\Cache\virtualenvs\zhenxun-bot-k9jvl_fX-py3.10\lib\site-packages\nonebot\internal\matcher\matcher.py", line 850, in run
    await self.simple_run(bot, event, state, stack, dependency_cache)
          │    │          │    │      │      │      └ {<function _event_to_me at 0x00000273E2C19CF0>: <Task finished name='Task-16363888' coro=<_event_to_me() done, defined at C:\...
          │    │          │    │      │      └ <contextlib.AsyncExitStack object at 0x00000273F3AFEF50>
          │    │          │    │      └ {'_prefix': {'command': None, 'raw_command': None, 'command_arg': None, 'command_start': None, 'command_whitespace': None}}
          │    │          │    └ PrivateMessageEvent(time=1728068969, self_id=3973508735, post_type='message', sub_type='friend', user_id=2747277822, message_...
          │    │          └ Bot(type='OneBot V11', self_id='3973508735')
          │    └ <function Matcher.simple_run at 0x00000273E2C19AB0>
          └ Matcher(type='message', module=zhenxun.plugins.parse_bilibili, lineno=54)

  File "C:\Users\Administrator\AppData\Local\pypoetry\Cache\virtualenvs\zhenxun-bot-k9jvl_fX-py3.10\lib\site-packages\nonebot\internal\matcher\matcher.py", line 825, in simple_run
    await handler(
          └ Dependent(call=_)

  File "C:\Users\Administrator\AppData\Local\pypoetry\Cache\virtualenvs\zhenxun-bot-k9jvl_fX-py3.10\lib\site-packages\nonebot\dependencies\__init__.py", line 94, in __call__
    return await cast(Callable[..., Awaitable[R]], self.call)(**values)
                 │    │             │         │    │    │       └ {'session': Session(bot_id='3973508735', bot_type='OneBot V11', platform='qq', level=<SessionLevel.LEVEL1: 1>, id1='274727782...
                 │    │             │         │    │    └ <function _ at 0x00000273F3089090>
                 │    │             │         │    └ Dependent(call=_)
                 │    │             │         └ ~R
                 │    │             └ <class 'collections.abc.Awaitable'>
                 │    └ typing.Callable
                 └ <function cast at 0x00000273E07504C0>

  File "C:\Program Files\zhenxun\zhenxun_bot-dev\zhenxun\plugins\parse_bilibili\__init__.py", line 86, in _
    get_url = (qqdocurl_value if qqdocurl_value else jumpUrl_value).split("?")[
               │                 │                   └ {}
               │                 └ {}
               └ {}

AttributeError: 'dict' object has no attribute 'split'
10-05 03:09:29 [INFO] nonebot | Event will be handled by Matcher(type='message', module=zhenxun.plugins.nonebot_plugin_sparkapi.matchers.chat, lineno=39)
10-05 03:09:29 [INFO] zhenxun | begin to build uni message!!!
10-05 03:09:40 [INFO] nonebot | Matcher(type='message', module=zhenxun.plugins.nonebot_plugin_sparkapi.matchers.chat, lineno=39) running complete
10-05 03:09:40 [ERROR] nonebot | Running Matcher(type='message', module=zhenxun.plugins.nonebot_plugin_sparkapi.matchers.chat, lineno=39) failed.
Traceback (most recent call last):

  File "C:\Program Files\zhenxun\zhenxun_bot-dev\bot.py", line 27, in <module>
    nonebot.run()
    │       └ <function run at 0x00000273E2BC5510>
    └ <module 'nonebot' from 'C:\\Users\\Administrator\\AppData\\Local\\pypoetry\\Cache\\virtualenvs\\zhenxun-bot-k9jvl_fX-py3.10\\...

  File "C:\Users\Administrator\AppData\Local\pypoetry\Cache\virtualenvs\zhenxun-bot-k9jvl_fX-py3.10\lib\site-packages\nonebot\__init__.py", line 335, in run
    get_driver().run(*args, **kwargs)
    │                 │       └ {}
    │                 └ ()
    └ <function get_driver at 0x00000273E2BC5360>

  File "C:\Users\Administrator\AppData\Local\pypoetry\Cache\virtualenvs\zhenxun-bot-k9jvl_fX-py3.10\lib\site-packages\nonebot\drivers\fastapi.py", line 186, in run
    uvicorn.run(
    │       └ <function run at 0x00000273E339ED40>
    └ <module 'uvicorn' from 'C:\\Users\\Administrator\\AppData\\Local\\pypoetry\\Cache\\virtualenvs\\zhenxun-bot-k9jvl_fX-py3.10\\...

  File "C:\Users\Administrator\AppData\Local\pypoetry\Cache\virtualenvs\zhenxun-bot-k9jvl_fX-py3.10\lib\site-packages\uvicorn\main.py", line 577, in run
    server.run()
    │      └ <function Server.run at 0x00000273E339E680>
    └ <uvicorn.server.Server object at 0x00000273F2DC6140>

  File "C:\Users\Administrator\AppData\Local\pypoetry\Cache\virtualenvs\zhenxun-bot-k9jvl_fX-py3.10\lib\site-packages\uvicorn\server.py", line 65, in run
    return asyncio.run(self.serve(sockets=sockets))
           │       │   │    │             └ None
           │       │   │    └ <function Server.serve at 0x00000273E339E710>
           │       │   └ <uvicorn.server.Server object at 0x00000273F2DC6140>
           │       └ <function run at 0x00000273E08BCE50>
           └ <module 'asyncio' from 'C:\\Users\\Administrator\\AppData\\Local\\Programs\\Python\\Python310\\lib\\asyncio\\__init__.py'>

  File "C:\Users\Administrator\AppData\Local\Programs\Python\Python310\lib\asyncio\runners.py", line 44, in run
    return loop.run_until_complete(main)
           │    │                  └ <coroutine object Server.serve at 0x00000273F280E3B0>
           │    └ <function BaseEventLoop.run_until_complete at 0x00000273E09C0280>
           └ <ProactorEventLoop running=True closed=False debug=False>

  File "C:\Users\Administrator\AppData\Local\Programs\Python\Python310\lib\asyncio\base_events.py", line 636, in run_until_complete
    self.run_forever()
    │    └ <function ProactorEventLoop.run_forever at 0x00000273E25FD510>
    └ <ProactorEventLoop running=True closed=False debug=False>

  File "C:\Users\Administrator\AppData\Local\Programs\Python\Python310\lib\asyncio\windows_events.py", line 321, in run_forever
    super().run_forever()

  File "C:\Users\Administrator\AppData\Local\Programs\Python\Python310\lib\asyncio\base_events.py", line 603, in run_forever
    self._run_once()
    │    └ <function BaseEventLoop._run_once at 0x00000273E09C1CF0>
    └ <ProactorEventLoop running=True closed=False debug=False>

  File "C:\Users\Administrator\AppData\Local\Programs\Python\Python310\lib\asyncio\base_events.py", line 1909, in _run_once
    handle._run()
    │      └ <function Handle._run at 0x00000273E09709D0>
    └ <Handle Task.task_wakeup(<Future finished result=None>)>

  File "C:\Users\Administrator\AppData\Local\Programs\Python\Python310\lib\asyncio\events.py", line 80, in _run
    self._context.run(self._callback, *self._args)
    │    │            │    │           │    └ <member '_args' of 'Handle' objects>
    │    │            │    │           └ <Handle Task.task_wakeup(<Future finished result=None>)>
    │    │            │    └ <member '_callback' of 'Handle' objects>
    │    │            └ <Handle Task.task_wakeup(<Future finished result=None>)>
    │    └ <member '_context' of 'Handle' objects>
    └ <Handle Task.task_wakeup(<Future finished result=None>)>

  File "C:\Users\Administrator\AppData\Local\pypoetry\Cache\virtualenvs\zhenxun-bot-k9jvl_fX-py3.10\lib\site-packages\nonebot\message.py", line 476, in check_and_run_matcher
    await _run_matcher(
          └ <function _run_matcher at 0x00000273E2D209D0>

> File "C:\Users\Administrator\AppData\Local\pypoetry\Cache\virtualenvs\zhenxun-bot-k9jvl_fX-py3.10\lib\site-packages\nonebot\message.py", line 428, in _run_matcher
    await matcher.run(bot, event, state, stack, dependency_cache)
          │       │   │    │      │      │      └ {<function _event_to_me at 0x00000273E2C19CF0>: <Task finished name='Task-16363888' coro=<_event_to_me() done, defined at C:\...
          │       │   │    │      │      └ <contextlib.AsyncExitStack object at 0x00000273F3AFEF50>
          │       │   │    │      └ {'_prefix': {'command': None, 'raw_command': None, 'command_arg': None, 'command_start': None, 'command_whitespace': None}}
          │       │   │    └ PrivateMessageEvent(time=1728068969, self_id=3973508735, post_type='message', sub_type='friend', user_id=2747277822, message_...
          │       │   └ Bot(type='OneBot V11', self_id='3973508735')
          │       └ <function Matcher.run at 0x00000273E2C19B40>
          └ Matcher(type='message', module=zhenxun.plugins.nonebot_plugin_sparkapi.matchers.chat, lineno=39)

  File "C:\Users\Administrator\AppData\Local\pypoetry\Cache\virtualenvs\zhenxun-bot-k9jvl_fX-py3.10\lib\site-packages\nonebot\internal\matcher\matcher.py", line 850, in run
    await self.simple_run(bot, event, state, stack, dependency_cache)
          │    │          │    │      │      │      └ {<function _event_to_me at 0x00000273E2C19CF0>: <Task finished name='Task-16363888' coro=<_event_to_me() done, defined at C:\...
          │    │          │    │      │      └ <contextlib.AsyncExitStack object at 0x00000273F3AFEF50>
          │    │          │    │      └ {'_prefix': {'command': None, 'raw_command': None, 'command_arg': None, 'command_start': None, 'command_whitespace': None}}
          │    │          │    └ PrivateMessageEvent(time=1728068969, self_id=3973508735, post_type='message', sub_type='friend', user_id=2747277822, message_...
          │    │          └ Bot(type='OneBot V11', self_id='3973508735')
          │    └ <function Matcher.simple_run at 0x00000273E2C19AB0>
          └ Matcher(type='message', module=zhenxun.plugins.nonebot_plugin_sparkapi.matchers.chat, lineno=39)

  File "C:\Users\Administrator\AppData\Local\pypoetry\Cache\virtualenvs\zhenxun-bot-k9jvl_fX-py3.10\lib\site-packages\nonebot\internal\matcher\matcher.py", line 825, in simple_run
    await handler(
          └ Dependent(call=_)

  File "C:\Users\Administrator\AppData\Local\pypoetry\Cache\virtualenvs\zhenxun-bot-k9jvl_fX-py3.10\lib\site-packages\nonebot\dependencies\__init__.py", line 94, in __call__
    return await cast(Callable[..., Awaitable[R]], self.call)(**values)
                 │    │             │         │    │    │       └ {'session_id': 'qq_OneBot_V11_3973508735_2747277822', 'arg': [MessageSegment(type='json', data={'data': '{"app":"com.tencent....
                 │    │             │         │    │    └ <function _ at 0x00000273F2C20700>
                 │    │             │         │    └ Dependent(call=_)
                 │    │             │         └ ~R
                 │    │             └ <class 'collections.abc.Awaitable'>
                 │    └ typing.Callable
                 └ <function cast at 0x00000273E07504C0>

  File "C:\Program Files\zhenxun\zhenxun_bot-dev\zhenxun\plugins\nonebot_plugin_sparkapi\matchers\chat.py", line 58, in _
    await hello().finish()
          └ <function hello at 0x00000273F2C20430>

  File "C:\Users\Administrator\AppData\Local\pypoetry\Cache\virtualenvs\zhenxun-bot-k9jvl_fX-py3.10\lib\site-packages\nonebot_plugin_alconna\uniseg\message.py", line 1407, in finish
    await self.send(target, bot, fallback, at_sender, reply_to, **kwargs)
          │    │    │       │    │         │          │           └ {}
          │    │    │       │    │         │          └ False
          │    │    │       │    │         └ False
          │    │    │       │    └ <FallbackStrategy.rollback: 'rollback'>
          │    │    │       └ None
          │    │    └ None
          │    └ <function UniMessage.send at 0x00000273E5A9D480>
          └ [Image(id=None, url=None, path=WindowsPath('resources/image/zai/2.gif'), raw=None, mimetype=None, name='2.gif'), Text(text='我...

  File "C:\Users\Administrator\AppData\Local\pypoetry\Cache\virtualenvs\zhenxun-bot-k9jvl_fX-py3.10\lib\site-packages\nonebot_plugin_alconna\uniseg\message.py", line 1395, in send
    res = await fn.send_to(target, bot, msg, **kwargs)
                │  │       │       │    │      └ {}
                │  │       │       │    └ [MessageSegment(type='image', data={'file': 'file:///C:/Program%20Files/zhenxun/zhenxun_bot-dev/resources/image/zai/2.gif', '...
                │  │       │       └ Bot(type='OneBot V11', self_id='3973508735')
                │  │       └ PrivateMessageEvent(time=1728068969, self_id=3973508735, post_type='message', sub_type='friend', user_id=2747277822, message_...
                │  └ <function Onebot11MessageExporter.send_to at 0x00000273E5A7C820>
                └ <nonebot_plugin_alconna.uniseg.adapters.onebot11.exporter.Onebot11MessageExporter object at 0x00000273E5A3A890>

  File "C:\Users\Administrator\AppData\Local\pypoetry\Cache\virtualenvs\zhenxun-bot-k9jvl_fX-py3.10\lib\site-packages\nonebot_plugin_alconna\uniseg\adapters\onebot11\exporter.py", line 154, in send_to
    return await bot.send(target, message, **kwargs)  # type: ignore
                 │   │    │       │          └ {}
                 │   │    │       └ [MessageSegment(type='image', data={'file': 'file:///C:/Program%20Files/zhenxun/zhenxun_bot-dev/resources/image/zai/2.gif', '...
                 │   │    └ PrivateMessageEvent(time=1728068969, self_id=3973508735, post_type='message', sub_type='friend', user_id=2747277822, message_...
                 │   └ <function Bot.send at 0x00000273E3148160>
                 └ Bot(type='OneBot V11', self_id='3973508735')

  File "C:\Users\Administrator\AppData\Local\pypoetry\Cache\virtualenvs\zhenxun-bot-k9jvl_fX-py3.10\lib\site-packages\nonebot\adapters\onebot\v11\bot.py", line 237, in send
    return await self.__class__.send_handler(self, event, message, **kwargs)
                 │    │                      │     │      │          └ {}
                 │    │                      │     │      └ [MessageSegment(type='image', data={'file': 'file:///C:/Program%20Files/zhenxun/zhenxun_bot-dev/resources/image/zai/2.gif', '...
                 │    │                      │     └ PrivateMessageEvent(time=1728068969, self_id=3973508735, post_type='message', sub_type='friend', user_id=2747277822, message_...
                 │    │                      └ Bot(type='OneBot V11', self_id='3973508735')
                 │    └ <attribute '__class__' of 'object' objects>
                 └ Bot(type='OneBot V11', self_id='3973508735')

  File "C:\Users\Administrator\AppData\Local\pypoetry\Cache\virtualenvs\zhenxun-bot-k9jvl_fX-py3.10\lib\site-packages\nonebot\adapters\onebot\v11\bot.py", line 190, in send
    return await bot.send_msg(**params)
                 │              └ {'user_id': 2747277822, 'message_type': 'private', 'message': [MessageSegment(type='image', data={'file': 'file:///C:/Program...
                 └ Bot(type='OneBot V11', self_id='3973508735')

  File "C:\Users\Administrator\AppData\Local\pypoetry\Cache\virtualenvs\zhenxun-bot-k9jvl_fX-py3.10\lib\site-packages\nonebot\internal\adapter\bot.py", line 122, in call_api
    raise exception
          └ ActionFailed(status='failed', retcode=1200, data=None, message='Error: Timeout: NTEvent serviceAndMethod:NodeIKernelMsgServic...

  File "C:\Users\Administrator\AppData\Local\pypoetry\Cache\virtualenvs\zhenxun-bot-k9jvl_fX-py3.10\lib\site-packages\nonebot\internal\adapter\bot.py", line 97, in call_api
    result = await self.adapter._call_api(self, api, **data)
                   │    │       │         │     │      └ {'user_id': 2747277822, 'message_type': 'private', 'message': [MessageSegment(type='image', data={'file': 'file:///C:/Program...
                   │    │       │         │     └ 'send_msg'
                   │    │       │         └ Bot(type='OneBot V11', self_id='3973508735')
                   │    │       └ <function Adapter._call_api at 0x00000273E0458820>
                   │    └ Adapter(name='OneBot V11')
                   └ Bot(type='OneBot V11', self_id='3973508735')

  File "C:\Users\Administrator\AppData\Local\pypoetry\Cache\virtualenvs\zhenxun-bot-k9jvl_fX-py3.10\lib\site-packages\nonebot\adapters\onebot\v11\adapter.py", line 147, in _call_api
    return handle_api_result(await self._result_store.fetch(seq, timeout))
           │                       │    │             │     │    └ 30.0
           │                       │    │             │     └ 3957
           │                       │    │             └ <function ResultStore.fetch at 0x00000273E31492D0>
           │                       │    └ <nonebot.adapters.onebot.store.ResultStore object at 0x00000273E2E685E0>
           │                       └ Adapter(name='OneBot V11')
           └ <function handle_api_result at 0x00000273E30D0280>

  File "C:\Users\Administrator\AppData\Local\pypoetry\Cache\virtualenvs\zhenxun-bot-k9jvl_fX-py3.10\lib\site-packages\nonebot\adapters\onebot\v11\utils.py", line 58, in handle_api_result
    raise ActionFailed(**result)
          │              └ {'status': 'failed', 'retcode': 1200, 'data': None, 'message': 'Error: Timeout: NTEvent serviceAndMethod:NodeIKernelMsgServic...
          └ <class 'nonebot.adapters.onebot.v11.exception.ActionFailed'>

nonebot.adapters.onebot.v11.exception.ActionFailed: ActionFailed(status='failed', retcode=1200, data=None, message='Error: Timeout: NTEvent serviceAndMethod:NodeIKernelMsgService/sendMsg ListenerName:NodeIKernelMsgListener/onMsgInfoListUpdate EventRet:\n{}\n\n    at Timeout.sendDataCallback [as _onTimeout] (file:///C:/Users/Administrator/Documents/LiteloaderQQNT/plugins/NapCat.Framework/napcat.mjs:7666:15)\n    at listOnTimeout (node:internal/timers:573:17)\n    at process.processTimers (node:internal/timers:514:7)', wording='Error: Timeout: NTEvent serviceAndMethod:NodeIKernelMsgService/sendMsg ListenerName:NodeIKernelMsgListener/onMsgInfoListUpdate EventRet:\n{}\n\n    at Timeout.sendDataCallback [as _onTimeout] (file:///C:/Users/Administrator/Documents/LiteloaderQQNT/plugins/NapCat.Framework/napcat.mjs:7666:15)\n    at listOnTimeout (node:internal/timers:573:17)\n    at process.processTimers (node:internal/timers:514:7)', echo='3957')
10-05 03:25:01 [INFO] zhenxun | CMD[自动备份] 自动备份成功...
10-05 04:01:00 [WARNING] zhenxun | 当前无UP池或 prts_up_char.json 文件不存在
10-05 04:01:00 [WARNING] zhenxun | 赛马娘UP更新出错 || 错误<class 'AttributeError'>: 'NoneType' object has no attribute 'find'
10-05 04:01:00 [WARNING] zhenxun | pretty_up_char 解析出错
10-05 04:01:00 [WARNING] zhenxun | 坎公骑冠剑UP更新出错 <class 'IndexError'>：list index out of range
10-05 04:01:00 [WARNING] zhenxun | guardian_up_char 解析出错
10-05 04:01:04 [WARNING] zhenxun | 原神 获取额外信息错误 旅行者水
10-05 04:01:07 [WARNING] zhenxun | 原神 获取额外信息错误 旅行者草
10-05 04:01:11 [WARNING] zhenxun | 原神 获取额外信息错误 旅行者雷
10-05 04:01:15 [WARNING] zhenxun | 原神 获取额外信息错误 旅行者风
10-05 04:01:15 [WARNING] zhenxun | 原神 获取额外信息错误 旅行者岩
10-05 04:01:18 [INFO] zhenxun | 原神 更新成功
10-05 04:01:18 [INFO] zhenxun | 原神 武器更新成功
10-05 04:01:18 [INFO] zhenxun | 成功获取原神当前up信息...当前up池: 「影寂天下人」 & 「巡火猎秘」 & 「神铸赋形」
10-05 04:02:53 [INFO] zhenxun | CMD[签到] 清理日常签到图片数据数据完成...
10-05 04:30:04 [INFO] zhenxun | 下载 https://i.pixiv.re/img-original/img/2023/10/27/18/20/27/112890527_p0.png 成功.. Path：C:\Program Files\zhenxun\zhenxun_bot-dev\resources\temp\2.jpg
10-05 04:30:06 [INFO] zhenxun | 下载 https://i.pixiv.re/img-original/img/2023/11/15/21/06/20/113432062_p0.jpg 成功.. Path：C:\Program Files\zhenxun\zhenxun_bot-dev\resources\temp\1.jpg
10-05 04:30:06 [INFO] zhenxun | 不需要压缩，移动图片resources\temp/1.jpg --> /resources\image\_setu/1.jpg
10-05 04:30:06 [ERROR] zhenxun | 更新色图 1.jpg 错误 <class 'FileExistsError'>: [WinError 183] 当文件已存在时，无法创建该文件。: 'resources\\temp\\1.jpg' -> 'resources\\image\\_setu\\1.jpg'
10-05 04:30:09 [INFO] zhenxun | 下载 https://i.pixiv.re/img-original/img/2023/04/18/19/12/19/107296589_p0.jpg 成功.. Path：C:\Program Files\zhenxun\zhenxun_bot-dev\resources\temp\0.jpg
10-05 04:30:09 [INFO] zhenxun | 不需要压缩，移动图片resources\temp/0.jpg --> /resources\image\_setu/0.jpg
10-05 04:30:09 [ERROR] zhenxun | 更新色图 0.jpg 错误 <class 'FileExistsError'>: [WinError 183] 当文件已存在时，无法创建该文件。: 'resources\\temp\\0.jpg' -> 'resources\\image\\_setu\\0.jpg'
10-05 04:30:09 [INFO] zhenxun | CMD[自动更新色图] ("2024-10-05 04:30:09 更新 色图 完成，本地存在 3 张，实际更新 1 张，以下为更新时未知错误：\n更新色图 1.jpg 错误 <class 'FileExistsError'>: [WinError 183] 当文件已存在时，无法创建该文件。: 'resources\\\\temp\\\\1.jpg' -> 'resources\\\\image\\\\_setu\\\\1.jpg'",)
10-05 04:40:00 [INFO] zhenxun | CMD[Chat检测] [Target]([992333365]) 群组两日内未发送任何消息，关闭该群全部被动
10-05 05:02:53 [INFO] zhenxun | CMD[签到] 清理日常签到图片数据数据完成...
10-05 06:01:00 [INFO] zhenxun | begin to build uni message!!!
10-05 06:01:00 [INFO] zhenxun | group list is [<GroupConsole>, <GroupConsole>]
10-05 06:01:00 [INFO] zhenxun | key is 992333365:None, check_func is <function check at 0x00000273EC3BE320>
10-05 06:01:00 [INFO] zhenxun | is_run value False
10-05 06:01:00 [INFO] zhenxun | key is 546881717:None, check_func is <function check at 0x00000273EC3BE320>
10-05 06:01:00 [INFO] zhenxun | is_run value True
10-05 06:01:00 [INFO] zhenxun | target is Target({'id': '546881717', 'parent_id': '', 'channel': False, 'private': False, 'self_id': None, 'extra': {}, 'scope': None, 'adapter': None, 'platforms': None})
10-05 06:01:00 [INFO] zhenxun | begin to build uni message!!!
10-05 06:01:00 [INFO] zhenxun | 每日早安发送...
10-05 06:02:53 [INFO] zhenxun | CMD[签到] 清理日常签到图片数据数据完成...
10-05 07:02:53 [INFO] zhenxun | CMD[签到] 清理日常签到图片数据数据完成...
10-05 08:02:53 [INFO] zhenxun | CMD[签到] 清理日常签到图片数据数据完成...
10-05 09:01:00 [INFO] zhenxun | begin to build uni message!!!
10-05 09:01:00 [INFO] zhenxun | group list is [<GroupConsole>, <GroupConsole>]
10-05 09:01:00 [INFO] zhenxun | key is 992333365:None, check_func is None
10-05 09:01:00 [INFO] zhenxun | is_run value True
10-05 09:01:00 [INFO] zhenxun | target is Target({'id': '992333365', 'parent_id': '', 'channel': False, 'private': False, 'self_id': None, 'extra': {}, 'scope': None, 'adapter': None, 'platforms': None})
10-05 09:01:00 [INFO] zhenxun | begin to build uni message!!!
10-05 09:01:00 [INFO] zhenxun | key is 546881717:None, check_func is None
10-05 09:01:00 [INFO] zhenxun | is_run value True
10-05 09:01:00 [INFO] zhenxun | target is Target({'id': '546881717', 'parent_id': '', 'channel': False, 'private': False, 'self_id': None, 'extra': {}, 'scope': None, 'adapter': None, 'platforms': None})
10-05 09:01:00 [INFO] zhenxun | begin to build uni message!!!
10-05 09:01:00 [INFO] zhenxun | 每日摸鱼发送...
10-05 09:01:01 [INFO] zhenxun | 下载 https://api.jun.la/60s.php?format=image 成功.. Path：C:\Program Files\zhenxun\zhenxun_bot-dev\resources\temp\moyu1728090060.jpeg
10-05 09:01:01 [INFO] zhenxun | begin to build uni message!!!
10-05 09:01:01 [INFO] zhenxun | group list is [<GroupConsole>, <GroupConsole>]
10-05 09:01:01 [INFO] zhenxun | key is 992333365:None, check_func is None
10-05 09:01:01 [INFO] zhenxun | is_run value True
10-05 09:01:01 [INFO] zhenxun | target is Target({'id': '992333365', 'parent_id': '', 'channel': False, 'private': False, 'self_id': None, 'extra': {}, 'scope': None, 'adapter': None, 'platforms': None})
10-05 09:01:01 [INFO] zhenxun | begin to build uni message!!!
10-05 09:01:01 [INFO] zhenxun | key is 546881717:None, check_func is None
10-05 09:01:01 [INFO] zhenxun | is_run value True
10-05 09:01:01 [INFO] zhenxun | target is Target({'id': '546881717', 'parent_id': '', 'channel': False, 'private': False, 'self_id': None, 'extra': {}, 'scope': None, 'adapter': None, 'platforms': None})
10-05 09:01:01 [INFO] zhenxun | begin to build uni message!!!
10-05 09:01:02 [INFO] zhenxun | 发送摸鱼 [image]
10-05 09:02:53 [INFO] zhenxun | CMD[签到] 清理日常签到图片数据数据完成...
10-05 09:09:13 [SUCCESS] nonebot | OneBot V11 3973508735 | [message.group.normal]: Message 804285855 from 1046393368@[群:546881717] 'lol'
10-05 09:09:13 [INFO] nonebot | Event will be handled by Matcher(type='message', module=zhenxun.plugins.mute.mute_message, lineno=32)
10-05 09:09:13 [INFO] nonebot | Event will be handled by Matcher(type='message', module=zhenxun.builtin_plugins.chat_history.chat_message, lineno=39)
10-05 09:09:13 [INFO] nonebot | Event will be handled by Matcher(type='message', module=zhenxun.plugins.parse_bilibili, lineno=54)
10-05 09:09:13 [INFO] nonebot | Matcher(type='message', module=zhenxun.plugins.parse_bilibili, lineno=54) running complete
10-05 09:09:13 [INFO] nonebot | Matcher(type='message', module=zhenxun.builtin_plugins.chat_history.chat_message, lineno=39) running complete
10-05 09:09:13 [INFO] nonebot | Matcher(type='message', module=zhenxun.plugins.mute.mute_message, lineno=32) running complete
10-05 09:09:14 [INFO] nonebot | Event will be handled by Matcher(type='message', module=zhenxun.plugins.fudu, lineno=97)
10-05 09:09:14 [INFO] nonebot | Matcher(type='message', module=zhenxun.plugins.fudu, lineno=97) running complete
10-05 09:13:27 [SUCCESS] nonebot | OneBot V11 3973508735 | [message.group.normal]: Message 1547847320 from 782877431@[群:546881717] '正在繁殖家豪车中'
10-05 09:13:27 [INFO] nonebot | Event will be handled by Matcher(type='message', module=zhenxun.plugins.mute.mute_message, lineno=32)
10-05 09:13:27 [INFO] nonebot | Event will be handled by Matcher(type='message', module=zhenxun.plugins.parse_bilibili, lineno=54)
10-05 09:13:27 [INFO] nonebot | Event will be handled by Matcher(type='message', module=zhenxun.builtin_plugins.chat_history.chat_message, lineno=39)
10-05 09:13:27 [INFO] nonebot | Matcher(type='message', module=zhenxun.builtin_plugins.chat_history.chat_message, lineno=39) running complete
10-05 09:13:27 [INFO] nonebot | Matcher(type='message', module=zhenxun.plugins.parse_bilibili, lineno=54) running complete
10-05 09:13:27 [INFO] nonebot | Matcher(type='message', module=zhenxun.plugins.mute.mute_message, lineno=32) running complete
10-05 09:13:28 [INFO] nonebot | Event will be handled by Matcher(type='message', module=zhenxun.plugins.fudu, lineno=97)
10-05 09:13:28 [INFO] nonebot | Matcher(type='message', module=zhenxun.plugins.fudu, lineno=97) running complete
10-05 09:13:33 [SUCCESS] nonebot | OneBot V11 3973508735 | [message.group.normal]: Message 3101687 from 782877431@[群:546881717] '[image:file=000000904e61704361744f6e65426f747c4d736746696c657c327c3534363838313...,sub_type=1,file_id=000000904e61704361744f6e65426f747c4d736746696c657c327c3534363838313...,url=https://multimedia.nt.qq.com.cn/download?appid=1407&fileid=Cgk3ODI4...,file_size=113634,file_unique=A4EEED31E7509029895BE11151594510.jpg]'
10-05 09:13:33 [INFO] nonebot | Event will be handled by Matcher(type='message', module=zhenxun.plugins.mute.mute_message, lineno=32)
10-05 09:13:33 [INFO] nonebot | Event will be handled by Matcher(type='message', module=zhenxun.plugins.parse_bilibili, lineno=54)
10-05 09:13:33 [INFO] nonebot | Event will be handled by Matcher(type='message', module=zhenxun.builtin_plugins.chat_history.chat_message, lineno=39)
10-05 09:13:33 [INFO] nonebot | Matcher(type='message', module=zhenxun.builtin_plugins.chat_history.chat_message, lineno=39) running complete
10-05 09:13:33 [INFO] nonebot | Matcher(type='message', module=zhenxun.plugins.parse_bilibili, lineno=54) running complete
10-05 09:13:33 [INFO] zhenxun | 下载 https://multimedia.nt.qq.com.cn/download?appid=1407&fileid=Cgk3ODI4Nzc0MzESFIkZSl1-xfHLOlFjK7XiQB7hbEUYGOL3BiD_CijesYn4h_aIAzIEcHJvZFCAvaMB&spec=0&rkey=CAESKBkcro_MGujofChqq2v3YkVdbcpgjSW0izcvk3cKjNmJPiyPJRGhETI 成功.. Path：C:\Program Files\zhenxun\zhenxun_bot-dev\resources\temp\compare_download__mute__img.jpg
10-05 09:13:33 [INFO] nonebot | Matcher(type='message', module=zhenxun.plugins.mute.mute_message, lineno=32) running complete
10-05 09:13:33 [INFO] nonebot | Event will be handled by Matcher(type='message', module=zhenxun.plugins.fudu, lineno=97)
10-05 09:13:34 [INFO] zhenxun | 下载 https://multimedia.nt.qq.com.cn/download?appid=1407&fileid=Cgk3ODI4Nzc0MzESFIkZSl1-xfHLOlFjK7XiQB7hbEUYGOL3BiD_CijesYn4h_aIAzIEcHJvZFCAvaMB&spec=0&rkey=CAESKBkcro_MGujofChqq2v3YkVdbcpgjSW0izcvk3cKjNmJPiyPJRGhETI 成功.. Path：C:\Program Files\zhenxun\zhenxun_bot-dev\resources\temp\compare_download_546881717_img.jpg
10-05 09:13:34 [INFO] nonebot | Matcher(type='message', module=zhenxun.plugins.fudu, lineno=97) running complete
10-05 09:15:35 [SUCCESS] nonebot | OneBot V11 3973508735 | [message.group.normal]: Message 301940018 from 1095712946@[群:546881717] '豪车'
10-05 09:15:35 [INFO] nonebot | Event will be handled by Matcher(type='message', module=zhenxun.plugins.mute.mute_message, lineno=32)
10-05 09:15:36 [INFO] nonebot | Event will be handled by Matcher(type='message', module=zhenxun.builtin_plugins.chat_history.chat_message, lineno=39)
10-05 09:15:36 [INFO] nonebot | Event will be handled by Matcher(type='message', module=zhenxun.plugins.parse_bilibili, lineno=54)
10-05 09:15:36 [INFO] nonebot | Matcher(type='message', module=zhenxun.plugins.mute.mute_message, lineno=32) running complete
10-05 09:15:36 [INFO] nonebot | Matcher(type='message', module=zhenxun.builtin_plugins.chat_history.chat_message, lineno=39) running complete
10-05 09:15:36 [INFO] nonebot | Matcher(type='message', module=zhenxun.plugins.parse_bilibili, lineno=54) running complete
10-05 09:15:36 [INFO] nonebot | Event will be handled by Matcher(type='message', module=zhenxun.plugins.fudu, lineno=97)
10-05 09:15:36 [INFO] nonebot | Matcher(type='message', module=zhenxun.plugins.fudu, lineno=97) running complete
10-05 09:16:16 [SUCCESS] nonebot | OneBot V11 3973508735 | [message.group.normal]: Message 299916768 from 782877431@[群:546881717] '老奴斗胆一蹭少爷豪车'
10-05 09:16:16 [INFO] nonebot | Event will be handled by Matcher(type='message', module=zhenxun.plugins.mute.mute_message, lineno=32)
10-05 09:16:16 [INFO] nonebot | Event will be handled by Matcher(type='message', module=zhenxun.plugins.parse_bilibili, lineno=54)
10-05 09:16:16 [INFO] nonebot | Event will be handled by Matcher(type='message', module=zhenxun.builtin_plugins.chat_history.chat_message, lineno=39)
10-05 09:16:16 [INFO] nonebot | Matcher(type='message', module=zhenxun.builtin_plugins.chat_history.chat_message, lineno=39) running complete
10-05 09:16:16 [INFO] nonebot | Matcher(type='message', module=zhenxun.plugins.mute.mute_message, lineno=32) running complete
10-05 09:16:16 [INFO] nonebot | Matcher(type='message', module=zhenxun.plugins.parse_bilibili, lineno=54) running complete
10-05 09:16:16 [INFO] nonebot | Event will be handled by Matcher(type='message', module=zhenxun.plugins.fudu, lineno=97)
10-05 09:16:16 [INFO] nonebot | Matcher(type='message', module=zhenxun.plugins.fudu, lineno=97) running complete
10-05 09:26:09 [SUCCESS] nonebot | OneBot V11 3973508735 | [message.group.normal]: Message 1930957047 from 1046393368@[群:546881717] '看看豪车'
10-05 09:26:09 [INFO] nonebot | Event will be handled by Matcher(type='message', module=zhenxun.plugins.mute.mute_message, lineno=32)
10-05 09:26:09 [INFO] nonebot | Event will be handled by Matcher(type='message', module=zhenxun.builtin_plugins.chat_history.chat_message, lineno=39)
10-05 09:26:09 [INFO] nonebot | Event will be handled by Matcher(type='message', module=zhenxun.plugins.parse_bilibili, lineno=54)
10-05 09:26:09 [INFO] nonebot | Matcher(type='message', module=zhenxun.plugins.parse_bilibili, lineno=54) running complete
10-05 09:26:09 [INFO] nonebot | Matcher(type='message', module=zhenxun.builtin_plugins.chat_history.chat_message, lineno=39) running complete
10-05 09:26:09 [INFO] nonebot | Matcher(type='message', module=zhenxun.plugins.mute.mute_message, lineno=32) running complete
10-05 09:26:09 [INFO] nonebot | Event will be handled by Matcher(type='message', module=zhenxun.plugins.fudu, lineno=97)
10-05 09:26:09 [INFO] nonebot | Matcher(type='message', module=zhenxun.plugins.fudu, lineno=97) running complete
10-05 09:26:29 [SUCCESS] nonebot | OneBot V11 3973508735 | [message.group.normal]: Message 2087496578 from 1095712946@[群:546881717] '开豪车来杭州'
10-05 09:26:29 [INFO] nonebot | Event will be handled by Matcher(type='message', module=zhenxun.plugins.mute.mute_message, lineno=32)
10-05 09:26:29 [INFO] nonebot | Event will be handled by Matcher(type='message', module=zhenxun.plugins.parse_bilibili, lineno=54)
10-05 09:26:29 [INFO] nonebot | Event will be handled by Matcher(type='message', module=zhenxun.builtin_plugins.chat_history.chat_message, lineno=39)
10-05 09:26:29 [INFO] nonebot | Matcher(type='message', module=zhenxun.builtin_plugins.chat_history.chat_message, lineno=39) running complete
10-05 09:26:29 [INFO] nonebot | Matcher(type='message', module=zhenxun.plugins.mute.mute_message, lineno=32) running complete
10-05 09:26:29 [INFO] nonebot | Matcher(type='message', module=zhenxun.plugins.parse_bilibili, lineno=54) running complete
10-05 09:26:29 [INFO] nonebot | Event will be handled by Matcher(type='message', module=zhenxun.plugins.fudu, lineno=97)
10-05 09:26:29 [INFO] nonebot | Matcher(type='message', module=zhenxun.plugins.fudu, lineno=97) running complete
10-05 09:34:51 [SUCCESS] nonebot | OneBot V11 3973508735 | [message.group.normal]: Message 1703172585 from 843298567@[群:546881717] '[at:qq=782877431] 蹭蹭团酱'
10-05 09:34:52 [INFO] nonebot | Event will be handled by Matcher(type='message', module=zhenxun.plugins.mute.mute_message, lineno=32)
10-05 09:34:52 [INFO] nonebot | Event will be handled by Matcher(type='message', module=zhenxun.plugins.parse_bilibili, lineno=54)
10-05 09:34:52 [INFO] nonebot | Event will be handled by Matcher(type='message', module=zhenxun.builtin_plugins.chat_history.chat_message, lineno=39)
10-05 09:34:52 [INFO] nonebot | Matcher(type='message', module=zhenxun.plugins.parse_bilibili, lineno=54) running complete
10-05 09:34:52 [INFO] nonebot | Matcher(type='message', module=zhenxun.plugins.mute.mute_message, lineno=32) running complete
10-05 09:34:52 [INFO] nonebot | Matcher(type='message', module=zhenxun.builtin_plugins.chat_history.chat_message, lineno=39) running complete
10-05 09:34:52 [INFO] nonebot | Event will be handled by Matcher(type='message', module=zhenxun.plugins.fudu, lineno=97)
10-05 09:34:52 [INFO] nonebot | Matcher(type='message', module=zhenxun.plugins.fudu, lineno=97) running complete
10-05 09:35:29 [SUCCESS] nonebot | OneBot V11 3973508735 | [message.group.normal]: Message 1695046848 from 782877431@[群:546881717] '[image:file=000000904e61704361744f6e65426f747c4d736746696c657c327c3534363838313...,sub_type=1,file_id=000000904e61704361744f6e65426f747c4d736746696c657c327c3534363838313...,url=https://multimedia.nt.qq.com.cn/download?appid=1407&fileid=Cgk3ODI4...,file_size=44169,file_unique=BEF342FA3DB42590635C759EBCF54655.jpg]'
10-05 09:35:29 [INFO] nonebot | Event will be handled by Matcher(type='message', module=zhenxun.plugins.mute.mute_message, lineno=32)
10-05 09:35:29 [INFO] nonebot | Event will be handled by Matcher(type='message', module=zhenxun.builtin_plugins.chat_history.chat_message, lineno=39)
10-05 09:35:29 [INFO] nonebot | Event will be handled by Matcher(type='message', module=zhenxun.plugins.parse_bilibili, lineno=54)
10-05 09:35:29 [INFO] nonebot | Matcher(type='message', module=zhenxun.builtin_plugins.chat_history.chat_message, lineno=39) running complete
10-05 09:35:29 [INFO] nonebot | Matcher(type='message', module=zhenxun.plugins.parse_bilibili, lineno=54) running complete
10-05 09:35:29 [INFO] zhenxun | 下载 https://multimedia.nt.qq.com.cn/download?appid=1407&fileid=Cgk3ODI4Nzc0MzESFLOC5sEsTwosNzFSWVGZCDzflLMKGInZAiD_Cijc47LrjPaIAzIEcHJvZFCAvaMB&spec=0&rkey=CAESKBkcro_MGujofChqq2v3YkVdbcpgjSW0izcvk3cKjNmJPiyPJRGhETI 成功.. Path：C:\Program Files\zhenxun\zhenxun_bot-dev\resources\temp\compare_download__mute__img.jpg
10-05 09:35:29 [INFO] nonebot | Matcher(type='message', module=zhenxun.plugins.mute.mute_message, lineno=32) running complete
10-05 09:35:30 [INFO] nonebot | Event will be handled by Matcher(type='message', module=zhenxun.plugins.fudu, lineno=97)
10-05 09:35:30 [INFO] zhenxun | 下载 https://multimedia.nt.qq.com.cn/download?appid=1407&fileid=Cgk3ODI4Nzc0MzESFLOC5sEsTwosNzFSWVGZCDzflLMKGInZAiD_Cijc47LrjPaIAzIEcHJvZFCAvaMB&spec=0&rkey=CAESKBkcro_MGujofChqq2v3YkVdbcpgjSW0izcvk3cKjNmJPiyPJRGhETI 成功.. Path：C:\Program Files\zhenxun\zhenxun_bot-dev\resources\temp\compare_download_546881717_img.jpg
10-05 09:35:30 [INFO] nonebot | Matcher(type='message', module=zhenxun.plugins.fudu, lineno=97) running complete
10-05 09:37:49 [SUCCESS] nonebot | OneBot V11 3973508735 | [message.group.normal]: Message 448594042 from 499736955@[群:546881717] '[image:file=000000904e61704361744f6e65426f747c4d736746696c657c327c3534363838313...,sub_type=1,file_id=000000904e61704361744f6e65426f747c4d736746696c657c327c3534363838313...,url=https://gchat.qpic.cn/gchatpic_new/499736955/546881717-3023958824-B...,file_size=25588,file_unique=BFF82B9A5E9874F019C33F0E216C0B77.jpg]'
10-05 09:37:49 [INFO] nonebot | Event will be handled by Matcher(type='message', module=zhenxun.plugins.mute.mute_message, lineno=32)
10-05 09:37:49 [INFO] nonebot | Event will be handled by Matcher(type='message', module=zhenxun.builtin_plugins.chat_history.chat_message, lineno=39)
10-05 09:37:49 [INFO] nonebot | Event will be handled by Matcher(type='message', module=zhenxun.plugins.parse_bilibili, lineno=54)
10-05 09:37:49 [INFO] nonebot | Matcher(type='message', module=zhenxun.builtin_plugins.chat_history.chat_message, lineno=39) running complete
10-05 09:37:49 [INFO] nonebot | Matcher(type='message', module=zhenxun.plugins.parse_bilibili, lineno=54) running complete
10-05 09:37:49 [INFO] zhenxun | 下载 https://gchat.qpic.cn/gchatpic_new/499736955/546881717-3023958824-BFF82B9A5E9874F019C33F0E216C0B77/0?term=255&is_origin=0 成功.. Path：C:\Program Files\zhenxun\zhenxun_bot-dev\resources\temp\compare_download__mute__img.jpg
10-05 09:37:49 [INFO] nonebot | Matcher(type='message', module=zhenxun.plugins.mute.mute_message, lineno=32) running complete
10-05 09:37:49 [INFO] nonebot | Event will be handled by Matcher(type='message', module=zhenxun.plugins.fudu, lineno=97)
10-05 09:37:50 [INFO] zhenxun | 下载 https://gchat.qpic.cn/gchatpic_new/499736955/546881717-3023958824-BFF82B9A5E9874F019C33F0E216C0B77/0?term=255&is_origin=0 成功.. Path：C:\Program Files\zhenxun\zhenxun_bot-dev\resources\temp\compare_download_546881717_img.jpg
10-05 09:37:50 [INFO] nonebot | Matcher(type='message', module=zhenxun.plugins.fudu, lineno=97) running complete
10-05 09:39:38 [SUCCESS] nonebot | OneBot V11 3973508735 | [message.group.normal]: Message 1234135275 from 843298567@[群:546881717] '[at:qq=499736955] 给我也蹭蹭'
10-05 09:39:38 [INFO] nonebot | Event will be handled by Matcher(type='message', module=zhenxun.plugins.mute.mute_message, lineno=32)
10-05 09:39:38 [INFO] nonebot | Event will be handled by Matcher(type='message', module=zhenxun.plugins.parse_bilibili, lineno=54)
10-05 09:39:38 [INFO] nonebot | Event will be handled by Matcher(type='message', module=zhenxun.builtin_plugins.chat_history.chat_message, lineno=39)
10-05 09:39:38 [INFO] nonebot | Matcher(type='message', module=zhenxun.plugins.mute.mute_message, lineno=32) running complete
10-05 09:39:38 [INFO] nonebot | Matcher(type='message', module=zhenxun.plugins.parse_bilibili, lineno=54) running complete
10-05 09:39:38 [INFO] nonebot | Matcher(type='message', module=zhenxun.builtin_plugins.chat_history.chat_message, lineno=39) running complete
10-05 09:39:38 [INFO] nonebot | Event will be handled by Matcher(type='message', module=zhenxun.plugins.fudu, lineno=97)
10-05 09:39:38 [INFO] nonebot | Matcher(type='message', module=zhenxun.plugins.fudu, lineno=97) running complete
10-05 09:49:02 [SUCCESS] nonebot | OneBot V11 3973508735 | [message.group.normal]: Message 477450629 from 782877431@[群:546881717] '俞周帆太坏了'
10-05 09:49:02 [INFO] nonebot | Event will be handled by Matcher(type='message', module=zhenxun.plugins.mute.mute_message, lineno=32)
10-05 09:49:02 [INFO] nonebot | Event will be handled by Matcher(type='message', module=zhenxun.plugins.parse_bilibili, lineno=54)
10-05 09:49:02 [INFO] nonebot | Event will be handled by Matcher(type='message', module=zhenxun.builtin_plugins.chat_history.chat_message, lineno=39)
10-05 09:49:02 [INFO] nonebot | Matcher(type='message', module=zhenxun.plugins.parse_bilibili, lineno=54) running complete
10-05 09:49:02 [INFO] nonebot | Matcher(type='message', module=zhenxun.builtin_plugins.chat_history.chat_message, lineno=39) running complete
10-05 09:49:02 [INFO] nonebot | Matcher(type='message', module=zhenxun.plugins.mute.mute_message, lineno=32) running complete
10-05 09:49:02 [INFO] nonebot | Event will be handled by Matcher(type='message', module=zhenxun.plugins.fudu, lineno=97)
10-05 09:49:02 [INFO] nonebot | Matcher(type='message', module=zhenxun.plugins.fudu, lineno=97) running complete
10-05 09:49:12 [SUCCESS] nonebot | OneBot V11 3973508735 | [message.group.normal]: Message 1083316739 from 782877431@[群:546881717] '抢了我座位'
10-05 09:49:12 [INFO] nonebot | Event will be handled by Matcher(type='message', module=zhenxun.plugins.mute.mute_message, lineno=32)
10-05 09:49:12 [INFO] nonebot | Event will be handled by Matcher(type='message', module=zhenxun.plugins.parse_bilibili, lineno=54)
10-05 09:49:12 [INFO] nonebot | Event will be handled by Matcher(type='message', module=zhenxun.builtin_plugins.chat_history.chat_message, lineno=39)
10-05 09:49:12 [INFO] nonebot | Matcher(type='message', module=zhenxun.builtin_plugins.chat_history.chat_message, lineno=39) running complete
10-05 09:49:12 [INFO] nonebot | Matcher(type='message', module=zhenxun.plugins.mute.mute_message, lineno=32) running complete
10-05 09:49:12 [INFO] nonebot | Matcher(type='message', module=zhenxun.plugins.parse_bilibili, lineno=54) running complete
10-05 09:49:12 [INFO] nonebot | Event will be handled by Matcher(type='message', module=zhenxun.plugins.fudu, lineno=97)
10-05 09:49:12 [INFO] nonebot | Matcher(type='message', module=zhenxun.plugins.fudu, lineno=97) running complete
10-05 09:49:12 [SUCCESS] nonebot | OneBot V11 3973508735 | [message.group.normal]: Message 539024762 from 782877431@[群:546881717] '唉'
10-05 09:49:12 [INFO] nonebot | Event will be handled by Matcher(type='message', module=zhenxun.plugins.mute.mute_message, lineno=32)
10-05 09:49:12 [INFO] nonebot | Event will be handled by Matcher(type='message', module=zhenxun.plugins.parse_bilibili, lineno=54)
10-05 09:49:12 [INFO] nonebot | Event will be handled by Matcher(type='message', module=zhenxun.builtin_plugins.chat_history.chat_message, lineno=39)
10-05 09:49:12 [INFO] nonebot | Matcher(type='message', module=zhenxun.builtin_plugins.chat_history.chat_message, lineno=39) running complete
10-05 09:49:12 [INFO] nonebot | Matcher(type='message', module=zhenxun.plugins.mute.mute_message, lineno=32) running complete
10-05 09:49:12 [INFO] nonebot | Matcher(type='message', module=zhenxun.plugins.parse_bilibili, lineno=54) running complete
10-05 09:49:12 [INFO] nonebot | Event will be handled by Matcher(type='message', module=zhenxun.plugins.fudu, lineno=97)
10-05 09:49:12 [INFO] nonebot | Matcher(type='message', module=zhenxun.plugins.fudu, lineno=97) running complete
10-05 09:50:24 [SUCCESS] nonebot | OneBot V11 3973508735 | [message.group.normal]: Message 2140497967 from 499736955@[群:546881717] '特权狗来了'
10-05 09:50:24 [INFO] nonebot | Event will be handled by Matcher(type='message', module=zhenxun.plugins.mute.mute_message, lineno=32)
10-05 09:50:24 [INFO] nonebot | Event will be handled by Matcher(type='message', module=zhenxun.builtin_plugins.chat_history.chat_message, lineno=39)
10-05 09:50:24 [INFO] nonebot | Event will be handled by Matcher(type='message', module=zhenxun.plugins.parse_bilibili, lineno=54)
10-05 09:50:24 [INFO] nonebot | Matcher(type='message', module=zhenxun.builtin_plugins.chat_history.chat_message, lineno=39) running complete
10-05 09:50:24 [INFO] nonebot | Matcher(type='message', module=zhenxun.plugins.mute.mute_message, lineno=32) running complete
10-05 09:50:24 [INFO] nonebot | Matcher(type='message', module=zhenxun.plugins.parse_bilibili, lineno=54) running complete
10-05 09:50:24 [INFO] nonebot | Event will be handled by Matcher(type='message', module=zhenxun.plugins.fudu, lineno=97)
10-05 09:50:24 [INFO] nonebot | Matcher(type='message', module=zhenxun.plugins.fudu, lineno=97) running complete
10-05 09:50:37 [SUCCESS] nonebot | OneBot V11 3973508735 | [message.group.normal]: Message 2013140549 from 499736955@[群:546881717] '大伙往边上稍稍'
10-05 09:50:37 [INFO] nonebot | Event will be handled by Matcher(type='message', module=zhenxun.plugins.mute.mute_message, lineno=32)
10-05 09:50:37 [INFO] nonebot | Event will be handled by Matcher(type='message', module=zhenxun.plugins.parse_bilibili, lineno=54)
10-05 09:50:37 [INFO] nonebot | Event will be handled by Matcher(type='message', module=zhenxun.builtin_plugins.chat_history.chat_message, lineno=39)
10-05 09:50:37 [INFO] nonebot | Matcher(type='message', module=zhenxun.builtin_plugins.chat_history.chat_message, lineno=39) running complete
10-05 09:50:37 [INFO] nonebot | Matcher(type='message', module=zhenxun.plugins.mute.mute_message, lineno=32) running complete
10-05 09:50:37 [INFO] nonebot | Matcher(type='message', module=zhenxun.plugins.parse_bilibili, lineno=54) running complete
10-05 09:50:37 [INFO] nonebot | Event will be handled by Matcher(type='message', module=zhenxun.plugins.fudu, lineno=97)
10-05 09:50:37 [INFO] nonebot | Matcher(type='message', module=zhenxun.plugins.fudu, lineno=97) running complete
10-05 10:02:53 [INFO] zhenxun | CMD[签到] 清理日常签到图片数据数据完成...
10-05 11:02:53 [INFO] zhenxun | CMD[签到] 清理日常签到图片数据数据完成...
10-05 12:02:53 [INFO] zhenxun | CMD[签到] 清理日常签到图片数据数据完成...
10-05 13:02:53 [INFO] zhenxun | CMD[签到] 清理日常签到图片数据数据完成...
10-05 14:02:53 [INFO] zhenxun | CMD[签到] 清理日常签到图片数据数据完成...
10-05 15:02:53 [INFO] zhenxun | CMD[签到] 清理日常签到图片数据数据完成...
10-05 15:42:45 [SUCCESS] nonebot | OneBot V11 3973508735 | [message.group.normal]: Message 55967894 from 954206947@[群:546881717] '对镜子倾诉心事🗣🚬\n这现实有些讽刺🏎 🤑   👷💦🔧\n讽刺的是没有考试就有编制📚🚫 🤣→💰💰\n于是我拆封电子😤🚬\n把故事装进盒子📦\n盒子里是用纯真换的物质📷 😀→😙🏢💰\n我的心炽热❤️🔥 肺却冰冷着❄️\n其实我想抽😩😤但不敢对你说🤐😢\n歌词的字我 认不得几个📜😔\n可为何总是让我当个raper😡😠😕😐😔\n我代言慈善机构\n把甜美微笑出售😀😀😀💵💵💵\n烟杆里没有铁锈😤🚬🚬\n是推手给的铜臭💰💰\n烟～🚬🚬🚬\n在这么冷的天😖❄️\n想抽根电子烟🤔🚬🚬\n可瑞克没有电😭⚡️🚫\n可是雪豹已失联😭🐆🚫\n摘不下我虚伪的假面😀😔😀\n几句胡言被奉为圣箴🤩🤩\n尝一口你血汗的香甜🤣👉👷\n可是钱飘进双眼💰💰🤑\n模糊了我做人的底线🖕🤑🖕\n心甘情愿舍弃了尊严\n烧一朵花圈作祭奠🌸🌸🕯\n为什么一张开口就会漏出电流 🎤⚡⚡\n癌细胞扩散致身体侵入了眼眸🦠🧠👅🫀🫁👀\n我唤醒肉体试图将我灵魂挽留  🙍\u200d♂️🖐️👻\n算了不想受折磨 😟💔留人间也是献丑🚶\u200d♂️💀\n心被名利操控💰💰  快要停止跳动  ❤️\u200d🩹💔\n就像是回龙  被堵住鼻孔🚫👃🚫\n像一具行尸走肉⚰️   脊背被寒风刺透 🍃❄️ \n烟杆被谁先验收 🚬📦  无法滋润我咽喉😔\n在这么冷的天😖❄️\n想抽根电子烟🤔🚬🚬\n可瑞克没有电😭⚡️🚫\n可是雪豹已失联😭🐆🚫\n摘不下我虚伪的假面😀😔😀\n几句胡言被奉为圣箴🤩🤩\n尝一口你血汗的香甜🤣👉👷\n可是钱飘进双眼💰💰🤑\n模糊了我做人的底线🖕🤑🖕\n心甘情愿舍弃了尊严\n烧一朵花圈作祭奠🌸🌸🕯'
10-05 15:42:45 [INFO] nonebot | Event will be handled by Matcher(type='message', module=zhenxun.plugins.mute.mute_message, lineno=32)
10-05 15:42:45 [INFO] nonebot | Event will be handled by Matcher(type='message', module=zhenxun.builtin_plugins.chat_history.chat_message, lineno=39)
10-05 15:42:45 [INFO] nonebot | Event will be handled by Matcher(type='message', module=zhenxun.plugins.parse_bilibili, lineno=54)
10-05 15:42:45 [INFO] nonebot | Matcher(type='message', module=zhenxun.plugins.parse_bilibili, lineno=54) running complete
10-05 15:42:46 [INFO] nonebot | Matcher(type='message', module=zhenxun.builtin_plugins.chat_history.chat_message, lineno=39) running complete
10-05 15:42:46 [INFO] nonebot | Matcher(type='message', module=zhenxun.plugins.mute.mute_message, lineno=32) running complete
10-05 15:42:46 [INFO] nonebot | Event will be handled by Matcher(type='message', module=zhenxun.plugins.fudu, lineno=97)
10-05 15:42:46 [INFO] nonebot | Matcher(type='message', module=zhenxun.plugins.fudu, lineno=97) running complete
10-05 15:47:43 [SUCCESS] nonebot | OneBot V11 3973508735 | [message.group.normal]: Message 826153918 from 954206947@[群:546881717] 'Zood是开创者，是敢于迈出第一步先行者，因此歌曲立意还是多流于表面，以一种调侃不算辛辣的讽刺来审视dz\n到了v神时期，igs挖掘了更多的东西，以小镇做题家之名向dz宣战，歌曲的风格偏向潮流，时尚，无论是旋律还是歌词，你都能感受到其中极强的攻击性和辛辣的讽刺意味，像一部飞速的跑车，每一次听都像是闪电风驰电掣般从心中划过。\n到了硫神时期，歌曲的风格变得舒缓下来，更注重于melody，这一时期硫神没有再以小镇做题家的身份发起攻击，而是开始解构dz本身，开始探讨dz后的东西。比起igs，可能没有令人爽听的耳感，但是真诚的歌词和真挚的唱腔却让我们不知不觉代入到dz中，触动我们的内心。\nZood就好像他初来大城市，有些拘谨和些许试探，igs则是习惯大城市后，他西装革履，过着金迷纸醉，声色犬马的生活，周围都是吞云吐雾的电子烟，到了烟distance，他却卸去西装，重披藏服，走在理塘里，骑着以前的珍珠，怀念着已经消失的雪豹。\n这种文化在被不断解构，不断自我革命，期待以后又是哪个x神带给我们更新更加强大的作品。\n转'
10-05 15:47:43 [INFO] nonebot | Event will be handled by Matcher(type='message', module=zhenxun.plugins.mute.mute_message, lineno=32)
10-05 15:47:43 [INFO] nonebot | Event will be handled by Matcher(type='message', module=zhenxun.builtin_plugins.chat_history.chat_message, lineno=39)
10-05 15:47:43 [INFO] nonebot | Matcher(type='message', module=zhenxun.builtin_plugins.chat_history.chat_message, lineno=39) running complete
10-05 15:47:43 [INFO] nonebot | Event will be handled by Matcher(type='message', module=zhenxun.plugins.parse_bilibili, lineno=54)
10-05 15:47:43 [INFO] nonebot | Matcher(type='message', module=zhenxun.plugins.mute.mute_message, lineno=32) running complete
10-05 15:47:43 [INFO] nonebot | Matcher(type='message', module=zhenxun.plugins.parse_bilibili, lineno=54) running complete
10-05 15:47:43 [INFO] nonebot | Event will be handled by Matcher(type='message', module=zhenxun.plugins.fudu, lineno=97)
10-05 15:47:43 [INFO] nonebot | Matcher(type='message', module=zhenxun.plugins.fudu, lineno=97) running complete
10-05 16:02:53 [INFO] zhenxun | CMD[签到] 清理日常签到图片数据数据完成...
10-05 17:02:53 [INFO] zhenxun | CMD[签到] 清理日常签到图片数据数据完成...
10-05 17:18:25 [SUCCESS] nonebot | OneBot V11 3973508735 | [message.group.normal]: Message 269517383 from 1095712946@[群:546881717] '[image:file=000000904e61704361744f6e65426f747c4d736746696c657c327c3534363838313...,sub_type=0,file_id=000000904e61704361744f6e65426f747c4d736746696c657c327c3534363838313...,url=https://gchat.qpic.cn/gchatpic_new/1095712946/546881717-3160233594-...,file_size=771378,file_unique=8E91C089DD1BE33A41A3073384F759C7.jpg]'
10-05 17:18:25 [INFO] nonebot | Event will be handled by Matcher(type='message', module=zhenxun.plugins.mute.mute_message, lineno=32)
10-05 17:18:25 [INFO] nonebot | Event will be handled by Matcher(type='message', module=zhenxun.builtin_plugins.chat_history.chat_message, lineno=39)
10-05 17:18:25 [INFO] nonebot | Event will be handled by Matcher(type='message', module=zhenxun.plugins.parse_bilibili, lineno=54)
10-05 17:18:25 [INFO] nonebot | Matcher(type='message', module=zhenxun.plugins.parse_bilibili, lineno=54) running complete
10-05 17:18:25 [INFO] nonebot | Matcher(type='message', module=zhenxun.builtin_plugins.chat_history.chat_message, lineno=39) running complete
10-05 17:18:26 [INFO] zhenxun | 下载 https://gchat.qpic.cn/gchatpic_new/1095712946/546881717-3160233594-8E91C089DD1BE33A41A3073384F759C7/0?term=255&is_origin=0 成功.. Path：C:\Program Files\zhenxun\zhenxun_bot-dev\resources\temp\compare_download__mute__img.jpg
10-05 17:18:26 [INFO] nonebot | Matcher(type='message', module=zhenxun.plugins.mute.mute_message, lineno=32) running complete
10-05 17:18:27 [INFO] nonebot | Event will be handled by Matcher(type='message', module=zhenxun.plugins.fudu, lineno=97)
10-05 17:18:27 [INFO] zhenxun | 下载 https://gchat.qpic.cn/gchatpic_new/1095712946/546881717-3160233594-8E91C089DD1BE33A41A3073384F759C7/0?term=255&is_origin=0 成功.. Path：C:\Program Files\zhenxun\zhenxun_bot-dev\resources\temp\compare_download_546881717_img.jpg
10-05 17:18:27 [INFO] nonebot | Matcher(type='message', module=zhenxun.plugins.fudu, lineno=97) running complete
10-05 18:01:00 [INFO] zhenxun | 成功获取原神当前up信息...当前up池: 「影寂天下人」 & 「巡火猎秘」 & 「神铸赋形」
10-05 18:01:00 [INFO] zhenxun | begin to build uni message!!!
10-05 18:02:53 [INFO] zhenxun | CMD[签到] 清理日常签到图片数据数据完成...
10-05 19:02:53 [INFO] zhenxun | CMD[签到] 清理日常签到图片数据数据完成...
10-05 19:12:54 [SUCCESS] nonebot | OneBot V11 3973508735 | [message.group.normal]: Message 1189860523 from 782877431@[群:546881717] '[image:file=000000904e61704361744f6e65426f747c4d736746696c657c327c3534363838313...,sub_type=0,file_id=000000904e61704361744f6e65426f747c4d736746696c657c327c3534363838313...,url=https://multimedia.nt.qq.com.cn/download?appid=1407&fileid=Cgk3ODI4...,file_size=57256,file_unique=33EA863C4FCC4AB78A9D2BF10BE9230F.jpg]'
10-05 19:12:54 [INFO] nonebot | Event will be handled by Matcher(type='message', module=zhenxun.plugins.mute.mute_message, lineno=32)
10-05 19:12:54 [INFO] nonebot | Event will be handled by Matcher(type='message', module=zhenxun.builtin_plugins.chat_history.chat_message, lineno=39)
10-05 19:12:54 [INFO] nonebot | Event will be handled by Matcher(type='message', module=zhenxun.plugins.parse_bilibili, lineno=54)
10-05 19:12:54 [INFO] nonebot | Matcher(type='message', module=zhenxun.plugins.parse_bilibili, lineno=54) running complete
10-05 19:12:54 [INFO] nonebot | Matcher(type='message', module=zhenxun.builtin_plugins.chat_history.chat_message, lineno=39) running complete
10-05 19:12:55 [INFO] zhenxun | 下载 https://multimedia.nt.qq.com.cn/download?appid=1407&fileid=Cgk3ODI4Nzc0MzESFI-BQzx1yQ6IbvyT_aHSRpu1zROSGKi_AyD_CiiyjPjxjfeIAzIEcHJvZFCAvaMB&spec=0&rkey=CAESKBkcro_MGujo06KZQSwzp9sjoqYe4cE_YxqgHN0oAyZkEfaBXDM6vRY 成功.. Path：C:\Program Files\zhenxun\zhenxun_bot-dev\resources\temp\compare_download__mute__img.jpg
10-05 19:12:55 [INFO] nonebot | Matcher(type='message', module=zhenxun.plugins.mute.mute_message, lineno=32) running complete
10-05 19:12:55 [SUCCESS] nonebot | OneBot V11 3973508735 | [message.group.normal]: Message 1072963576 from 782877431@[群:546881717] '有人要红温了！'
10-05 19:12:55 [INFO] nonebot | Event will be handled by Matcher(type='message', module=zhenxun.plugins.mute.mute_message, lineno=32)
10-05 19:12:55 [INFO] nonebot | Event will be handled by Matcher(type='message', module=zhenxun.builtin_plugins.chat_history.chat_message, lineno=39)
10-05 19:12:55 [INFO] nonebot | Matcher(type='message', module=zhenxun.builtin_plugins.chat_history.chat_message, lineno=39) running complete
10-05 19:12:55 [INFO] nonebot | Event will be handled by Matcher(type='message', module=zhenxun.plugins.parse_bilibili, lineno=54)
10-05 19:12:55 [INFO] nonebot | Matcher(type='message', module=zhenxun.plugins.mute.mute_message, lineno=32) running complete
10-05 19:12:55 [INFO] nonebot | Matcher(type='message', module=zhenxun.plugins.parse_bilibili, lineno=54) running complete
10-05 19:12:55 [INFO] nonebot | Event will be handled by Matcher(type='message', module=zhenxun.plugins.fudu, lineno=97)
10-05 19:12:55 [INFO] nonebot | Matcher(type='message', module=zhenxun.plugins.fudu, lineno=97) running complete
10-05 19:12:55 [INFO] nonebot | Event will be handled by Matcher(type='message', module=zhenxun.plugins.fudu, lineno=97)
10-05 19:12:56 [INFO] zhenxun | 下载 https://multimedia.nt.qq.com.cn/download?appid=1407&fileid=Cgk3ODI4Nzc0MzESFI-BQzx1yQ6IbvyT_aHSRpu1zROSGKi_AyD_CiiyjPjxjfeIAzIEcHJvZFCAvaMB&spec=0&rkey=CAESKBkcro_MGujo06KZQSwzp9sjoqYe4cE_YxqgHN0oAyZkEfaBXDM6vRY 成功.. Path：C:\Program Files\zhenxun\zhenxun_bot-dev\resources\temp\compare_download_546881717_img.jpg
10-05 19:12:56 [INFO] nonebot | Matcher(type='message', module=zhenxun.plugins.fudu, lineno=97) running complete
10-05 19:29:15 [SUCCESS] nonebot | OneBot V11 3973508735 | [message.group.normal]: Message 1732695515 from 1095712946@[群:546881717] '【《红米三折叠》-哔哩哔哩】 https://b23.tv/2REaHec'
10-05 19:29:15 [INFO] nonebot | Event will be handled by Matcher(type='message', module=zhenxun.plugins.mute.mute_message, lineno=32)
10-05 19:29:15 [INFO] nonebot | Event will be handled by Matcher(type='message', module=zhenxun.plugins.parse_bilibili, lineno=54)
10-05 19:29:15 [INFO] nonebot | Event will be handled by Matcher(type='message', module=zhenxun.builtin_plugins.chat_history.chat_message, lineno=39)
10-05 19:29:16 [INFO] nonebot | Matcher(type='message', module=zhenxun.builtin_plugins.chat_history.chat_message, lineno=39) running complete
10-05 19:29:16 [INFO] nonebot | Matcher(type='message', module=zhenxun.plugins.mute.mute_message, lineno=32) running complete
10-05 19:29:17 [INFO] zhenxun | Adapter[OneBot V11] 平台[qq] 群聊[546881717] 用户[1095712946] CMD[b站解析] 解析bilibili转发 https://www.bilibili.com/video/BV1oX4FeDEu8
10-05 19:29:17 [INFO] zhenxun | 下载 http://i1.hdslb.com/bfs/archive/a953bd43ec30e3ba60601fe5d0a7e3bb3e645a98.jpg 成功.. Path：C:\Program Files\zhenxun\zhenxun_bot-dev\resources\temp\113248221270880.jpg
10-05 19:29:17 [INFO] zhenxun | begin to build uni message!!!
10-05 19:29:18 [INFO] nonebot | Matcher(type='message', module=zhenxun.plugins.parse_bilibili, lineno=54) running complete
10-05 19:29:19 [INFO] nonebot | Event will be handled by Matcher(type='message', module=zhenxun.plugins.fudu, lineno=97)
10-05 19:29:19 [INFO] nonebot | Matcher(type='message', module=zhenxun.plugins.fudu, lineno=97) running complete
10-05 20:02:42 [SUCCESS] nonebot | OneBot V11 3973508735 | [message.group.normal]: Message 1188410394 from 782877431@[群:546881717] '[at:qq=3973508735] 海底捞怎么吃最划算'
10-05 20:02:42 [INFO] nonebot | Event will be handled by Matcher(type='message', module=zhenxun.plugins.mute.mute_message, lineno=32)
10-05 20:02:42 [INFO] nonebot | Event will be handled by Matcher(type='message', module=zhenxun.builtin_plugins.chat_history.chat_message, lineno=39)
10-05 20:02:42 [INFO] nonebot | Event will be handled by Matcher(type='message', module=zhenxun.plugins.parse_bilibili, lineno=54)
10-05 20:02:42 [INFO] nonebot | Matcher(type='message', module=zhenxun.builtin_plugins.chat_history.chat_message, lineno=39) running complete
10-05 20:02:42 [INFO] nonebot | Matcher(type='message', module=zhenxun.plugins.parse_bilibili, lineno=54) running complete
10-05 20:02:42 [INFO] nonebot | Matcher(type='message', module=zhenxun.plugins.mute.mute_message, lineno=32) running complete
10-05 20:02:43 [INFO] nonebot | Event will be handled by Matcher(type='message', module=zhenxun.plugins.nonebot_plugin_sparkapi.matchers.chat, lineno=39)
10-05 20:02:43 [INFO] zhenxun | 用户[782877431] CMD[ai] 问题：海底捞怎么吃最划算 ---- 回答：None
10-05 20:02:53 [INFO] zhenxun | CMD[签到] 清理日常签到图片数据数据完成...
10-05 20:03:02 [INFO] nonebot | Matcher(type='message', module=zhenxun.plugins.nonebot_plugin_sparkapi.matchers.chat, lineno=39) running complete
10-05 21:02:53 [INFO] zhenxun | CMD[签到] 清理日常签到图片数据数据完成...
10-05 21:15:25 [SUCCESS] nonebot | OneBot V11 3973508735 | [message.group.normal]: Message 1998273885 from 782877431@[群:546881717] '[at:qq=499736955] 我在艾尼尔伊利木'
10-05 21:15:25 [INFO] nonebot | Event will be handled by Matcher(type='message', module=zhenxun.plugins.mute.mute_message, lineno=32)
10-05 21:15:25 [INFO] nonebot | Event will be handled by Matcher(type='message', module=zhenxun.builtin_plugins.chat_history.chat_message, lineno=39)
10-05 21:15:25 [INFO] nonebot | Event will be handled by Matcher(type='message', module=zhenxun.plugins.parse_bilibili, lineno=54)
10-05 21:15:25 [INFO] nonebot | Matcher(type='message', module=zhenxun.plugins.parse_bilibili, lineno=54) running complete
10-05 21:15:25 [INFO] nonebot | Matcher(type='message', module=zhenxun.builtin_plugins.chat_history.chat_message, lineno=39) running complete
10-05 21:15:25 [INFO] nonebot | Matcher(type='message', module=zhenxun.plugins.mute.mute_message, lineno=32) running complete
10-05 21:15:26 [INFO] nonebot | Event will be handled by Matcher(type='message', module=zhenxun.plugins.fudu, lineno=97)
10-05 21:15:26 [INFO] nonebot | Matcher(type='message', module=zhenxun.plugins.fudu, lineno=97) running complete
10-05 21:15:29 [SUCCESS] nonebot | OneBot V11 3973508735 | [message.group.normal]: Message 1466085399 from 782877431@[群:546881717] '拟人纳？'
10-05 21:15:29 [INFO] nonebot | Event will be handled by Matcher(type='message', module=zhenxun.plugins.mute.mute_message, lineno=32)
10-05 21:15:29 [INFO] nonebot | Event will be handled by Matcher(type='message', module=zhenxun.plugins.parse_bilibili, lineno=54)
10-05 21:15:29 [INFO] nonebot | Event will be handled by Matcher(type='message', module=zhenxun.builtin_plugins.chat_history.chat_message, lineno=39)
10-05 21:15:29 [INFO] nonebot | Matcher(type='message', module=zhenxun.builtin_plugins.chat_history.chat_message, lineno=39) running complete
10-05 21:15:29 [INFO] nonebot | Matcher(type='message', module=zhenxun.plugins.mute.mute_message, lineno=32) running complete
10-05 21:15:29 [INFO] nonebot | Matcher(type='message', module=zhenxun.plugins.parse_bilibili, lineno=54) running complete
10-05 21:15:30 [INFO] nonebot | Event will be handled by Matcher(type='message', module=zhenxun.plugins.fudu, lineno=97)
10-05 21:15:30 [INFO] nonebot | Matcher(type='message', module=zhenxun.plugins.fudu, lineno=97) running complete
10-05 21:21:47 [SUCCESS] nonebot | OneBot V11 3973508735 | [message.group.normal]: Message 703792283 from 499736955@[群:546881717] '我在思考'
10-05 21:21:47 [INFO] nonebot | Event will be handled by Matcher(type='message', module=zhenxun.plugins.mute.mute_message, lineno=32)
10-05 21:21:47 [INFO] nonebot | Event will be handled by Matcher(type='message', module=zhenxun.builtin_plugins.chat_history.chat_message, lineno=39)
10-05 21:21:47 [INFO] nonebot | Event will be handled by Matcher(type='message', module=zhenxun.plugins.parse_bilibili, lineno=54)
10-05 21:21:47 [INFO] nonebot | Matcher(type='message', module=zhenxun.plugins.parse_bilibili, lineno=54) running complete
10-05 21:21:47 [INFO] nonebot | Matcher(type='message', module=zhenxun.builtin_plugins.chat_history.chat_message, lineno=39) running complete
10-05 21:21:47 [INFO] nonebot | Matcher(type='message', module=zhenxun.plugins.mute.mute_message, lineno=32) running complete
10-05 21:21:47 [INFO] nonebot | Event will be handled by Matcher(type='message', module=zhenxun.plugins.fudu, lineno=97)
10-05 21:21:47 [INFO] nonebot | Matcher(type='message', module=zhenxun.plugins.fudu, lineno=97) running complete
10-05 21:23:39 [SUCCESS] nonebot | OneBot V11 3973508735 | [message.group.normal]: Message 739919432 from 782877431@[群:546881717] '思考？三白板思考？'
10-05 21:23:39 [INFO] nonebot | Event will be handled by Matcher(type='message', module=zhenxun.plugins.mute.mute_message, lineno=32)
10-05 21:23:39 [INFO] nonebot | Event will be handled by Matcher(type='message', module=zhenxun.plugins.parse_bilibili, lineno=54)
10-05 21:23:39 [INFO] nonebot | Event will be handled by Matcher(type='message', module=zhenxun.builtin_plugins.chat_history.chat_message, lineno=39)
10-05 21:23:39 [INFO] nonebot | Matcher(type='message', module=zhenxun.builtin_plugins.chat_history.chat_message, lineno=39) running complete
10-05 21:23:39 [INFO] nonebot | Matcher(type='message', module=zhenxun.plugins.mute.mute_message, lineno=32) running complete
10-05 21:23:39 [INFO] nonebot | Matcher(type='message', module=zhenxun.plugins.parse_bilibili, lineno=54) running complete
10-05 21:23:39 [INFO] nonebot | Event will be handled by Matcher(type='message', module=zhenxun.plugins.fudu, lineno=97)
10-05 21:23:39 [INFO] nonebot | Matcher(type='message', module=zhenxun.plugins.fudu, lineno=97) running complete
10-05 21:24:02 [SUCCESS] nonebot | OneBot V11 3973508735 | [message.group.normal]: Message 802846776 from 782877431@[群:546881717] '喜欢我庄上飘财吗？'
10-05 21:24:02 [INFO] nonebot | Event will be handled by Matcher(type='message', module=zhenxun.plugins.mute.mute_message, lineno=32)
10-05 21:24:02 [INFO] nonebot | Event will be handled by Matcher(type='message', module=zhenxun.plugins.parse_bilibili, lineno=54)
10-05 21:24:02 [INFO] nonebot | Event will be handled by Matcher(type='message', module=zhenxun.builtin_plugins.chat_history.chat_message, lineno=39)
10-05 21:24:02 [INFO] nonebot | Matcher(type='message', module=zhenxun.builtin_plugins.chat_history.chat_message, lineno=39) running complete
10-05 21:24:02 [INFO] nonebot | Matcher(type='message', module=zhenxun.plugins.mute.mute_message, lineno=32) running complete
10-05 21:24:02 [INFO] nonebot | Matcher(type='message', module=zhenxun.plugins.parse_bilibili, lineno=54) running complete
10-05 21:24:02 [INFO] nonebot | Event will be handled by Matcher(type='message', module=zhenxun.plugins.fudu, lineno=97)
10-05 21:24:02 [INFO] nonebot | Matcher(type='message', module=zhenxun.plugins.fudu, lineno=97) running complete
10-05 21:28:02 [SUCCESS] nonebot | OneBot V11 3973508735 | [message.group.normal]: Message 1117176619 from 499736955@[群:546881717] '一般吧'
10-05 21:28:02 [INFO] nonebot | Event will be handled by Matcher(type='message', module=zhenxun.plugins.mute.mute_message, lineno=32)
10-05 21:28:02 [INFO] nonebot | Event will be handled by Matcher(type='message', module=zhenxun.plugins.parse_bilibili, lineno=54)
10-05 21:28:02 [INFO] nonebot | Event will be handled by Matcher(type='message', module=zhenxun.builtin_plugins.chat_history.chat_message, lineno=39)
10-05 21:28:02 [INFO] nonebot | Matcher(type='message', module=zhenxun.builtin_plugins.chat_history.chat_message, lineno=39) running complete
10-05 21:28:02 [INFO] nonebot | Matcher(type='message', module=zhenxun.plugins.parse_bilibili, lineno=54) running complete
10-05 21:28:02 [INFO] nonebot | Matcher(type='message', module=zhenxun.plugins.mute.mute_message, lineno=32) running complete
10-05 21:28:02 [INFO] nonebot | Event will be handled by Matcher(type='message', module=zhenxun.plugins.fudu, lineno=97)
10-05 21:28:02 [INFO] nonebot | Matcher(type='message', module=zhenxun.plugins.fudu, lineno=97) running complete
10-05 22:02:53 [INFO] zhenxun | CMD[签到] 清理日常签到图片数据数据完成...
10-05 22:44:42 [SUCCESS] nonebot | OneBot V11 3973508735 | [message.group.normal]: Message 686592302 from 499736955@[群:546881717] '野猪好强'
10-05 22:44:42 [INFO] nonebot | Event will be handled by Matcher(type='message', module=zhenxun.plugins.mute.mute_message, lineno=32)
10-05 22:44:42 [INFO] nonebot | Event will be handled by Matcher(type='message', module=zhenxun.plugins.parse_bilibili, lineno=54)
10-05 22:44:42 [INFO] nonebot | Event will be handled by Matcher(type='message', module=zhenxun.builtin_plugins.chat_history.chat_message, lineno=39)
10-05 22:44:42 [INFO] nonebot | Matcher(type='message', module=zhenxun.plugins.parse_bilibili, lineno=54) running complete
10-05 22:44:42 [INFO] nonebot | Matcher(type='message', module=zhenxun.builtin_plugins.chat_history.chat_message, lineno=39) running complete
10-05 22:44:42 [INFO] nonebot | Matcher(type='message', module=zhenxun.plugins.mute.mute_message, lineno=32) running complete
10-05 22:44:43 [INFO] nonebot | Event will be handled by Matcher(type='message', module=zhenxun.plugins.fudu, lineno=97)
10-05 22:44:43 [INFO] nonebot | Matcher(type='message', module=zhenxun.plugins.fudu, lineno=97) running complete
10-05 22:44:45 [SUCCESS] nonebot | OneBot V11 3973508735 | [message.group.normal]: Message 413769286 from 499736955@[群:546881717] '悟了'
10-05 22:44:45 [INFO] nonebot | Event will be handled by Matcher(type='message', module=zhenxun.plugins.mute.mute_message, lineno=32)
10-05 22:44:45 [INFO] nonebot | Event will be handled by Matcher(type='message', module=zhenxun.plugins.parse_bilibili, lineno=54)
10-05 22:44:45 [INFO] nonebot | Event will be handled by Matcher(type='message', module=zhenxun.builtin_plugins.chat_history.chat_message, lineno=39)
10-05 22:44:45 [INFO] nonebot | Matcher(type='message', module=zhenxun.builtin_plugins.chat_history.chat_message, lineno=39) running complete
10-05 22:44:45 [INFO] nonebot | Matcher(type='message', module=zhenxun.plugins.mute.mute_message, lineno=32) running complete
10-05 22:44:45 [INFO] nonebot | Matcher(type='message', module=zhenxun.plugins.parse_bilibili, lineno=54) running complete
10-05 22:44:45 [INFO] nonebot | Event will be handled by Matcher(type='message', module=zhenxun.plugins.fudu, lineno=97)
10-05 22:44:45 [INFO] nonebot | Matcher(type='message', module=zhenxun.plugins.fudu, lineno=97) running complete
10-05 22:44:54 [SUCCESS] nonebot | OneBot V11 3973508735 | [message.group.normal]: Message 450063476 from 1046393368@[群:546881717] '野猪加鱼人'
10-05 22:44:55 [INFO] nonebot | Event will be handled by Matcher(type='message', module=zhenxun.plugins.mute.mute_message, lineno=32)
10-05 22:44:55 [INFO] nonebot | Event will be handled by Matcher(type='message', module=zhenxun.builtin_plugins.chat_history.chat_message, lineno=39)
10-05 22:44:55 [INFO] nonebot | Event will be handled by Matcher(type='message', module=zhenxun.plugins.parse_bilibili, lineno=54)
10-05 22:44:55 [INFO] nonebot | Matcher(type='message', module=zhenxun.builtin_plugins.chat_history.chat_message, lineno=39) running complete
10-05 22:44:55 [INFO] nonebot | Matcher(type='message', module=zhenxun.plugins.mute.mute_message, lineno=32) running complete
10-05 22:44:55 [INFO] nonebot | Matcher(type='message', module=zhenxun.plugins.parse_bilibili, lineno=54) running complete
10-05 22:44:55 [INFO] nonebot | Event will be handled by Matcher(type='message', module=zhenxun.plugins.fudu, lineno=97)
10-05 22:44:55 [INFO] nonebot | Matcher(type='message', module=zhenxun.plugins.fudu, lineno=97) running complete
10-05 22:45:00 [SUCCESS] nonebot | OneBot V11 3973508735 | [message.group.normal]: Message 1924510071 from 1046393368@[群:546881717] '爆炸'
10-05 22:45:00 [INFO] nonebot | Event will be handled by Matcher(type='message', module=zhenxun.plugins.mute.mute_message, lineno=32)
10-05 22:45:00 [INFO] nonebot | Event will be handled by Matcher(type='message', module=zhenxun.builtin_plugins.chat_history.chat_message, lineno=39)
10-05 22:45:00 [INFO] nonebot | Event will be handled by Matcher(type='message', module=zhenxun.plugins.parse_bilibili, lineno=54)
10-05 22:45:00 [INFO] nonebot | Matcher(type='message', module=zhenxun.builtin_plugins.chat_history.chat_message, lineno=39) running complete
10-05 22:45:00 [INFO] nonebot | Matcher(type='message', module=zhenxun.plugins.mute.mute_message, lineno=32) running complete
10-05 22:45:00 [INFO] nonebot | Matcher(type='message', module=zhenxun.plugins.parse_bilibili, lineno=54) running complete
10-05 22:45:00 [INFO] nonebot | Event will be handled by Matcher(type='message', module=zhenxun.plugins.fudu, lineno=97)
10-05 22:45:00 [INFO] nonebot | Matcher(type='message', module=zhenxun.plugins.fudu, lineno=97) running complete
10-05 23:02:53 [INFO] zhenxun | CMD[签到] 清理日常签到图片数据数据完成...
10-05 23:59:00 [INFO] zhenxun | begin to build uni message!!!
10-05 23:59:00 [INFO] zhenxun | group list is [<GroupConsole>, <GroupConsole>]
10-05 23:59:00 [INFO] zhenxun | key is 992333365:None, check_func is <function check at 0x00000273EC3BE320>
10-05 23:59:00 [INFO] zhenxun | is_run value False
10-05 23:59:00 [INFO] zhenxun | key is 546881717:None, check_func is <function check at 0x00000273EC3BE320>
10-05 23:59:00 [INFO] zhenxun | is_run value True
10-05 23:59:00 [INFO] zhenxun | target is Target({'id': '546881717', 'parent_id': '', 'channel': False, 'private': False, 'self_id': None, 'extra': {}, 'scope': None, 'adapter': None, 'platforms': None})
10-05 23:59:00 [INFO] zhenxun | begin to build uni message!!!
10-05 23:59:01 [INFO] zhenxun | 每日晚安发送...
