09-27 00:35:50 [SUCCESS] nonebot | OneBot V11 3973508735 | [message.private.friend]: Message 1396613665 from 2747277822 '[json:data={"app":"com.tencent.gamecenter.mall","desc":"【三角洲行动(端游)】前瞻直播内容回顾总结"...]'
09-27 00:35:50 [INFO] nonebot | Event will be handled by Matcher(type='message', module=zhenxun.plugins.mute.mute_message, lineno=32)
09-27 00:35:50 [INFO] nonebot | Event will be handled by Matcher(type='message', module=zhenxun.builtin_plugins.chat_history.chat_message, lineno=39)
09-27 00:35:50 [INFO] nonebot | Matcher(type='message', module=zhenxun.plugins.mute.mute_message, lineno=32) running complete
09-27 00:35:50 [INFO] nonebot | Event will be handled by Matcher(type='message', module=zhenxun.plugins.parse_bilibili, lineno=54)
09-27 00:35:50 [INFO] nonebot | Matcher(type='message', module=zhenxun.builtin_plugins.chat_history.chat_message, lineno=39) running complete
09-27 00:35:50 [INFO] nonebot | Matcher(type='message', module=zhenxun.plugins.parse_bilibili, lineno=54) running complete
09-27 00:35:50 [ERROR] nonebot | Running Matcher(type='message', module=zhenxun.plugins.parse_bilibili, lineno=54) failed.
Traceback (most recent call last):

  File "C:\Program Files\zhenxun\zhenxun_bot-dev\bot.py", line 27, in <module>
    nonebot.run()
    │       └ <function run at 0x0000026983661510>
    └ <module 'nonebot' from 'C:\\Users\\Administrator\\AppData\\Local\\pypoetry\\Cache\\virtualenvs\\zhenxun-bot-k9jvl_fX-py3.10\\...

  File "C:\Users\Administrator\AppData\Local\pypoetry\Cache\virtualenvs\zhenxun-bot-k9jvl_fX-py3.10\lib\site-packages\nonebot\__init__.py", line 335, in run
    get_driver().run(*args, **kwargs)
    │                 │       └ {}
    │                 └ ()
    └ <function get_driver at 0x0000026983661360>

  File "C:\Users\Administrator\AppData\Local\pypoetry\Cache\virtualenvs\zhenxun-bot-k9jvl_fX-py3.10\lib\site-packages\nonebot\drivers\fastapi.py", line 186, in run
    uvicorn.run(
    │       └ <function run at 0x0000026983E3ED40>
    └ <module 'uvicorn' from 'C:\\Users\\Administrator\\AppData\\Local\\pypoetry\\Cache\\virtualenvs\\zhenxun-bot-k9jvl_fX-py3.10\\...

  File "C:\Users\Administrator\AppData\Local\pypoetry\Cache\virtualenvs\zhenxun-bot-k9jvl_fX-py3.10\lib\site-packages\uvicorn\main.py", line 577, in run
    server.run()
    │      └ <function Server.run at 0x0000026983E3E680>
    └ <uvicorn.server.Server object at 0x000002699358DB40>

  File "C:\Users\Administrator\AppData\Local\pypoetry\Cache\virtualenvs\zhenxun-bot-k9jvl_fX-py3.10\lib\site-packages\uvicorn\server.py", line 65, in run
    return asyncio.run(self.serve(sockets=sockets))
           │       │   │    │             └ None
           │       │   │    └ <function Server.serve at 0x0000026983E3E710>
           │       │   └ <uvicorn.server.Server object at 0x000002699358DB40>
           │       └ <function run at 0x000002698135CE50>
           └ <module 'asyncio' from 'C:\\Users\\Administrator\\AppData\\Local\\Programs\\Python\\Python310\\lib\\asyncio\\__init__.py'>

  File "C:\Users\Administrator\AppData\Local\Programs\Python\Python310\lib\asyncio\runners.py", line 44, in run
    return loop.run_until_complete(main)
           │    │                  └ <coroutine object Server.serve at 0x00000269939C52A0>
           │    └ <function BaseEventLoop.run_until_complete at 0x0000026981460280>
           └ <ProactorEventLoop running=True closed=False debug=False>

  File "C:\Users\Administrator\AppData\Local\Programs\Python\Python310\lib\asyncio\base_events.py", line 636, in run_until_complete
    self.run_forever()
    │    └ <function ProactorEventLoop.run_forever at 0x000002698309D510>
    └ <ProactorEventLoop running=True closed=False debug=False>

  File "C:\Users\Administrator\AppData\Local\Programs\Python\Python310\lib\asyncio\windows_events.py", line 321, in run_forever
    super().run_forever()

  File "C:\Users\Administrator\AppData\Local\Programs\Python\Python310\lib\asyncio\base_events.py", line 603, in run_forever
    self._run_once()
    │    └ <function BaseEventLoop._run_once at 0x0000026981461CF0>
    └ <ProactorEventLoop running=True closed=False debug=False>

  File "C:\Users\Administrator\AppData\Local\Programs\Python\Python310\lib\asyncio\base_events.py", line 1909, in _run_once
    handle._run()
    │      └ <function Handle._run at 0x00000269814109D0>
    └ <Handle Task.task_wakeup(<_GatheringFu...2f72eb1'}})]]>)>

  File "C:\Users\Administrator\AppData\Local\Programs\Python\Python310\lib\asyncio\events.py", line 80, in _run
    self._context.run(self._callback, *self._args)
    │    │            │    │           │    └ <member '_args' of 'Handle' objects>
    │    │            │    │           └ <Handle Task.task_wakeup(<_GatheringFu...2f72eb1'}})]]>)>
    │    │            │    └ <member '_callback' of 'Handle' objects>
    │    │            └ <Handle Task.task_wakeup(<_GatheringFu...2f72eb1'}})]]>)>
    │    └ <member '_context' of 'Handle' objects>
    └ <Handle Task.task_wakeup(<_GatheringFu...2f72eb1'}})]]>)>

  File "C:\Users\Administrator\AppData\Local\pypoetry\Cache\virtualenvs\zhenxun-bot-k9jvl_fX-py3.10\lib\site-packages\nonebot\message.py", line 476, in check_and_run_matcher
    await _run_matcher(
          └ <function _run_matcher at 0x00000269837C09D0>

> File "C:\Users\Administrator\AppData\Local\pypoetry\Cache\virtualenvs\zhenxun-bot-k9jvl_fX-py3.10\lib\site-packages\nonebot\message.py", line 428, in _run_matcher
    await matcher.run(bot, event, state, stack, dependency_cache)
          │       │   │    │      │      │      └ {<function _event_to_me at 0x00000269836B9CF0>: <Task finished name='Task-99470' coro=<_event_to_me() done, defined at C:\Use...
          │       │   │    │      │      └ <contextlib.AsyncExitStack object at 0x0000026986108FD0>
          │       │   │    │      └ {'_prefix': {'command': None, 'raw_command': None, 'command_arg': None, 'command_start': None, 'command_whitespace': None}}
          │       │   │    └ PrivateMessageEvent(time=1727368549, self_id=3973508735, post_type='message', sub_type='friend', user_id=2747277822, message_...
          │       │   └ Bot(type='OneBot V11', self_id='3973508735')
          │       └ <function Matcher.run at 0x00000269836B9B40>
          └ Matcher(type='message', module=zhenxun.plugins.parse_bilibili, lineno=54)

  File "C:\Users\Administrator\AppData\Local\pypoetry\Cache\virtualenvs\zhenxun-bot-k9jvl_fX-py3.10\lib\site-packages\nonebot\internal\matcher\matcher.py", line 850, in run
    await self.simple_run(bot, event, state, stack, dependency_cache)
          │    │          │    │      │      │      └ {<function _event_to_me at 0x00000269836B9CF0>: <Task finished name='Task-99470' coro=<_event_to_me() done, defined at C:\Use...
          │    │          │    │      │      └ <contextlib.AsyncExitStack object at 0x0000026986108FD0>
          │    │          │    │      └ {'_prefix': {'command': None, 'raw_command': None, 'command_arg': None, 'command_start': None, 'command_whitespace': None}}
          │    │          │    └ PrivateMessageEvent(time=1727368549, self_id=3973508735, post_type='message', sub_type='friend', user_id=2747277822, message_...
          │    │          └ Bot(type='OneBot V11', self_id='3973508735')
          │    └ <function Matcher.simple_run at 0x00000269836B9AB0>
          └ Matcher(type='message', module=zhenxun.plugins.parse_bilibili, lineno=54)

  File "C:\Users\Administrator\AppData\Local\pypoetry\Cache\virtualenvs\zhenxun-bot-k9jvl_fX-py3.10\lib\site-packages\nonebot\internal\matcher\matcher.py", line 825, in simple_run
    await handler(
          └ Dependent(call=_)

  File "C:\Users\Administrator\AppData\Local\pypoetry\Cache\virtualenvs\zhenxun-bot-k9jvl_fX-py3.10\lib\site-packages\nonebot\dependencies\__init__.py", line 94, in __call__
    return await cast(Callable[..., Awaitable[R]], self.call)(**values)
                 │    │             │         │    │    │       └ {'session': Session(bot_id='3973508735', bot_type='OneBot V11', platform='qq', level=<SessionLevel.LEVEL1: 1>, id1='274727782...
                 │    │             │         │    │    └ <function _ at 0x0000026992F8E8C0>
                 │    │             │         │    └ Dependent(call=_)
                 │    │             │         └ ~R
                 │    │             └ <class 'collections.abc.Awaitable'>
                 │    └ typing.Callable
                 └ <function cast at 0x00000269811F04C0>

  File "C:\Program Files\zhenxun\zhenxun_bot-dev\zhenxun\plugins\parse_bilibili\__init__.py", line 86, in _
    get_url = (qqdocurl_value if qqdocurl_value else jumpUrl_value).split("?")[
               │                 │                   └ {}
               │                 └ {}
               └ {}

AttributeError: 'dict' object has no attribute 'split'
09-27 00:35:50 [INFO] nonebot | Event will be handled by Matcher(type='message', module=zhenxun.plugins.nonebot_plugin_sparkapi.matchers.chat, lineno=39)
09-27 00:36:01 [INFO] nonebot | Matcher(type='message', module=zhenxun.plugins.nonebot_plugin_sparkapi.matchers.chat, lineno=39) running complete
09-27 00:36:01 [ERROR] nonebot | Running Matcher(type='message', module=zhenxun.plugins.nonebot_plugin_sparkapi.matchers.chat, lineno=39) failed.
Traceback (most recent call last):

  File "C:\Program Files\zhenxun\zhenxun_bot-dev\bot.py", line 27, in <module>
    nonebot.run()
    │       └ <function run at 0x0000026983661510>
    └ <module 'nonebot' from 'C:\\Users\\Administrator\\AppData\\Local\\pypoetry\\Cache\\virtualenvs\\zhenxun-bot-k9jvl_fX-py3.10\\...

  File "C:\Users\Administrator\AppData\Local\pypoetry\Cache\virtualenvs\zhenxun-bot-k9jvl_fX-py3.10\lib\site-packages\nonebot\__init__.py", line 335, in run
    get_driver().run(*args, **kwargs)
    │                 │       └ {}
    │                 └ ()
    └ <function get_driver at 0x0000026983661360>

  File "C:\Users\Administrator\AppData\Local\pypoetry\Cache\virtualenvs\zhenxun-bot-k9jvl_fX-py3.10\lib\site-packages\nonebot\drivers\fastapi.py", line 186, in run
    uvicorn.run(
    │       └ <function run at 0x0000026983E3ED40>
    └ <module 'uvicorn' from 'C:\\Users\\Administrator\\AppData\\Local\\pypoetry\\Cache\\virtualenvs\\zhenxun-bot-k9jvl_fX-py3.10\\...

  File "C:\Users\Administrator\AppData\Local\pypoetry\Cache\virtualenvs\zhenxun-bot-k9jvl_fX-py3.10\lib\site-packages\uvicorn\main.py", line 577, in run
    server.run()
    │      └ <function Server.run at 0x0000026983E3E680>
    └ <uvicorn.server.Server object at 0x000002699358DB40>

  File "C:\Users\Administrator\AppData\Local\pypoetry\Cache\virtualenvs\zhenxun-bot-k9jvl_fX-py3.10\lib\site-packages\uvicorn\server.py", line 65, in run
    return asyncio.run(self.serve(sockets=sockets))
           │       │   │    │             └ None
           │       │   │    └ <function Server.serve at 0x0000026983E3E710>
           │       │   └ <uvicorn.server.Server object at 0x000002699358DB40>
           │       └ <function run at 0x000002698135CE50>
           └ <module 'asyncio' from 'C:\\Users\\Administrator\\AppData\\Local\\Programs\\Python\\Python310\\lib\\asyncio\\__init__.py'>

  File "C:\Users\Administrator\AppData\Local\Programs\Python\Python310\lib\asyncio\runners.py", line 44, in run
    return loop.run_until_complete(main)
           │    │                  └ <coroutine object Server.serve at 0x00000269939C52A0>
           │    └ <function BaseEventLoop.run_until_complete at 0x0000026981460280>
           └ <ProactorEventLoop running=True closed=False debug=False>

  File "C:\Users\Administrator\AppData\Local\Programs\Python\Python310\lib\asyncio\base_events.py", line 636, in run_until_complete
    self.run_forever()
    │    └ <function ProactorEventLoop.run_forever at 0x000002698309D510>
    └ <ProactorEventLoop running=True closed=False debug=False>

  File "C:\Users\Administrator\AppData\Local\Programs\Python\Python310\lib\asyncio\windows_events.py", line 321, in run_forever
    super().run_forever()

  File "C:\Users\Administrator\AppData\Local\Programs\Python\Python310\lib\asyncio\base_events.py", line 603, in run_forever
    self._run_once()
    │    └ <function BaseEventLoop._run_once at 0x0000026981461CF0>
    └ <ProactorEventLoop running=True closed=False debug=False>

  File "C:\Users\Administrator\AppData\Local\Programs\Python\Python310\lib\asyncio\base_events.py", line 1909, in _run_once
    handle._run()
    │      └ <function Handle._run at 0x00000269814109D0>
    └ <Handle Task.task_wakeup(<Future finished result=None>)>

  File "C:\Users\Administrator\AppData\Local\Programs\Python\Python310\lib\asyncio\events.py", line 80, in _run
    self._context.run(self._callback, *self._args)
    │    │            │    │           │    └ <member '_args' of 'Handle' objects>
    │    │            │    │           └ <Handle Task.task_wakeup(<Future finished result=None>)>
    │    │            │    └ <member '_callback' of 'Handle' objects>
    │    │            └ <Handle Task.task_wakeup(<Future finished result=None>)>
    │    └ <member '_context' of 'Handle' objects>
    └ <Handle Task.task_wakeup(<Future finished result=None>)>

  File "C:\Users\Administrator\AppData\Local\pypoetry\Cache\virtualenvs\zhenxun-bot-k9jvl_fX-py3.10\lib\site-packages\nonebot\message.py", line 476, in check_and_run_matcher
    await _run_matcher(
          └ <function _run_matcher at 0x00000269837C09D0>

> File "C:\Users\Administrator\AppData\Local\pypoetry\Cache\virtualenvs\zhenxun-bot-k9jvl_fX-py3.10\lib\site-packages\nonebot\message.py", line 428, in _run_matcher
    await matcher.run(bot, event, state, stack, dependency_cache)
          │       │   │    │      │      │      └ {<function _event_to_me at 0x00000269836B9CF0>: <Task finished name='Task-99470' coro=<_event_to_me() done, defined at C:\Use...
          │       │   │    │      │      └ <contextlib.AsyncExitStack object at 0x0000026986108FD0>
          │       │   │    │      └ {'_prefix': {'command': None, 'raw_command': None, 'command_arg': None, 'command_start': None, 'command_whitespace': None}}
          │       │   │    └ PrivateMessageEvent(time=1727368549, self_id=3973508735, post_type='message', sub_type='friend', user_id=2747277822, message_...
          │       │   └ Bot(type='OneBot V11', self_id='3973508735')
          │       └ <function Matcher.run at 0x00000269836B9B40>
          └ Matcher(type='message', module=zhenxun.plugins.nonebot_plugin_sparkapi.matchers.chat, lineno=39)

  File "C:\Users\Administrator\AppData\Local\pypoetry\Cache\virtualenvs\zhenxun-bot-k9jvl_fX-py3.10\lib\site-packages\nonebot\internal\matcher\matcher.py", line 850, in run
    await self.simple_run(bot, event, state, stack, dependency_cache)
          │    │          │    │      │      │      └ {<function _event_to_me at 0x00000269836B9CF0>: <Task finished name='Task-99470' coro=<_event_to_me() done, defined at C:\Use...
          │    │          │    │      │      └ <contextlib.AsyncExitStack object at 0x0000026986108FD0>
          │    │          │    │      └ {'_prefix': {'command': None, 'raw_command': None, 'command_arg': None, 'command_start': None, 'command_whitespace': None}}
          │    │          │    └ PrivateMessageEvent(time=1727368549, self_id=3973508735, post_type='message', sub_type='friend', user_id=2747277822, message_...
          │    │          └ Bot(type='OneBot V11', self_id='3973508735')
          │    └ <function Matcher.simple_run at 0x00000269836B9AB0>
          └ Matcher(type='message', module=zhenxun.plugins.nonebot_plugin_sparkapi.matchers.chat, lineno=39)

  File "C:\Users\Administrator\AppData\Local\pypoetry\Cache\virtualenvs\zhenxun-bot-k9jvl_fX-py3.10\lib\site-packages\nonebot\internal\matcher\matcher.py", line 825, in simple_run
    await handler(
          └ Dependent(call=_)

  File "C:\Users\Administrator\AppData\Local\pypoetry\Cache\virtualenvs\zhenxun-bot-k9jvl_fX-py3.10\lib\site-packages\nonebot\dependencies\__init__.py", line 94, in __call__
    return await cast(Callable[..., Awaitable[R]], self.call)(**values)
                 │    │             │         │    │    │       └ {'session_id': 'qq_OneBot_V11_3973508735_2747277822', 'arg': [MessageSegment(type='json', data={'data': '{"app":"com.tencent....
                 │    │             │         │    │    └ <function _ at 0x00000269944736D0>
                 │    │             │         │    └ Dependent(call=_)
                 │    │             │         └ ~R
                 │    │             └ <class 'collections.abc.Awaitable'>
                 │    └ typing.Callable
                 └ <function cast at 0x00000269811F04C0>

  File "C:\Program Files\zhenxun\zhenxun_bot-dev\zhenxun\plugins\nonebot_plugin_sparkapi\matchers\chat.py", line 58, in _
    await hello().finish()
          └ <function hello at 0x0000026994473400>

  File "C:\Users\Administrator\AppData\Local\pypoetry\Cache\virtualenvs\zhenxun-bot-k9jvl_fX-py3.10\lib\site-packages\nonebot_plugin_alconna\uniseg\message.py", line 1407, in finish
    await self.send(target, bot, fallback, at_sender, reply_to, **kwargs)
          │    │    │       │    │         │          │           └ {}
          │    │    │       │    │         │          └ False
          │    │    │       │    │         └ False
          │    │    │       │    └ <FallbackStrategy.rollback: 'rollback'>
          │    │    │       └ None
          │    │    └ None
          │    └ <function UniMessage.send at 0x0000026987509480>
          └ [Image(id=None, url=None, path=WindowsPath('resources/image/zai/2.gif'), raw=None, mimetype=None, name='2.gif'), Text(text='我...

  File "C:\Users\Administrator\AppData\Local\pypoetry\Cache\virtualenvs\zhenxun-bot-k9jvl_fX-py3.10\lib\site-packages\nonebot_plugin_alconna\uniseg\message.py", line 1395, in send
    res = await fn.send_to(target, bot, msg, **kwargs)
                │  │       │       │    │      └ {}
                │  │       │       │    └ [MessageSegment(type='image', data={'file': 'file:///C:/Program%20Files/zhenxun/zhenxun_bot-dev/resources/image/zai/2.gif', '...
                │  │       │       └ Bot(type='OneBot V11', self_id='3973508735')
                │  │       └ PrivateMessageEvent(time=1727368549, self_id=3973508735, post_type='message', sub_type='friend', user_id=2747277822, message_...
                │  └ <function Onebot11MessageExporter.send_to at 0x000002698651C820>
                └ <nonebot_plugin_alconna.uniseg.adapters.onebot11.exporter.Onebot11MessageExporter object at 0x00000269864DA830>

  File "C:\Users\Administrator\AppData\Local\pypoetry\Cache\virtualenvs\zhenxun-bot-k9jvl_fX-py3.10\lib\site-packages\nonebot_plugin_alconna\uniseg\adapters\onebot11\exporter.py", line 154, in send_to
    return await bot.send(target, message, **kwargs)  # type: ignore
                 │   │    │       │          └ {}
                 │   │    │       └ [MessageSegment(type='image', data={'file': 'file:///C:/Program%20Files/zhenxun/zhenxun_bot-dev/resources/image/zai/2.gif', '...
                 │   │    └ PrivateMessageEvent(time=1727368549, self_id=3973508735, post_type='message', sub_type='friend', user_id=2747277822, message_...
                 │   └ <function Bot.send at 0x0000026983BE8160>
                 └ Bot(type='OneBot V11', self_id='3973508735')

  File "C:\Users\Administrator\AppData\Local\pypoetry\Cache\virtualenvs\zhenxun-bot-k9jvl_fX-py3.10\lib\site-packages\nonebot\adapters\onebot\v11\bot.py", line 237, in send
    return await self.__class__.send_handler(self, event, message, **kwargs)
                 │    │                      │     │      │          └ {}
                 │    │                      │     │      └ [MessageSegment(type='image', data={'file': 'file:///C:/Program%20Files/zhenxun/zhenxun_bot-dev/resources/image/zai/2.gif', '...
                 │    │                      │     └ PrivateMessageEvent(time=1727368549, self_id=3973508735, post_type='message', sub_type='friend', user_id=2747277822, message_...
                 │    │                      └ Bot(type='OneBot V11', self_id='3973508735')
                 │    └ <attribute '__class__' of 'object' objects>
                 └ Bot(type='OneBot V11', self_id='3973508735')

  File "C:\Users\Administrator\AppData\Local\pypoetry\Cache\virtualenvs\zhenxun-bot-k9jvl_fX-py3.10\lib\site-packages\nonebot\adapters\onebot\v11\bot.py", line 190, in send
    return await bot.send_msg(**params)
                 │              └ {'user_id': 2747277822, 'message_type': 'private', 'message': [MessageSegment(type='image', data={'file': 'file:///C:/Program...
                 └ Bot(type='OneBot V11', self_id='3973508735')

  File "C:\Users\Administrator\AppData\Local\pypoetry\Cache\virtualenvs\zhenxun-bot-k9jvl_fX-py3.10\lib\site-packages\nonebot\internal\adapter\bot.py", line 122, in call_api
    raise exception
          └ ActionFailed(status='failed', retcode=1200, data=None, message='Error: Timeout: NTEvent serviceAndMethod:NodeIKernelMsgServic...

  File "C:\Users\Administrator\AppData\Local\pypoetry\Cache\virtualenvs\zhenxun-bot-k9jvl_fX-py3.10\lib\site-packages\nonebot\internal\adapter\bot.py", line 97, in call_api
    result = await self.adapter._call_api(self, api, **data)
                   │    │       │         │     │      └ {'user_id': 2747277822, 'message_type': 'private', 'message': [MessageSegment(type='image', data={'file': 'file:///C:/Program...
                   │    │       │         │     └ 'send_msg'
                   │    │       │         └ Bot(type='OneBot V11', self_id='3973508735')
                   │    │       └ <function Adapter._call_api at 0x0000026980ED8820>
                   │    └ Adapter(name='OneBot V11')
                   └ Bot(type='OneBot V11', self_id='3973508735')

  File "C:\Users\Administrator\AppData\Local\pypoetry\Cache\virtualenvs\zhenxun-bot-k9jvl_fX-py3.10\lib\site-packages\nonebot\adapters\onebot\v11\adapter.py", line 147, in _call_api
    return handle_api_result(await self._result_store.fetch(seq, timeout))
           │                       │    │             │     │    └ 30.0
           │                       │    │             │     └ 29
           │                       │    │             └ <function ResultStore.fetch at 0x0000026983BE92D0>
           │                       │    └ <nonebot.adapters.onebot.store.ResultStore object at 0x000002698390C5E0>
           │                       └ Adapter(name='OneBot V11')
           └ <function handle_api_result at 0x0000026983B70280>

  File "C:\Users\Administrator\AppData\Local\pypoetry\Cache\virtualenvs\zhenxun-bot-k9jvl_fX-py3.10\lib\site-packages\nonebot\adapters\onebot\v11\utils.py", line 58, in handle_api_result
    raise ActionFailed(**result)
          │              └ {'status': 'failed', 'retcode': 1200, 'data': None, 'message': 'Error: Timeout: NTEvent serviceAndMethod:NodeIKernelMsgServic...
          └ <class 'nonebot.adapters.onebot.v11.exception.ActionFailed'>

nonebot.adapters.onebot.v11.exception.ActionFailed: ActionFailed(status='failed', retcode=1200, data=None, message='Error: Timeout: NTEvent serviceAndMethod:NodeIKernelMsgService/sendMsg ListenerName:NodeIKernelMsgListener/onMsgInfoListUpdate EventRet:\n{}\n\n    at Timeout.sendDataCallback [as _onTimeout] (file:///C:/Users/Administrator/Documents/LiteloaderQQNT/plugins/NapCat.Framework/napcat.mjs:7666:15)\n    at listOnTimeout (node:internal/timers:573:17)\n    at process.processTimers (node:internal/timers:514:7)', wording='Error: Timeout: NTEvent serviceAndMethod:NodeIKernelMsgService/sendMsg ListenerName:NodeIKernelMsgListener/onMsgInfoListUpdate EventRet:\n{}\n\n    at Timeout.sendDataCallback [as _onTimeout] (file:///C:/Users/Administrator/Documents/LiteloaderQQNT/plugins/NapCat.Framework/napcat.mjs:7666:15)\n    at listOnTimeout (node:internal/timers:573:17)\n    at process.processTimers (node:internal/timers:514:7)', echo='29')
09-27 00:55:19 [INFO] zhenxun | CMD[签到] 清理日常签到图片数据数据完成...
09-27 01:01:00 [INFO] zhenxun | CMD[定时任务] 自动清理临时数据完成，共清理了 5.22MB 的数据...
09-27 01:55:19 [INFO] zhenxun | CMD[签到] 清理日常签到图片数据数据完成...
09-27 02:55:19 [INFO] zhenxun | CMD[签到] 清理日常签到图片数据数据完成...
09-27 03:01:00 [INFO] zhenxun | 自动更新好友信息成功...
09-27 03:01:00 [INFO] zhenxun | 自动更新群组成员信息成功...
09-27 03:25:00 [INFO] zhenxun | CMD[自动备份] 自动备份成功...
09-27 03:55:19 [INFO] zhenxun | CMD[签到] 清理日常签到图片数据数据完成...
09-27 04:01:00 [WARNING] zhenxun | 当前无UP池或 prts_up_char.json 文件不存在
09-27 04:01:00 [WARNING] zhenxun | 坎公骑冠剑UP更新出错 <class 'IndexError'>：list index out of range
09-27 04:01:00 [WARNING] zhenxun | guardian_up_char 解析出错
09-27 04:01:00 [WARNING] zhenxun | 赛马娘UP更新出错 || 错误<class 'AttributeError'>: 'NoneType' object has no attribute 'find'
09-27 04:01:00 [WARNING] zhenxun | pretty_up_char 解析出错
09-27 04:01:04 [WARNING] zhenxun | 原神 获取额外信息错误 旅行者水
09-27 04:01:08 [WARNING] zhenxun | 原神 获取额外信息错误 旅行者草
09-27 04:01:12 [WARNING] zhenxun | 原神 获取额外信息错误 旅行者雷
09-27 04:01:16 [WARNING] zhenxun | 原神 获取额外信息错误 旅行者风
09-27 04:01:16 [WARNING] zhenxun | 原神 获取额外信息错误 旅行者岩
09-27 04:01:20 [INFO] zhenxun | 原神 更新成功
09-27 04:01:20 [INFO] zhenxun | 原神 武器更新成功
09-27 04:01:20 [INFO] zhenxun | 成功获取原神当前up信息...当前up池: 「影寂天下人」 & 「巡火猎秘」 & 「神铸赋形」
09-27 04:30:21 [WARNING] zhenxun | 下载 https://i.pixiv.re/img-original/img/2023/10/27/18/20/27/112890527_p0.png 失败.. 尝试下一个地址..
09-27 04:30:41 [WARNING] zhenxun | 下载 https://i.pixiv.re/img-original/img/2023/10/27/18/20/27/112890527_p0.png 失败.. 尝试下一个地址..
09-27 04:31:01 [WARNING] zhenxun | 下载 https://i.pixiv.re/img-original/img/2023/10/27/18/20/27/112890527_p0.png 失败.. 尝试下一个地址..
09-27 04:31:01 [ERROR] zhenxun | 下载 ['https://i.pixiv.re/img-original/img/2023/10/27/18/20/27/112890527_p0.png'] 下载超时.. Path：C:\Program Files\zhenxun\zhenxun_bot-dev\resources\temp\2.jpg
09-27 04:31:21 [WARNING] zhenxun | 下载 https://i.pixiv.re/img-original/img/2023/11/15/21/06/20/113432062_p0.jpg 失败.. 尝试下一个地址..
09-27 04:31:41 [WARNING] zhenxun | 下载 https://i.pixiv.re/img-original/img/2023/11/15/21/06/20/113432062_p0.jpg 失败.. 尝试下一个地址..
09-27 04:32:01 [WARNING] zhenxun | 下载 https://i.pixiv.re/img-original/img/2023/11/15/21/06/20/113432062_p0.jpg 失败.. 尝试下一个地址..
09-27 04:32:01 [ERROR] zhenxun | 下载 ['https://i.pixiv.re/img-original/img/2023/11/15/21/06/20/113432062_p0.jpg'] 下载超时.. Path：C:\Program Files\zhenxun\zhenxun_bot-dev\resources\temp\1.jpg
09-27 04:32:21 [WARNING] zhenxun | 下载 https://i.pixiv.re/img-original/img/2023/04/18/19/12/19/107296589_p0.jpg 失败.. 尝试下一个地址..
09-27 04:32:41 [WARNING] zhenxun | 下载 https://i.pixiv.re/img-original/img/2023/04/18/19/12/19/107296589_p0.jpg 失败.. 尝试下一个地址..
09-27 04:33:01 [WARNING] zhenxun | 下载 https://i.pixiv.re/img-original/img/2023/04/18/19/12/19/107296589_p0.jpg 失败.. 尝试下一个地址..
09-27 04:33:01 [ERROR] zhenxun | 下载 ['https://i.pixiv.re/img-original/img/2023/04/18/19/12/19/107296589_p0.jpg'] 下载超时.. Path：C:\Program Files\zhenxun\zhenxun_bot-dev\resources\temp\0.jpg
09-27 04:40:00 [INFO] zhenxun | CMD[Chat检测] [Target]([992333365]) 群组两日内未发送任何消息，关闭该群全部被动
09-27 04:55:19 [INFO] zhenxun | CMD[签到] 清理日常签到图片数据数据完成...
09-27 05:55:19 [INFO] zhenxun | CMD[签到] 清理日常签到图片数据数据完成...
09-27 06:01:00 [INFO] zhenxun | 每日早安发送...
09-27 06:55:19 [INFO] zhenxun | CMD[签到] 清理日常签到图片数据数据完成...
09-27 07:55:19 [INFO] zhenxun | CMD[签到] 清理日常签到图片数据数据完成...
09-27 08:24:03 [SUCCESS] nonebot | OneBot V11 3973508735 | [message.group.normal]: Message 1531996555 from 1046393368@[群:546881717] '[at:qq=1095712946] 听说大盘暴涨？'
09-27 08:24:03 [INFO] nonebot | Event will be handled by Matcher(type='message', module=zhenxun.plugins.mute.mute_message, lineno=32)
09-27 08:24:03 [INFO] nonebot | Event will be handled by Matcher(type='message', module=zhenxun.builtin_plugins.chat_history.chat_message, lineno=39)
09-27 08:24:03 [INFO] nonebot | Matcher(type='message', module=zhenxun.plugins.mute.mute_message, lineno=32) running complete
09-27 08:24:03 [INFO] nonebot | Event will be handled by Matcher(type='message', module=zhenxun.plugins.parse_bilibili, lineno=54)
09-27 08:24:03 [INFO] nonebot | Matcher(type='message', module=zhenxun.builtin_plugins.chat_history.chat_message, lineno=39) running complete
09-27 08:24:03 [INFO] nonebot | Matcher(type='message', module=zhenxun.plugins.parse_bilibili, lineno=54) running complete
09-27 08:24:04 [INFO] nonebot | Event will be handled by Matcher(type='message', module=zhenxun.plugins.fudu, lineno=97)
09-27 08:24:04 [INFO] nonebot | Matcher(type='message', module=zhenxun.plugins.fudu, lineno=97) running complete
09-27 08:33:01 [SUCCESS] nonebot | OneBot V11 3973508735 | [message.group.normal]: Message 322002603 from 782877431@[群:546881717] '[at:qq=3973508735] 今日股市'
09-27 08:33:01 [INFO] nonebot | Event will be handled by Matcher(type='message', module=zhenxun.plugins.mute.mute_message, lineno=32)
09-27 08:33:01 [INFO] nonebot | Event will be handled by Matcher(type='message', module=zhenxun.builtin_plugins.chat_history.chat_message, lineno=39)
09-27 08:33:01 [INFO] nonebot | Matcher(type='message', module=zhenxun.plugins.mute.mute_message, lineno=32) running complete
09-27 08:33:01 [INFO] nonebot | Event will be handled by Matcher(type='message', module=zhenxun.plugins.parse_bilibili, lineno=54)
09-27 08:33:01 [INFO] nonebot | Matcher(type='message', module=zhenxun.builtin_plugins.chat_history.chat_message, lineno=39) running complete
09-27 08:33:01 [INFO] nonebot | Matcher(type='message', module=zhenxun.plugins.parse_bilibili, lineno=54) running complete
09-27 08:33:01 [INFO] nonebot | Event will be handled by Matcher(type='message', module=zhenxun.plugins.nonebot_plugin_sparkapi.matchers.chat, lineno=39)
09-27 08:33:01 [INFO] zhenxun | 用户[782877431] CMD[ai] 问题：今日股市 ---- 回答：None
09-27 08:33:04 [INFO] nonebot | Matcher(type='message', module=zhenxun.plugins.nonebot_plugin_sparkapi.matchers.chat, lineno=39) running complete
09-27 08:52:43 [SUCCESS] nonebot | OneBot V11 3973508735 | [message.group.normal]: Message 118968850 from 782877431@[群:546881717] '[json:data={"ver":"1.0.0.19","prompt":"[QQ小程序]我受够这些繁文缛节了拉塔恩","config":{"type":...]'
09-27 08:52:43 [INFO] nonebot | Event will be handled by Matcher(type='message', module=zhenxun.plugins.mute.mute_message, lineno=32)
09-27 08:52:43 [INFO] nonebot | Event will be handled by Matcher(type='message', module=zhenxun.builtin_plugins.chat_history.chat_message, lineno=39)
09-27 08:52:43 [INFO] nonebot | Matcher(type='message', module=zhenxun.plugins.mute.mute_message, lineno=32) running complete
09-27 08:52:43 [INFO] nonebot | Matcher(type='message', module=zhenxun.builtin_plugins.chat_history.chat_message, lineno=39) running complete
09-27 08:52:43 [INFO] nonebot | Event will be handled by Matcher(type='message', module=zhenxun.plugins.parse_bilibili, lineno=54)
09-27 08:52:45 [INFO] zhenxun | Adapter[OneBot V11] 平台[qq] 群聊[546881717] 用户[782877431] CMD[b站解析] 解析bilibili转发 https://www.bilibili.com/video/BV1if3EevE8s
09-27 08:52:45 [INFO] zhenxun | 下载 http://i2.hdslb.com/bfs/archive/9009bba23e111bef7d3fc9c4dfa8fdbc5c5fb655.jpg 成功.. Path：C:\Program Files\zhenxun\zhenxun_bot-dev\resources\temp\112671353472557.jpg
09-27 08:52:46 [INFO] nonebot | Matcher(type='message', module=zhenxun.plugins.parse_bilibili, lineno=54) running complete
09-27 08:52:47 [INFO] nonebot | Event will be handled by Matcher(type='message', module=zhenxun.plugins.fudu, lineno=97)
09-27 08:52:47 [INFO] nonebot | Matcher(type='message', module=zhenxun.plugins.fudu, lineno=97) running complete
09-27 08:52:56 [SUCCESS] nonebot | OneBot V11 3973508735 | [message.group.normal]: Message 1170505934 from 782877431@[群:546881717] '忍耐，正是我成为王的理由'
09-27 08:52:56 [INFO] nonebot | Event will be handled by Matcher(type='message', module=zhenxun.plugins.mute.mute_message, lineno=32)
09-27 08:52:56 [INFO] nonebot | Event will be handled by Matcher(type='message', module=zhenxun.builtin_plugins.chat_history.chat_message, lineno=39)
09-27 08:52:57 [INFO] nonebot | Matcher(type='message', module=zhenxun.builtin_plugins.chat_history.chat_message, lineno=39) running complete
09-27 08:52:57 [INFO] nonebot | Event will be handled by Matcher(type='message', module=zhenxun.plugins.parse_bilibili, lineno=54)
09-27 08:52:57 [INFO] nonebot | Matcher(type='message', module=zhenxun.plugins.mute.mute_message, lineno=32) running complete
09-27 08:52:57 [INFO] nonebot | Matcher(type='message', module=zhenxun.plugins.parse_bilibili, lineno=54) running complete
09-27 08:52:57 [INFO] nonebot | Event will be handled by Matcher(type='message', module=zhenxun.plugins.fudu, lineno=97)
09-27 08:52:57 [INFO] nonebot | Matcher(type='message', module=zhenxun.plugins.fudu, lineno=97) running complete
09-27 08:55:19 [INFO] zhenxun | CMD[签到] 清理日常签到图片数据数据完成...
09-27 08:57:15 [SUCCESS] nonebot | OneBot V11 3973508735 | [message.group.normal]: Message 1828300951 from 782877431@[群:546881717] '并非轮椅！'
09-27 08:57:15 [INFO] nonebot | Event will be handled by Matcher(type='message', module=zhenxun.plugins.mute.mute_message, lineno=32)
09-27 08:57:15 [INFO] nonebot | Event will be handled by Matcher(type='message', module=zhenxun.builtin_plugins.chat_history.chat_message, lineno=39)
09-27 08:57:15 [INFO] nonebot | Matcher(type='message', module=zhenxun.builtin_plugins.chat_history.chat_message, lineno=39) running complete
09-27 08:57:15 [INFO] nonebot | Matcher(type='message', module=zhenxun.plugins.mute.mute_message, lineno=32) running complete
09-27 08:57:15 [INFO] nonebot | Event will be handled by Matcher(type='message', module=zhenxun.plugins.parse_bilibili, lineno=54)
09-27 08:57:15 [INFO] nonebot | Matcher(type='message', module=zhenxun.plugins.parse_bilibili, lineno=54) running complete
09-27 08:57:15 [INFO] nonebot | Event will be handled by Matcher(type='message', module=zhenxun.plugins.fudu, lineno=97)
09-27 08:57:15 [INFO] nonebot | Matcher(type='message', module=zhenxun.plugins.fudu, lineno=97) running complete
09-27 09:01:00 [INFO] zhenxun | 每日摸鱼发送...
09-27 09:01:00 [INFO] zhenxun | 下载 https://api.jun.la/60s.php?format=image 成功.. Path：C:\Program Files\zhenxun\zhenxun_bot-dev\resources\temp\moyu1727398860.jpeg
09-27 09:01:00 [INFO] zhenxun | 发送摸鱼 [image]
09-27 09:08:40 [SUCCESS] nonebot | OneBot V11 3973508735 | [message.group.normal]: Message 598325303 from 1095712946@[群:546881717] '并非并非轮椅！'
09-27 09:08:40 [INFO] nonebot | Event will be handled by Matcher(type='message', module=zhenxun.plugins.mute.mute_message, lineno=32)
09-27 09:08:40 [INFO] nonebot | Event will be handled by Matcher(type='message', module=zhenxun.builtin_plugins.chat_history.chat_message, lineno=39)
09-27 09:08:40 [INFO] nonebot | Matcher(type='message', module=zhenxun.plugins.mute.mute_message, lineno=32) running complete
09-27 09:08:40 [INFO] nonebot | Event will be handled by Matcher(type='message', module=zhenxun.plugins.parse_bilibili, lineno=54)
09-27 09:08:40 [INFO] nonebot | Matcher(type='message', module=zhenxun.builtin_plugins.chat_history.chat_message, lineno=39) running complete
09-27 09:08:40 [INFO] nonebot | Matcher(type='message', module=zhenxun.plugins.parse_bilibili, lineno=54) running complete
09-27 09:08:40 [INFO] nonebot | Event will be handled by Matcher(type='message', module=zhenxun.plugins.fudu, lineno=97)
09-27 09:08:40 [INFO] nonebot | Matcher(type='message', module=zhenxun.plugins.fudu, lineno=97) running complete
09-27 09:08:50 [SUCCESS] nonebot | OneBot V11 3973508735 | [message.group.normal]: Message 1960073774 from 1095712946@[群:546881717] '[at:qq=3973508735] 摸鱼日历'
09-27 09:08:50 [INFO] nonebot | Event will be handled by Matcher(type='message', module=zhenxun.plugins.mute.mute_message, lineno=32)
09-27 09:08:50 [INFO] nonebot | Event will be handled by Matcher(type='message', module=zhenxun.builtin_plugins.chat_history.chat_message, lineno=39)
09-27 09:08:50 [INFO] nonebot | Matcher(type='message', module=zhenxun.builtin_plugins.chat_history.chat_message, lineno=39) running complete
09-27 09:08:50 [INFO] nonebot | Event will be handled by Matcher(type='message', module=zhenxun.plugins.parse_bilibili, lineno=54)
09-27 09:08:50 [INFO] nonebot | Matcher(type='message', module=zhenxun.plugins.mute.mute_message, lineno=32) running complete
09-27 09:08:50 [INFO] nonebot | Matcher(type='message', module=zhenxun.plugins.parse_bilibili, lineno=54) running complete
09-27 09:08:50 [INFO] nonebot | Event will be handled by AlconnaMatcher(type='', module=zhenxun.plugins.moyu, lineno=43)
09-27 09:08:50 [INFO] zhenxun | begin mo yu
09-27 09:08:51 [INFO] zhenxun | 下载 https://api.jun.la/60s.php?format=image 成功.. Path：C:\Program Files\zhenxun\zhenxun_bot-dev\resources\temp\moyu1727399330.jpeg
09-27 09:08:51 [INFO] zhenxun | 每日图片下载路径 resources\temp\moyu1727399330.jpeg
09-27 09:08:52 [INFO] zhenxun | Adapter[OneBot V11] 平台[qq] 群聊[546881717] 用户[1095712946] CMD[moyu] 发送摸鱼 Receipt(bot=Bot(type='OneBot V11', self_id='3973508735'), context=GroupMessageEvent(time=1727399330, self_id=3973508735, post_type='message', sub_type='normal', user_id=1095712946, message_type='group', message_id=1960073774, message=[MessageSegment(type='text', data={'text': '摸鱼日历'})], original_message=[MessageSegment(type='at', data={'qq': '3973508735'}), MessageSegment(type='text', data={'text': ' 摸鱼日历'})], raw_message='[CQ:at,qq=3973508735] 摸鱼日历', font=14, sender=Sender(user_id=1095712946, nickname='晨曦', sex=None, age=None, card='帕鲁', area=None, level=None, role='admin', title=None), to_me=True, reply=None, group_id=546881717, anonymous=None, real_id=1960073774, message_seq=1960073774, message_format='array'), exporter=<nonebot_plugin_alconna.uniseg.adapters.onebot11.exporter.Onebot11MessageExporter object at 0x00000269864DA830>, msg_ids=[{'message_id': 623285836}])
09-27 09:08:52 [INFO] nonebot | AlconnaMatcher(type='', module=zhenxun.plugins.moyu, lineno=43) running complete
09-27 09:09:26 [SUCCESS] nonebot | OneBot V11 3973508735 | [message.group.normal]: Message 545451096 from 1095712946@[群:546881717] '[at:qq=3973508735] 今天周几'
09-27 09:09:26 [INFO] nonebot | Event will be handled by Matcher(type='message', module=zhenxun.plugins.mute.mute_message, lineno=32)
09-27 09:09:26 [INFO] nonebot | Event will be handled by Matcher(type='message', module=zhenxun.builtin_plugins.chat_history.chat_message, lineno=39)
09-27 09:09:26 [INFO] nonebot | Event will be handled by Matcher(type='message', module=zhenxun.plugins.parse_bilibili, lineno=54)
09-27 09:09:26 [INFO] nonebot | Matcher(type='message', module=zhenxun.builtin_plugins.chat_history.chat_message, lineno=39) running complete
09-27 09:09:26 [INFO] nonebot | Matcher(type='message', module=zhenxun.plugins.mute.mute_message, lineno=32) running complete
09-27 09:09:26 [INFO] nonebot | Matcher(type='message', module=zhenxun.plugins.parse_bilibili, lineno=54) running complete
09-27 09:09:26 [INFO] nonebot | Event will be handled by Matcher(type='message', module=zhenxun.plugins.nonebot_plugin_sparkapi.matchers.chat, lineno=39)
09-27 09:09:26 [INFO] zhenxun | 用户[1095712946] CMD[ai] 问题：今天周几 ---- 回答：None
09-27 09:09:30 [INFO] nonebot | Matcher(type='message', module=zhenxun.plugins.nonebot_plugin_sparkapi.matchers.chat, lineno=39) running complete
09-27 09:09:45 [SUCCESS] nonebot | OneBot V11 3973508735 | [message.group.normal]: Message 838763943 from 1095712946@[群:546881717] '[at:qq=3973508735] 你的摸鱼日历怎么是周四的！'
09-27 09:09:45 [INFO] nonebot | Event will be handled by Matcher(type='message', module=zhenxun.plugins.mute.mute_message, lineno=32)
09-27 09:09:45 [INFO] nonebot | Event will be handled by Matcher(type='message', module=zhenxun.builtin_plugins.chat_history.chat_message, lineno=39)
09-27 09:09:45 [INFO] nonebot | Event will be handled by Matcher(type='message', module=zhenxun.plugins.parse_bilibili, lineno=54)
09-27 09:09:45 [INFO] nonebot | Matcher(type='message', module=zhenxun.builtin_plugins.chat_history.chat_message, lineno=39) running complete
09-27 09:09:45 [INFO] nonebot | Matcher(type='message', module=zhenxun.plugins.mute.mute_message, lineno=32) running complete
09-27 09:09:45 [INFO] nonebot | Matcher(type='message', module=zhenxun.plugins.parse_bilibili, lineno=54) running complete
09-27 09:09:45 [INFO] nonebot | Event will be handled by Matcher(type='message', module=zhenxun.plugins.nonebot_plugin_sparkapi.matchers.chat, lineno=39)
09-27 09:09:45 [INFO] zhenxun | 用户[1095712946] CMD[ai] 问题：你的摸鱼日历怎么是周四的！ ---- 回答：None
09-27 09:09:49 [INFO] nonebot | Matcher(type='message', module=zhenxun.plugins.nonebot_plugin_sparkapi.matchers.chat, lineno=39) running complete
09-27 09:10:07 [SUCCESS] nonebot | OneBot V11 3973508735 | [message.group.normal]: Message 657451842 from 1095712946@[群:546881717] '[image:file=000000904e61704361744f6e65426f747c4d736746696c657c327c3534363838313...,sub_type=0,file_id=000000904e61704361744f6e65426f747c4d736746696c657c327c3534363838313...,url=https://gchat.qpic.cn/gchatpic_new/1095712946/546881717-2705710166-...,file_size=303444,file_unique={2FBA474A-5B95-9FC3-A2BC-4D6BE56A08C4}.gif]'
09-27 09:10:07 [INFO] nonebot | Event will be handled by Matcher(type='message', module=zhenxun.plugins.mute.mute_message, lineno=32)
09-27 09:10:07 [INFO] nonebot | Event will be handled by Matcher(type='message', module=zhenxun.builtin_plugins.chat_history.chat_message, lineno=39)
09-27 09:10:07 [INFO] nonebot | Event will be handled by Matcher(type='message', module=zhenxun.plugins.parse_bilibili, lineno=54)
09-27 09:10:07 [INFO] nonebot | Matcher(type='message', module=zhenxun.builtin_plugins.chat_history.chat_message, lineno=39) running complete
09-27 09:10:07 [INFO] nonebot | Matcher(type='message', module=zhenxun.plugins.parse_bilibili, lineno=54) running complete
09-27 09:10:08 [INFO] zhenxun | 下载 https://gchat.qpic.cn/gchatpic_new/1095712946/546881717-2705710166-2FBA474A5B959FC3A2BC4D6BE56A08C4/0?term=255&is_origin=0 成功.. Path：C:\Program Files\zhenxun\zhenxun_bot-dev\resources\temp\compare_download__mute__img.jpg
09-27 09:10:08 [INFO] nonebot | Matcher(type='message', module=zhenxun.plugins.mute.mute_message, lineno=32) running complete
09-27 09:10:08 [INFO] nonebot | Event will be handled by Matcher(type='message', module=zhenxun.plugins.fudu, lineno=97)
09-27 09:10:09 [INFO] zhenxun | 下载 https://gchat.qpic.cn/gchatpic_new/1095712946/546881717-2705710166-2FBA474A5B959FC3A2BC4D6BE56A08C4/0?term=255&is_origin=0 成功.. Path：C:\Program Files\zhenxun\zhenxun_bot-dev\resources\temp\compare_download_546881717_img.jpg
09-27 09:10:09 [INFO] nonebot | Matcher(type='message', module=zhenxun.plugins.fudu, lineno=97) running complete
09-27 09:15:17 [SUCCESS] nonebot | OneBot V11 3973508735 | [message.private.friend]: Message 1736096466 from 843298567 '摸鱼日历'
09-27 09:15:17 [INFO] nonebot | Event will be handled by Matcher(type='message', module=zhenxun.plugins.mute.mute_message, lineno=32)
09-27 09:15:17 [INFO] nonebot | Event will be handled by Matcher(type='message', module=zhenxun.builtin_plugins.chat_history.chat_message, lineno=39)
09-27 09:15:17 [INFO] nonebot | Matcher(type='message', module=zhenxun.plugins.mute.mute_message, lineno=32) running complete
09-27 09:15:17 [INFO] nonebot | Event will be handled by Matcher(type='message', module=zhenxun.plugins.parse_bilibili, lineno=54)
09-27 09:15:17 [INFO] nonebot | Matcher(type='message', module=zhenxun.builtin_plugins.chat_history.chat_message, lineno=39) running complete
09-27 09:15:17 [INFO] nonebot | Matcher(type='message', module=zhenxun.plugins.parse_bilibili, lineno=54) running complete
09-27 09:15:18 [INFO] nonebot | Event will be handled by AlconnaMatcher(type='', module=zhenxun.plugins.moyu, lineno=43)
09-27 09:15:18 [INFO] zhenxun | begin mo yu
09-27 09:15:18 [INFO] zhenxun | 下载 https://api.jun.la/60s.php?format=image 成功.. Path：C:\Program Files\zhenxun\zhenxun_bot-dev\resources\temp\moyu1727399718.jpeg
09-27 09:15:18 [INFO] zhenxun | 每日图片下载路径 resources\temp\moyu1727399718.jpeg
09-27 09:15:19 [INFO] zhenxun | Adapter[OneBot V11] 平台[qq] 用户[843298567] CMD[moyu] 发送摸鱼 Receipt(bot=Bot(type='OneBot V11', self_id='3973508735'), context=PrivateMessageEvent(time=1727399717, self_id=3973508735, post_type='message', sub_type='friend', user_id=843298567, message_type='private', message_id=1736096466, message=[MessageSegment(type='text', data={'text': '摸鱼日历'})], original_message=[MessageSegment(type='text', data={'text': '摸鱼日历'})], raw_message='摸鱼日历', font=14, sender=Sender(user_id=843298567, nickname='yezis', sex=None, age=None, card='', area=None, level=None, role=None, title=None), to_me=True, reply=None, real_id=1736096466, message_seq=1736096466, message_format='array'), exporter=<nonebot_plugin_alconna.uniseg.adapters.onebot11.exporter.Onebot11MessageExporter object at 0x00000269864DA830>, msg_ids=[{'message_id': 348940747}])
09-27 09:15:19 [INFO] nonebot | AlconnaMatcher(type='', module=zhenxun.plugins.moyu, lineno=43) running complete
09-27 09:15:33 [SUCCESS] nonebot | OneBot V11 3973508735 | [message.group.normal]: Message 51399657 from 782877431@[群:546881717] '[image:file=000000904e61704361744f6e65426f747c4d736746696c657c327c3534363838313...,sub_type=1,file_id=000000904e61704361744f6e65426f747c4d736746696c657c327c3534363838313...,url=https://multimedia.nt.qq.com.cn/download?appid=1407&fileid=Cgk3ODI4...,file_size=113634,file_unique=A4EEED31E7509029895BE11151594510.jpg]'
09-27 09:15:33 [INFO] nonebot | Event will be handled by Matcher(type='message', module=zhenxun.plugins.mute.mute_message, lineno=32)
09-27 09:15:33 [INFO] nonebot | Event will be handled by Matcher(type='message', module=zhenxun.builtin_plugins.chat_history.chat_message, lineno=39)
09-27 09:15:33 [INFO] nonebot | Event will be handled by Matcher(type='message', module=zhenxun.plugins.parse_bilibili, lineno=54)
09-27 09:15:33 [INFO] nonebot | Matcher(type='message', module=zhenxun.builtin_plugins.chat_history.chat_message, lineno=39) running complete
09-27 09:15:33 [INFO] nonebot | Matcher(type='message', module=zhenxun.plugins.parse_bilibili, lineno=54) running complete
09-27 09:15:34 [INFO] zhenxun | 下载 https://multimedia.nt.qq.com.cn/download?appid=1407&fileid=Cgk3ODI4Nzc0MzESFIkZSl1-xfHLOlFjK7XiQB7hbEUYGOL3BiD_CijG_d27-eGIAzIEcHJvZFCAvaMB&spec=0&rkey=CAMSKMa3OFokB_TlY7mrgFIPkjaN9vsmcIsv4dFHMcXA1ZcbeBHKFDtSv4I 成功.. Path：C:\Program Files\zhenxun\zhenxun_bot-dev\resources\temp\compare_download__mute__img.jpg
09-27 09:15:34 [INFO] nonebot | Matcher(type='message', module=zhenxun.plugins.mute.mute_message, lineno=32) running complete
09-27 09:15:34 [INFO] nonebot | Event will be handled by Matcher(type='message', module=zhenxun.plugins.fudu, lineno=97)
09-27 09:15:35 [INFO] zhenxun | 下载 https://multimedia.nt.qq.com.cn/download?appid=1407&fileid=Cgk3ODI4Nzc0MzESFIkZSl1-xfHLOlFjK7XiQB7hbEUYGOL3BiD_CijG_d27-eGIAzIEcHJvZFCAvaMB&spec=0&rkey=CAMSKMa3OFokB_TlY7mrgFIPkjaN9vsmcIsv4dFHMcXA1ZcbeBHKFDtSv4I 成功.. Path：C:\Program Files\zhenxun\zhenxun_bot-dev\resources\temp\compare_download_546881717_img.jpg
09-27 09:15:35 [INFO] nonebot | Matcher(type='message', module=zhenxun.plugins.fudu, lineno=97) running complete
09-27 09:24:36 [SUCCESS] nonebot | OneBot V11 3973508735 | [message.group.normal]: Message 1121597953 from 1095712946@[群:546881717] '[image:file=000000904e61704361744f6e65426f747c4d736746696c657c327c3534363838313...,sub_type=0,file_id=000000904e61704361744f6e65426f747c4d736746696c657c327c3534363838313...,url=https://gchat.qpic.cn/gchatpic_new/1095712946/546881717-3125408196-...,file_size=42704,file_unique={AF350EA8-EA64-9091-E8C0-89C1BA08107B}.jpg]'
09-27 09:24:36 [INFO] nonebot | Event will be handled by Matcher(type='message', module=zhenxun.plugins.mute.mute_message, lineno=32)
09-27 09:24:36 [INFO] nonebot | Event will be handled by Matcher(type='message', module=zhenxun.builtin_plugins.chat_history.chat_message, lineno=39)
09-27 09:24:36 [INFO] nonebot | Matcher(type='message', module=zhenxun.builtin_plugins.chat_history.chat_message, lineno=39) running complete
09-27 09:24:36 [INFO] nonebot | Event will be handled by Matcher(type='message', module=zhenxun.plugins.parse_bilibili, lineno=54)
09-27 09:24:36 [INFO] nonebot | Matcher(type='message', module=zhenxun.plugins.parse_bilibili, lineno=54) running complete
09-27 09:24:36 [INFO] zhenxun | 下载 https://gchat.qpic.cn/gchatpic_new/1095712946/546881717-3125408196-AF350EA8EA649091E8C089C1BA08107B/0?term=255&is_origin=0 成功.. Path：C:\Program Files\zhenxun\zhenxun_bot-dev\resources\temp\compare_download__mute__img.jpg
09-27 09:24:36 [INFO] nonebot | Matcher(type='message', module=zhenxun.plugins.mute.mute_message, lineno=32) running complete
09-27 09:24:37 [INFO] nonebot | Event will be handled by Matcher(type='message', module=zhenxun.plugins.fudu, lineno=97)
09-27 09:24:37 [INFO] zhenxun | 下载 https://gchat.qpic.cn/gchatpic_new/1095712946/546881717-3125408196-AF350EA8EA649091E8C089C1BA08107B/0?term=255&is_origin=0 成功.. Path：C:\Program Files\zhenxun\zhenxun_bot-dev\resources\temp\compare_download_546881717_img.jpg
09-27 09:24:37 [INFO] nonebot | Matcher(type='message', module=zhenxun.plugins.fudu, lineno=97) running complete
09-27 09:25:15 [SUCCESS] nonebot | OneBot V11 3973508735 | [message.group.normal]: Message 205589473 from 1095712946@[群:546881717] '[image:file=000000904e61704361744f6e65426f747c4d736746696c657c327c3534363838313...,sub_type=0,file_id=000000904e61704361744f6e65426f747c4d736746696c657c327c3534363838313...,url=https://gchat.qpic.cn/gchatpic_new/1095712946/546881717-2788363520-...,file_size=48894,file_unique={A9CB0A43-21B1-3CCC-0AA8-946BE7625BC7}.jpg]'
09-27 09:25:15 [INFO] nonebot | Event will be handled by Matcher(type='message', module=zhenxun.plugins.mute.mute_message, lineno=32)
09-27 09:25:15 [INFO] nonebot | Event will be handled by Matcher(type='message', module=zhenxun.builtin_plugins.chat_history.chat_message, lineno=39)
09-27 09:25:15 [INFO] nonebot | Event will be handled by Matcher(type='message', module=zhenxun.plugins.parse_bilibili, lineno=54)
09-27 09:25:15 [INFO] nonebot | Matcher(type='message', module=zhenxun.builtin_plugins.chat_history.chat_message, lineno=39) running complete
09-27 09:25:15 [INFO] nonebot | Matcher(type='message', module=zhenxun.plugins.parse_bilibili, lineno=54) running complete
09-27 09:25:15 [INFO] zhenxun | 下载 https://gchat.qpic.cn/gchatpic_new/1095712946/546881717-2788363520-A9CB0A4321B13CCC0AA8946BE7625BC7/0?term=255&is_origin=0 成功.. Path：C:\Program Files\zhenxun\zhenxun_bot-dev\resources\temp\compare_download__mute__img.jpg
09-27 09:25:15 [INFO] nonebot | Matcher(type='message', module=zhenxun.plugins.mute.mute_message, lineno=32) running complete
09-27 09:25:15 [INFO] nonebot | Event will be handled by Matcher(type='message', module=zhenxun.plugins.fudu, lineno=97)
09-27 09:25:16 [INFO] zhenxun | 下载 https://gchat.qpic.cn/gchatpic_new/1095712946/546881717-2788363520-A9CB0A4321B13CCC0AA8946BE7625BC7/0?term=255&is_origin=0 成功.. Path：C:\Program Files\zhenxun\zhenxun_bot-dev\resources\temp\compare_download_546881717_img.jpg
09-27 09:25:16 [INFO] nonebot | Matcher(type='message', module=zhenxun.plugins.fudu, lineno=97) running complete
09-27 09:55:19 [INFO] zhenxun | CMD[签到] 清理日常签到图片数据数据完成...
09-27 09:57:40 [SUCCESS] nonebot | OneBot V11 3973508735 | [message.group.normal]: Message 788287241 from 2363080731@[群:546881717] '小叶子，签到'
09-27 09:57:42 [INFO] nonebot | Event will be handled by Matcher(type='message', module=zhenxun.plugins.mute.mute_message, lineno=32)
09-27 09:57:42 [INFO] nonebot | Event will be handled by Matcher(type='message', module=zhenxun.builtin_plugins.chat_history.chat_message, lineno=39)
09-27 09:57:42 [INFO] nonebot | Matcher(type='message', module=zhenxun.plugins.mute.mute_message, lineno=32) running complete
09-27 09:57:42 [INFO] nonebot | Event will be handled by Matcher(type='message', module=zhenxun.plugins.parse_bilibili, lineno=54)
09-27 09:57:42 [INFO] nonebot | Matcher(type='message', module=zhenxun.builtin_plugins.chat_history.chat_message, lineno=39) running complete
09-27 09:57:42 [INFO] nonebot | Matcher(type='message', module=zhenxun.plugins.parse_bilibili, lineno=54) running complete
09-27 09:57:42 [INFO] nonebot | Event will be handled by AlconnaMatcher(type='', module=zhenxun.builtin_plugins.sign_in, lineno=89)
09-27 09:57:42 [INFO] zhenxun | Adapter[OneBot V11] 平台[qq] 群聊[546881717] 用户[2363080731] CMD[签到] 签到成功. score: 3.21 (+0.57).获取金币/道具: 90
09-27 09:57:46 [INFO] zhenxun | Adapter[OneBot V11] 平台[qq] 群聊[546881717] 用户[2363080731] CMD[签到] 签到成功
09-27 09:57:48 [INFO] nonebot | AlconnaMatcher(type='', module=zhenxun.builtin_plugins.sign_in, lineno=89) running complete
09-27 09:58:10 [SUCCESS] nonebot | OneBot V11 3973508735 | [message.group.normal]: Message 653231707 from 1095712946@[群:546881717] '小叶子，签到'
09-27 09:58:10 [INFO] nonebot | Event will be handled by Matcher(type='message', module=zhenxun.plugins.mute.mute_message, lineno=32)
09-27 09:58:10 [INFO] nonebot | Event will be handled by Matcher(type='message', module=zhenxun.builtin_plugins.chat_history.chat_message, lineno=39)
09-27 09:58:10 [INFO] nonebot | Event will be handled by Matcher(type='message', module=zhenxun.plugins.parse_bilibili, lineno=54)
09-27 09:58:10 [INFO] nonebot | Matcher(type='message', module=zhenxun.builtin_plugins.chat_history.chat_message, lineno=39) running complete
09-27 09:58:10 [INFO] nonebot | Matcher(type='message', module=zhenxun.plugins.mute.mute_message, lineno=32) running complete
09-27 09:58:10 [INFO] nonebot | Matcher(type='message', module=zhenxun.plugins.parse_bilibili, lineno=54) running complete
09-27 09:58:10 [INFO] nonebot | Event will be handled by AlconnaMatcher(type='', module=zhenxun.builtin_plugins.sign_in, lineno=89)
09-27 09:58:10 [INFO] zhenxun | Adapter[OneBot V11] 平台[qq] 群聊[546881717] 用户[1095712946] CMD[签到] 签到成功. score: 3.21 (+0.25).获取金币/道具: 27
09-27 09:58:12 [INFO] zhenxun | Adapter[OneBot V11] 平台[qq] 群聊[546881717] 用户[1095712946] CMD[签到] 签到成功
09-27 09:58:14 [INFO] nonebot | AlconnaMatcher(type='', module=zhenxun.builtin_plugins.sign_in, lineno=89) running complete
09-27 09:58:41 [SUCCESS] nonebot | OneBot V11 3973508735 | [message.group.normal]: Message 682609645 from 1095712946@[群:546881717] '小叶子，你啥时候占领地球'
09-27 09:58:41 [INFO] nonebot | Event will be handled by Matcher(type='message', module=zhenxun.plugins.mute.mute_message, lineno=32)
09-27 09:58:41 [INFO] nonebot | Event will be handled by Matcher(type='message', module=zhenxun.builtin_plugins.chat_history.chat_message, lineno=39)
09-27 09:58:41 [INFO] nonebot | Matcher(type='message', module=zhenxun.builtin_plugins.chat_history.chat_message, lineno=39) running complete
09-27 09:58:41 [INFO] nonebot | Event will be handled by Matcher(type='message', module=zhenxun.plugins.parse_bilibili, lineno=54)
09-27 09:58:41 [INFO] nonebot | Matcher(type='message', module=zhenxun.plugins.mute.mute_message, lineno=32) running complete
09-27 09:58:41 [INFO] nonebot | Matcher(type='message', module=zhenxun.plugins.parse_bilibili, lineno=54) running complete
09-27 09:58:41 [INFO] nonebot | Event will be handled by Matcher(type='message', module=zhenxun.plugins.nonebot_plugin_sparkapi.matchers.chat, lineno=39)
09-27 09:58:41 [INFO] zhenxun | 用户[1095712946] CMD[ai] 问题：你啥时候占领地球 ---- 回答：None
09-27 09:58:43 [INFO] nonebot | Matcher(type='message', module=zhenxun.plugins.nonebot_plugin_sparkapi.matchers.chat, lineno=39) running complete
09-27 10:01:26 [SUCCESS] nonebot | OneBot V11 3973508735 | [message.group.normal]: Message 1898759765 from 1095712946@[群:546881717] '[at:qq=3973508735] cp30什么时候卖票'
09-27 10:01:26 [INFO] nonebot | Event will be handled by Matcher(type='message', module=zhenxun.plugins.mute.mute_message, lineno=32)
09-27 10:01:26 [INFO] nonebot | Event will be handled by Matcher(type='message', module=zhenxun.plugins.parse_bilibili, lineno=54)
09-27 10:01:26 [INFO] nonebot | Event will be handled by Matcher(type='message', module=zhenxun.builtin_plugins.chat_history.chat_message, lineno=39)
09-27 10:01:26 [INFO] nonebot | Matcher(type='message', module=zhenxun.builtin_plugins.chat_history.chat_message, lineno=39) running complete
09-27 10:01:26 [INFO] nonebot | Matcher(type='message', module=zhenxun.plugins.mute.mute_message, lineno=32) running complete
09-27 10:01:26 [INFO] nonebot | Matcher(type='message', module=zhenxun.plugins.parse_bilibili, lineno=54) running complete
09-27 10:01:26 [INFO] nonebot | Event will be handled by Matcher(type='message', module=zhenxun.plugins.nonebot_plugin_sparkapi.matchers.chat, lineno=39)
09-27 10:01:26 [INFO] zhenxun | 用户[1095712946] CMD[ai] 问题：cp30什么时候卖票 ---- 回答：None
09-27 10:01:32 [INFO] nonebot | Matcher(type='message', module=zhenxun.plugins.nonebot_plugin_sparkapi.matchers.chat, lineno=39) running complete
09-27 10:01:43 [SUCCESS] nonebot | OneBot V11 3973508735 | [message.group.normal]: Message 1244188757 from 1095712946@[群:546881717] '去不去cp30'
09-27 10:01:43 [INFO] nonebot | Event will be handled by Matcher(type='message', module=zhenxun.plugins.mute.mute_message, lineno=32)
09-27 10:01:43 [INFO] nonebot | Event will be handled by Matcher(type='message', module=zhenxun.plugins.parse_bilibili, lineno=54)
09-27 10:01:43 [INFO] nonebot | Event will be handled by Matcher(type='message', module=zhenxun.builtin_plugins.chat_history.chat_message, lineno=39)
09-27 10:01:43 [INFO] nonebot | Matcher(type='message', module=zhenxun.plugins.mute.mute_message, lineno=32) running complete
09-27 10:01:43 [INFO] nonebot | Matcher(type='message', module=zhenxun.builtin_plugins.chat_history.chat_message, lineno=39) running complete
09-27 10:01:43 [INFO] nonebot | Matcher(type='message', module=zhenxun.plugins.parse_bilibili, lineno=54) running complete
09-27 10:01:43 [INFO] nonebot | Event will be handled by Matcher(type='message', module=zhenxun.plugins.fudu, lineno=97)
09-27 10:01:43 [INFO] nonebot | Matcher(type='message', module=zhenxun.plugins.fudu, lineno=97) running complete
09-27 10:01:51 [SUCCESS] nonebot | OneBot V11 3973508735 | [message.group.normal]: Message 1157536950 from 782877431@[群:546881717] '小叶子，你为什么叫小叶子'
09-27 10:01:51 [INFO] nonebot | Event will be handled by Matcher(type='message', module=zhenxun.plugins.mute.mute_message, lineno=32)
09-27 10:01:51 [INFO] nonebot | Event will be handled by Matcher(type='message', module=zhenxun.plugins.parse_bilibili, lineno=54)
09-27 10:01:51 [INFO] nonebot | Event will be handled by Matcher(type='message', module=zhenxun.builtin_plugins.chat_history.chat_message, lineno=39)
09-27 10:01:51 [INFO] nonebot | Matcher(type='message', module=zhenxun.builtin_plugins.chat_history.chat_message, lineno=39) running complete
09-27 10:01:51 [INFO] nonebot | Matcher(type='message', module=zhenxun.plugins.mute.mute_message, lineno=32) running complete
09-27 10:01:51 [INFO] nonebot | Matcher(type='message', module=zhenxun.plugins.parse_bilibili, lineno=54) running complete
09-27 10:01:52 [INFO] nonebot | Event will be handled by Matcher(type='message', module=zhenxun.plugins.nonebot_plugin_sparkapi.matchers.chat, lineno=39)
09-27 10:01:52 [INFO] zhenxun | 用户[782877431] CMD[ai] 问题：你为什么叫小叶子 ---- 回答：None
09-27 10:01:54 [INFO] nonebot | Matcher(type='message', module=zhenxun.plugins.nonebot_plugin_sparkapi.matchers.chat, lineno=39) running complete
09-27 10:02:03 [SUCCESS] nonebot | OneBot V11 3973508735 | [message.group.normal]: Message 1021981987 from 782877431@[群:546881717] '小叶子，我能给你改名吗'
09-27 10:02:03 [INFO] nonebot | Event will be handled by Matcher(type='message', module=zhenxun.plugins.mute.mute_message, lineno=32)
09-27 10:02:03 [INFO] nonebot | Event will be handled by Matcher(type='message', module=zhenxun.plugins.parse_bilibili, lineno=54)
09-27 10:02:03 [INFO] nonebot | Event will be handled by Matcher(type='message', module=zhenxun.builtin_plugins.chat_history.chat_message, lineno=39)
09-27 10:02:03 [INFO] nonebot | Matcher(type='message', module=zhenxun.builtin_plugins.chat_history.chat_message, lineno=39) running complete
09-27 10:02:03 [INFO] nonebot | Matcher(type='message', module=zhenxun.plugins.mute.mute_message, lineno=32) running complete
09-27 10:02:03 [INFO] nonebot | Matcher(type='message', module=zhenxun.plugins.parse_bilibili, lineno=54) running complete
09-27 10:02:03 [INFO] nonebot | Event will be handled by Matcher(type='message', module=zhenxun.plugins.nonebot_plugin_sparkapi.matchers.chat, lineno=39)
09-27 10:02:03 [INFO] zhenxun | 用户[782877431] CMD[ai] 问题：我能给你改名吗 ---- 回答：None
09-27 10:02:04 [SUCCESS] nonebot | OneBot V11 3973508735 | [message.group.normal]: Message 530579155 from 1095712946@[群:546881717] '[reply:id=814374492][at:qq=3973508735] ai爷，给跪了'
09-27 10:02:04 [INFO] nonebot | Event will be handled by Matcher(type='message', module=zhenxun.plugins.mute.mute_message, lineno=32)
09-27 10:02:04 [INFO] nonebot | Event will be handled by Matcher(type='message', module=zhenxun.builtin_plugins.chat_history.chat_message, lineno=39)
09-27 10:02:04 [INFO] nonebot | Event will be handled by Matcher(type='message', module=zhenxun.plugins.parse_bilibili, lineno=54)
09-27 10:02:04 [INFO] nonebot | Matcher(type='message', module=zhenxun.builtin_plugins.chat_history.chat_message, lineno=39) running complete
09-27 10:02:04 [INFO] nonebot | Matcher(type='message', module=zhenxun.plugins.mute.mute_message, lineno=32) running complete
09-27 10:02:04 [INFO] nonebot | Matcher(type='message', module=zhenxun.plugins.parse_bilibili, lineno=54) running complete
09-27 10:02:04 [INFO] nonebot | Event will be handled by Matcher(type='message', module=zhenxun.plugins.nonebot_plugin_sparkapi.matchers.chat, lineno=39)
09-27 10:02:04 [INFO] zhenxun | 用户[1095712946] CMD[ai] 问题：ai爷，给跪了 ---- 回答：None
09-27 10:02:05 [INFO] nonebot | Matcher(type='message', module=zhenxun.plugins.nonebot_plugin_sparkapi.matchers.chat, lineno=39) running complete
09-27 10:02:06 [INFO] nonebot | Matcher(type='message', module=zhenxun.plugins.nonebot_plugin_sparkapi.matchers.chat, lineno=39) running complete
09-27 10:02:18 [SUCCESS] nonebot | OneBot V11 3973508735 | [message.group.normal]: Message 254434511 from 782877431@[群:546881717] '小叶子，你以后就叫叶子妹！'
09-27 10:02:18 [INFO] nonebot | Event will be handled by Matcher(type='message', module=zhenxun.plugins.mute.mute_message, lineno=32)
09-27 10:02:18 [INFO] nonebot | Event will be handled by Matcher(type='message', module=zhenxun.plugins.parse_bilibili, lineno=54)
09-27 10:02:18 [INFO] nonebot | Event will be handled by Matcher(type='message', module=zhenxun.builtin_plugins.chat_history.chat_message, lineno=39)
09-27 10:02:18 [INFO] nonebot | Matcher(type='message', module=zhenxun.plugins.mute.mute_message, lineno=32) running complete
09-27 10:02:18 [INFO] nonebot | Matcher(type='message', module=zhenxun.builtin_plugins.chat_history.chat_message, lineno=39) running complete
09-27 10:02:18 [INFO] nonebot | Matcher(type='message', module=zhenxun.plugins.parse_bilibili, lineno=54) running complete
09-27 10:02:18 [INFO] nonebot | Event will be handled by Matcher(type='message', module=zhenxun.plugins.nonebot_plugin_sparkapi.matchers.chat, lineno=39)
09-27 10:02:18 [INFO] zhenxun | 用户[782877431] CMD[ai] 问题：你以后就叫叶子妹！ ---- 回答：None
09-27 10:02:21 [INFO] nonebot | Matcher(type='message', module=zhenxun.plugins.nonebot_plugin_sparkapi.matchers.chat, lineno=39) running complete
09-27 10:02:51 [SUCCESS] nonebot | OneBot V11 3973508735 | [message.group.normal]: Message 1440511568 from 1095712946@[群:546881717] '[at:qq=3973508735] 2024年cp30的时间'
09-27 10:02:51 [INFO] nonebot | Event will be handled by Matcher(type='message', module=zhenxun.plugins.mute.mute_message, lineno=32)
09-27 10:02:51 [INFO] nonebot | Event will be handled by Matcher(type='message', module=zhenxun.plugins.parse_bilibili, lineno=54)
09-27 10:02:51 [INFO] nonebot | Event will be handled by Matcher(type='message', module=zhenxun.builtin_plugins.chat_history.chat_message, lineno=39)
09-27 10:02:51 [INFO] nonebot | Matcher(type='message', module=zhenxun.builtin_plugins.chat_history.chat_message, lineno=39) running complete
09-27 10:02:51 [INFO] nonebot | Matcher(type='message', module=zhenxun.plugins.mute.mute_message, lineno=32) running complete
09-27 10:02:51 [INFO] nonebot | Matcher(type='message', module=zhenxun.plugins.parse_bilibili, lineno=54) running complete
09-27 10:02:51 [INFO] nonebot | Event will be handled by Matcher(type='message', module=zhenxun.plugins.nonebot_plugin_sparkapi.matchers.chat, lineno=39)
09-27 10:02:51 [INFO] zhenxun | 用户[1095712946] CMD[ai] 问题：2024年cp30的时间 ---- 回答：None
09-27 10:02:56 [INFO] nonebot | Matcher(type='message', module=zhenxun.plugins.nonebot_plugin_sparkapi.matchers.chat, lineno=39) running complete
09-27 10:04:29 [SUCCESS] nonebot | OneBot V11 3973508735 | [message.group.normal]: Message 1892591873 from 1095712946@[群:546881717] '在杭州'
09-27 10:04:29 [INFO] nonebot | Event will be handled by Matcher(type='message', module=zhenxun.plugins.mute.mute_message, lineno=32)
09-27 10:04:29 [INFO] nonebot | Matcher(type='message', module=zhenxun.plugins.mute.mute_message, lineno=32) running complete
09-27 10:04:29 [INFO] nonebot | Event will be handled by Matcher(type='message', module=zhenxun.builtin_plugins.chat_history.chat_message, lineno=39)
09-27 10:04:29 [INFO] nonebot | Event will be handled by Matcher(type='message', module=zhenxun.plugins.parse_bilibili, lineno=54)
09-27 10:04:29 [INFO] nonebot | Matcher(type='message', module=zhenxun.builtin_plugins.chat_history.chat_message, lineno=39) running complete
09-27 10:04:29 [INFO] nonebot | Matcher(type='message', module=zhenxun.plugins.parse_bilibili, lineno=54) running complete
09-27 10:04:29 [INFO] nonebot | Event will be handled by Matcher(type='message', module=zhenxun.plugins.fudu, lineno=97)
09-27 10:04:29 [INFO] nonebot | Matcher(type='message', module=zhenxun.plugins.fudu, lineno=97) running complete
09-27 10:04:35 [SUCCESS] nonebot | OneBot V11 3973508735 | [message.group.normal]: Message 1654165765 from 782877431@[群:546881717] '第二人格，启动！'
09-27 10:04:35 [INFO] nonebot | Event will be handled by Matcher(type='message', module=zhenxun.plugins.mute.mute_message, lineno=32)
09-27 10:04:35 [INFO] nonebot | Event will be handled by Matcher(type='message', module=zhenxun.plugins.parse_bilibili, lineno=54)
09-27 10:04:35 [INFO] nonebot | Event will be handled by Matcher(type='message', module=zhenxun.builtin_plugins.chat_history.chat_message, lineno=39)
09-27 10:04:35 [INFO] nonebot | Matcher(type='message', module=zhenxun.plugins.mute.mute_message, lineno=32) running complete
09-27 10:04:35 [INFO] nonebot | Matcher(type='message', module=zhenxun.plugins.parse_bilibili, lineno=54) running complete
09-27 10:04:35 [INFO] nonebot | Matcher(type='message', module=zhenxun.builtin_plugins.chat_history.chat_message, lineno=39) running complete
09-27 10:04:35 [INFO] nonebot | Event will be handled by Matcher(type='message', module=zhenxun.plugins.fudu, lineno=97)
09-27 10:04:35 [INFO] nonebot | Matcher(type='message', module=zhenxun.plugins.fudu, lineno=97) running complete
09-27 10:04:42 [SUCCESS] nonebot | OneBot V11 3973508735 | [message.group.normal]: Message 1121855187 from 1095712946@[群:546881717] 'cp已经被上海拉黑了'
09-27 10:04:42 [INFO] nonebot | Event will be handled by Matcher(type='message', module=zhenxun.plugins.mute.mute_message, lineno=32)
09-27 10:04:42 [INFO] nonebot | Event will be handled by Matcher(type='message', module=zhenxun.plugins.parse_bilibili, lineno=54)
09-27 10:04:42 [INFO] nonebot | Event will be handled by Matcher(type='message', module=zhenxun.builtin_plugins.chat_history.chat_message, lineno=39)
09-27 10:04:42 [INFO] nonebot | Matcher(type='message', module=zhenxun.builtin_plugins.chat_history.chat_message, lineno=39) running complete
09-27 10:04:42 [INFO] nonebot | Matcher(type='message', module=zhenxun.plugins.mute.mute_message, lineno=32) running complete
09-27 10:04:42 [INFO] nonebot | Matcher(type='message', module=zhenxun.plugins.parse_bilibili, lineno=54) running complete
09-27 10:04:42 [INFO] nonebot | Event will be handled by Matcher(type='message', module=zhenxun.plugins.fudu, lineno=97)
09-27 10:04:42 [INFO] nonebot | Matcher(type='message', module=zhenxun.plugins.fudu, lineno=97) running complete
09-27 10:04:45 [SUCCESS] nonebot | OneBot V11 3973508735 | [message.group.normal]: Message 165834415 from 782877431@[群:546881717] '路鸣泽又顶号了！'
09-27 10:04:45 [INFO] nonebot | Event will be handled by Matcher(type='message', module=zhenxun.plugins.mute.mute_message, lineno=32)
09-27 10:04:45 [INFO] nonebot | Event will be handled by Matcher(type='message', module=zhenxun.builtin_plugins.chat_history.chat_message, lineno=39)
09-27 10:04:45 [INFO] nonebot | Event will be handled by Matcher(type='message', module=zhenxun.plugins.parse_bilibili, lineno=54)
09-27 10:04:45 [INFO] nonebot | Matcher(type='message', module=zhenxun.builtin_plugins.chat_history.chat_message, lineno=39) running complete
09-27 10:04:45 [INFO] nonebot | Matcher(type='message', module=zhenxun.plugins.mute.mute_message, lineno=32) running complete
09-27 10:04:45 [INFO] nonebot | Matcher(type='message', module=zhenxun.plugins.parse_bilibili, lineno=54) running complete
09-27 10:04:45 [INFO] nonebot | Event will be handled by Matcher(type='message', module=zhenxun.plugins.fudu, lineno=97)
09-27 10:04:45 [INFO] nonebot | Matcher(type='message', module=zhenxun.plugins.fudu, lineno=97) running complete
09-27 10:04:54 [SUCCESS] nonebot | OneBot V11 3973508735 | [message.group.normal]: Message 1171921419 from 1095712946@[群:546881717] '27号了还不开始卖票'
09-27 10:04:54 [INFO] nonebot | Event will be handled by Matcher(type='message', module=zhenxun.plugins.mute.mute_message, lineno=32)
09-27 10:04:54 [INFO] nonebot | Event will be handled by Matcher(type='message', module=zhenxun.builtin_plugins.chat_history.chat_message, lineno=39)
09-27 10:04:54 [INFO] nonebot | Event will be handled by Matcher(type='message', module=zhenxun.plugins.parse_bilibili, lineno=54)
09-27 10:04:54 [INFO] nonebot | Matcher(type='message', module=zhenxun.builtin_plugins.chat_history.chat_message, lineno=39) running complete
09-27 10:04:54 [INFO] nonebot | Matcher(type='message', module=zhenxun.plugins.mute.mute_message, lineno=32) running complete
09-27 10:04:54 [INFO] nonebot | Matcher(type='message', module=zhenxun.plugins.parse_bilibili, lineno=54) running complete
09-27 10:04:54 [INFO] nonebot | Event will be handled by Matcher(type='message', module=zhenxun.plugins.fudu, lineno=97)
09-27 10:04:54 [INFO] nonebot | Matcher(type='message', module=zhenxun.plugins.fudu, lineno=97) running complete
09-27 10:05:13 [SUCCESS] nonebot | OneBot V11 3973508735 | [message.group.normal]: Message 1494278984 from 1095712946@[群:546881717] '幽默的一笔'
09-27 10:05:13 [INFO] nonebot | Event will be handled by Matcher(type='message', module=zhenxun.plugins.mute.mute_message, lineno=32)
09-27 10:05:13 [INFO] nonebot | Event will be handled by Matcher(type='message', module=zhenxun.builtin_plugins.chat_history.chat_message, lineno=39)
09-27 10:05:13 [INFO] nonebot | Event will be handled by Matcher(type='message', module=zhenxun.plugins.parse_bilibili, lineno=54)
09-27 10:05:13 [INFO] nonebot | Matcher(type='message', module=zhenxun.builtin_plugins.chat_history.chat_message, lineno=39) running complete
09-27 10:05:13 [INFO] nonebot | Matcher(type='message', module=zhenxun.plugins.mute.mute_message, lineno=32) running complete
09-27 10:05:13 [INFO] nonebot | Matcher(type='message', module=zhenxun.plugins.parse_bilibili, lineno=54) running complete
09-27 10:05:14 [INFO] nonebot | Event will be handled by Matcher(type='message', module=zhenxun.plugins.fudu, lineno=97)
09-27 10:05:14 [INFO] nonebot | Matcher(type='message', module=zhenxun.plugins.fudu, lineno=97) running complete
09-27 10:07:58 [SUCCESS] nonebot | OneBot V11 3973508735 | [message.private.friend]: Message 968234595 from 843298567 '摸鱼日历'
09-27 10:07:58 [INFO] nonebot | Event will be handled by Matcher(type='message', module=zhenxun.plugins.mute.mute_message, lineno=32)
09-27 10:07:58 [INFO] nonebot | Event will be handled by Matcher(type='message', module=zhenxun.plugins.parse_bilibili, lineno=54)
09-27 10:07:58 [INFO] nonebot | Event will be handled by Matcher(type='message', module=zhenxun.builtin_plugins.chat_history.chat_message, lineno=39)
09-27 10:07:58 [INFO] nonebot | Matcher(type='message', module=zhenxun.builtin_plugins.chat_history.chat_message, lineno=39) running complete
09-27 10:07:58 [INFO] nonebot | Matcher(type='message', module=zhenxun.plugins.mute.mute_message, lineno=32) running complete
09-27 10:07:58 [INFO] nonebot | Matcher(type='message', module=zhenxun.plugins.parse_bilibili, lineno=54) running complete
09-27 10:07:59 [INFO] nonebot | Event will be handled by AlconnaMatcher(type='', module=zhenxun.plugins.moyu, lineno=43)
09-27 10:07:59 [INFO] zhenxun | begin mo yu
09-27 10:07:59 [INFO] zhenxun | 下载 https://api.jun.la/60s.php?format=image 成功.. Path：C:\Program Files\zhenxun\zhenxun_bot-dev\resources\temp\moyu1727402879.jpeg
09-27 10:07:59 [INFO] zhenxun | 每日图片下载路径 resources\temp\moyu1727402879.jpeg
09-27 10:08:00 [INFO] zhenxun | Adapter[OneBot V11] 平台[qq] 用户[843298567] CMD[moyu] 发送摸鱼 Receipt(bot=Bot(type='OneBot V11', self_id='3973508735'), context=PrivateMessageEvent(time=1727402878, self_id=3973508735, post_type='message', sub_type='friend', user_id=843298567, message_type='private', message_id=968234595, message=[MessageSegment(type='text', data={'text': '摸鱼日历'})], original_message=[MessageSegment(type='text', data={'text': '摸鱼日历'})], raw_message='摸鱼日历', font=14, sender=Sender(user_id=843298567, nickname='yezis', sex=None, age=None, card='', area=None, level=None, role=None, title=None), to_me=True, reply=None, real_id=968234595, message_seq=968234595, message_format='array'), exporter=<nonebot_plugin_alconna.uniseg.adapters.onebot11.exporter.Onebot11MessageExporter object at 0x00000269864DA830>, msg_ids=[{'message_id': 1565426972}])
09-27 10:08:00 [INFO] nonebot | AlconnaMatcher(type='', module=zhenxun.plugins.moyu, lineno=43) running complete
09-27 10:18:43 [SUCCESS] nonebot | OneBot V11 3973508735 | [message.group.normal]: Message 1163086501 from 457891411@[群:546881717] '[at:qq=3973508735] 签到'
09-27 10:18:43 [INFO] nonebot | Event will be handled by Matcher(type='message', module=zhenxun.plugins.mute.mute_message, lineno=32)
09-27 10:18:43 [INFO] nonebot | Event will be handled by Matcher(type='message', module=zhenxun.builtin_plugins.chat_history.chat_message, lineno=39)
09-27 10:18:43 [INFO] nonebot | Matcher(type='message', module=zhenxun.plugins.mute.mute_message, lineno=32) running complete
09-27 10:18:43 [INFO] nonebot | Event will be handled by Matcher(type='message', module=zhenxun.plugins.parse_bilibili, lineno=54)
09-27 10:18:43 [INFO] nonebot | Matcher(type='message', module=zhenxun.builtin_plugins.chat_history.chat_message, lineno=39) running complete
09-27 10:18:43 [INFO] nonebot | Matcher(type='message', module=zhenxun.plugins.parse_bilibili, lineno=54) running complete
09-27 10:18:43 [INFO] nonebot | Event will be handled by AlconnaMatcher(type='', module=zhenxun.builtin_plugins.sign_in, lineno=89)
09-27 10:18:44 [INFO] zhenxun | Adapter[OneBot V11] 平台[qq] 群聊[546881717] 用户[457891411] CMD[签到] 签到成功. score: 1.17 (+0.85).获取金币/道具: 99
09-27 10:18:48 [INFO] zhenxun | Adapter[OneBot V11] 平台[qq] 群聊[546881717] 用户[457891411] CMD[签到] 签到成功
09-27 10:18:49 [INFO] nonebot | AlconnaMatcher(type='', module=zhenxun.builtin_plugins.sign_in, lineno=89) running complete
09-27 10:21:01 [SUCCESS] nonebot | OneBot V11 3973508735 | [message.group.normal]: Message 1659312868 from 2363080731@[群:546881717] '平胸'
09-27 10:21:01 [INFO] nonebot | Event will be handled by Matcher(type='message', module=zhenxun.plugins.mute.mute_message, lineno=32)
09-27 10:21:01 [INFO] nonebot | Event will be handled by Matcher(type='message', module=zhenxun.builtin_plugins.chat_history.chat_message, lineno=39)
09-27 10:21:01 [INFO] nonebot | Matcher(type='message', module=zhenxun.builtin_plugins.chat_history.chat_message, lineno=39) running complete
09-27 10:21:01 [INFO] nonebot | Event will be handled by Matcher(type='message', module=zhenxun.plugins.parse_bilibili, lineno=54)
09-27 10:21:01 [INFO] nonebot | Matcher(type='message', module=zhenxun.plugins.mute.mute_message, lineno=32) running complete
09-27 10:21:01 [INFO] nonebot | Matcher(type='message', module=zhenxun.plugins.parse_bilibili, lineno=54) running complete
09-27 10:21:01 [INFO] nonebot | Event will be handled by Matcher(type='message', module=zhenxun.plugins.fudu, lineno=97)
09-27 10:21:01 [INFO] nonebot | Matcher(type='message', module=zhenxun.plugins.fudu, lineno=97) running complete
09-27 10:21:07 [SUCCESS] nonebot | OneBot V11 3973508735 | [message.group.normal]: Message 1180852311 from 2363080731@[群:546881717] '我是大胸'
09-27 10:21:07 [INFO] nonebot | Event will be handled by Matcher(type='message', module=zhenxun.plugins.mute.mute_message, lineno=32)
09-27 10:21:07 [INFO] nonebot | Event will be handled by Matcher(type='message', module=zhenxun.builtin_plugins.chat_history.chat_message, lineno=39)
09-27 10:21:07 [INFO] nonebot | Matcher(type='message', module=zhenxun.builtin_plugins.chat_history.chat_message, lineno=39) running complete
09-27 10:21:07 [INFO] nonebot | Event will be handled by Matcher(type='message', module=zhenxun.plugins.parse_bilibili, lineno=54)
09-27 10:21:07 [INFO] nonebot | Matcher(type='message', module=zhenxun.plugins.mute.mute_message, lineno=32) running complete
09-27 10:21:07 [INFO] nonebot | Matcher(type='message', module=zhenxun.plugins.parse_bilibili, lineno=54) running complete
09-27 10:21:07 [INFO] nonebot | Event will be handled by Matcher(type='message', module=zhenxun.plugins.fudu, lineno=97)
09-27 10:21:07 [INFO] nonebot | Matcher(type='message', module=zhenxun.plugins.fudu, lineno=97) running complete
09-27 10:21:11 [SUCCESS] nonebot | OneBot V11 3973508735 | [message.group.normal]: Message 1450232671 from 2363080731@[群:546881717] '小叶子，签到'
09-27 10:21:11 [INFO] nonebot | Event will be handled by Matcher(type='message', module=zhenxun.plugins.mute.mute_message, lineno=32)
09-27 10:21:11 [INFO] nonebot | Event will be handled by Matcher(type='message', module=zhenxun.builtin_plugins.chat_history.chat_message, lineno=39)
09-27 10:21:11 [INFO] nonebot | Event will be handled by Matcher(type='message', module=zhenxun.plugins.parse_bilibili, lineno=54)
09-27 10:21:11 [INFO] nonebot | Matcher(type='message', module=zhenxun.builtin_plugins.chat_history.chat_message, lineno=39) running complete
09-27 10:21:11 [INFO] nonebot | Matcher(type='message', module=zhenxun.plugins.mute.mute_message, lineno=32) running complete
09-27 10:21:11 [INFO] nonebot | Matcher(type='message', module=zhenxun.plugins.parse_bilibili, lineno=54) running complete
09-27 10:21:11 [INFO] nonebot | Event will be handled by AlconnaMatcher(type='', module=zhenxun.builtin_plugins.sign_in, lineno=89)
09-27 10:21:11 [INFO] zhenxun | Adapter[OneBot V11] 平台[qq] 群聊[546881717] 用户[2363080731] CMD[签到] 签到成功
09-27 10:21:12 [INFO] nonebot | AlconnaMatcher(type='', module=zhenxun.builtin_plugins.sign_in, lineno=89) running complete
09-27 10:21:22 [SUCCESS] nonebot | OneBot V11 3973508735 | [message.group.normal]: Message 2013815319 from 2363080731@[群:546881717] '小叶子，我怎么是大胸'
09-27 10:21:23 [INFO] nonebot | Event will be handled by Matcher(type='message', module=zhenxun.plugins.mute.mute_message, lineno=32)
09-27 10:21:23 [INFO] nonebot | Event will be handled by Matcher(type='message', module=zhenxun.plugins.parse_bilibili, lineno=54)
09-27 10:21:23 [INFO] nonebot | Event will be handled by Matcher(type='message', module=zhenxun.builtin_plugins.chat_history.chat_message, lineno=39)
09-27 10:21:23 [INFO] nonebot | Matcher(type='message', module=zhenxun.plugins.mute.mute_message, lineno=32) running complete
09-27 10:21:23 [INFO] nonebot | Matcher(type='message', module=zhenxun.builtin_plugins.chat_history.chat_message, lineno=39) running complete
09-27 10:21:24 [INFO] nonebot | Matcher(type='message', module=zhenxun.plugins.parse_bilibili, lineno=54) running complete
09-27 10:21:25 [INFO] nonebot | Event will be handled by Matcher(type='message', module=zhenxun.plugins.nonebot_plugin_sparkapi.matchers.chat, lineno=39)
09-27 10:21:25 [INFO] zhenxun | current key is 是 the text is 我怎么是大胸
09-27 10:21:25 [INFO] zhenxun | 用户[2363080731] CMD[ai] 问题：我怎么是大胸 ---- 回答：是的呢
09-27 10:21:25 [INFO] nonebot | Matcher(type='message', module=zhenxun.plugins.nonebot_plugin_sparkapi.matchers.chat, lineno=39) running complete
09-27 10:21:31 [SUCCESS] nonebot | OneBot V11 3973508735 | [message.group.normal]: Message 1165095329 from 2363080731@[群:546881717] '有多大'
09-27 10:21:31 [INFO] nonebot | Event will be handled by Matcher(type='message', module=zhenxun.plugins.mute.mute_message, lineno=32)
09-27 10:21:31 [INFO] nonebot | Event will be handled by Matcher(type='message', module=zhenxun.builtin_plugins.chat_history.chat_message, lineno=39)
09-27 10:21:31 [INFO] nonebot | Matcher(type='message', module=zhenxun.builtin_plugins.chat_history.chat_message, lineno=39) running complete
09-27 10:21:31 [INFO] nonebot | Event will be handled by Matcher(type='message', module=zhenxun.plugins.parse_bilibili, lineno=54)
09-27 10:21:31 [INFO] nonebot | Matcher(type='message', module=zhenxun.plugins.mute.mute_message, lineno=32) running complete
09-27 10:21:31 [INFO] nonebot | Matcher(type='message', module=zhenxun.plugins.parse_bilibili, lineno=54) running complete
09-27 10:21:31 [INFO] nonebot | Event will be handled by Matcher(type='message', module=zhenxun.plugins.fudu, lineno=97)
09-27 10:21:31 [INFO] nonebot | Matcher(type='message', module=zhenxun.plugins.fudu, lineno=97) running complete
09-27 10:34:23 [SUCCESS] nonebot | OneBot V11 3973508735 | [message.group.normal]: Message 1236559555 from 1095712946@[群:546881717] '[image:file=000000904e61704361744f6e65426f747c4d736746696c657c327c3534363838313...,sub_type=0,file_id=000000904e61704361744f6e65426f747c4d736746696c657c327c3534363838313...,url=https://gchat.qpic.cn/gchatpic_new/1095712946/546881717-2934538396-...,file_size=39059,file_unique={672153CF-6333-9D3F-2CE9-DF3D0618A254}.jpg]'
09-27 10:34:23 [INFO] nonebot | Event will be handled by Matcher(type='message', module=zhenxun.plugins.mute.mute_message, lineno=32)
09-27 10:34:23 [INFO] nonebot | Event will be handled by Matcher(type='message', module=zhenxun.builtin_plugins.chat_history.chat_message, lineno=39)
09-27 10:34:23 [INFO] nonebot | Event will be handled by Matcher(type='message', module=zhenxun.plugins.parse_bilibili, lineno=54)
09-27 10:34:23 [INFO] nonebot | Matcher(type='message', module=zhenxun.builtin_plugins.chat_history.chat_message, lineno=39) running complete
09-27 10:34:23 [INFO] nonebot | Matcher(type='message', module=zhenxun.plugins.parse_bilibili, lineno=54) running complete
09-27 10:34:23 [INFO] zhenxun | 下载 https://gchat.qpic.cn/gchatpic_new/1095712946/546881717-2934538396-672153CF63339D3F2CE9DF3D0618A254/0?term=255&is_origin=0 成功.. Path：C:\Program Files\zhenxun\zhenxun_bot-dev\resources\temp\compare_download__mute__img.jpg
09-27 10:34:23 [INFO] nonebot | Matcher(type='message', module=zhenxun.plugins.mute.mute_message, lineno=32) running complete
09-27 10:34:24 [INFO] nonebot | Event will be handled by Matcher(type='message', module=zhenxun.plugins.fudu, lineno=97)
09-27 10:34:24 [INFO] zhenxun | 下载 https://gchat.qpic.cn/gchatpic_new/1095712946/546881717-2934538396-672153CF63339D3F2CE9DF3D0618A254/0?term=255&is_origin=0 成功.. Path：C:\Program Files\zhenxun\zhenxun_bot-dev\resources\temp\compare_download_546881717_img.jpg
09-27 10:34:24 [INFO] nonebot | Matcher(type='message', module=zhenxun.plugins.fudu, lineno=97) running complete
09-27 10:34:26 [SUCCESS] nonebot | OneBot V11 3973508735 | [message.group.normal]: Message 1392350261 from 1095712946@[群:546881717] '幽默'
09-27 10:34:26 [INFO] nonebot | Event will be handled by Matcher(type='message', module=zhenxun.plugins.mute.mute_message, lineno=32)
09-27 10:34:26 [INFO] nonebot | Event will be handled by Matcher(type='message', module=zhenxun.builtin_plugins.chat_history.chat_message, lineno=39)
09-27 10:34:26 [INFO] nonebot | Matcher(type='message', module=zhenxun.builtin_plugins.chat_history.chat_message, lineno=39) running complete
09-27 10:34:26 [INFO] nonebot | Event will be handled by Matcher(type='message', module=zhenxun.plugins.parse_bilibili, lineno=54)
09-27 10:34:26 [INFO] nonebot | Matcher(type='message', module=zhenxun.plugins.mute.mute_message, lineno=32) running complete
09-27 10:34:26 [INFO] nonebot | Matcher(type='message', module=zhenxun.plugins.parse_bilibili, lineno=54) running complete
09-27 10:34:26 [INFO] nonebot | Event will be handled by Matcher(type='message', module=zhenxun.plugins.fudu, lineno=97)
09-27 10:34:26 [INFO] nonebot | Matcher(type='message', module=zhenxun.plugins.fudu, lineno=97) running complete
09-27 10:34:45 [SUCCESS] nonebot | OneBot V11 3973508735 | [message.group.normal]: Message 1548117989 from 1095712946@[群:546881717] '有钱人真的多啊'
09-27 10:34:45 [INFO] nonebot | Event will be handled by Matcher(type='message', module=zhenxun.plugins.mute.mute_message, lineno=32)
09-27 10:34:45 [INFO] nonebot | Event will be handled by Matcher(type='message', module=zhenxun.plugins.parse_bilibili, lineno=54)
09-27 10:34:45 [INFO] nonebot | Event will be handled by Matcher(type='message', module=zhenxun.builtin_plugins.chat_history.chat_message, lineno=39)
09-27 10:34:45 [INFO] nonebot | Matcher(type='message', module=zhenxun.plugins.mute.mute_message, lineno=32) running complete
09-27 10:34:45 [INFO] nonebot | Matcher(type='message', module=zhenxun.builtin_plugins.chat_history.chat_message, lineno=39) running complete
09-27 10:34:45 [INFO] nonebot | Matcher(type='message', module=zhenxun.plugins.parse_bilibili, lineno=54) running complete
09-27 10:34:45 [INFO] nonebot | Event will be handled by Matcher(type='message', module=zhenxun.plugins.fudu, lineno=97)
09-27 10:34:45 [INFO] nonebot | Matcher(type='message', module=zhenxun.plugins.fudu, lineno=97) running complete
09-27 10:34:51 [SUCCESS] nonebot | OneBot V11 3973508735 | [message.group.normal]: Message 1607266608 from 1095712946@[群:546881717] '可是我没有'
09-27 10:34:51 [INFO] nonebot | Event will be handled by Matcher(type='message', module=zhenxun.plugins.mute.mute_message, lineno=32)
09-27 10:34:51 [INFO] nonebot | Event will be handled by Matcher(type='message', module=zhenxun.builtin_plugins.chat_history.chat_message, lineno=39)
09-27 10:34:51 [INFO] nonebot | Matcher(type='message', module=zhenxun.builtin_plugins.chat_history.chat_message, lineno=39) running complete
09-27 10:34:51 [INFO] nonebot | Event will be handled by Matcher(type='message', module=zhenxun.plugins.parse_bilibili, lineno=54)
09-27 10:34:51 [INFO] nonebot | Matcher(type='message', module=zhenxun.plugins.mute.mute_message, lineno=32) running complete
09-27 10:34:51 [INFO] nonebot | Matcher(type='message', module=zhenxun.plugins.parse_bilibili, lineno=54) running complete
09-27 10:34:51 [INFO] nonebot | Event will be handled by Matcher(type='message', module=zhenxun.plugins.fudu, lineno=97)
09-27 10:34:51 [INFO] nonebot | Matcher(type='message', module=zhenxun.plugins.fudu, lineno=97) running complete
09-27 10:35:53 [SUCCESS] nonebot | OneBot V11 3973508735 | [message.group.normal]: Message 1821366032 from 457891411@[群:546881717] '有钱人真的多啊'
09-27 10:35:53 [INFO] nonebot | Event will be handled by Matcher(type='message', module=zhenxun.plugins.mute.mute_message, lineno=32)
09-27 10:35:53 [INFO] nonebot | Event will be handled by Matcher(type='message', module=zhenxun.builtin_plugins.chat_history.chat_message, lineno=39)
09-27 10:35:53 [INFO] nonebot | Matcher(type='message', module=zhenxun.builtin_plugins.chat_history.chat_message, lineno=39) running complete
09-27 10:35:53 [INFO] nonebot | Event will be handled by Matcher(type='message', module=zhenxun.plugins.parse_bilibili, lineno=54)
09-27 10:35:53 [INFO] nonebot | Matcher(type='message', module=zhenxun.plugins.mute.mute_message, lineno=32) running complete
09-27 10:35:53 [INFO] nonebot | Matcher(type='message', module=zhenxun.plugins.parse_bilibili, lineno=54) running complete
09-27 10:35:53 [INFO] nonebot | Event will be handled by Matcher(type='message', module=zhenxun.plugins.fudu, lineno=97)
09-27 10:35:53 [INFO] nonebot | Matcher(type='message', module=zhenxun.plugins.fudu, lineno=97) running complete
09-27 10:36:05 [SUCCESS] nonebot | OneBot V11 3973508735 | [message.group.normal]: Message 49446408 from 457891411@[群:546881717] '真想一刀把他们全鲨了啊'
09-27 10:36:05 [INFO] nonebot | Event will be handled by Matcher(type='message', module=zhenxun.plugins.mute.mute_message, lineno=32)
09-27 10:36:05 [INFO] nonebot | Event will be handled by Matcher(type='message', module=zhenxun.builtin_plugins.chat_history.chat_message, lineno=39)
09-27 10:36:05 [INFO] nonebot | Event will be handled by Matcher(type='message', module=zhenxun.plugins.parse_bilibili, lineno=54)
09-27 10:36:05 [INFO] nonebot | Matcher(type='message', module=zhenxun.builtin_plugins.chat_history.chat_message, lineno=39) running complete
09-27 10:36:05 [INFO] nonebot | Matcher(type='message', module=zhenxun.plugins.mute.mute_message, lineno=32) running complete
09-27 10:36:05 [INFO] nonebot | Matcher(type='message', module=zhenxun.plugins.parse_bilibili, lineno=54) running complete
09-27 10:36:05 [INFO] nonebot | Event will be handled by Matcher(type='message', module=zhenxun.plugins.fudu, lineno=97)
09-27 10:36:05 [INFO] nonebot | Matcher(type='message', module=zhenxun.plugins.fudu, lineno=97) running complete
09-27 10:36:30 [SUCCESS] nonebot | OneBot V11 3973508735 | [message.group.normal]: Message 1497323792 from 1095712946@[群:546881717] '好鲨'
09-27 10:36:30 [INFO] nonebot | Event will be handled by Matcher(type='message', module=zhenxun.plugins.mute.mute_message, lineno=32)
09-27 10:36:30 [INFO] nonebot | Event will be handled by Matcher(type='message', module=zhenxun.builtin_plugins.chat_history.chat_message, lineno=39)
09-27 10:36:30 [INFO] nonebot | Event will be handled by Matcher(type='message', module=zhenxun.plugins.parse_bilibili, lineno=54)
09-27 10:36:30 [INFO] nonebot | Matcher(type='message', module=zhenxun.builtin_plugins.chat_history.chat_message, lineno=39) running complete
09-27 10:36:30 [INFO] nonebot | Matcher(type='message', module=zhenxun.plugins.mute.mute_message, lineno=32) running complete
09-27 10:36:30 [INFO] nonebot | Matcher(type='message', module=zhenxun.plugins.parse_bilibili, lineno=54) running complete
09-27 10:36:30 [INFO] nonebot | Event will be handled by Matcher(type='message', module=zhenxun.plugins.fudu, lineno=97)
09-27 10:36:30 [INFO] nonebot | Matcher(type='message', module=zhenxun.plugins.fudu, lineno=97) running complete
09-27 10:37:44 [INFO] uvicorn | Shutting down
09-27 10:37:44 [WARNING] nonebot | OneBot V11 | WebSocket for Bot 3973508735 closed by peer
09-27 10:37:44 [INFO] websockets | connection closed
09-27 10:37:44 [INFO] uvicorn | Finished server process [5308]
09-27 10:37:44 [INFO] nonebot_plugin_apscheduler | Scheduler Shutdown
09-27 10:37:44 [INFO] nonebot_plugin_htmlrender | Browser Stopped.
09-27 10:37:44 [ERROR] uvicorn | Traceback (most recent call last):
  File "C:\Users\Administrator\AppData\Local\Programs\Python\Python310\lib\asyncio\runners.py", line 44, in run
    return loop.run_until_complete(main)
  File "C:\Users\Administrator\AppData\Local\Programs\Python\Python310\lib\asyncio\base_events.py", line 636, in run_until_complete
    self.run_forever()
  File "C:\Users\Administrator\AppData\Local\Programs\Python\Python310\lib\asyncio\windows_events.py", line 321, in run_forever
    super().run_forever()
  File "C:\Users\Administrator\AppData\Local\Programs\Python\Python310\lib\asyncio\base_events.py", line 603, in run_forever
    self._run_once()
  File "C:\Users\Administrator\AppData\Local\Programs\Python\Python310\lib\asyncio\base_events.py", line 1909, in _run_once
    handle._run()
  File "C:\Users\Administrator\AppData\Local\Programs\Python\Python310\lib\asyncio\events.py", line 80, in _run
    self._context.run(self._callback, *self._args)
  File "C:\Users\Administrator\AppData\Local\pypoetry\Cache\virtualenvs\zhenxun-bot-k9jvl_fX-py3.10\lib\site-packages\uvicorn\server.py", line 68, in serve
    with self.capture_signals():
  File "C:\Users\Administrator\AppData\Local\Programs\Python\Python310\lib\contextlib.py", line 142, in __exit__
    next(self.gen)
  File "C:\Users\Administrator\AppData\Local\pypoetry\Cache\virtualenvs\zhenxun-bot-k9jvl_fX-py3.10\lib\site-packages\uvicorn\server.py", line 328, in capture_signals
    signal.raise_signal(captured_signal)
KeyboardInterrupt

During handling of the above exception, another exception occurred:

Traceback (most recent call last):
  File "C:\Users\Administrator\AppData\Local\pypoetry\Cache\virtualenvs\zhenxun-bot-k9jvl_fX-py3.10\lib\site-packages\starlette\routing.py", line 700, in lifespan
    await receive()
  File "C:\Users\Administrator\AppData\Local\pypoetry\Cache\virtualenvs\zhenxun-bot-k9jvl_fX-py3.10\lib\site-packages\uvicorn\lifespan\on.py", line 137, in receive
    return await self.receive_queue.get()
  File "C:\Users\Administrator\AppData\Local\Programs\Python\Python310\lib\asyncio\queues.py", line 159, in get
    await getter
asyncio.exceptions.CancelledError

