09-25 23:30:48 [INFO] zhenxun | 加载配置完成，共加载 40 个配置组及对应 123 个配置项
09-25 23:30:51 [SUCCESS] nonebot | Succeeded to load plugin "nonebot_plugin_apscheduler"
09-25 23:30:52 [SUCCESS] nonebot | Succeeded to load plugin "nonebot_plugin_alconna:uniseg" from "nonebot_plugin_alconna.uniseg"
09-25 23:30:52 [SUCCESS] nonebot | Succeeded to load plugin "nonebot_plugin_alconna"
09-25 23:30:52 [SUCCESS] nonebot | Succeeded to load plugin "nonebot_plugin_userinfo"
09-25 23:30:52 [SUCCESS] nonebot | Succeeded to load plugin "nonebot_plugin_htmlrender"
09-25 23:30:53 [SUCCESS] nonebot | Succeeded to load plugin "chat_history:chat_message" from "zhenxun.builtin_plugins.chat_history.chat_message"
09-25 23:30:54 [SUCCESS] nonebot | Succeeded to load plugin "chat_history:chat_message_handle" from "zhenxun.builtin_plugins.chat_history.chat_message_handle"
09-25 23:30:54 [SUCCESS] nonebot | Succeeded to load plugin "chat_history" from "zhenxun.builtin_plugins.chat_history"
09-25 23:30:54 [SUCCESS] nonebot | Succeeded to load plugin "scheduler:auto_update_group" from "zhenxun.builtin_plugins.scheduler.auto_update_group"
09-25 23:30:54 [SUCCESS] nonebot | Succeeded to load plugin "scheduler:chat_check" from "zhenxun.builtin_plugins.scheduler.chat_check"
09-25 23:30:54 [SUCCESS] nonebot | Succeeded to load plugin "scheduler:morning" from "zhenxun.builtin_plugins.scheduler.morning"
09-25 23:30:54 [SUCCESS] nonebot | Succeeded to load plugin "scheduler:auto_backup" from "zhenxun.builtin_plugins.scheduler.auto_backup"
09-25 23:30:54 [SUCCESS] nonebot | Succeeded to load plugin "scheduler" from "zhenxun.builtin_plugins.scheduler"
09-25 23:30:54 [SUCCESS] nonebot | Succeeded to load plugin "shop" from "zhenxun.builtin_plugins.shop"
09-25 23:30:55 [SUCCESS] nonebot | Succeeded to load plugin "web_ui" from "zhenxun.builtin_plugins.web_ui"
09-25 23:30:55 [SUCCESS] nonebot | Succeeded to load plugin "scripts" from "zhenxun.builtin_plugins.scripts"
09-25 23:30:55 [SUCCESS] nonebot | Succeeded to load plugin "record_request" from "zhenxun.builtin_plugins.record_request"
09-25 23:30:55 [SUCCESS] nonebot | Succeeded to load plugin "init:init_plugin" from "zhenxun.builtin_plugins.init.init_plugin"
09-25 23:30:55 [SUCCESS] nonebot | Succeeded to load plugin "init:init_config" from "zhenxun.builtin_plugins.init.init_config"
09-25 23:30:55 [SUCCESS] nonebot | Succeeded to load plugin "init" from "zhenxun.builtin_plugins.init"
09-25 23:30:55 [SUCCESS] nonebot | Succeeded to load plugin "auto_update" from "zhenxun.builtin_plugins.auto_update"
09-25 23:30:55 [SUCCESS] nonebot | Succeeded to load plugin "admin:plugin_switch" from "zhenxun.builtin_plugins.admin.plugin_switch"
09-25 23:30:55 [SUCCESS] nonebot | Succeeded to load plugin "admin:ban" from "zhenxun.builtin_plugins.admin.ban"
09-25 23:30:55 [SUCCESS] nonebot | Succeeded to load plugin "admin:group_member_update" from "zhenxun.builtin_plugins.admin.group_member_update"
09-25 23:30:55 [SUCCESS] nonebot | Succeeded to load plugin "admin:admin_help" from "zhenxun.builtin_plugins.admin.admin_help"
09-25 23:30:55 [SUCCESS] nonebot | Succeeded to load plugin "admin:admin_watch" from "zhenxun.builtin_plugins.admin.admin_watch"
09-25 23:30:55 [SUCCESS] nonebot | Succeeded to load plugin "admin:group_update" from "zhenxun.builtin_plugins.admin.group_update"
09-25 23:30:55 [SUCCESS] nonebot | Succeeded to load plugin "admin:welcome_message" from "zhenxun.builtin_plugins.admin.welcome_message"
09-25 23:30:55 [SUCCESS] nonebot | Succeeded to load plugin "admin" from "zhenxun.builtin_plugins.admin"
09-25 23:30:55 [SUCCESS] nonebot | Succeeded to load plugin "hooks:ban_hook" from "zhenxun.builtin_plugins.hooks.ban_hook"
09-25 23:30:55 [SUCCESS] nonebot | Succeeded to load plugin "hooks:withdraw_hook" from "zhenxun.builtin_plugins.hooks.withdraw_hook"
09-25 23:30:55 [SUCCESS] nonebot | Succeeded to load plugin "hooks:chkdsk_hook" from "zhenxun.builtin_plugins.hooks.chkdsk_hook"
09-25 23:30:55 [SUCCESS] nonebot | Succeeded to load plugin "hooks:auth_hook" from "zhenxun.builtin_plugins.hooks.auth_hook"
09-25 23:30:55 [SUCCESS] nonebot | Succeeded to load plugin "hooks" from "zhenxun.builtin_plugins.hooks"
09-25 23:30:55 [SUCCESS] nonebot | Succeeded to load plugin "plugin_store" from "zhenxun.builtin_plugins.plugin_store"
09-25 23:30:56 [SUCCESS] nonebot | Succeeded to load plugin "statistics:statistics_handle" from "zhenxun.builtin_plugins.statistics.statistics_handle"
09-25 23:30:56 [SUCCESS] nonebot | Succeeded to load plugin "statistics:statistics_hook" from "zhenxun.builtin_plugins.statistics.statistics_hook"
09-25 23:30:56 [SUCCESS] nonebot | Succeeded to load plugin "statistics" from "zhenxun.builtin_plugins.statistics"
09-25 23:30:56 [SUCCESS] nonebot | Succeeded to load plugin "check" from "zhenxun.builtin_plugins.check"
09-25 23:30:56 [SUCCESS] nonebot | Succeeded to load plugin "about" from "zhenxun.builtin_plugins.about"
09-25 23:30:56 [SUCCESS] nonebot | Succeeded to load plugin "help" from "zhenxun.builtin_plugins.help"
09-25 23:30:56 [SUCCESS] nonebot | Succeeded to load plugin "nickname" from "zhenxun.builtin_plugins.nickname"
09-25 23:30:56 [SUCCESS] nonebot | Succeeded to load plugin "superuser:update_fg_info" from "zhenxun.builtin_plugins.superuser.update_fg_info"
09-25 23:30:56 [SUCCESS] nonebot | Succeeded to load plugin "superuser:clear_data" from "zhenxun.builtin_plugins.superuser.clear_data"
09-25 23:30:56 [SUCCESS] nonebot | Succeeded to load plugin "superuser:reload_setting" from "zhenxun.builtin_plugins.superuser.reload_setting"
09-25 23:30:56 [SUCCESS] nonebot | Succeeded to load plugin "superuser:set_admin" from "zhenxun.builtin_plugins.superuser.set_admin"
09-25 23:30:56 [SUCCESS] nonebot | Succeeded to load plugin "superuser:exec_sql" from "zhenxun.builtin_plugins.superuser.exec_sql"
09-25 23:30:56 [SUCCESS] nonebot | Succeeded to load plugin "superuser:super_help" from "zhenxun.builtin_plugins.superuser.super_help"
09-25 23:30:56 [SUCCESS] nonebot | Succeeded to load plugin "superuser:fg_manage" from "zhenxun.builtin_plugins.superuser.fg_manage"
09-25 23:30:56 [SUCCESS] nonebot | Succeeded to load plugin "superuser:group_manage" from "zhenxun.builtin_plugins.superuser.group_manage"
09-25 23:30:56 [SUCCESS] nonebot | Succeeded to load plugin "superuser:broadcast" from "zhenxun.builtin_plugins.superuser.broadcast"
09-25 23:30:56 [SUCCESS] nonebot | Succeeded to load plugin "superuser:request_manage" from "zhenxun.builtin_plugins.superuser.request_manage"
09-25 23:30:56 [SUCCESS] nonebot | Succeeded to load plugin "superuser" from "zhenxun.builtin_plugins.superuser"
09-25 23:30:56 [SUCCESS] nonebot | Succeeded to load plugin "sign_in" from "zhenxun.builtin_plugins.sign_in"
09-25 23:30:56 [SUCCESS] nonebot | Succeeded to load plugin "help_help" from "zhenxun.builtin_plugins.help_help"
09-25 23:30:56 [SUCCESS] nonebot | Succeeded to load plugin "restart" from "zhenxun.builtin_plugins.restart"
09-25 23:30:56 [SUCCESS] nonebot | Succeeded to load plugin "platform:group_handle" from "zhenxun.builtin_plugins.platform.qq.group_handle"
09-25 23:30:56 [SUCCESS] nonebot | Succeeded to load plugin "platform" from "zhenxun.builtin_plugins.platform"
09-25 23:30:56 [SUCCESS] nonebot | Succeeded to load plugin "roll" from "zhenxun.plugins.roll"
09-25 23:30:56 [SUCCESS] nonebot | Succeeded to load plugin "image_management:upload_image" from "zhenxun.plugins.image_management.upload_image"
09-25 23:30:56 [SUCCESS] nonebot | Succeeded to load plugin "image_management:move_image" from "zhenxun.plugins.image_management.move_image"
09-25 23:30:56 [SUCCESS] nonebot | Succeeded to load plugin "image_management:send_image" from "zhenxun.plugins.image_management.send_image"
09-25 23:30:56 [SUCCESS] nonebot | Succeeded to load plugin "image_management:image_management_log" from "zhenxun.plugins.image_management.image_management_log"
09-25 23:30:56 [SUCCESS] nonebot | Succeeded to load plugin "image_management:delete_image" from "zhenxun.plugins.image_management.delete_image"
09-25 23:30:56 [SUCCESS] nonebot | Succeeded to load plugin "image_management" from "zhenxun.plugins.image_management"
09-25 23:30:56 [SUCCESS] nonebot | Succeeded to load plugin "search_buff_skin_price" from "zhenxun.plugins.search_buff_skin_price"
09-25 23:30:56 [SUCCESS] nonebot | Succeeded to load plugin "luxun" from "zhenxun.plugins.luxun"
09-25 23:30:56 [SUCCESS] nonebot | Succeeded to load plugin "what_anime" from "zhenxun.plugins.what_anime"
09-25 23:30:56 [SUCCESS] nonebot | Succeeded to load plugin "word_bank:message_handle" from "zhenxun.plugins.word_bank.message_handle"
09-25 23:30:56 [SUCCESS] nonebot | Succeeded to load plugin "word_bank:read_word_bank" from "zhenxun.plugins.word_bank.read_word_bank"
09-25 23:30:56 [SUCCESS] nonebot | Succeeded to load plugin "word_bank:word_handle" from "zhenxun.plugins.word_bank.word_handle"
09-25 23:30:56 [SUCCESS] nonebot | Succeeded to load plugin "word_bank" from "zhenxun.plugins.word_bank"
09-25 23:30:56 [SUCCESS] nonebot | Succeeded to load plugin "nonebot_plugin_localstore"
09-25 23:30:56 [SUCCESS] nonebot | Succeeded to load plugin "nonebot_plugin_sparkapi" from "zhenxun.plugins.nonebot_plugin_sparkapi"
09-25 23:30:56 [SUCCESS] nonebot | Succeeded to load plugin "group_welcome_msg" from "zhenxun.plugins.group_welcome_msg"
09-25 23:30:56 [SUCCESS] nonebot | Succeeded to load plugin "pixiv_rank_search" from "zhenxun.plugins.pixiv_rank_search"
09-25 23:30:56 [SUCCESS] nonebot | Succeeded to load plugin "open_cases" from "zhenxun.plugins.open_cases"
09-25 23:30:56 [SUCCESS] nonebot | Succeeded to load plugin "pix_gallery:pix_update" from "zhenxun.plugins.pix_gallery.pix_update"
09-25 23:30:56 [SUCCESS] nonebot | Succeeded to load plugin "pix_gallery:pix_add_keyword" from "zhenxun.plugins.pix_gallery.pix_add_keyword"
09-25 23:30:57 [SUCCESS] nonebot | Succeeded to load plugin "pix_gallery:pix_show_info" from "zhenxun.plugins.pix_gallery.pix_show_info"
09-25 23:30:57 [SUCCESS] nonebot | Succeeded to load plugin "pix_gallery:pix_pass_del_keyword" from "zhenxun.plugins.pix_gallery.pix_pass_del_keyword"
09-25 23:30:57 [SUCCESS] nonebot | Succeeded to load plugin "pix_gallery:pix" from "zhenxun.plugins.pix_gallery.pix"
09-25 23:30:57 [SUCCESS] nonebot | Succeeded to load plugin "pix_gallery" from "zhenxun.plugins.pix_gallery"
09-25 23:30:57 [SUCCESS] nonebot | Succeeded to load plugin "send_setu_:send_setu" from "zhenxun.plugins.send_setu_.send_setu"
09-25 23:30:57 [SUCCESS] nonebot | Succeeded to load plugin "send_setu_:update_setu" from "zhenxun.plugins.send_setu_.update_setu"
09-25 23:30:57 [SUCCESS] nonebot | Succeeded to load plugin "send_setu_" from "zhenxun.plugins.send_setu_"
09-25 23:30:57 [SUCCESS] nonebot | Succeeded to load plugin "mute:mute_setting" from "zhenxun.plugins.mute.mute_setting"
09-25 23:30:57 [SUCCESS] nonebot | Succeeded to load plugin "mute:mute_message" from "zhenxun.plugins.mute.mute_message"
09-25 23:30:57 [SUCCESS] nonebot | Succeeded to load plugin "mute" from "zhenxun.plugins.mute"
09-25 23:30:57 [SUCCESS] nonebot | Succeeded to load plugin "quotations" from "zhenxun.plugins.quotations"
09-25 23:30:57 [SUCCESS] nonebot | Succeeded to load plugin "epic" from "zhenxun.plugins.epic"
09-25 23:30:57 [SUCCESS] nonebot | Succeeded to load plugin "pid_search" from "zhenxun.plugins.pid_search"
09-25 23:30:57 [SUCCESS] nonebot | Succeeded to load plugin "search_anime" from "zhenxun.plugins.search_anime"
09-25 23:30:57 [SUCCESS] nonebot | Succeeded to load plugin "github_sub" from "zhenxun.plugins.github_sub"
09-25 23:31:00 [SUCCESS] nonebot | Succeeded to load plugin "word_clouds" from "zhenxun.plugins.word_clouds"
09-25 23:31:00 [SUCCESS] nonebot | Succeeded to load plugin "gold_redbag" from "zhenxun.plugins.gold_redbag"
09-25 23:31:00 [SUCCESS] nonebot | Succeeded to load plugin "one_friend" from "zhenxun.plugins.one_friend"
09-25 23:31:00 [SUCCESS] nonebot | Succeeded to load plugin "bt" from "zhenxun.plugins.bt"
09-25 23:31:01 [SUCCESS] nonebot | Succeeded to load plugin "draw_card" from "zhenxun.plugins.draw_card"
09-25 23:31:01 [SUCCESS] nonebot | Succeeded to load plugin "coser" from "zhenxun.plugins.coser"
09-25 23:31:01 [SUCCESS] nonebot | Succeeded to load plugin "ai" from "zhenxun.plugins.ai"
09-25 23:31:01 [SUCCESS] nonebot | Succeeded to load plugin "search_image" from "zhenxun.plugins.search_image"
09-25 23:31:01 [SUCCESS] nonebot | Succeeded to load plugin "russian" from "zhenxun.plugins.russian"
09-25 23:31:01 [SUCCESS] nonebot | Succeeded to load plugin "bilibili_sub" from "zhenxun.plugins.bilibili_sub"
09-25 23:31:01 [SUCCESS] nonebot | Succeeded to load plugin "black_word:data_source" from "zhenxun.plugins.black_word.data_source"
09-25 23:31:01 [SUCCESS] nonebot | Succeeded to load plugin "black_word:black_watch" from "zhenxun.plugins.black_word.black_watch"
09-25 23:31:01 [SUCCESS] nonebot | Succeeded to load plugin "black_word:black_word" from "zhenxun.plugins.black_word.black_word"
09-25 23:31:01 [SUCCESS] nonebot | Succeeded to load plugin "black_word:model" from "zhenxun.plugins.black_word.model"
09-25 23:31:01 [SUCCESS] nonebot | Succeeded to load plugin "black_word:utils" from "zhenxun.plugins.black_word.utils"
09-25 23:31:01 [SUCCESS] nonebot | Succeeded to load plugin "black_word" from "zhenxun.plugins.black_word"
09-25 23:31:01 [SUCCESS] nonebot | Succeeded to load plugin "translate" from "zhenxun.plugins.translate"
09-25 23:31:01 [SUCCESS] nonebot | Succeeded to load plugin "wbtop" from "zhenxun.plugins.wbtop"
09-25 23:31:01 [SUCCESS] nonebot | Succeeded to load plugin "parse_bilibili" from "zhenxun.plugins.parse_bilibili"
09-25 23:31:01 [SUCCESS] nonebot | Succeeded to load plugin "fudu" from "zhenxun.plugins.fudu"
09-25 23:31:01 [SUCCESS] nonebot | Succeeded to load plugin "nbnhhsh" from "zhenxun.plugins.nbnhhsh"
09-25 23:31:02 [SUCCESS] nonebot | Succeeded to load plugin "dialogue" from "zhenxun.plugins.dialogue"
09-25 23:31:02 [SUCCESS] nonebot | Succeeded to load plugin "poke" from "zhenxun.plugins.poke"
09-25 23:31:02 [SUCCESS] nonebot | Succeeded to load plugin "moyu" from "zhenxun.plugins.moyu"
09-25 23:31:02 [SUCCESS] nonebot | Running NoneBot...
09-25 23:31:02 [INFO] uvicorn | Started server process [7288]
09-25 23:31:02 [INFO] uvicorn | Waiting for application startup.
09-25 23:31:02 [INFO] zhenxun | Database loaded successfully!
09-25 23:31:02 [INFO] nonebot_plugin_apscheduler | Scheduler Started
09-25 23:31:07 [INFO] nonebot_plugin_htmlrender | 使用 chromium 启动
09-25 23:31:11 [INFO] nonebot_plugin_htmlrender | Browser Started.
09-25 23:31:11 [INFO] zhenxun | CMD[Web UI] API启动成功
09-25 23:31:19 [INFO] uvicorn | Application startup complete.
09-25 23:31:19 [INFO] uvicorn | Uvicorn running on http://127.0.0.1:8080 (Press CTRL+C to quit)
09-25 23:31:23 [INFO] uvicorn | ('127.0.0.1', 54460) - "WebSocket /onebot/v11/ws" [accepted]
09-25 23:31:23 [INFO] nonebot | OneBot V11 | Bot 3973508735 connected
09-25 23:31:23 [INFO] websockets | connection open
09-25 23:59:01 [INFO] zhenxun | 每日晚安发送...
