09-23 00:52:20 [INFO] zhenxun | CMD[签到] 清理日常签到图片数据数据完成...
09-23 01:01:00 [INFO] zhenxun | CMD[定时任务] 自动清理临时数据完成，共清理了 3.44MB 的数据...
09-23 01:52:20 [INFO] zhenxun | CMD[签到] 清理日常签到图片数据数据完成...
09-23 02:52:20 [INFO] zhenxun | CMD[签到] 清理日常签到图片数据数据完成...
09-23 03:01:00 [INFO] zhenxun | 自动更新群组成员信息成功...
09-23 03:01:00 [INFO] zhenxun | 自动更新好友信息成功...
09-23 03:12:49 [SUCCESS] nonebot | OneBot V11 3973508735 | [message.private.friend]: Message 700882395 from 2747277822 '[json:data={"app":"com.tencent.gamecenter.mall","desc":"【英雄联盟手游】双剑驱魔维系两界平衡","m...]'
09-23 03:12:49 [INFO] nonebot | Event will be handled by Matcher(type='message', module=zhenxun.plugins.mute.mute_message, lineno=32)
09-23 03:12:50 [INFO] nonebot | Event will be handled by Matcher(type='message', module=zhenxun.builtin_plugins.chat_history.chat_message, lineno=39)
09-23 03:12:50 [INFO] nonebot | Event will be handled by Matcher(type='message', module=zhenxun.plugins.parse_bilibili, lineno=54)
09-23 03:12:50 [INFO] nonebot | Matcher(type='message', module=zhenxun.plugins.parse_bilibili, lineno=54) running complete
09-23 03:12:50 [ERROR] nonebot | Running Matcher(type='message', module=zhenxun.plugins.parse_bilibili, lineno=54) failed.
Traceback (most recent call last):

  File "C:\Program Files\zhenxun\zhenxun_bot-dev\bot.py", line 27, in <module>
    nonebot.run()
    │       └ <function run at 0x000001C70C7D5510>
    └ <module 'nonebot' from 'C:\\Users\\Administrator\\AppData\\Local\\pypoetry\\Cache\\virtualenvs\\zhenxun-bot-k9jvl_fX-py3.10\\...

  File "C:\Users\Administrator\AppData\Local\pypoetry\Cache\virtualenvs\zhenxun-bot-k9jvl_fX-py3.10\lib\site-packages\nonebot\__init__.py", line 335, in run
    get_driver().run(*args, **kwargs)
    │                 │       └ {}
    │                 └ ()
    └ <function get_driver at 0x000001C70C7D5360>

  File "C:\Users\Administrator\AppData\Local\pypoetry\Cache\virtualenvs\zhenxun-bot-k9jvl_fX-py3.10\lib\site-packages\nonebot\drivers\fastapi.py", line 186, in run
    uvicorn.run(
    │       └ <function run at 0x000001C70CFAED40>
    └ <module 'uvicorn' from 'C:\\Users\\Administrator\\AppData\\Local\\pypoetry\\Cache\\virtualenvs\\zhenxun-bot-k9jvl_fX-py3.10\\...

  File "C:\Users\Administrator\AppData\Local\pypoetry\Cache\virtualenvs\zhenxun-bot-k9jvl_fX-py3.10\lib\site-packages\uvicorn\main.py", line 577, in run
    server.run()
    │      └ <function Server.run at 0x000001C70CFAE680>
    └ <uvicorn.server.Server object at 0x000001C71CAF1C00>

  File "C:\Users\Administrator\AppData\Local\pypoetry\Cache\virtualenvs\zhenxun-bot-k9jvl_fX-py3.10\lib\site-packages\uvicorn\server.py", line 65, in run
    return asyncio.run(self.serve(sockets=sockets))
           │       │   │    │             └ None
           │       │   │    └ <function Server.serve at 0x000001C70CFAE710>
           │       │   └ <uvicorn.server.Server object at 0x000001C71CAF1C00>
           │       └ <function run at 0x000001C70A4CCE50>
           └ <module 'asyncio' from 'C:\\Users\\Administrator\\AppData\\Local\\Programs\\Python\\Python310\\lib\\asyncio\\__init__.py'>

  File "C:\Users\Administrator\AppData\Local\Programs\Python\Python310\lib\asyncio\runners.py", line 44, in run
    return loop.run_until_complete(main)
           │    │                  └ <coroutine object Server.serve at 0x000001C71C34A960>
           │    └ <function BaseEventLoop.run_until_complete at 0x000001C70A5D0280>
           └ <ProactorEventLoop running=True closed=False debug=False>

  File "C:\Users\Administrator\AppData\Local\Programs\Python\Python310\lib\asyncio\base_events.py", line 636, in run_until_complete
    self.run_forever()
    │    └ <function ProactorEventLoop.run_forever at 0x000001C70C20D510>
    └ <ProactorEventLoop running=True closed=False debug=False>

  File "C:\Users\Administrator\AppData\Local\Programs\Python\Python310\lib\asyncio\windows_events.py", line 321, in run_forever
    super().run_forever()

  File "C:\Users\Administrator\AppData\Local\Programs\Python\Python310\lib\asyncio\base_events.py", line 603, in run_forever
    self._run_once()
    │    └ <function BaseEventLoop._run_once at 0x000001C70A5D1CF0>
    └ <ProactorEventLoop running=True closed=False debug=False>

  File "C:\Users\Administrator\AppData\Local\Programs\Python\Python310\lib\asyncio\base_events.py", line 1909, in _run_once
    handle._run()
    │      └ <function Handle._run at 0x000001C70A5809D0>
    └ <Handle Task.task_wakeup(<_GatheringFu...b40032e'}})]]>)>

  File "C:\Users\Administrator\AppData\Local\Programs\Python\Python310\lib\asyncio\events.py", line 80, in _run
    self._context.run(self._callback, *self._args)
    │    │            │    │           │    └ <member '_args' of 'Handle' objects>
    │    │            │    │           └ <Handle Task.task_wakeup(<_GatheringFu...b40032e'}})]]>)>
    │    │            │    └ <member '_callback' of 'Handle' objects>
    │    │            └ <Handle Task.task_wakeup(<_GatheringFu...b40032e'}})]]>)>
    │    └ <member '_context' of 'Handle' objects>
    └ <Handle Task.task_wakeup(<_GatheringFu...b40032e'}})]]>)>

  File "C:\Users\Administrator\AppData\Local\pypoetry\Cache\virtualenvs\zhenxun-bot-k9jvl_fX-py3.10\lib\site-packages\nonebot\message.py", line 476, in check_and_run_matcher
    await _run_matcher(
          └ <function _run_matcher at 0x000001C70C9309D0>

> File "C:\Users\Administrator\AppData\Local\pypoetry\Cache\virtualenvs\zhenxun-bot-k9jvl_fX-py3.10\lib\site-packages\nonebot\message.py", line 428, in _run_matcher
    await matcher.run(bot, event, state, stack, dependency_cache)
          │       │   │    │      │      │      └ {<function _uni_msg at 0x000001C70F6A9FC0>: <Task finished name='Task-669747' coro=<_uni_msg() done, defined at C:\Users\Admi...
          │       │   │    │      │      └ <contextlib.AsyncExitStack object at 0x000001C71D7D57E0>
          │       │   │    │      └ {'_prefix': {'command': None, 'raw_command': None, 'command_arg': None, 'command_start': None, 'command_whitespace': None}}
          │       │   │    └ PrivateMessageEvent(time=1727032369, self_id=3973508735, post_type='message', sub_type='friend', user_id=2747277822, message_...
          │       │   └ Bot(type='OneBot V11', self_id='3973508735')
          │       └ <function Matcher.run at 0x000001C70C829B40>
          └ Matcher(type='message', module=zhenxun.plugins.parse_bilibili, lineno=54)

  File "C:\Users\Administrator\AppData\Local\pypoetry\Cache\virtualenvs\zhenxun-bot-k9jvl_fX-py3.10\lib\site-packages\nonebot\internal\matcher\matcher.py", line 850, in run
    await self.simple_run(bot, event, state, stack, dependency_cache)
          │    │          │    │      │      │      └ {<function _uni_msg at 0x000001C70F6A9FC0>: <Task finished name='Task-669747' coro=<_uni_msg() done, defined at C:\Users\Admi...
          │    │          │    │      │      └ <contextlib.AsyncExitStack object at 0x000001C71D7D57E0>
          │    │          │    │      └ {'_prefix': {'command': None, 'raw_command': None, 'command_arg': None, 'command_start': None, 'command_whitespace': None}}
          │    │          │    └ PrivateMessageEvent(time=1727032369, self_id=3973508735, post_type='message', sub_type='friend', user_id=2747277822, message_...
          │    │          └ Bot(type='OneBot V11', self_id='3973508735')
          │    └ <function Matcher.simple_run at 0x000001C70C829AB0>
          └ Matcher(type='message', module=zhenxun.plugins.parse_bilibili, lineno=54)

  File "C:\Users\Administrator\AppData\Local\pypoetry\Cache\virtualenvs\zhenxun-bot-k9jvl_fX-py3.10\lib\site-packages\nonebot\internal\matcher\matcher.py", line 825, in simple_run
    await handler(
          └ Dependent(call=_)

  File "C:\Users\Administrator\AppData\Local\pypoetry\Cache\virtualenvs\zhenxun-bot-k9jvl_fX-py3.10\lib\site-packages\nonebot\dependencies\__init__.py", line 94, in __call__
    return await cast(Callable[..., Awaitable[R]], self.call)(**values)
                 │    │             │         │    │    │       └ {'session': Session(bot_id='3973508735', bot_type='OneBot V11', platform='qq', level=<SessionLevel.LEVEL1: 1>, id1='274727782...
                 │    │             │         │    │    └ <function _ at 0x000001C716C73880>
                 │    │             │         │    └ Dependent(call=_)
                 │    │             │         └ ~R
                 │    │             └ <class 'collections.abc.Awaitable'>
                 │    └ typing.Callable
                 └ <function cast at 0x000001C70A3604C0>

  File "C:\Program Files\zhenxun\zhenxun_bot-dev\zhenxun\plugins\parse_bilibili\__init__.py", line 86, in _
    get_url = (qqdocurl_value if qqdocurl_value else jumpUrl_value).split("?")[
               │                 │                   └ {}
               │                 └ {}
               └ {}

AttributeError: 'dict' object has no attribute 'split'
09-23 03:12:50 [INFO] nonebot | Matcher(type='message', module=zhenxun.builtin_plugins.chat_history.chat_message, lineno=39) running complete
09-23 03:12:50 [INFO] nonebot | Matcher(type='message', module=zhenxun.plugins.mute.mute_message, lineno=32) running complete
09-23 03:12:50 [INFO] nonebot | Event will be handled by Matcher(type='message', module=zhenxun.plugins.nonebot_plugin_sparkapi.matchers.chat, lineno=39)
09-23 03:13:00 [INFO] nonebot | Matcher(type='message', module=zhenxun.plugins.nonebot_plugin_sparkapi.matchers.chat, lineno=39) running complete
09-23 03:13:00 [ERROR] nonebot | Running Matcher(type='message', module=zhenxun.plugins.nonebot_plugin_sparkapi.matchers.chat, lineno=39) failed.
Traceback (most recent call last):

  File "C:\Program Files\zhenxun\zhenxun_bot-dev\bot.py", line 27, in <module>
    nonebot.run()
    │       └ <function run at 0x000001C70C7D5510>
    └ <module 'nonebot' from 'C:\\Users\\Administrator\\AppData\\Local\\pypoetry\\Cache\\virtualenvs\\zhenxun-bot-k9jvl_fX-py3.10\\...

  File "C:\Users\Administrator\AppData\Local\pypoetry\Cache\virtualenvs\zhenxun-bot-k9jvl_fX-py3.10\lib\site-packages\nonebot\__init__.py", line 335, in run
    get_driver().run(*args, **kwargs)
    │                 │       └ {}
    │                 └ ()
    └ <function get_driver at 0x000001C70C7D5360>

  File "C:\Users\Administrator\AppData\Local\pypoetry\Cache\virtualenvs\zhenxun-bot-k9jvl_fX-py3.10\lib\site-packages\nonebot\drivers\fastapi.py", line 186, in run
    uvicorn.run(
    │       └ <function run at 0x000001C70CFAED40>
    └ <module 'uvicorn' from 'C:\\Users\\Administrator\\AppData\\Local\\pypoetry\\Cache\\virtualenvs\\zhenxun-bot-k9jvl_fX-py3.10\\...

  File "C:\Users\Administrator\AppData\Local\pypoetry\Cache\virtualenvs\zhenxun-bot-k9jvl_fX-py3.10\lib\site-packages\uvicorn\main.py", line 577, in run
    server.run()
    │      └ <function Server.run at 0x000001C70CFAE680>
    └ <uvicorn.server.Server object at 0x000001C71CAF1C00>

  File "C:\Users\Administrator\AppData\Local\pypoetry\Cache\virtualenvs\zhenxun-bot-k9jvl_fX-py3.10\lib\site-packages\uvicorn\server.py", line 65, in run
    return asyncio.run(self.serve(sockets=sockets))
           │       │   │    │             └ None
           │       │   │    └ <function Server.serve at 0x000001C70CFAE710>
           │       │   └ <uvicorn.server.Server object at 0x000001C71CAF1C00>
           │       └ <function run at 0x000001C70A4CCE50>
           └ <module 'asyncio' from 'C:\\Users\\Administrator\\AppData\\Local\\Programs\\Python\\Python310\\lib\\asyncio\\__init__.py'>

  File "C:\Users\Administrator\AppData\Local\Programs\Python\Python310\lib\asyncio\runners.py", line 44, in run
    return loop.run_until_complete(main)
           │    │                  └ <coroutine object Server.serve at 0x000001C71C34A960>
           │    └ <function BaseEventLoop.run_until_complete at 0x000001C70A5D0280>
           └ <ProactorEventLoop running=True closed=False debug=False>

  File "C:\Users\Administrator\AppData\Local\Programs\Python\Python310\lib\asyncio\base_events.py", line 636, in run_until_complete
    self.run_forever()
    │    └ <function ProactorEventLoop.run_forever at 0x000001C70C20D510>
    └ <ProactorEventLoop running=True closed=False debug=False>

  File "C:\Users\Administrator\AppData\Local\Programs\Python\Python310\lib\asyncio\windows_events.py", line 321, in run_forever
    super().run_forever()

  File "C:\Users\Administrator\AppData\Local\Programs\Python\Python310\lib\asyncio\base_events.py", line 603, in run_forever
    self._run_once()
    │    └ <function BaseEventLoop._run_once at 0x000001C70A5D1CF0>
    └ <ProactorEventLoop running=True closed=False debug=False>

  File "C:\Users\Administrator\AppData\Local\Programs\Python\Python310\lib\asyncio\base_events.py", line 1909, in _run_once
    handle._run()
    │      └ <function Handle._run at 0x000001C70A5809D0>
    └ <Handle Task.task_wakeup(<Future finished result=None>)>

  File "C:\Users\Administrator\AppData\Local\Programs\Python\Python310\lib\asyncio\events.py", line 80, in _run
    self._context.run(self._callback, *self._args)
    │    │            │    │           │    └ <member '_args' of 'Handle' objects>
    │    │            │    │           └ <Handle Task.task_wakeup(<Future finished result=None>)>
    │    │            │    └ <member '_callback' of 'Handle' objects>
    │    │            └ <Handle Task.task_wakeup(<Future finished result=None>)>
    │    └ <member '_context' of 'Handle' objects>
    └ <Handle Task.task_wakeup(<Future finished result=None>)>

  File "C:\Users\Administrator\AppData\Local\pypoetry\Cache\virtualenvs\zhenxun-bot-k9jvl_fX-py3.10\lib\site-packages\nonebot\message.py", line 476, in check_and_run_matcher
    await _run_matcher(
          └ <function _run_matcher at 0x000001C70C9309D0>

> File "C:\Users\Administrator\AppData\Local\pypoetry\Cache\virtualenvs\zhenxun-bot-k9jvl_fX-py3.10\lib\site-packages\nonebot\message.py", line 428, in _run_matcher
    await matcher.run(bot, event, state, stack, dependency_cache)
          │       │   │    │      │      │      └ {<function _uni_msg at 0x000001C70F6A9FC0>: <Task finished name='Task-669747' coro=<_uni_msg() done, defined at C:\Users\Admi...
          │       │   │    │      │      └ <contextlib.AsyncExitStack object at 0x000001C71D7D57E0>
          │       │   │    │      └ {'_prefix': {'command': None, 'raw_command': None, 'command_arg': None, 'command_start': None, 'command_whitespace': None}}
          │       │   │    └ PrivateMessageEvent(time=1727032369, self_id=3973508735, post_type='message', sub_type='friend', user_id=2747277822, message_...
          │       │   └ Bot(type='OneBot V11', self_id='3973508735')
          │       └ <function Matcher.run at 0x000001C70C829B40>
          └ Matcher(type='message', module=zhenxun.plugins.nonebot_plugin_sparkapi.matchers.chat, lineno=39)

  File "C:\Users\Administrator\AppData\Local\pypoetry\Cache\virtualenvs\zhenxun-bot-k9jvl_fX-py3.10\lib\site-packages\nonebot\internal\matcher\matcher.py", line 850, in run
    await self.simple_run(bot, event, state, stack, dependency_cache)
          │    │          │    │      │      │      └ {<function _uni_msg at 0x000001C70F6A9FC0>: <Task finished name='Task-669747' coro=<_uni_msg() done, defined at C:\Users\Admi...
          │    │          │    │      │      └ <contextlib.AsyncExitStack object at 0x000001C71D7D57E0>
          │    │          │    │      └ {'_prefix': {'command': None, 'raw_command': None, 'command_arg': None, 'command_start': None, 'command_whitespace': None}}
          │    │          │    └ PrivateMessageEvent(time=1727032369, self_id=3973508735, post_type='message', sub_type='friend', user_id=2747277822, message_...
          │    │          └ Bot(type='OneBot V11', self_id='3973508735')
          │    └ <function Matcher.simple_run at 0x000001C70C829AB0>
          └ Matcher(type='message', module=zhenxun.plugins.nonebot_plugin_sparkapi.matchers.chat, lineno=39)

  File "C:\Users\Administrator\AppData\Local\pypoetry\Cache\virtualenvs\zhenxun-bot-k9jvl_fX-py3.10\lib\site-packages\nonebot\internal\matcher\matcher.py", line 825, in simple_run
    await handler(
          └ Dependent(call=_)

  File "C:\Users\Administrator\AppData\Local\pypoetry\Cache\virtualenvs\zhenxun-bot-k9jvl_fX-py3.10\lib\site-packages\nonebot\dependencies\__init__.py", line 94, in __call__
    return await cast(Callable[..., Awaitable[R]], self.call)(**values)
                 │    │             │         │    │    │       └ {'session_id': 'qq_OneBot_V11_3973508735_2747277822', 'arg': [MessageSegment(type='json', data={'data': '{"app":"com.tencent....
                 │    │             │         │    │    └ <function _ at 0x000001C71CABD2D0>
                 │    │             │         │    └ Dependent(call=_)
                 │    │             │         └ ~R
                 │    │             └ <class 'collections.abc.Awaitable'>
                 │    └ typing.Callable
                 └ <function cast at 0x000001C70A3604C0>

  File "C:\Program Files\zhenxun\zhenxun_bot-dev\zhenxun\plugins\nonebot_plugin_sparkapi\matchers\chat.py", line 58, in _
    await hello().finish()
          └ <function hello at 0x000001C71CABD000>

  File "C:\Users\Administrator\AppData\Local\pypoetry\Cache\virtualenvs\zhenxun-bot-k9jvl_fX-py3.10\lib\site-packages\nonebot_plugin_alconna\uniseg\message.py", line 1407, in finish
    await self.send(target, bot, fallback, at_sender, reply_to, **kwargs)
          │    │    │       │    │         │          │           └ {}
          │    │    │       │    │         │          └ False
          │    │    │       │    │         └ False
          │    │    │       │    └ <FallbackStrategy.rollback: 'rollback'>
          │    │    │       └ None
          │    │    └ None
          │    └ <function UniMessage.send at 0x000001C70F6A9480>
          └ [Image(id=None, url=None, path=WindowsPath('resources/image/zai/5.jpg'), raw=None, mimetype=None, name='5.jpg'), Text(text='我...

  File "C:\Users\Administrator\AppData\Local\pypoetry\Cache\virtualenvs\zhenxun-bot-k9jvl_fX-py3.10\lib\site-packages\nonebot_plugin_alconna\uniseg\message.py", line 1395, in send
    res = await fn.send_to(target, bot, msg, **kwargs)
                │  │       │       │    │      └ {}
                │  │       │       │    └ [MessageSegment(type='image', data={'file': 'file:///C:/Program%20Files/zhenxun/zhenxun_bot-dev/resources/image/zai/5.jpg', '...
                │  │       │       └ Bot(type='OneBot V11', self_id='3973508735')
                │  │       └ PrivateMessageEvent(time=1727032369, self_id=3973508735, post_type='message', sub_type='friend', user_id=2747277822, message_...
                │  └ <function Onebot11MessageExporter.send_to at 0x000001C70F68C820>
                └ <nonebot_plugin_alconna.uniseg.adapters.onebot11.exporter.Onebot11MessageExporter object at 0x000001C70F64A8C0>

  File "C:\Users\Administrator\AppData\Local\pypoetry\Cache\virtualenvs\zhenxun-bot-k9jvl_fX-py3.10\lib\site-packages\nonebot_plugin_alconna\uniseg\adapters\onebot11\exporter.py", line 154, in send_to
    return await bot.send(target, message, **kwargs)  # type: ignore
                 │   │    │       │          └ {}
                 │   │    │       └ [MessageSegment(type='image', data={'file': 'file:///C:/Program%20Files/zhenxun/zhenxun_bot-dev/resources/image/zai/5.jpg', '...
                 │   │    └ PrivateMessageEvent(time=1727032369, self_id=3973508735, post_type='message', sub_type='friend', user_id=2747277822, message_...
                 │   └ <function Bot.send at 0x000001C70CD58160>
                 └ Bot(type='OneBot V11', self_id='3973508735')

  File "C:\Users\Administrator\AppData\Local\pypoetry\Cache\virtualenvs\zhenxun-bot-k9jvl_fX-py3.10\lib\site-packages\nonebot\adapters\onebot\v11\bot.py", line 237, in send
    return await self.__class__.send_handler(self, event, message, **kwargs)
                 │    │                      │     │      │          └ {}
                 │    │                      │     │      └ [MessageSegment(type='image', data={'file': 'file:///C:/Program%20Files/zhenxun/zhenxun_bot-dev/resources/image/zai/5.jpg', '...
                 │    │                      │     └ PrivateMessageEvent(time=1727032369, self_id=3973508735, post_type='message', sub_type='friend', user_id=2747277822, message_...
                 │    │                      └ Bot(type='OneBot V11', self_id='3973508735')
                 │    └ <attribute '__class__' of 'object' objects>
                 └ Bot(type='OneBot V11', self_id='3973508735')

  File "C:\Users\Administrator\AppData\Local\pypoetry\Cache\virtualenvs\zhenxun-bot-k9jvl_fX-py3.10\lib\site-packages\nonebot\adapters\onebot\v11\bot.py", line 190, in send
    return await bot.send_msg(**params)
                 │              └ {'user_id': 2747277822, 'message_type': 'private', 'message': [MessageSegment(type='image', data={'file': 'file:///C:/Program...
                 └ Bot(type='OneBot V11', self_id='3973508735')

  File "C:\Users\Administrator\AppData\Local\pypoetry\Cache\virtualenvs\zhenxun-bot-k9jvl_fX-py3.10\lib\site-packages\nonebot\internal\adapter\bot.py", line 122, in call_api
    raise exception
          └ ActionFailed(status='failed', retcode=1200, data=None, message='Error: Timeout: NTEvent serviceAndMethod:NodeIKernelMsgServic...

  File "C:\Users\Administrator\AppData\Local\pypoetry\Cache\virtualenvs\zhenxun-bot-k9jvl_fX-py3.10\lib\site-packages\nonebot\internal\adapter\bot.py", line 97, in call_api
    result = await self.adapter._call_api(self, api, **data)
                   │    │       │         │     │      └ {'user_id': 2747277822, 'message_type': 'private', 'message': [MessageSegment(type='image', data={'file': 'file:///C:/Program...
                   │    │       │         │     └ 'send_msg'
                   │    │       │         └ Bot(type='OneBot V11', self_id='3973508735')
                   │    │       └ <function Adapter._call_api at 0x000001C70A068820>
                   │    └ Adapter(name='OneBot V11')
                   └ Bot(type='OneBot V11', self_id='3973508735')

  File "C:\Users\Administrator\AppData\Local\pypoetry\Cache\virtualenvs\zhenxun-bot-k9jvl_fX-py3.10\lib\site-packages\nonebot\adapters\onebot\v11\adapter.py", line 147, in _call_api
    return handle_api_result(await self._result_store.fetch(seq, timeout))
           │                       │    │             │     │    └ 30.0
           │                       │    │             │     └ 180
           │                       │    │             └ <function ResultStore.fetch at 0x000001C70CD592D0>
           │                       │    └ <nonebot.adapters.onebot.store.ResultStore object at 0x000001C70CA7C5E0>
           │                       └ Adapter(name='OneBot V11')
           └ <function handle_api_result at 0x000001C70CCE0280>

  File "C:\Users\Administrator\AppData\Local\pypoetry\Cache\virtualenvs\zhenxun-bot-k9jvl_fX-py3.10\lib\site-packages\nonebot\adapters\onebot\v11\utils.py", line 58, in handle_api_result
    raise ActionFailed(**result)
          │              └ {'status': 'failed', 'retcode': 1200, 'data': None, 'message': 'Error: Timeout: NTEvent serviceAndMethod:NodeIKernelMsgServic...
          └ <class 'nonebot.adapters.onebot.v11.exception.ActionFailed'>

nonebot.adapters.onebot.v11.exception.ActionFailed: ActionFailed(status='failed', retcode=1200, data=None, message='Error: Timeout: NTEvent serviceAndMethod:NodeIKernelMsgService/sendMsg ListenerName:NodeIKernelMsgListener/onMsgInfoListUpdate EventRet:\n{}\n\n    at Timeout.sendDataCallback [as _onTimeout] (file:///C:/Users/Administrator/Documents/LiteloaderQQNT/plugins/NapCat.Framework/napcat.mjs:7666:15)\n    at listOnTimeout (node:internal/timers:573:17)\n    at process.processTimers (node:internal/timers:514:7)', wording='Error: Timeout: NTEvent serviceAndMethod:NodeIKernelMsgService/sendMsg ListenerName:NodeIKernelMsgListener/onMsgInfoListUpdate EventRet:\n{}\n\n    at Timeout.sendDataCallback [as _onTimeout] (file:///C:/Users/Administrator/Documents/LiteloaderQQNT/plugins/NapCat.Framework/napcat.mjs:7666:15)\n    at listOnTimeout (node:internal/timers:573:17)\n    at process.processTimers (node:internal/timers:514:7)', echo='180')
09-23 03:25:00 [INFO] zhenxun | CMD[自动备份] 自动备份成功...
09-23 03:52:20 [INFO] zhenxun | CMD[签到] 清理日常签到图片数据数据完成...
09-23 04:01:00 [WARNING] zhenxun | 当前无UP池或 prts_up_char.json 文件不存在
09-23 04:01:00 [WARNING] zhenxun | 坎公骑冠剑UP更新出错 <class 'IndexError'>：list index out of range
09-23 04:01:00 [WARNING] zhenxun | guardian_up_char 解析出错
09-23 04:01:00 [WARNING] zhenxun | 赛马娘UP更新出错 || 错误<class 'AttributeError'>: 'NoneType' object has no attribute 'find'
09-23 04:01:00 [WARNING] zhenxun | pretty_up_char 解析出错
09-23 04:01:04 [WARNING] zhenxun | 原神 获取额外信息错误 旅行者水
09-23 04:01:07 [WARNING] zhenxun | 原神 获取额外信息错误 旅行者草
09-23 04:01:11 [WARNING] zhenxun | 原神 获取额外信息错误 旅行者雷
09-23 04:01:14 [WARNING] zhenxun | 原神 获取额外信息错误 旅行者风
09-23 04:01:14 [WARNING] zhenxun | 原神 获取额外信息错误 旅行者岩
09-23 04:01:18 [INFO] zhenxun | 原神 更新成功
09-23 04:01:19 [INFO] zhenxun | 原神 武器更新成功
09-23 04:01:19 [INFO] zhenxun | 成功获取原神当前up信息...当前up池: 「影寂天下人」 & 「巡火猎秘」 & 「神铸赋形」
09-23 04:30:03 [INFO] zhenxun | 下载 https://i.pixiv.re/img-original/img/2023/11/15/21/06/20/113432062_p0.jpg 成功.. Path：C:\Program Files\zhenxun\zhenxun_bot-dev\resources\temp\1.jpg
09-23 04:30:03 [INFO] zhenxun | 不需要压缩，移动图片resources\temp/1.jpg --> /resources\image\_setu/1.jpg
09-23 04:30:03 [ERROR] zhenxun | 更新色图 1.jpg 错误 <class 'FileExistsError'>: [WinError 183] 当文件已存在时，无法创建该文件。: 'resources\\temp\\1.jpg' -> 'resources\\image\\_setu\\1.jpg'
09-23 04:30:05 [INFO] zhenxun | 下载 https://i.pixiv.re/img-original/img/2023/04/18/19/12/19/107296589_p0.jpg 成功.. Path：C:\Program Files\zhenxun\zhenxun_bot-dev\resources\temp\0.jpg
09-23 04:30:05 [INFO] zhenxun | 不需要压缩，移动图片resources\temp/0.jpg --> /resources\image\_setu/0.jpg
09-23 04:30:05 [ERROR] zhenxun | 更新色图 0.jpg 错误 <class 'FileExistsError'>: [WinError 183] 当文件已存在时，无法创建该文件。: 'resources\\temp\\0.jpg' -> 'resources\\image\\_setu\\0.jpg'
09-23 04:30:05 [INFO] zhenxun | CMD[自动更新色图] ("2024-09-23 04:30:05 更新 色图 完成，本地存在 2 张，实际更新 0 张，以下为更新时未知错误：\n更新色图 1.jpg 错误 <class 'FileExistsError'>: [WinError 183] 当文件已存在时，无法创建该文件。: 'resources\\\\temp\\\\1.jpg' -> 'resources\\\\image\\\\_setu\\\\1.jpg'",)
09-23 04:40:00 [INFO] zhenxun | CMD[Chat检测] [Target]([992333365]) 群组两日内未发送任何消息，关闭该群全部被动
09-23 04:52:20 [INFO] zhenxun | CMD[签到] 清理日常签到图片数据数据完成...
09-23 05:52:20 [INFO] zhenxun | CMD[签到] 清理日常签到图片数据数据完成...
09-23 06:01:00 [INFO] zhenxun | 每日早安发送...
09-23 06:52:20 [INFO] zhenxun | CMD[签到] 清理日常签到图片数据数据完成...
09-23 07:52:20 [INFO] zhenxun | CMD[签到] 清理日常签到图片数据数据完成...
09-23 08:52:20 [INFO] zhenxun | CMD[签到] 清理日常签到图片数据数据完成...
09-23 09:01:00 [ERROR] apscheduler | Job "_ (trigger: cron[hour='9', minute='1'], next run at: 2024-09-24 09:01:00 CST)" raised an exception
Traceback (most recent call last):

  File "C:\Program Files\zhenxun\zhenxun_bot-dev\bot.py", line 27, in <module>
    nonebot.run()
    │       └ <function run at 0x000001C70C7D5510>
    └ <module 'nonebot' from 'C:\\Users\\Administrator\\AppData\\Local\\pypoetry\\Cache\\virtualenvs\\zhenxun-bot-k9jvl_fX-py3.10\\...

  File "C:\Users\Administrator\AppData\Local\pypoetry\Cache\virtualenvs\zhenxun-bot-k9jvl_fX-py3.10\lib\site-packages\nonebot\__init__.py", line 335, in run
    get_driver().run(*args, **kwargs)
    │                 │       └ {}
    │                 └ ()
    └ <function get_driver at 0x000001C70C7D5360>

  File "C:\Users\Administrator\AppData\Local\pypoetry\Cache\virtualenvs\zhenxun-bot-k9jvl_fX-py3.10\lib\site-packages\nonebot\drivers\fastapi.py", line 186, in run
    uvicorn.run(
    │       └ <function run at 0x000001C70CFAED40>
    └ <module 'uvicorn' from 'C:\\Users\\Administrator\\AppData\\Local\\pypoetry\\Cache\\virtualenvs\\zhenxun-bot-k9jvl_fX-py3.10\\...

  File "C:\Users\Administrator\AppData\Local\pypoetry\Cache\virtualenvs\zhenxun-bot-k9jvl_fX-py3.10\lib\site-packages\uvicorn\main.py", line 577, in run
    server.run()
    │      └ <function Server.run at 0x000001C70CFAE680>
    └ <uvicorn.server.Server object at 0x000001C71CAF1C00>

  File "C:\Users\Administrator\AppData\Local\pypoetry\Cache\virtualenvs\zhenxun-bot-k9jvl_fX-py3.10\lib\site-packages\uvicorn\server.py", line 65, in run
    return asyncio.run(self.serve(sockets=sockets))
           │       │   │    │             └ None
           │       │   │    └ <function Server.serve at 0x000001C70CFAE710>
           │       │   └ <uvicorn.server.Server object at 0x000001C71CAF1C00>
           │       └ <function run at 0x000001C70A4CCE50>
           └ <module 'asyncio' from 'C:\\Users\\Administrator\\AppData\\Local\\Programs\\Python\\Python310\\lib\\asyncio\\__init__.py'>

  File "C:\Users\Administrator\AppData\Local\Programs\Python\Python310\lib\asyncio\runners.py", line 44, in run
    return loop.run_until_complete(main)
           │    │                  └ <coroutine object Server.serve at 0x000001C71C34A960>
           │    └ <function BaseEventLoop.run_until_complete at 0x000001C70A5D0280>
           └ <ProactorEventLoop running=True closed=False debug=False>

  File "C:\Users\Administrator\AppData\Local\Programs\Python\Python310\lib\asyncio\base_events.py", line 636, in run_until_complete
    self.run_forever()
    │    └ <function ProactorEventLoop.run_forever at 0x000001C70C20D510>
    └ <ProactorEventLoop running=True closed=False debug=False>

  File "C:\Users\Administrator\AppData\Local\Programs\Python\Python310\lib\asyncio\windows_events.py", line 321, in run_forever
    super().run_forever()

  File "C:\Users\Administrator\AppData\Local\Programs\Python\Python310\lib\asyncio\base_events.py", line 603, in run_forever
    self._run_once()
    │    └ <function BaseEventLoop._run_once at 0x000001C70A5D1CF0>
    └ <ProactorEventLoop running=True closed=False debug=False>

  File "C:\Users\Administrator\AppData\Local\Programs\Python\Python310\lib\asyncio\base_events.py", line 1909, in _run_once
    handle._run()
    │      └ <function Handle._run at 0x000001C70A5809D0>
    └ <Handle <TaskStepMethWrapper object at 0x000001C71D7D77F0>()>

  File "C:\Users\Administrator\AppData\Local\Programs\Python\Python310\lib\asyncio\events.py", line 80, in _run
    self._context.run(self._callback, *self._args)
    │    │            │    │           │    └ <member '_args' of 'Handle' objects>
    │    │            │    │           └ <Handle <TaskStepMethWrapper object at 0x000001C71D7D77F0>()>
    │    │            │    └ <member '_callback' of 'Handle' objects>
    │    │            └ <Handle <TaskStepMethWrapper object at 0x000001C71D7D77F0>()>
    │    └ <member '_context' of 'Handle' objects>
    └ <Handle <TaskStepMethWrapper object at 0x000001C71D7D77F0>()>

> File "C:\Users\Administrator\AppData\Local\pypoetry\Cache\virtualenvs\zhenxun-bot-k9jvl_fX-py3.10\lib\site-packages\apscheduler\executors\base_py3.py", line 30, in run_coroutine_job
    retval = await job.func(*job.args, **job.kwargs)
                   │   │     │   │       │   └ <member 'kwargs' of 'Job' objects>
                   │   │     │   │       └ <Job (id=bd6c9f4a9cfe4c9381e3204dfa55f8b5 name=_)>
                   │   │     │   └ <member 'args' of 'Job' objects>
                   │   │     └ <Job (id=bd6c9f4a9cfe4c9381e3204dfa55f8b5 name=_)>
                   │   └ <member 'func' of 'Job' objects>
                   └ <Job (id=bd6c9f4a9cfe4c9381e3204dfa55f8b5 name=_)>

  File "C:\Program Files\zhenxun\zhenxun_bot-dev\zhenxun\plugins\moyu.py", line 98, in _
    message = await MessageUtils.build_message("小叶子带大家来摸鱼！")
                    │            └ <classmethod(<function MessageUtils.build_message at 0x000001C7113DDD80>)>
                    └ <class 'zhenxun.utils.message.MessageUtils'>

TypeError: object UniMessage can't be used in 'await' expression
09-23 09:12:18 [SUCCESS] nonebot | OneBot V11 3973508735 | [message.group.normal]: Message 243595361 from 1095712946@[群:546881717] '小叶子为啥这么早'
09-23 09:12:18 [INFO] nonebot | Event will be handled by Matcher(type='message', module=zhenxun.plugins.mute.mute_message, lineno=32)
09-23 09:12:18 [INFO] nonebot | Event will be handled by Matcher(type='message', module=zhenxun.builtin_plugins.chat_history.chat_message, lineno=39)
09-23 09:12:18 [INFO] nonebot | Event will be handled by Matcher(type='message', module=zhenxun.plugins.parse_bilibili, lineno=54)
09-23 09:12:18 [INFO] nonebot | Matcher(type='message', module=zhenxun.plugins.parse_bilibili, lineno=54) running complete
09-23 09:12:18 [INFO] nonebot | Matcher(type='message', module=zhenxun.builtin_plugins.chat_history.chat_message, lineno=39) running complete
09-23 09:12:18 [INFO] nonebot | Matcher(type='message', module=zhenxun.plugins.mute.mute_message, lineno=32) running complete
09-23 09:12:18 [INFO] nonebot | Event will be handled by Matcher(type='message', module=zhenxun.plugins.nonebot_plugin_sparkapi.matchers.chat, lineno=39)
09-23 09:12:18 [INFO] zhenxun | current key is 啥 the text is 为啥这么早
09-23 09:12:18 [INFO] zhenxun | 用户[1095712946] CMD[ai] 问题：为啥这么早 ---- 回答：不告诉帕鲁
09-23 09:12:18 [INFO] nonebot | Matcher(type='message', module=zhenxun.plugins.nonebot_plugin_sparkapi.matchers.chat, lineno=39) running complete
09-23 09:28:39 [SUCCESS] nonebot | OneBot V11 3973508735 | [message.group.normal]: Message 1285967721 from 1095712946@[群:546881717] '小叶子 签到'
09-23 09:28:39 [INFO] nonebot | Event will be handled by Matcher(type='message', module=zhenxun.plugins.mute.mute_message, lineno=32)
09-23 09:28:39 [INFO] nonebot | Event will be handled by Matcher(type='message', module=zhenxun.builtin_plugins.chat_history.chat_message, lineno=39)
09-23 09:28:39 [INFO] nonebot | Event will be handled by Matcher(type='message', module=zhenxun.plugins.parse_bilibili, lineno=54)
09-23 09:28:39 [INFO] nonebot | Matcher(type='message', module=zhenxun.plugins.parse_bilibili, lineno=54) running complete
09-23 09:28:39 [INFO] nonebot | Matcher(type='message', module=zhenxun.builtin_plugins.chat_history.chat_message, lineno=39) running complete
09-23 09:28:39 [INFO] nonebot | Matcher(type='message', module=zhenxun.plugins.mute.mute_message, lineno=32) running complete
09-23 09:28:39 [INFO] nonebot | Event will be handled by AlconnaMatcher(type='', module=zhenxun.builtin_plugins.sign_in, lineno=89)
09-23 09:28:39 [INFO] zhenxun | Adapter[OneBot V11] 平台[qq] 群聊[546881717] 用户[1095712946] CMD[签到] 签到成功. score: 1.86 (+0.52).获取金币/道具: 39
09-23 09:28:47 [INFO] zhenxun | Adapter[OneBot V11] 平台[qq] 群聊[546881717] 用户[1095712946] CMD[签到] 签到成功
09-23 09:28:48 [INFO] nonebot | AlconnaMatcher(type='', module=zhenxun.builtin_plugins.sign_in, lineno=89) running complete
09-23 09:30:24 [SUCCESS] nonebot | OneBot V11 3973508735 | [message.group.normal]: Message 1620153589 from 843298567@[群:546881717] '小叶子，摸鱼日历'
09-23 09:30:24 [INFO] nonebot | Event will be handled by Matcher(type='message', module=zhenxun.plugins.mute.mute_message, lineno=32)
09-23 09:30:24 [INFO] nonebot | Event will be handled by Matcher(type='message', module=zhenxun.builtin_plugins.chat_history.chat_message, lineno=39)
09-23 09:30:24 [INFO] nonebot | Event will be handled by Matcher(type='message', module=zhenxun.plugins.parse_bilibili, lineno=54)
09-23 09:30:24 [INFO] nonebot | Matcher(type='message', module=zhenxun.plugins.mute.mute_message, lineno=32) running complete
09-23 09:30:24 [INFO] nonebot | Matcher(type='message', module=zhenxun.builtin_plugins.chat_history.chat_message, lineno=39) running complete
09-23 09:30:24 [INFO] nonebot | Matcher(type='message', module=zhenxun.plugins.parse_bilibili, lineno=54) running complete
09-23 09:30:24 [INFO] nonebot | Event will be handled by AlconnaMatcher(type='', module=zhenxun.plugins.moyu, lineno=43)
09-23 09:30:24 [INFO] zhenxun | begin mo yu
09-23 09:30:28 [INFO] zhenxun | 下载 https://api.jun.la/60s.php?format=image 成功.. Path：C:\Program Files\zhenxun\zhenxun_bot-dev\resources\temp\moyu1727055024.jpeg
09-23 09:30:28 [INFO] zhenxun | 每日图片下载路径 resources\temp\moyu1727055024.jpeg
09-23 09:30:28 [INFO] zhenxun | Adapter[OneBot V11] 平台[qq] 群聊[546881717] 用户[843298567] CMD[moyu] 发送摸鱼 Receipt(bot=Bot(type='OneBot V11', self_id='3973508735'), context=GroupMessageEvent(time=1727055023, self_id=3973508735, post_type='message', sub_type='normal', user_id=843298567, message_type='group', message_id=1620153589, message=[MessageSegment(type='text', data={'text': '摸鱼日历'})], original_message=[MessageSegment(type='text', data={'text': '小叶子，摸鱼日历'})], raw_message='小叶子，摸鱼日历', font=14, sender=Sender(user_id=843298567, nickname='yezis', sex=None, age=None, card='嘤嘤(╥╯^╰╥)小助手（不是机器人）', area=None, level=None, role='admin', title=None), to_me=True, reply=None, group_id=546881717, anonymous=None, message_seq=1620153589, message_format='array', real_id=1620153589), exporter=<nonebot_plugin_alconna.uniseg.adapters.onebot11.exporter.Onebot11MessageExporter object at 0x000001C70F64A8C0>, msg_ids=[{'message_id': 755443189}])
09-23 09:30:28 [INFO] nonebot | AlconnaMatcher(type='', module=zhenxun.plugins.moyu, lineno=43) running complete
09-23 09:52:20 [INFO] zhenxun | CMD[签到] 清理日常签到图片数据数据完成...
09-23 09:53:23 [SUCCESS] nonebot | OneBot V11 3973508735 | [message.group.normal]: Message 2066458324 from 2363080731@[群:546881717] '小叶子，签到'
09-23 09:53:23 [INFO] nonebot | Event will be handled by Matcher(type='message', module=zhenxun.plugins.mute.mute_message, lineno=32)
09-23 09:53:23 [INFO] nonebot | Event will be handled by Matcher(type='message', module=zhenxun.builtin_plugins.chat_history.chat_message, lineno=39)
09-23 09:53:23 [INFO] nonebot | Event will be handled by Matcher(type='message', module=zhenxun.plugins.parse_bilibili, lineno=54)
09-23 09:53:23 [INFO] nonebot | Matcher(type='message', module=zhenxun.plugins.parse_bilibili, lineno=54) running complete
09-23 09:53:23 [INFO] nonebot | Matcher(type='message', module=zhenxun.builtin_plugins.chat_history.chat_message, lineno=39) running complete
09-23 09:53:23 [INFO] nonebot | Matcher(type='message', module=zhenxun.plugins.mute.mute_message, lineno=32) running complete
09-23 09:53:24 [INFO] nonebot | Event will be handled by AlconnaMatcher(type='', module=zhenxun.builtin_plugins.sign_in, lineno=89)
09-23 09:53:24 [INFO] zhenxun | Adapter[OneBot V11] 平台[qq] 群聊[546881717] 用户[2363080731] CMD[签到] 签到成功. score: 2.12 (+0.73).获取金币/道具: 74
09-23 09:53:26 [SUCCESS] nonebot | OneBot V11 3973508735 | [message.group.normal]: Message 1690976388 from 2363080731@[群:546881717] '小叶子，魔芋'
09-23 09:53:26 [INFO] nonebot | Event will be handled by Matcher(type='message', module=zhenxun.plugins.mute.mute_message, lineno=32)
09-23 09:53:26 [INFO] nonebot | Event will be handled by Matcher(type='message', module=zhenxun.builtin_plugins.chat_history.chat_message, lineno=39)
09-23 09:53:26 [INFO] nonebot | Matcher(type='message', module=zhenxun.builtin_plugins.chat_history.chat_message, lineno=39) running complete
09-23 09:53:26 [INFO] nonebot | Event will be handled by Matcher(type='message', module=zhenxun.plugins.parse_bilibili, lineno=54)
09-23 09:53:26 [INFO] nonebot | Matcher(type='message', module=zhenxun.plugins.mute.mute_message, lineno=32) running complete
09-23 09:53:26 [INFO] nonebot | Matcher(type='message', module=zhenxun.plugins.parse_bilibili, lineno=54) running complete
09-23 09:53:27 [INFO] nonebot | Event will be handled by Matcher(type='message', module=zhenxun.plugins.nonebot_plugin_sparkapi.matchers.chat, lineno=39)
09-23 09:53:27 [INFO] zhenxun | 用户[2363080731] CMD[ai] 问题：魔芋 ---- 回答：None
09-23 09:53:27 [INFO] zhenxun | Adapter[OneBot V11] 平台[qq] 群聊[546881717] 用户[2363080731] CMD[签到] 签到成功
09-23 09:53:29 [INFO] nonebot | AlconnaMatcher(type='', module=zhenxun.builtin_plugins.sign_in, lineno=89) running complete
09-23 09:53:30 [INFO] nonebot | Matcher(type='message', module=zhenxun.plugins.nonebot_plugin_sparkapi.matchers.chat, lineno=39) running complete
09-23 09:53:44 [SUCCESS] nonebot | OneBot V11 3973508735 | [message.group.normal]: Message 1855563451 from 2363080731@[群:546881717] '小叶子，摸鱼'
09-23 09:53:44 [INFO] nonebot | Event will be handled by Matcher(type='message', module=zhenxun.plugins.mute.mute_message, lineno=32)
09-23 09:53:44 [INFO] nonebot | Event will be handled by Matcher(type='message', module=zhenxun.builtin_plugins.chat_history.chat_message, lineno=39)
09-23 09:53:44 [INFO] nonebot | Event will be handled by Matcher(type='message', module=zhenxun.plugins.parse_bilibili, lineno=54)
09-23 09:53:44 [INFO] nonebot | Matcher(type='message', module=zhenxun.builtin_plugins.chat_history.chat_message, lineno=39) running complete
09-23 09:53:44 [INFO] nonebot | Matcher(type='message', module=zhenxun.plugins.mute.mute_message, lineno=32) running complete
09-23 09:53:44 [INFO] nonebot | Matcher(type='message', module=zhenxun.plugins.parse_bilibili, lineno=54) running complete
09-23 09:53:44 [INFO] nonebot | Event will be handled by Matcher(type='message', module=zhenxun.plugins.nonebot_plugin_sparkapi.matchers.chat, lineno=39)
09-23 09:53:44 [INFO] zhenxun | current key is 摸鱼 the text is 摸鱼
09-23 09:53:44 [INFO] zhenxun | 用户[2363080731] CMD[ai] 问题：摸鱼 ---- 回答：闪光帕鲁怎么能偷懒呢？要认真点才可以噢！
09-23 09:53:45 [INFO] nonebot | Matcher(type='message', module=zhenxun.plugins.nonebot_plugin_sparkapi.matchers.chat, lineno=39) running complete
09-23 09:54:22 [SUCCESS] nonebot | OneBot V11 3973508735 | [message.group.normal]: Message 873513626 from 499736955@[群:546881717] '[at:qq=3973508735] 色图'
09-23 09:54:22 [INFO] nonebot | Event will be handled by Matcher(type='message', module=zhenxun.plugins.mute.mute_message, lineno=32)
09-23 09:54:22 [INFO] nonebot | Event will be handled by Matcher(type='message', module=zhenxun.builtin_plugins.chat_history.chat_message, lineno=39)
09-23 09:54:22 [INFO] nonebot | Event will be handled by Matcher(type='message', module=zhenxun.plugins.parse_bilibili, lineno=54)
09-23 09:54:22 [INFO] nonebot | Matcher(type='message', module=zhenxun.builtin_plugins.chat_history.chat_message, lineno=39) running complete
09-23 09:54:22 [INFO] nonebot | Matcher(type='message', module=zhenxun.plugins.mute.mute_message, lineno=32) running complete
09-23 09:54:22 [INFO] nonebot | Matcher(type='message', module=zhenxun.plugins.parse_bilibili, lineno=54) running complete
09-23 09:54:23 [INFO] nonebot | Event will be handled by AlconnaMatcher(type='', module=zhenxun.plugins.send_setu_.send_setu, lineno=149)
09-23 09:54:27 [INFO] zhenxun | 下载 https://i.pixiv.re/img-original/img/2023/10/27/18/20/27/112890527_p0.png 成功.. Path：C:\Program Files\zhenxun\zhenxun_bot-dev\resources\temp\79027_temp_setu.jpg
09-23 09:54:27 [INFO] zhenxun | 下载 lolicon 图片 https://i.pixiv.re/img-original/img/2023/10/27/18/20/27/112890527_p0.png 成功， id：79027
09-23 09:54:27 [INFO] zhenxun | Adapter[OneBot V11] 平台[qq] 群聊[546881717] 用户[499736955] CMD[色图] 发送色图 id：
title：新衣装トワ様
author：ミュシャ
PID：112890527
[image]
09-23 09:54:29 [INFO] zhenxun | Adapter[OneBot V11] 平台[qq] 群聊[546881717] 用户[499736955] CMD[色图] 调用发送 1张 色图 tags: None
09-23 09:54:29 [INFO] nonebot | AlconnaMatcher(type='', module=zhenxun.plugins.send_setu_.send_setu, lineno=149) running complete
09-23 09:54:29 [INFO] zhenxun | 色图数据自动存储数据库成功...
09-23 09:54:50 [SUCCESS] nonebot | OneBot V11 3973508735 | [message.group.normal]: Message 1169024674 from 499736955@[群:546881717] '[at:qq=3973508735] 不要二次元的'
09-23 09:54:50 [INFO] nonebot | Event will be handled by Matcher(type='message', module=zhenxun.plugins.mute.mute_message, lineno=32)
09-23 09:54:50 [INFO] nonebot | Event will be handled by Matcher(type='message', module=zhenxun.builtin_plugins.chat_history.chat_message, lineno=39)
09-23 09:54:50 [INFO] nonebot | Event will be handled by Matcher(type='message', module=zhenxun.plugins.parse_bilibili, lineno=54)
09-23 09:54:50 [INFO] nonebot | Matcher(type='message', module=zhenxun.builtin_plugins.chat_history.chat_message, lineno=39) running complete
09-23 09:54:50 [INFO] nonebot | Matcher(type='message', module=zhenxun.plugins.mute.mute_message, lineno=32) running complete
09-23 09:54:50 [INFO] nonebot | Matcher(type='message', module=zhenxun.plugins.parse_bilibili, lineno=54) running complete
09-23 09:54:50 [INFO] nonebot | Event will be handled by Matcher(type='message', module=zhenxun.plugins.nonebot_plugin_sparkapi.matchers.chat, lineno=39)
09-23 09:54:50 [INFO] zhenxun | current key is 不要 the text is 不要二次元的
09-23 09:54:50 [INFO] zhenxun | 用户[499736955] CMD[ai] 问题：不要二次元的 ---- 回答：为什么呢
09-23 09:54:50 [INFO] nonebot | Matcher(type='message', module=zhenxun.plugins.nonebot_plugin_sparkapi.matchers.chat, lineno=39) running complete
09-23 09:54:59 [SUCCESS] nonebot | OneBot V11 3973508735 | [message.group.normal]: Message 2092227412 from 499736955@[群:546881717] '[at:qq=3973508735] 三次元色图'
09-23 09:54:59 [INFO] nonebot | Event will be handled by Matcher(type='message', module=zhenxun.plugins.mute.mute_message, lineno=32)
09-23 09:54:59 [INFO] nonebot | Event will be handled by Matcher(type='message', module=zhenxun.builtin_plugins.chat_history.chat_message, lineno=39)
09-23 09:54:59 [INFO] nonebot | Event will be handled by Matcher(type='message', module=zhenxun.plugins.parse_bilibili, lineno=54)
09-23 09:54:59 [INFO] nonebot | Matcher(type='message', module=zhenxun.builtin_plugins.chat_history.chat_message, lineno=39) running complete
09-23 09:54:59 [INFO] nonebot | Matcher(type='message', module=zhenxun.plugins.mute.mute_message, lineno=32) running complete
09-23 09:54:59 [INFO] nonebot | Matcher(type='message', module=zhenxun.plugins.parse_bilibili, lineno=54) running complete
09-23 09:54:59 [INFO] nonebot | Event will be handled by Matcher(type='message', module=zhenxun.plugins.nonebot_plugin_sparkapi.matchers.chat, lineno=39)
09-23 09:54:59 [INFO] zhenxun | 用户[499736955] CMD[ai] 问题：三次元色图 ---- 回答：None
09-23 09:55:07 [INFO] nonebot | Matcher(type='message', module=zhenxun.plugins.nonebot_plugin_sparkapi.matchers.chat, lineno=39) running complete
09-23 09:55:46 [SUCCESS] nonebot | OneBot V11 3973508735 | [message.group.normal]: Message 945880062 from 782877431@[群:546881717] '[at:qq=3973508735] 举报群主'
09-23 09:55:46 [INFO] nonebot | Event will be handled by Matcher(type='message', module=zhenxun.plugins.mute.mute_message, lineno=32)
09-23 09:55:46 [INFO] nonebot | Event will be handled by Matcher(type='message', module=zhenxun.builtin_plugins.chat_history.chat_message, lineno=39)
09-23 09:55:46 [INFO] nonebot | Event will be handled by Matcher(type='message', module=zhenxun.plugins.parse_bilibili, lineno=54)
09-23 09:55:46 [INFO] nonebot | Matcher(type='message', module=zhenxun.builtin_plugins.chat_history.chat_message, lineno=39) running complete
09-23 09:55:46 [INFO] nonebot | Matcher(type='message', module=zhenxun.plugins.mute.mute_message, lineno=32) running complete
09-23 09:55:46 [INFO] nonebot | Matcher(type='message', module=zhenxun.plugins.parse_bilibili, lineno=54) running complete
09-23 09:55:46 [INFO] nonebot | Event will be handled by Matcher(type='message', module=zhenxun.plugins.nonebot_plugin_sparkapi.matchers.chat, lineno=39)
09-23 09:55:46 [INFO] zhenxun | current key is 举报 the text is 举报群主
09-23 09:55:46 [INFO] zhenxun | 用户[782877431] CMD[ai] 问题：举报群主 ---- 回答：要向我举报什么？
09-23 09:55:47 [INFO] nonebot | Matcher(type='message', module=zhenxun.plugins.nonebot_plugin_sparkapi.matchers.chat, lineno=39) running complete
09-23 09:55:55 [SUCCESS] nonebot | OneBot V11 3973508735 | [message.group.normal]: Message 77270546 from 782877431@[群:546881717] '小叶子，群主涉黄'
09-23 09:55:55 [INFO] nonebot | Event will be handled by Matcher(type='message', module=zhenxun.plugins.mute.mute_message, lineno=32)
09-23 09:55:55 [INFO] nonebot | Event will be handled by Matcher(type='message', module=zhenxun.builtin_plugins.chat_history.chat_message, lineno=39)
09-23 09:55:55 [INFO] nonebot | Event will be handled by Matcher(type='message', module=zhenxun.plugins.parse_bilibili, lineno=54)
09-23 09:55:55 [INFO] nonebot | Matcher(type='message', module=zhenxun.builtin_plugins.chat_history.chat_message, lineno=39) running complete
09-23 09:55:55 [INFO] nonebot | Matcher(type='message', module=zhenxun.plugins.mute.mute_message, lineno=32) running complete
09-23 09:55:55 [INFO] nonebot | Matcher(type='message', module=zhenxun.plugins.parse_bilibili, lineno=54) running complete
09-23 09:55:55 [INFO] nonebot | Event will be handled by Matcher(type='message', module=zhenxun.plugins.nonebot_plugin_sparkapi.matchers.chat, lineno=39)
09-23 09:55:55 [INFO] zhenxun | current key is 群主 the text is 群主涉黄
09-23 09:55:55 [INFO] zhenxun | 用户[782877431] CMD[ai] 问题：群主涉黄 ---- 回答：好像是一个很喜欢仙人掌的人呢
09-23 09:55:56 [INFO] nonebot | Matcher(type='message', module=zhenxun.plugins.nonebot_plugin_sparkapi.matchers.chat, lineno=39) running complete
09-23 09:56:00 [SUCCESS] nonebot | OneBot V11 3973508735 | [message.group.normal]: Message 1803095915 from 782877431@[群:546881717] '[image:file=000000904e61704361744f6e65426f747c4d736746696c657c327c3534363838313...,sub_type=1,file_id=000000904e61704361744f6e65426f747c4d736746696c657c327c3534363838313...,url=https://multimedia.nt.qq.com.cn/download?appid=1407&fileid=Cgk3ODI4...,file_size=4552,file_unique=0A31C714925EF605355636587C436AE1.jpg]'
09-23 09:56:00 [INFO] nonebot | Event will be handled by Matcher(type='message', module=zhenxun.plugins.mute.mute_message, lineno=32)
09-23 09:56:00 [INFO] nonebot | Event will be handled by Matcher(type='message', module=zhenxun.builtin_plugins.chat_history.chat_message, lineno=39)
09-23 09:56:00 [INFO] nonebot | Event will be handled by Matcher(type='message', module=zhenxun.plugins.parse_bilibili, lineno=54)
09-23 09:56:00 [INFO] nonebot | Matcher(type='message', module=zhenxun.builtin_plugins.chat_history.chat_message, lineno=39) running complete
09-23 09:56:00 [INFO] nonebot | Matcher(type='message', module=zhenxun.plugins.parse_bilibili, lineno=54) running complete
09-23 09:56:00 [INFO] zhenxun | 下载 https://multimedia.nt.qq.com.cn/download?appid=1407&fileid=Cgk3ODI4Nzc0MzESFHREB55ay-ypHXzdAtJYUtlQP8hHGMgjIP8KKK-jmIb714gDMgRwcm9kUIC9owE&spec=0&rkey=CAISKKSBekjVG1fM6WD---ixIy1ADk8gLliYHD612Sd8cK9eLioQUzfgIn4 成功.. Path：C:\Program Files\zhenxun\zhenxun_bot-dev\resources\temp\compare_download__mute__img.jpg
09-23 09:56:01 [INFO] nonebot | Matcher(type='message', module=zhenxun.plugins.mute.mute_message, lineno=32) running complete
09-23 09:56:01 [INFO] nonebot | Event will be handled by Matcher(type='message', module=zhenxun.plugins.fudu, lineno=97)
09-23 09:56:01 [INFO] zhenxun | 下载 https://multimedia.nt.qq.com.cn/download?appid=1407&fileid=Cgk3ODI4Nzc0MzESFHREB55ay-ypHXzdAtJYUtlQP8hHGMgjIP8KKK-jmIb714gDMgRwcm9kUIC9owE&spec=0&rkey=CAISKKSBekjVG1fM6WD---ixIy1ADk8gLliYHD612Sd8cK9eLioQUzfgIn4 成功.. Path：C:\Program Files\zhenxun\zhenxun_bot-dev\resources\temp\compare_download_546881717_img.jpg
09-23 09:56:01 [INFO] nonebot | Matcher(type='message', module=zhenxun.plugins.fudu, lineno=97) running complete
09-23 09:56:21 [SUCCESS] nonebot | OneBot V11 3973508735 | [message.group.normal]: Message 744469324 from 2363080731@[群:546881717] '小叶子，来点瑟瑟'
09-23 09:56:21 [INFO] nonebot | Event will be handled by Matcher(type='message', module=zhenxun.plugins.mute.mute_message, lineno=32)
09-23 09:56:21 [INFO] nonebot | Event will be handled by Matcher(type='message', module=zhenxun.builtin_plugins.chat_history.chat_message, lineno=39)
09-23 09:56:21 [INFO] nonebot | Event will be handled by Matcher(type='message', module=zhenxun.plugins.parse_bilibili, lineno=54)
09-23 09:56:21 [INFO] nonebot | Matcher(type='message', module=zhenxun.builtin_plugins.chat_history.chat_message, lineno=39) running complete
09-23 09:56:21 [INFO] nonebot | Matcher(type='message', module=zhenxun.plugins.mute.mute_message, lineno=32) running complete
09-23 09:56:21 [INFO] nonebot | Matcher(type='message', module=zhenxun.plugins.parse_bilibili, lineno=54) running complete
09-23 09:56:21 [INFO] nonebot | Event will be handled by Matcher(type='message', module=zhenxun.plugins.nonebot_plugin_sparkapi.matchers.chat, lineno=39)
09-23 09:56:21 [INFO] zhenxun | 用户[2363080731] CMD[ai] 问题：来点瑟瑟 ---- 回答：None
09-23 09:56:23 [SUCCESS] nonebot | OneBot V11 3973508735 | [message.group.normal]: Message 1604399291 from 1095712946@[群:546881717] '[at:qq=3973508735] 你性压抑吗'
09-23 09:56:23 [INFO] nonebot | Event will be handled by Matcher(type='message', module=zhenxun.plugins.mute.mute_message, lineno=32)
09-23 09:56:23 [INFO] nonebot | Event will be handled by Matcher(type='message', module=zhenxun.builtin_plugins.chat_history.chat_message, lineno=39)
09-23 09:56:23 [INFO] nonebot | Event will be handled by Matcher(type='message', module=zhenxun.plugins.parse_bilibili, lineno=54)
09-23 09:56:23 [INFO] nonebot | Matcher(type='message', module=zhenxun.builtin_plugins.chat_history.chat_message, lineno=39) running complete
09-23 09:56:23 [INFO] nonebot | Matcher(type='message', module=zhenxun.plugins.mute.mute_message, lineno=32) running complete
09-23 09:56:23 [INFO] nonebot | Matcher(type='message', module=zhenxun.plugins.parse_bilibili, lineno=54) running complete
09-23 09:56:23 [INFO] nonebot | Event will be handled by Matcher(type='message', module=zhenxun.plugins.nonebot_plugin_sparkapi.matchers.chat, lineno=39)
09-23 09:56:23 [INFO] zhenxun | current key is 你 the text is 你性压抑吗
09-23 09:56:23 [INFO] zhenxun | 用户[1095712946] CMD[ai] 问题：你性压抑吗 ---- 回答：
09-23 09:56:24 [INFO] nonebot | Matcher(type='message', module=zhenxun.plugins.nonebot_plugin_sparkapi.matchers.chat, lineno=39) running complete
09-23 09:56:30 [INFO] nonebot | Matcher(type='message', module=zhenxun.plugins.nonebot_plugin_sparkapi.matchers.chat, lineno=39) running complete
09-23 10:05:13 [SUCCESS] nonebot | OneBot V11 3973508735 | [message.group.normal]: Message 578625754 from 843298567@[群:546881717] '不想上班啊小叶子'
09-23 10:05:13 [INFO] nonebot | Event will be handled by Matcher(type='message', module=zhenxun.plugins.mute.mute_message, lineno=32)
09-23 10:05:13 [INFO] nonebot | Event will be handled by Matcher(type='message', module=zhenxun.builtin_plugins.chat_history.chat_message, lineno=39)
09-23 10:05:13 [INFO] nonebot | Event will be handled by Matcher(type='message', module=zhenxun.plugins.parse_bilibili, lineno=54)
09-23 10:05:13 [INFO] nonebot | Matcher(type='message', module=zhenxun.plugins.parse_bilibili, lineno=54) running complete
09-23 10:05:13 [INFO] nonebot | Matcher(type='message', module=zhenxun.plugins.mute.mute_message, lineno=32) running complete
09-23 10:05:14 [INFO] nonebot | Matcher(type='message', module=zhenxun.builtin_plugins.chat_history.chat_message, lineno=39) running complete
09-23 10:05:14 [INFO] nonebot | Event will be handled by Matcher(type='message', module=zhenxun.plugins.fudu, lineno=97)
09-23 10:05:14 [INFO] nonebot | Matcher(type='message', module=zhenxun.plugins.fudu, lineno=97) running complete
09-23 10:05:39 [SUCCESS] nonebot | OneBot V11 3973508735 | [message.group.normal]: Message 1909929623 from 843298567@[群:546881717] '[at:qq=3973508735] 不想上班啊'
09-23 10:05:39 [INFO] nonebot | Event will be handled by Matcher(type='message', module=zhenxun.plugins.mute.mute_message, lineno=32)
09-23 10:05:39 [INFO] nonebot | Event will be handled by Matcher(type='message', module=zhenxun.builtin_plugins.chat_history.chat_message, lineno=39)
09-23 10:05:39 [INFO] nonebot | Event will be handled by Matcher(type='message', module=zhenxun.plugins.parse_bilibili, lineno=54)
09-23 10:05:39 [INFO] nonebot | Matcher(type='message', module=zhenxun.builtin_plugins.chat_history.chat_message, lineno=39) running complete
09-23 10:05:39 [INFO] nonebot | Matcher(type='message', module=zhenxun.plugins.mute.mute_message, lineno=32) running complete
09-23 10:05:39 [INFO] nonebot | Matcher(type='message', module=zhenxun.plugins.parse_bilibili, lineno=54) running complete
09-23 10:05:39 [INFO] nonebot | Event will be handled by Matcher(type='message', module=zhenxun.plugins.nonebot_plugin_sparkapi.matchers.chat, lineno=39)
09-23 10:05:39 [INFO] zhenxun | current key is 不想 the text is 不想上班啊
09-23 10:05:39 [INFO] zhenxun | 用户[843298567] CMD[ai] 问题：不想上班啊 ---- 回答：好的，我知道了
09-23 10:05:40 [INFO] nonebot | Matcher(type='message', module=zhenxun.plugins.nonebot_plugin_sparkapi.matchers.chat, lineno=39) running complete
09-23 10:06:00 [SUCCESS] nonebot | OneBot V11 3973508735 | [message.group.normal]: Message 874131633 from 1095712946@[群:546881717] '好的，我知道了'
09-23 10:06:00 [INFO] nonebot | Event will be handled by Matcher(type='message', module=zhenxun.plugins.mute.mute_message, lineno=32)
09-23 10:06:00 [INFO] nonebot | Event will be handled by Matcher(type='message', module=zhenxun.plugins.parse_bilibili, lineno=54)
09-23 10:06:00 [INFO] nonebot | Event will be handled by Matcher(type='message', module=zhenxun.builtin_plugins.chat_history.chat_message, lineno=39)
09-23 10:06:00 [INFO] nonebot | Matcher(type='message', module=zhenxun.builtin_plugins.chat_history.chat_message, lineno=39) running complete
09-23 10:06:00 [INFO] nonebot | Matcher(type='message', module=zhenxun.plugins.mute.mute_message, lineno=32) running complete
09-23 10:06:00 [INFO] nonebot | Matcher(type='message', module=zhenxun.plugins.parse_bilibili, lineno=54) running complete
09-23 10:06:01 [INFO] nonebot | Event will be handled by Matcher(type='message', module=zhenxun.plugins.fudu, lineno=97)
09-23 10:06:01 [INFO] nonebot | Matcher(type='message', module=zhenxun.plugins.fudu, lineno=97) running complete
09-23 10:06:01 [SUCCESS] nonebot | OneBot V11 3973508735 | [notice.group_recall]: {'time': 1727057161, 'self_id': 3973508735, 'post_type': 'notice', 'notice_type': 'group_recall', 'user_id': 843298567, 'group_id': 546881717, 'operator_id': 843298567, 'message_id': 578625754}
09-23 10:06:01 [INFO] nonebot | Event will be handled by Matcher(type='notice', module=zhenxun.builtin_plugins.admin.group_member_update, lineno=45)
09-23 10:06:01 [INFO] nonebot | Event will be handled by Matcher(type='notice', module=zhenxun.builtin_plugins.platform.qq.group_handle, lineno=98)
09-23 10:06:01 [INFO] nonebot | Event will be handled by Matcher(type='notice', module=zhenxun.builtin_plugins.platform.qq.group_handle, lineno=100)
09-23 10:06:01 [INFO] nonebot | Matcher(type='notice', module=zhenxun.builtin_plugins.admin.group_member_update, lineno=45) running complete
09-23 10:06:01 [INFO] nonebot | Matcher(type='notice', module=zhenxun.builtin_plugins.platform.qq.group_handle, lineno=98) running complete
09-23 10:06:01 [INFO] nonebot | Matcher(type='notice', module=zhenxun.builtin_plugins.platform.qq.group_handle, lineno=100) running complete
09-23 10:06:01 [INFO] nonebot | Event will be handled by Matcher(type='notice', module=zhenxun.builtin_plugins.admin.admin_watch, lineno=32)
09-23 10:06:01 [INFO] nonebot | Event will be handled by Matcher(type='notice', module=zhenxun.plugins.poke, lineno=55)
09-23 10:06:01 [INFO] nonebot | Matcher(type='notice', module=zhenxun.builtin_plugins.admin.admin_watch, lineno=32) running complete
09-23 10:06:01 [INFO] nonebot | Matcher(type='notice', module=zhenxun.plugins.poke, lineno=55) running complete
09-23 10:18:54 [SUCCESS] nonebot | OneBot V11 3973508735 | [message.group.normal]: Message 643664678 from 782877431@[群:546881717] '好的，我知道了'
09-23 10:18:54 [INFO] nonebot | Event will be handled by Matcher(type='message', module=zhenxun.plugins.mute.mute_message, lineno=32)
09-23 10:18:54 [INFO] nonebot | Event will be handled by Matcher(type='message', module=zhenxun.plugins.parse_bilibili, lineno=54)
09-23 10:18:54 [INFO] nonebot | Event will be handled by Matcher(type='message', module=zhenxun.builtin_plugins.chat_history.chat_message, lineno=39)
09-23 10:18:54 [INFO] nonebot | Matcher(type='message', module=zhenxun.plugins.parse_bilibili, lineno=54) running complete
09-23 10:18:54 [INFO] nonebot | Matcher(type='message', module=zhenxun.builtin_plugins.chat_history.chat_message, lineno=39) running complete
09-23 10:18:54 [INFO] nonebot | Matcher(type='message', module=zhenxun.plugins.mute.mute_message, lineno=32) running complete
09-23 10:18:54 [INFO] nonebot | Event will be handled by Matcher(type='message', module=zhenxun.plugins.fudu, lineno=97)
09-23 10:18:54 [INFO] nonebot | Matcher(type='message', module=zhenxun.plugins.fudu, lineno=97) running complete
09-23 10:20:41 [SUCCESS] nonebot | OneBot V11 3973508735 | [message.private.friend]: Message 1086635063 from 843298567 '插件商店'
09-23 10:20:41 [INFO] nonebot | Event will be handled by Matcher(type='message', module=zhenxun.plugins.mute.mute_message, lineno=32)
09-23 10:20:41 [INFO] nonebot | Event will be handled by AlconnaMatcher(type='', module=zhenxun.builtin_plugins.plugin_store, lineno=30)
09-23 10:20:41 [INFO] nonebot | Event will be handled by Matcher(type='message', module=zhenxun.builtin_plugins.chat_history.chat_message, lineno=39)
09-23 10:20:41 [INFO] nonebot | Event will be handled by Matcher(type='message', module=zhenxun.plugins.parse_bilibili, lineno=54)
09-23 10:20:41 [INFO] nonebot | Matcher(type='message', module=zhenxun.plugins.mute.mute_message, lineno=32) running complete
09-23 10:20:41 [INFO] nonebot | Matcher(type='message', module=zhenxun.builtin_plugins.chat_history.chat_message, lineno=39) running complete
09-23 10:20:41 [INFO] nonebot | Matcher(type='message', module=zhenxun.plugins.parse_bilibili, lineno=54) running complete
09-23 10:20:47 [WARNING] zhenxun | 获取镜像失败，错误：
09-23 10:20:48 [INFO] zhenxun | Adapter[OneBot V11] 平台[qq] 用户[843298567] CMD[插件商店] 查看插件列表
09-23 10:20:50 [INFO] nonebot | AlconnaMatcher(type='', module=zhenxun.builtin_plugins.plugin_store, lineno=30) running complete
09-23 10:21:06 [SUCCESS] nonebot | OneBot V11 3973508735 | [message.private.friend]: Message 1923001425 from 843298567 '更新插件7'
09-23 10:21:06 [INFO] nonebot | Event will be handled by Matcher(type='message', module=zhenxun.plugins.mute.mute_message, lineno=32)
09-23 10:21:06 [INFO] nonebot | Event will be handled by AlconnaMatcher(type='', module=zhenxun.builtin_plugins.plugin_store, lineno=30)
09-23 10:21:06 [INFO] nonebot | Event will be handled by Matcher(type='message', module=zhenxun.builtin_plugins.chat_history.chat_message, lineno=39)
09-23 10:21:06 [INFO] nonebot | Event will be handled by Matcher(type='message', module=zhenxun.plugins.parse_bilibili, lineno=54)
09-23 10:21:06 [INFO] nonebot | Matcher(type='message', module=zhenxun.plugins.mute.mute_message, lineno=32) running complete
09-23 10:21:06 [INFO] nonebot | Matcher(type='message', module=zhenxun.builtin_plugins.chat_history.chat_message, lineno=39) running complete
09-23 10:21:06 [INFO] nonebot | Matcher(type='message', module=zhenxun.plugins.parse_bilibili, lineno=54) running complete
09-23 10:21:07 [INFO] zhenxun | CMD[插件管理] 尝试更新插件 联系管理员
09-23 10:21:08 [INFO] zhenxun | 下载 https://raw.githubusercontent.com/zhenxun-org/zhenxun_bot_plugins/main/plugins/dialogue/_data_source.py 成功.. Path：C:\Program Files\zhenxun\zhenxun_bot-dev\zhenxun\plugins\dialogue\_data_source.py
09-23 10:21:08 [INFO] zhenxun | 下载 https://raw.githubusercontent.com/zhenxun-org/zhenxun_bot_plugins/main/plugins/dialogue/__init__.py 成功.. Path：C:\Program Files\zhenxun\zhenxun_bot-dev\zhenxun\plugins\dialogue\__init__.py
09-23 10:21:08 [INFO] zhenxun | Adapter[OneBot V11] 平台[qq] 用户[843298567] CMD[插件商店] 更新插件 Id: 7
09-23 10:21:08 [INFO] nonebot | AlconnaMatcher(type='', module=zhenxun.builtin_plugins.plugin_store, lineno=30) running complete
09-23 10:21:12 [SUCCESS] nonebot | OneBot V11 3973508735 | [message.private.friend]: Message 817343520 from 843298567 '更新插件20'
09-23 10:21:12 [INFO] nonebot | Event will be handled by Matcher(type='message', module=zhenxun.plugins.mute.mute_message, lineno=32)
09-23 10:21:12 [INFO] nonebot | Event will be handled by AlconnaMatcher(type='', module=zhenxun.builtin_plugins.plugin_store, lineno=30)
09-23 10:21:12 [INFO] nonebot | Event will be handled by Matcher(type='message', module=zhenxun.builtin_plugins.chat_history.chat_message, lineno=39)
09-23 10:21:12 [INFO] nonebot | Event will be handled by Matcher(type='message', module=zhenxun.plugins.parse_bilibili, lineno=54)
09-23 10:21:12 [INFO] nonebot | Matcher(type='message', module=zhenxun.plugins.mute.mute_message, lineno=32) running complete
09-23 10:21:12 [INFO] nonebot | Matcher(type='message', module=zhenxun.builtin_plugins.chat_history.chat_message, lineno=39) running complete
09-23 10:21:12 [INFO] nonebot | Matcher(type='message', module=zhenxun.plugins.parse_bilibili, lineno=54) running complete
09-23 10:21:13 [INFO] zhenxun | CMD[插件管理] 尝试更新插件 词库问答
09-23 10:21:13 [INFO] zhenxun | 下载 https://raw.githubusercontent.com/zhenxun-org/zhenxun_bot_plugins/main/plugins/word_bank/_command.py 成功.. Path：C:\Program Files\zhenxun\zhenxun_bot-dev\zhenxun\plugins\word_bank\_command.py
09-23 10:21:13 [INFO] zhenxun | 下载 https://raw.githubusercontent.com/zhenxun-org/zhenxun_bot_plugins/main/plugins/word_bank/_rule.py 成功.. Path：C:\Program Files\zhenxun\zhenxun_bot-dev\zhenxun\plugins\word_bank\_rule.py
09-23 10:21:13 [INFO] zhenxun | 下载 https://raw.githubusercontent.com/zhenxun-org/zhenxun_bot_plugins/main/plugins/word_bank/read_word_bank.py 成功.. Path：C:\Program Files\zhenxun\zhenxun_bot-dev\zhenxun\plugins\word_bank\read_word_bank.py
09-23 10:21:13 [INFO] zhenxun | 下载 https://raw.githubusercontent.com/zhenxun-org/zhenxun_bot_plugins/main/plugins/word_bank/message_handle.py 成功.. Path：C:\Program Files\zhenxun\zhenxun_bot-dev\zhenxun\plugins\word_bank\message_handle.py
09-23 10:21:13 [INFO] zhenxun | 下载 https://raw.githubusercontent.com/zhenxun-org/zhenxun_bot_plugins/main/plugins/word_bank/word_handle.py 成功.. Path：C:\Program Files\zhenxun\zhenxun_bot-dev\zhenxun\plugins\word_bank\word_handle.py
09-23 10:21:13 [INFO] zhenxun | 下载 https://raw.githubusercontent.com/zhenxun-org/zhenxun_bot_plugins/main/plugins/word_bank/__init__.py 成功.. Path：C:\Program Files\zhenxun\zhenxun_bot-dev\zhenxun\plugins\word_bank\__init__.py
09-23 10:21:13 [INFO] zhenxun | 下载 https://raw.githubusercontent.com/zhenxun-org/zhenxun_bot_plugins/main/plugins/word_bank/_model.py 成功.. Path：C:\Program Files\zhenxun\zhenxun_bot-dev\zhenxun\plugins\word_bank\_model.py
09-23 10:21:13 [INFO] zhenxun | 下载 https://raw.githubusercontent.com/zhenxun-org/zhenxun_bot_plugins/main/plugins/word_bank/_config.py 成功.. Path：C:\Program Files\zhenxun\zhenxun_bot-dev\zhenxun\plugins\word_bank\_config.py
09-23 10:21:13 [INFO] zhenxun | 下载 https://raw.githubusercontent.com/zhenxun-org/zhenxun_bot_plugins/main/plugins/word_bank/_data_source.py 成功.. Path：C:\Program Files\zhenxun\zhenxun_bot-dev\zhenxun\plugins\word_bank\_data_source.py
09-23 10:21:13 [INFO] zhenxun | Adapter[OneBot V11] 平台[qq] 用户[843298567] CMD[插件商店] 更新插件 Id: 20
09-23 10:21:14 [INFO] nonebot | AlconnaMatcher(type='', module=zhenxun.builtin_plugins.plugin_store, lineno=30) running complete
09-23 10:21:18 [SUCCESS] nonebot | OneBot V11 3973508735 | [message.private.friend]: Message 1006476 from 843298567 '重启'
09-23 10:21:18 [INFO] nonebot | Event will be handled by Matcher(type='message', module=zhenxun.plugins.mute.mute_message, lineno=32)
09-23 10:21:18 [INFO] nonebot | Event will be handled by Matcher(type='message', module=zhenxun.builtin_plugins.chat_history.chat_message, lineno=39)
09-23 10:21:18 [INFO] nonebot | Event will be handled by Matcher(type='message', module=zhenxun.builtin_plugins.restart, lineno=33)
09-23 10:21:18 [INFO] nonebot | Event will be handled by Matcher(type='message', module=zhenxun.plugins.parse_bilibili, lineno=54)
09-23 10:21:18 [INFO] nonebot | Matcher(type='message', module=zhenxun.plugins.mute.mute_message, lineno=32) running complete
09-23 10:21:18 [INFO] nonebot | Matcher(type='message', module=zhenxun.builtin_plugins.chat_history.chat_message, lineno=39) running complete
09-23 10:21:18 [INFO] nonebot | Matcher(type='message', module=zhenxun.plugins.parse_bilibili, lineno=54) running complete
09-23 10:21:18 [INFO] nonebot | Matcher(type='message', module=zhenxun.builtin_plugins.restart, lineno=33) running complete
09-23 10:21:21 [SUCCESS] nonebot | OneBot V11 3973508735 | [message.private.friend]: Message 900668682 from 843298567 '是'
09-23 10:21:21 [INFO] nonebot | Event will be handled by Matcher(type='message', module=zhenxun.builtin_plugins.restart, lineno=33)
09-23 10:21:21 [INFO] zhenxun | Adapter[OneBot V11] 平台[qq] 用户[843298567] CMD[重启] 开始重启真寻...
