02-19 00:23:39 [INFO] zhenxun | CMD[签到] 清理日常签到图片数据数据完成...
02-19 01:01:00 [INFO] zhenxun | CMD[定时任务] 自动清理临时数据完成，共清理了 12.48MB 的数据...
02-19 01:23:39 [INFO] zhenxun | CMD[签到] 清理日常签到图片数据数据完成...
02-19 02:23:39 [INFO] zhenxun | CMD[签到] 清理日常签到图片数据数据完成...
02-19 03:01:00 [ERROR] zhenxun | 清理AI日常聊天数据失败... || 错误 <class 'FileNotFoundError'>: [WinError 3] 系统找不到指定的路径。: 'C:\\Users\\Administrator\\AppData\\Local\\nonebot2\\nonebot_plugin_sparkapi'
02-19 03:01:00 [INFO] zhenxun | 自动更新群组成员信息成功...
02-19 03:01:00 [INFO] zhenxun | 自动更新好友信息成功...
02-19 03:23:39 [INFO] zhenxun | CMD[签到] 清理日常签到图片数据数据完成...
02-19 03:25:01 [INFO] zhenxun | CMD[自动备份] 自动备份成功...
02-19 04:01:00 [WARNING] zhenxun | 当前无UP池或 prts_up_char.json 文件不存在
02-19 04:01:00 [WARNING] zhenxun | 赛马娘UP更新出错 || 错误<class 'AttributeError'>: 'NoneType' object has no attribute 'find'
02-19 04:01:00 [WARNING] zhenxun | pretty_up_char 解析出错
02-19 04:01:00 [WARNING] zhenxun | guardian_up_char 解析出错
02-19 04:01:00 [WARNING] zhenxun | 原神 获取额外信息错误 旅行者火
02-19 04:01:04 [WARNING] zhenxun | 原神 获取额外信息错误 旅行者水
02-19 04:01:07 [WARNING] zhenxun | 原神 获取额外信息错误 旅行者草
02-19 04:01:11 [WARNING] zhenxun | 原神 获取额外信息错误 旅行者雷
02-19 04:01:13 [WARNING] zhenxun | 原神 获取额外信息错误 旅行者风
02-19 04:01:13 [WARNING] zhenxun | 原神 获取额外信息错误 旅行者岩
02-19 04:01:16 [INFO] zhenxun | 原神 更新成功
02-19 04:01:16 [INFO] zhenxun | 原神 武器更新成功
02-19 04:01:16 [INFO] zhenxun | 成功获取原神当前up信息...当前up池: 「柔柔海露心」 & 「浮枕朝颜」 & 「神铸赋形」
02-19 04:23:39 [INFO] zhenxun | CMD[签到] 清理日常签到图片数据数据完成...
02-19 04:30:01 [INFO] zhenxun | 下载 https://i.pixiv.re/img-original/img/2023/09/08/00/01/37/111530368_p0.jpg 成功.. Path：C:\Program Files\zhenxun\zhenxun_bot-dev\resources\temp\4.jpg
02-19 04:30:01 [INFO] zhenxun | 不需要压缩，移动图片resources\temp/4.jpg --> /resources\image\_setu/4.jpg
02-19 04:30:01 [ERROR] zhenxun | 更新色图 4.jpg 错误 <class 'FileExistsError'>: [WinError 183] 当文件已存在时，无法创建该文件。: 'resources\\temp\\4.jpg' -> 'resources\\image\\_setu\\4.jpg'
02-19 04:30:01 [INFO] zhenxun | 下载 https://i.pixiv.re/img-original/img/2022/12/30/21/04/18/104052603_p0.jpg 成功.. Path：C:\Program Files\zhenxun\zhenxun_bot-dev\resources\temp\3.jpg
02-19 04:30:01 [INFO] zhenxun | 不需要压缩，移动图片resources\temp/3.jpg --> /resources\image\_setu/3.jpg
02-19 04:30:01 [ERROR] zhenxun | 更新色图 3.jpg 错误 <class 'FileExistsError'>: [WinError 183] 当文件已存在时，无法创建该文件。: 'resources\\temp\\3.jpg' -> 'resources\\image\\_setu\\3.jpg'
02-19 04:30:02 [INFO] zhenxun | 下载 https://i.pixiv.re/img-original/img/2023/09/09/18/30/20/111577264_p0.png 成功.. Path：C:\Program Files\zhenxun\zhenxun_bot-dev\resources\temp\2.jpg
02-19 04:30:03 [INFO] zhenxun | 下载 https://i.pixiv.re/img-original/img/2023/01/01/17/17/43/104132686_p0.png 成功.. Path：C:\Program Files\zhenxun\zhenxun_bot-dev\resources\temp\1.jpg
02-19 04:30:04 [INFO] zhenxun | 下载 https://i.pixiv.re/img-original/img/2022/10/13/01/09/34/101889280_p0.png 成功.. Path：C:\Program Files\zhenxun\zhenxun_bot-dev\resources\temp\0.jpg
02-19 04:30:05 [INFO] zhenxun | 下载 https://i.pixiv.re/img-original/img/2022/01/28/15/00/34/95827678_p0.jpg 成功.. Path：C:\Program Files\zhenxun\zhenxun_bot-dev\resources\temp\0.jpg
02-19 04:30:06 [INFO] zhenxun | CMD[自动更新色图] ("2025-02-19 04:30:06 更新 色图 完成，本地存在 6 张，实际更新 4 张，以下为更新时未知错误：\n更新色图 4.jpg 错误 <class 'FileExistsError'>: [WinError 183] 当文件已存在时，无法创建该文件。: 'resources\\\\temp\\\\4.jpg' -> 'resources\\\\image\\\\_setu\\\\4.jpg'",)
02-19 05:23:39 [INFO] zhenxun | CMD[签到] 清理日常签到图片数据数据完成...
02-19 06:01:00 [INFO] zhenxun | begin to build uni message!!!
02-19 06:01:00 [INFO] zhenxun | group list is [<GroupConsole>, <GroupConsole>]
02-19 06:01:00 [INFO] zhenxun | key is 992333365:None, check_func is <function check at 0x00000238713AAE60>
02-19 06:01:00 [INFO] zhenxun | is_run value True
02-19 06:01:00 [INFO] zhenxun | target is Target({'id': '992333365', 'parent_id': '', 'channel': False, 'private': False, 'self_id': None, 'extra': {}, 'scope': None, 'adapter': None, 'platforms': None})
02-19 06:01:00 [INFO] zhenxun | begin to build uni message!!!
02-19 06:01:10 [ERROR] zhenxun | CMD[被动早晚安] [Target]([992333365:None]) 发送失败 || 错误 <class 'nonebot.adapters.onebot.v11.exception.ActionFailed'>: ActionFailed(status='failed', retcode=1200, data=None, message='Error: Timeout: NTEvent serviceAndMethod:NodeIKernelMsgService/sendMsg ListenerName:NodeIKernelMsgListener/onMsgInfoListUpdate EventRet:\n{}\n\n    at Timeout.sendDataCallback [as _onTimeout] (file:///C:/Users/Administrator/Documents/LiteloaderQQNT/plugins/NapCat.Framework/napcat.mjs:7666:15)\n    at listOnTimeout (node:internal/timers:573:17)\n    at process.processTimers (node:internal/timers:514:7)', wording='Error: Timeout: NTEvent serviceAndMethod:NodeIKernelMsgService/sendMsg ListenerName:NodeIKernelMsgListener/onMsgInfoListUpdate EventRet:\n{}\n\n    at Timeout.sendDataCallback [as _onTimeout] (file:///C:/Users/Administrator/Documents/LiteloaderQQNT/plugins/NapCat.Framework/napcat.mjs:7666:15)\n    at listOnTimeout (node:internal/timers:573:17)\n    at process.processTimers (node:internal/timers:514:7)', echo='3642')
02-19 06:01:10 [INFO] zhenxun | key is 546881717:None, check_func is <function check at 0x00000238713AAE60>
02-19 06:01:10 [INFO] zhenxun | is_run value False
02-19 06:01:10 [INFO] zhenxun | 每日早安发送...
02-19 06:23:39 [INFO] zhenxun | CMD[签到] 清理日常签到图片数据数据完成...
02-19 07:23:39 [INFO] zhenxun | CMD[签到] 清理日常签到图片数据数据完成...
02-19 08:23:39 [INFO] zhenxun | CMD[签到] 清理日常签到图片数据数据完成...
02-19 09:01:00 [INFO] zhenxun | begin to build uni message!!!
02-19 09:01:00 [INFO] zhenxun | group list is [<GroupConsole>, <GroupConsole>]
02-19 09:01:00 [INFO] zhenxun | key is 992333365:None, check_func is None
02-19 09:01:00 [INFO] zhenxun | is_run value True
02-19 09:01:00 [INFO] zhenxun | target is Target({'id': '992333365', 'parent_id': '', 'channel': False, 'private': False, 'self_id': None, 'extra': {}, 'scope': None, 'adapter': None, 'platforms': None})
02-19 09:01:00 [INFO] zhenxun | begin to build uni message!!!
02-19 09:01:08 [INFO] zhenxun | 自动生成日报成功...
02-19 09:01:10 [ERROR] zhenxun | CMD[被动每日新闻] [Target]([992333365:None]) 发送失败 || 错误 <class 'nonebot.adapters.onebot.v11.exception.ActionFailed'>: ActionFailed(status='failed', retcode=1200, data=None, message='Error: Timeout: NTEvent serviceAndMethod:NodeIKernelMsgService/sendMsg ListenerName:NodeIKernelMsgListener/onMsgInfoListUpdate EventRet:\n{}\n\n    at Timeout.sendDataCallback [as _onTimeout] (file:///C:/Users/Administrator/Documents/LiteloaderQQNT/plugins/NapCat.Framework/napcat.mjs:7666:15)\n    at listOnTimeout (node:internal/timers:573:17)\n    at process.processTimers (node:internal/timers:514:7)', wording='Error: Timeout: NTEvent serviceAndMethod:NodeIKernelMsgService/sendMsg ListenerName:NodeIKernelMsgListener/onMsgInfoListUpdate EventRet:\n{}\n\n    at Timeout.sendDataCallback [as _onTimeout] (file:///C:/Users/Administrator/Documents/LiteloaderQQNT/plugins/NapCat.Framework/napcat.mjs:7666:15)\n    at listOnTimeout (node:internal/timers:573:17)\n    at process.processTimers (node:internal/timers:514:7)', echo='3896')
02-19 09:01:10 [INFO] zhenxun | key is 546881717:None, check_func is None
02-19 09:01:10 [INFO] zhenxun | is_run value True
02-19 09:01:10 [INFO] zhenxun | target is Target({'id': '546881717', 'parent_id': '', 'channel': False, 'private': False, 'self_id': None, 'extra': {}, 'scope': None, 'adapter': None, 'platforms': None})
02-19 09:01:10 [INFO] zhenxun | begin to build uni message!!!
02-19 09:01:20 [ERROR] zhenxun | CMD[被动每日新闻] [Target]([546881717:None]) 发送失败 || 错误 <class 'nonebot.adapters.onebot.v11.exception.ActionFailed'>: ActionFailed(status='failed', retcode=1200, data=None, message='Error: Timeout: NTEvent serviceAndMethod:NodeIKernelMsgService/sendMsg ListenerName:NodeIKernelMsgListener/onMsgInfoListUpdate EventRet:\n{}\n\n    at Timeout.sendDataCallback [as _onTimeout] (file:///C:/Users/Administrator/Documents/LiteloaderQQNT/plugins/NapCat.Framework/napcat.mjs:7666:15)\n    at listOnTimeout (node:internal/timers:573:17)\n    at process.processTimers (node:internal/timers:514:7)', wording='Error: Timeout: NTEvent serviceAndMethod:NodeIKernelMsgService/sendMsg ListenerName:NodeIKernelMsgListener/onMsgInfoListUpdate EventRet:\n{}\n\n    at Timeout.sendDataCallback [as _onTimeout] (file:///C:/Users/Administrator/Documents/LiteloaderQQNT/plugins/NapCat.Framework/napcat.mjs:7666:15)\n    at listOnTimeout (node:internal/timers:573:17)\n    at process.processTimers (node:internal/timers:514:7)', echo='3897')
02-19 09:01:20 [INFO] zhenxun | 每日摸鱼发送...
02-19 09:01:21 [INFO] zhenxun | 下载 https://api.03c3.cn/api/zb 成功.. Path：C:\Program Files\zhenxun\zhenxun_bot-dev\resources\temp\moyu1739926860.jpeg
02-19 09:01:22 [INFO] zhenxun | begin to build uni message!!!
02-19 09:01:22 [INFO] zhenxun | group list is [<GroupConsole>, <GroupConsole>]
02-19 09:01:22 [INFO] zhenxun | key is 992333365:None, check_func is None
02-19 09:01:22 [INFO] zhenxun | is_run value True
02-19 09:01:22 [INFO] zhenxun | target is Target({'id': '992333365', 'parent_id': '', 'channel': False, 'private': False, 'self_id': None, 'extra': {}, 'scope': None, 'adapter': None, 'platforms': None})
02-19 09:01:22 [INFO] zhenxun | begin to build uni message!!!
02-19 09:01:47 [ERROR] zhenxun | CMD[被动每日新闻] [Target]([992333365:None]) 发送失败 || 错误 <class 'nonebot.adapters.onebot.v11.exception.ActionFailed'>: ActionFailed(status='failed', retcode=1200, data=None, message='Error: Timeout: NTEvent serviceAndMethod:NodeIKernelMsgService/sendMsg ListenerName:NodeIKernelMsgListener/onMsgInfoListUpdate EventRet:\n{}\n\n    at Timeout.sendDataCallback [as _onTimeout] (file:///C:/Users/Administrator/Documents/LiteloaderQQNT/plugins/NapCat.Framework/napcat.mjs:7666:15)\n    at listOnTimeout (node:internal/timers:573:17)\n    at process.processTimers (node:internal/timers:514:7)', wording='Error: Timeout: NTEvent serviceAndMethod:NodeIKernelMsgService/sendMsg ListenerName:NodeIKernelMsgListener/onMsgInfoListUpdate EventRet:\n{}\n\n    at Timeout.sendDataCallback [as _onTimeout] (file:///C:/Users/Administrator/Documents/LiteloaderQQNT/plugins/NapCat.Framework/napcat.mjs:7666:15)\n    at listOnTimeout (node:internal/timers:573:17)\n    at process.processTimers (node:internal/timers:514:7)', echo='3899')
02-19 09:01:47 [INFO] zhenxun | key is 546881717:None, check_func is None
02-19 09:01:47 [INFO] zhenxun | is_run value True
02-19 09:01:47 [INFO] zhenxun | target is Target({'id': '546881717', 'parent_id': '', 'channel': False, 'private': False, 'self_id': None, 'extra': {}, 'scope': None, 'adapter': None, 'platforms': None})
02-19 09:01:47 [INFO] zhenxun | begin to build uni message!!!
02-19 09:02:12 [ERROR] zhenxun | CMD[被动每日新闻] [Target]([546881717:None]) 发送失败 || 错误 <class 'nonebot.adapters.onebot.v11.exception.ActionFailed'>: ActionFailed(status='failed', retcode=1200, data=None, message='Error: Timeout: NTEvent serviceAndMethod:NodeIKernelMsgService/sendMsg ListenerName:NodeIKernelMsgListener/onMsgInfoListUpdate EventRet:\n{}\n\n    at Timeout.sendDataCallback [as _onTimeout] (file:///C:/Users/Administrator/Documents/LiteloaderQQNT/plugins/NapCat.Framework/napcat.mjs:7666:15)\n    at listOnTimeout (node:internal/timers:573:17)\n    at process.processTimers (node:internal/timers:514:7)', wording='Error: Timeout: NTEvent serviceAndMethod:NodeIKernelMsgService/sendMsg ListenerName:NodeIKernelMsgListener/onMsgInfoListUpdate EventRet:\n{}\n\n    at Timeout.sendDataCallback [as _onTimeout] (file:///C:/Users/Administrator/Documents/LiteloaderQQNT/plugins/NapCat.Framework/napcat.mjs:7666:15)\n    at listOnTimeout (node:internal/timers:573:17)\n    at process.processTimers (node:internal/timers:514:7)', echo='3900')
02-19 09:02:12 [INFO] zhenxun | 发送摸鱼 [image]
02-19 09:23:39 [INFO] zhenxun | CMD[签到] 清理日常签到图片数据数据完成...
02-19 10:23:39 [INFO] zhenxun | CMD[签到] 清理日常签到图片数据数据完成...
02-19 11:23:39 [INFO] zhenxun | CMD[签到] 清理日常签到图片数据数据完成...
02-19 12:23:39 [INFO] zhenxun | CMD[签到] 清理日常签到图片数据数据完成...
02-19 13:23:39 [INFO] zhenxun | CMD[签到] 清理日常签到图片数据数据完成...
02-19 14:23:39 [INFO] zhenxun | CMD[签到] 清理日常签到图片数据数据完成...
02-19 15:01:00 [INFO] zhenxun | begin to build uni message!!!
02-19 15:01:00 [INFO] zhenxun | group list is [<GroupConsole>, <GroupConsole>]
02-19 15:01:00 [INFO] zhenxun | key is 992333365:None, check_func is None
02-19 15:01:00 [INFO] zhenxun | is_run value True
02-19 15:01:00 [INFO] zhenxun | target is Target({'id': '992333365', 'parent_id': '', 'channel': False, 'private': False, 'self_id': None, 'extra': {}, 'scope': None, 'adapter': None, 'platforms': None})
02-19 15:01:00 [INFO] zhenxun | begin to build uni message!!!
02-19 15:01:10 [ERROR] zhenxun | CMD[真寻日报] [Target]([992333365:None]) 发送失败 || 错误 <class 'nonebot.adapters.onebot.v11.exception.ActionFailed'>: ActionFailed(status='failed', retcode=1200, data=None, message='Error: Timeout: NTEvent serviceAndMethod:NodeIKernelMsgService/sendMsg ListenerName:NodeIKernelMsgListener/onMsgInfoListUpdate EventRet:\n{}\n\n    at Timeout.sendDataCallback [as _onTimeout] (file:///C:/Users/Administrator/Documents/LiteloaderQQNT/plugins/NapCat.Framework/napcat.mjs:7666:15)\n    at listOnTimeout (node:internal/timers:573:17)\n    at process.processTimers (node:internal/timers:514:7)', wording='Error: Timeout: NTEvent serviceAndMethod:NodeIKernelMsgService/sendMsg ListenerName:NodeIKernelMsgListener/onMsgInfoListUpdate EventRet:\n{}\n\n    at Timeout.sendDataCallback [as _onTimeout] (file:///C:/Users/Administrator/Documents/LiteloaderQQNT/plugins/NapCat.Framework/napcat.mjs:7666:15)\n    at listOnTimeout (node:internal/timers:573:17)\n    at process.processTimers (node:internal/timers:514:7)', echo='4406')
02-19 15:01:10 [INFO] zhenxun | key is 546881717:None, check_func is None
02-19 15:01:10 [INFO] zhenxun | is_run value True
02-19 15:01:10 [INFO] zhenxun | target is Target({'id': '546881717', 'parent_id': '', 'channel': False, 'private': False, 'self_id': None, 'extra': {}, 'scope': None, 'adapter': None, 'platforms': None})
02-19 15:01:10 [INFO] zhenxun | begin to build uni message!!!
02-19 15:01:20 [ERROR] zhenxun | CMD[真寻日报] [Target]([546881717:None]) 发送失败 || 错误 <class 'nonebot.adapters.onebot.v11.exception.ActionFailed'>: ActionFailed(status='failed', retcode=1200, data=None, message='Error: Timeout: NTEvent serviceAndMethod:NodeIKernelMsgService/sendMsg ListenerName:NodeIKernelMsgListener/onMsgInfoListUpdate EventRet:\n{}\n\n    at Timeout.sendDataCallback [as _onTimeout] (file:///C:/Users/Administrator/Documents/LiteloaderQQNT/plugins/NapCat.Framework/napcat.mjs:7666:15)\n    at listOnTimeout (node:internal/timers:573:17)\n    at process.processTimers (node:internal/timers:514:7)', wording='Error: Timeout: NTEvent serviceAndMethod:NodeIKernelMsgService/sendMsg ListenerName:NodeIKernelMsgListener/onMsgInfoListUpdate EventRet:\n{}\n\n    at Timeout.sendDataCallback [as _onTimeout] (file:///C:/Users/Administrator/Documents/LiteloaderQQNT/plugins/NapCat.Framework/napcat.mjs:7666:15)\n    at listOnTimeout (node:internal/timers:573:17)\n    at process.processTimers (node:internal/timers:514:7)', echo='4407')
02-19 15:01:20 [INFO] zhenxun | begin to build uni message!!!
02-19 15:01:20 [INFO] zhenxun | group list is [<GroupConsole>, <GroupConsole>]
02-19 15:01:20 [INFO] zhenxun | key is 992333365:None, check_func is None
02-19 15:01:20 [INFO] zhenxun | is_run value True
02-19 15:01:20 [INFO] zhenxun | target is Target({'id': '992333365', 'parent_id': '', 'channel': False, 'private': False, 'self_id': None, 'extra': {}, 'scope': None, 'adapter': None, 'platforms': None})
02-19 15:01:20 [INFO] zhenxun | begin to build uni message!!!
02-19 15:01:34 [ERROR] zhenxun | CMD[真寻日报] [Target]([992333365:None]) 发送失败 || 错误 <class 'nonebot.adapters.onebot.v11.exception.ActionFailed'>: ActionFailed(status='failed', retcode=1200, data=None, message='Error: Timeout: NTEvent serviceAndMethod:NodeIKernelMsgService/sendMsg ListenerName:NodeIKernelMsgListener/onMsgInfoListUpdate EventRet:\n{}\n\n    at Timeout.sendDataCallback [as _onTimeout] (file:///C:/Users/Administrator/Documents/LiteloaderQQNT/plugins/NapCat.Framework/napcat.mjs:7666:15)\n    at listOnTimeout (node:internal/timers:573:17)\n    at process.processTimers (node:internal/timers:514:7)', wording='Error: Timeout: NTEvent serviceAndMethod:NodeIKernelMsgService/sendMsg ListenerName:NodeIKernelMsgListener/onMsgInfoListUpdate EventRet:\n{}\n\n    at Timeout.sendDataCallback [as _onTimeout] (file:///C:/Users/Administrator/Documents/LiteloaderQQNT/plugins/NapCat.Framework/napcat.mjs:7666:15)\n    at listOnTimeout (node:internal/timers:573:17)\n    at process.processTimers (node:internal/timers:514:7)', echo='4409')
02-19 15:01:34 [INFO] zhenxun | key is 546881717:None, check_func is None
02-19 15:01:34 [INFO] zhenxun | is_run value True
02-19 15:01:34 [INFO] zhenxun | target is Target({'id': '546881717', 'parent_id': '', 'channel': False, 'private': False, 'self_id': None, 'extra': {}, 'scope': None, 'adapter': None, 'platforms': None})
02-19 15:01:34 [INFO] zhenxun | begin to build uni message!!!
02-19 15:01:48 [ERROR] zhenxun | CMD[真寻日报] [Target]([546881717:None]) 发送失败 || 错误 <class 'nonebot.adapters.onebot.v11.exception.ActionFailed'>: ActionFailed(status='failed', retcode=1200, data=None, message='Error: Timeout: NTEvent serviceAndMethod:NodeIKernelMsgService/sendMsg ListenerName:NodeIKernelMsgListener/onMsgInfoListUpdate EventRet:\n{}\n\n    at Timeout.sendDataCallback [as _onTimeout] (file:///C:/Users/Administrator/Documents/LiteloaderQQNT/plugins/NapCat.Framework/napcat.mjs:7666:15)\n    at listOnTimeout (node:internal/timers:573:17)\n    at process.processTimers (node:internal/timers:514:7)', wording='Error: Timeout: NTEvent serviceAndMethod:NodeIKernelMsgService/sendMsg ListenerName:NodeIKernelMsgListener/onMsgInfoListUpdate EventRet:\n{}\n\n    at Timeout.sendDataCallback [as _onTimeout] (file:///C:/Users/Administrator/Documents/LiteloaderQQNT/plugins/NapCat.Framework/napcat.mjs:7666:15)\n    at listOnTimeout (node:internal/timers:573:17)\n    at process.processTimers (node:internal/timers:514:7)', echo='4410')
02-19 15:01:48 [INFO] zhenxun | 每日真寻日报发送...
02-19 15:23:39 [INFO] zhenxun | CMD[签到] 清理日常签到图片数据数据完成...
02-19 16:23:39 [INFO] zhenxun | CMD[签到] 清理日常签到图片数据数据完成...
02-19 17:23:39 [INFO] zhenxun | CMD[签到] 清理日常签到图片数据数据完成...
02-19 18:01:00 [INFO] zhenxun | begin to build uni message!!!
02-19 18:01:00 [INFO] zhenxun | group list is [<GroupConsole>, <GroupConsole>]
02-19 18:01:00 [INFO] zhenxun | key is 992333365:None, check_func is None
02-19 18:01:00 [INFO] zhenxun | is_run value True
02-19 18:01:00 [INFO] zhenxun | target is Target({'id': '992333365', 'parent_id': '', 'channel': False, 'private': False, 'self_id': None, 'extra': {}, 'scope': None, 'adapter': None, 'platforms': None})
02-19 18:01:00 [INFO] zhenxun | begin to build uni message!!!
02-19 18:01:00 [INFO] zhenxun | 成功获取原神当前up信息...当前up池: 「柔柔海露心」 & 「浮枕朝颜」 & 「神铸赋形」
02-19 18:01:00 [INFO] zhenxun | begin to build uni message!!!
02-19 18:01:10 [ERROR] zhenxun | CMD[被动查询微博热搜] [Target]([992333365:None]) 发送失败 || 错误 <class 'nonebot.adapters.onebot.v11.exception.ActionFailed'>: ActionFailed(status='failed', retcode=1200, data=None, message='Error: Timeout: NTEvent serviceAndMethod:NodeIKernelMsgService/sendMsg ListenerName:NodeIKernelMsgListener/onMsgInfoListUpdate EventRet:\n{}\n\n    at Timeout.sendDataCallback [as _onTimeout] (file:///C:/Users/Administrator/Documents/LiteloaderQQNT/plugins/NapCat.Framework/napcat.mjs:7666:15)\n    at listOnTimeout (node:internal/timers:573:17)\n    at process.processTimers (node:internal/timers:514:7)', wording='Error: Timeout: NTEvent serviceAndMethod:NodeIKernelMsgService/sendMsg ListenerName:NodeIKernelMsgListener/onMsgInfoListUpdate EventRet:\n{}\n\n    at Timeout.sendDataCallback [as _onTimeout] (file:///C:/Users/Administrator/Documents/LiteloaderQQNT/plugins/NapCat.Framework/napcat.mjs:7666:15)\n    at listOnTimeout (node:internal/timers:573:17)\n    at process.processTimers (node:internal/timers:514:7)', echo='4664')
02-19 18:01:10 [INFO] zhenxun | key is 546881717:None, check_func is None
02-19 18:01:10 [INFO] zhenxun | is_run value True
02-19 18:01:10 [INFO] zhenxun | target is Target({'id': '546881717', 'parent_id': '', 'channel': False, 'private': False, 'self_id': None, 'extra': {}, 'scope': None, 'adapter': None, 'platforms': None})
02-19 18:01:10 [INFO] zhenxun | begin to build uni message!!!
02-19 18:01:20 [ERROR] zhenxun | CMD[被动查询微博热搜] [Target]([546881717:None]) 发送失败 || 错误 <class 'nonebot.adapters.onebot.v11.exception.ActionFailed'>: ActionFailed(status='failed', retcode=1200, data=None, message='Error: Timeout: NTEvent serviceAndMethod:NodeIKernelMsgService/sendMsg ListenerName:NodeIKernelMsgListener/onMsgInfoListUpdate EventRet:\n{}\n\n    at Timeout.sendDataCallback [as _onTimeout] (file:///C:/Users/Administrator/Documents/LiteloaderQQNT/plugins/NapCat.Framework/napcat.mjs:7666:15)\n    at listOnTimeout (node:internal/timers:573:17)\n    at process.processTimers (node:internal/timers:514:7)', wording='Error: Timeout: NTEvent serviceAndMethod:NodeIKernelMsgService/sendMsg ListenerName:NodeIKernelMsgListener/onMsgInfoListUpdate EventRet:\n{}\n\n    at Timeout.sendDataCallback [as _onTimeout] (file:///C:/Users/Administrator/Documents/LiteloaderQQNT/plugins/NapCat.Framework/napcat.mjs:7666:15)\n    at listOnTimeout (node:internal/timers:573:17)\n    at process.processTimers (node:internal/timers:514:7)', echo='4665')
02-19 18:01:20 [INFO] zhenxun | begin to build uni message!!!
02-19 18:01:20 [INFO] zhenxun | group list is [<GroupConsole>, <GroupConsole>]
02-19 18:01:20 [INFO] zhenxun | key is 992333365:None, check_func is None
02-19 18:01:20 [INFO] zhenxun | is_run value True
02-19 18:01:20 [INFO] zhenxun | target is Target({'id': '992333365', 'parent_id': '', 'channel': False, 'private': False, 'self_id': None, 'extra': {}, 'scope': None, 'adapter': None, 'platforms': None})
02-19 18:01:20 [INFO] zhenxun | begin to build uni message!!!
02-19 18:01:32 [ERROR] zhenxun | CMD[被动查询微博热搜] [Target]([992333365:None]) 发送失败 || 错误 <class 'nonebot.adapters.onebot.v11.exception.ActionFailed'>: ActionFailed(status='failed', retcode=1200, data=None, message='Error: Timeout: NTEvent serviceAndMethod:NodeIKernelMsgService/sendMsg ListenerName:NodeIKernelMsgListener/onMsgInfoListUpdate EventRet:\n{}\n\n    at Timeout.sendDataCallback [as _onTimeout] (file:///C:/Users/Administrator/Documents/LiteloaderQQNT/plugins/NapCat.Framework/napcat.mjs:7666:15)\n    at listOnTimeout (node:internal/timers:573:17)\n    at process.processTimers (node:internal/timers:514:7)', wording='Error: Timeout: NTEvent serviceAndMethod:NodeIKernelMsgService/sendMsg ListenerName:NodeIKernelMsgListener/onMsgInfoListUpdate EventRet:\n{}\n\n    at Timeout.sendDataCallback [as _onTimeout] (file:///C:/Users/Administrator/Documents/LiteloaderQQNT/plugins/NapCat.Framework/napcat.mjs:7666:15)\n    at listOnTimeout (node:internal/timers:573:17)\n    at process.processTimers (node:internal/timers:514:7)', echo='4667')
02-19 18:01:32 [INFO] zhenxun | key is 546881717:None, check_func is None
02-19 18:01:32 [INFO] zhenxun | is_run value True
02-19 18:01:32 [INFO] zhenxun | target is Target({'id': '546881717', 'parent_id': '', 'channel': False, 'private': False, 'self_id': None, 'extra': {}, 'scope': None, 'adapter': None, 'platforms': None})
02-19 18:01:32 [INFO] zhenxun | begin to build uni message!!!
02-19 18:01:45 [ERROR] zhenxun | CMD[被动查询微博热搜] [Target]([546881717:None]) 发送失败 || 错误 <class 'nonebot.adapters.onebot.v11.exception.ActionFailed'>: ActionFailed(status='failed', retcode=1200, data=None, message='Error: Timeout: NTEvent serviceAndMethod:NodeIKernelMsgService/sendMsg ListenerName:NodeIKernelMsgListener/onMsgInfoListUpdate EventRet:\n{}\n\n    at Timeout.sendDataCallback [as _onTimeout] (file:///C:/Users/Administrator/Documents/LiteloaderQQNT/plugins/NapCat.Framework/napcat.mjs:7666:15)\n    at listOnTimeout (node:internal/timers:573:17)\n    at process.processTimers (node:internal/timers:514:7)', wording='Error: Timeout: NTEvent serviceAndMethod:NodeIKernelMsgService/sendMsg ListenerName:NodeIKernelMsgListener/onMsgInfoListUpdate EventRet:\n{}\n\n    at Timeout.sendDataCallback [as _onTimeout] (file:///C:/Users/Administrator/Documents/LiteloaderQQNT/plugins/NapCat.Framework/napcat.mjs:7666:15)\n    at listOnTimeout (node:internal/timers:573:17)\n    at process.processTimers (node:internal/timers:514:7)', echo='4668')
02-19 18:01:45 [INFO] zhenxun | 定时查询微博热搜
02-19 18:23:39 [INFO] zhenxun | CMD[签到] 清理日常签到图片数据数据完成...
02-19 19:23:39 [INFO] zhenxun | CMD[签到] 清理日常签到图片数据数据完成...
02-19 20:23:39 [INFO] zhenxun | CMD[签到] 清理日常签到图片数据数据完成...
02-19 21:23:39 [INFO] zhenxun | CMD[签到] 清理日常签到图片数据数据完成...
02-19 22:23:39 [INFO] zhenxun | CMD[签到] 清理日常签到图片数据数据完成...
02-19 23:23:39 [INFO] zhenxun | CMD[签到] 清理日常签到图片数据数据完成...
02-19 23:28:28 [WARNING] nonebot | OneBot V11 | WebSocket for Bot 3973508735 closed by peer
02-19 23:28:29 [INFO] websockets | connection closed
