01-03 10:46:28 [INFO] nonebot | Event will be handled by Matcher(type='message', module=zhenxun.plugins.mute.mute_message, lineno=32)
01-03 10:46:30 [WARNING] apscheduler | Run time of job "_ (trigger: interval[0:01:00], next run at: 2025-01-03 10:46:35 CST)" was missed by 0:00:54.266712
01-03 10:46:30 [WARNING] apscheduler | Run time of job "_ (trigger: interval[0:01:00], next run at: 2025-01-03 10:46:37 CST)" was missed by 0:00:53.129192
01-03 10:46:30 [WARNING] apscheduler | Run time of job "_ (trigger: interval[0:05:00], next run at: 2025-01-03 10:46:37 CST)" was missed by 0:04:53.114275
01-03 10:46:30 [WARNING] apscheduler | Run time of job "_ (trigger: interval[0:05:00], next run at: 2025-01-03 10:46:37 CST)" was missed by 0:04:53.072806
01-03 10:46:30 [WARNING] apscheduler | Run time of job "_ (trigger: interval[0:00:30], next run at: 2025-01-03 10:46:44 CST)" was missed by 0:00:16.170624
01-03 10:46:30 [WARNING] apscheduler | Run time of job "_ (trigger: interval[0:01:00], next run at: 2025-01-03 10:46:45 CST)" was missed by 0:00:44.958763
01-03 10:46:30 [WARNING] apscheduler | Run time of job "_ (trigger: interval[0:03:00], next run at: 2025-01-03 10:47:37 CST)" was missed by 0:01:53.187215
01-03 10:46:30 [WARNING] apscheduler | Run time of job "_ (trigger: interval[1:00:00], next run at: 2025-01-03 11:41:37 CST)" was missed by 0:04:52.914847
01-03 10:46:30 [WARNING] apscheduler | Run time of job "_ (trigger: cron[hour='15', minute='1'], next run at: 2025-01-03 15:01:00 CST)" was missed by 19:45:30.210468
01-03 10:46:30 [WARNING] apscheduler | Run time of job "_ (trigger: cron[hour='18', minute='1'], next run at: 2025-01-03 18:01:00 CST)" was missed by 16:45:30.217211
01-03 10:46:30 [WARNING] apscheduler | Run time of job "create_matchers.<locals>.scheduled_job.<locals>.handler (trigger: cron[hour='18', minute='1'], next run at: 2025-01-03 18:01:00 CST)" was missed by 16:45:30.218246
01-03 10:46:30 [WARNING] apscheduler | Run time of job "_ (trigger: cron[hour='23', minute='59'], next run at: 2025-01-03 23:59:00 CST)" was missed by 10:47:30.227006
01-03 10:46:30 [WARNING] apscheduler | Run time of job "_ (trigger: cron[hour='0', minute='1'], next run at: 2025-01-04 00:01:00 CST)" was missed by 10:45:30.232048
01-03 10:46:30 [WARNING] apscheduler | Run time of job "_ (trigger: cron[hour='0', minute='10'], next run at: 2025-01-04 00:10:00 CST)" was missed by 10:36:30.239102
01-03 10:46:30 [WARNING] apscheduler | Run time of job "_ (trigger: cron[hour='1', minute='1'], next run at: 2025-01-04 01:01:00 CST)" was missed by 9:45:30.241195
01-03 10:46:30 [WARNING] apscheduler | Run time of job "_ (trigger: cron[hour='3', minute='1'], next run at: 2025-01-04 03:01:00 CST)" was missed by 7:45:30.243272
01-03 10:46:30 [WARNING] apscheduler | Run time of job "_ (trigger: cron[hour='3', minute='1'], next run at: 2025-01-04 03:01:00 CST)" was missed by 7:45:30.248426
01-03 10:46:30 [WARNING] apscheduler | Run time of job "_ (trigger: cron[hour='3', minute='1'], next run at: 2025-01-04 03:01:00 CST)" was missed by 7:45:30.250502
01-03 10:46:30 [WARNING] apscheduler | Run time of job "_ (trigger: cron[hour='3', minute='25'], next run at: 2025-01-04 03:25:00 CST)" was missed by 7:21:30.251537
01-03 10:46:30 [WARNING] apscheduler | Run time of job "_ (trigger: cron[hour='4', minute='1'], next run at: 2025-01-04 04:01:00 CST)" was missed by 6:45:30.252547
01-03 10:46:30 [WARNING] apscheduler | Run time of job "create_matchers.<locals>.scheduled_job.<locals>.handler (trigger: cron[hour='4', minute='1'], next run at: 2025-01-04 04:01:00 CST)" was missed by 6:45:30.253583
01-03 10:46:30 [WARNING] apscheduler | Run time of job "create_matchers.<locals>.scheduled_job.<locals>.handler (trigger: cron[hour='4', minute='1'], next run at: 2025-01-04 04:01:00 CST)" was missed by 6:45:30.253583
01-03 10:46:30 [WARNING] apscheduler | Run time of job "create_matchers.<locals>.scheduled_job.<locals>.handler (trigger: cron[hour='4', minute='1'], next run at: 2025-01-04 04:01:00 CST)" was missed by 6:45:30.254620
01-03 10:46:30 [WARNING] apscheduler | Run time of job "_ (trigger: cron[hour='4', minute='30'], next run at: 2025-01-04 04:30:00 CST)" was missed by 6:16:30.255636
01-03 10:46:30 [WARNING] apscheduler | Run time of job "_ (trigger: cron[hour='4', minute='40'], next run at: 2025-01-04 04:40:00 CST)" was missed by 6:06:30.256677
01-03 10:46:30 [WARNING] apscheduler | Run time of job "_ (trigger: cron[hour='6', minute='1'], next run at: 2025-01-04 06:01:00 CST)" was missed by 4:45:30.258254
01-03 10:46:30 [WARNING] apscheduler | Run time of job "_ (trigger: cron[hour='6', minute='1'], next run at: 2025-01-04 06:01:00 CST)" was missed by 4:45:30.261328
01-03 10:46:30 [WARNING] apscheduler | Run time of job "_ (trigger: cron[hour='9', minute='1'], next run at: 2025-01-04 09:01:00 CST)" was missed by 1:45:30.262376
01-03 10:46:30 [WARNING] apscheduler | Run time of job "_ (trigger: cron[hour='9', minute='1'], next run at: 2025-01-04 09:01:00 CST)" was missed by 1:45:30.263425
01-03 10:46:30 [SUCCESS] nonebot | OneBot V11 3973508735 | [message.group.normal]: Message 1049785051 from 457891411@[群:546881717] '假设每个人一天拉100克是，那全世界所有人一天拉的屎就达到了78000吨，按照1cm的厚度平铺，可以铺满大约1092个足球场。'
