11-03 02:45:08 [ERROR] nonebot | Failed to import "pa"
Traceback (most recent call last):

  File "C:\Program Files\zhenxun\zhenxun_bot-dev\bot.py", line 24, in <module>
    nonebot.load_plugins("zhenxun/plugins")
    │       └ <function load_plugins at 0x0000020F7FD65900>
    └ <module 'nonebot' from 'C:\\Users\\Administrator\\AppData\\Local\\pypoetry\\Cache\\virtualenvs\\zhenxun-bot-k9jvl_fX-py3.10\\...

  File "C:\Users\Administrator\AppData\Local\pypoetry\Cache\virtualenvs\zhenxun-bot-k9jvl_fX-py3.10\lib\site-packages\nonebot\plugin\load.py", line 51, in load_plugins
    return manager.load_all_plugins()
           │       └ <function PluginManager.load_all_plugins at 0x0000020F7FD641F0>
           └ PluginManager(available_plugins={'ai': 'zhenxun.plugins.ai', 'bilibili_sub': 'zhenxun.plugins.bilibili_sub', 'black_word': 'z...

  File "C:\Users\Administrator\AppData\Local\pypoetry\Cache\virtualenvs\zhenxun-bot-k9jvl_fX-py3.10\lib\site-packages\nonebot\plugin\manager.py", line 203, in load_all_plugins
    return set(

  File "C:\Users\Administrator\AppData\Local\pypoetry\Cache\virtualenvs\zhenxun-bot-k9jvl_fX-py3.10\lib\site-packages\nonebot\plugin\manager.py", line 204, in <genexpr>
    filter(None, (self.load_plugin(name) for name in self.available_plugins))
                  │    │           │         │       │    └ <property object at 0x0000020F7FD5C9A0>
                  │    │           │         │       └ PluginManager(available_plugins={'ai': 'zhenxun.plugins.ai', 'bilibili_sub': 'zhenxun.plugins.bilibili_sub', 'black_word': 'z...
                  │    │           │         └ 'pa'
                  │    │           └ 'pa'
                  │    └ <function PluginManager.load_plugin at 0x0000020F7FD64160>
                  └ PluginManager(available_plugins={'ai': 'zhenxun.plugins.ai', 'bilibili_sub': 'zhenxun.plugins.bilibili_sub', 'black_word': 'z...

> File "C:\Users\Administrator\AppData\Local\pypoetry\Cache\virtualenvs\zhenxun-bot-k9jvl_fX-py3.10\lib\site-packages\nonebot\plugin\manager.py", line 169, in load_plugin
    module = importlib.import_module(self._searched_plugin_ids[name])
             │         │             │    │                    └ 'pa'
             │         │             │    └ {'ai': 'zhenxun.plugins.ai', 'bilibili_sub': 'zhenxun.plugins.bilibili_sub', 'black_word': 'zhenxun.plugins.black_word', 'bt'...
             │         │             └ PluginManager(available_plugins={'ai': 'zhenxun.plugins.ai', 'bilibili_sub': 'zhenxun.plugins.bilibili_sub', 'black_word': 'z...
             │         └ <function import_module at 0x0000020F7E4F5090>
             └ <module 'importlib' from 'C:\\Users\\Administrator\\AppData\\Local\\Programs\\Python\\Python310\\lib\\importlib\\__init__.py'>

  File "C:\Users\Administrator\AppData\Local\Programs\Python\Python310\lib\importlib\__init__.py", line 126, in import_module
    return _bootstrap._gcd_import(name[level:], package, level)
           │          │           │    │        │        └ 0
           │          │           │    │        └ None
           │          │           │    └ 0
           │          │           └ 'zhenxun.plugins.pa'
           │          └ <function _gcd_import at 0x0000020F7DFF3490>
           └ <module '_frozen_importlib' (frozen)>

  File "<frozen importlib._bootstrap>", line 1050, in _gcd_import
  File "<frozen importlib._bootstrap>", line 1027, in _find_and_load
  File "<frozen importlib._bootstrap>", line 1006, in _find_and_load_unlocked
  File "<frozen importlib._bootstrap>", line 688, in _load_unlocked

  File "C:\Users\Administrator\AppData\Local\pypoetry\Cache\virtualenvs\zhenxun-bot-k9jvl_fX-py3.10\lib\site-packages\nonebot\plugin\manager.py", line 255, in exec_module
    super().exec_module(module)
                        └ <module 'zhenxun.plugins.pa' from 'C:\\Program Files\\zhenxun\\zhenxun_bot-dev\\zhenxun\\plugins\\pa\\__init__.py'>

  File "<frozen importlib._bootstrap_external>", line 883, in exec_module
  File "<frozen importlib._bootstrap>", line 241, in _call_with_frames_removed

  File "C:\Program Files\zhenxun\zhenxun_bot-dev\zhenxun\plugins\pa\__init__.py", line 12, in <module>
    from zhenxun.services.plugin_init import PluginInit

ModuleNotFoundError: No module named 'zhenxun.services.plugin_init'
11-03 03:01:00 [ERROR] apscheduler | Job "_ (trigger: cron[hour='3', minute='1'], next run at: 2024-11-04 03:01:00 CST)" raised an exception
Traceback (most recent call last):

  File "C:\Program Files\zhenxun\zhenxun_bot-dev\zhenxun\plugins\nonebot_plugin_sparkapi\config.py", line 131, in _
    logger.info("清理AI日常聊天数据完成...", "spark")

NameError: name 'logger' is not defined


During handling of the above exception, another exception occurred:


Traceback (most recent call last):

  File "C:\Program Files\zhenxun\zhenxun_bot-dev\bot.py", line 27, in <module>
    nonebot.run()
    │       └ <function run at 0x0000020F7FC35510>
    └ <module 'nonebot' from 'C:\\Users\\Administrator\\AppData\\Local\\pypoetry\\Cache\\virtualenvs\\zhenxun-bot-k9jvl_fX-py3.10\\...

  File "C:\Users\Administrator\AppData\Local\pypoetry\Cache\virtualenvs\zhenxun-bot-k9jvl_fX-py3.10\lib\site-packages\nonebot\__init__.py", line 335, in run
    get_driver().run(*args, **kwargs)
    │                 │       └ {}
    │                 └ ()
    └ <function get_driver at 0x0000020F7FC35360>

  File "C:\Users\Administrator\AppData\Local\pypoetry\Cache\virtualenvs\zhenxun-bot-k9jvl_fX-py3.10\lib\site-packages\nonebot\drivers\fastapi.py", line 186, in run
    uvicorn.run(
    │       └ <function run at 0x0000020F018FED40>
    └ <module 'uvicorn' from 'C:\\Users\\Administrator\\AppData\\Local\\pypoetry\\Cache\\virtualenvs\\zhenxun-bot-k9jvl_fX-py3.10\\...

  File "C:\Users\Administrator\AppData\Local\pypoetry\Cache\virtualenvs\zhenxun-bot-k9jvl_fX-py3.10\lib\site-packages\uvicorn\main.py", line 577, in run
    server.run()
    │      └ <function Server.run at 0x0000020F018FE680>
    └ <uvicorn.server.Server object at 0x0000020F11A3ABF0>

  File "C:\Users\Administrator\AppData\Local\pypoetry\Cache\virtualenvs\zhenxun-bot-k9jvl_fX-py3.10\lib\site-packages\uvicorn\server.py", line 65, in run
    return asyncio.run(self.serve(sockets=sockets))
           │       │   │    │             └ None
           │       │   │    └ <function Server.serve at 0x0000020F018FE710>
           │       │   └ <uvicorn.server.Server object at 0x0000020F11A3ABF0>
           │       └ <function run at 0x0000020F7ED3CE50>
           └ <module 'asyncio' from 'C:\\Users\\Administrator\\AppData\\Local\\Programs\\Python\\Python310\\lib\\asyncio\\__init__.py'>

  File "C:\Users\Administrator\AppData\Local\Programs\Python\Python310\lib\asyncio\runners.py", line 44, in run
    return loop.run_until_complete(main)
           │    │                  └ <coroutine object Server.serve at 0x0000020F03BE17E0>
           │    └ <function BaseEventLoop.run_until_complete at 0x0000020F7EE40280>
           └ <ProactorEventLoop running=True closed=False debug=False>

  File "C:\Users\Administrator\AppData\Local\Programs\Python\Python310\lib\asyncio\base_events.py", line 636, in run_until_complete
    self.run_forever()
    │    └ <function ProactorEventLoop.run_forever at 0x0000020F7F671510>
    └ <ProactorEventLoop running=True closed=False debug=False>

  File "C:\Users\Administrator\AppData\Local\Programs\Python\Python310\lib\asyncio\windows_events.py", line 321, in run_forever
    super().run_forever()

  File "C:\Users\Administrator\AppData\Local\Programs\Python\Python310\lib\asyncio\base_events.py", line 603, in run_forever
    self._run_once()
    │    └ <function BaseEventLoop._run_once at 0x0000020F7EE41CF0>
    └ <ProactorEventLoop running=True closed=False debug=False>

  File "C:\Users\Administrator\AppData\Local\Programs\Python\Python310\lib\asyncio\base_events.py", line 1909, in _run_once
    handle._run()
    │      └ <function Handle._run at 0x0000020F7EDF09D0>
    └ <Handle <TaskStepMethWrapper object at 0x0000020F1214BE80>()>

  File "C:\Users\Administrator\AppData\Local\Programs\Python\Python310\lib\asyncio\events.py", line 80, in _run
    self._context.run(self._callback, *self._args)
    │    │            │    │           │    └ <member '_args' of 'Handle' objects>
    │    │            │    │           └ <Handle <TaskStepMethWrapper object at 0x0000020F1214BE80>()>
    │    │            │    └ <member '_callback' of 'Handle' objects>
    │    │            └ <Handle <TaskStepMethWrapper object at 0x0000020F1214BE80>()>
    │    └ <member '_context' of 'Handle' objects>
    └ <Handle <TaskStepMethWrapper object at 0x0000020F1214BE80>()>

> File "C:\Users\Administrator\AppData\Local\pypoetry\Cache\virtualenvs\zhenxun-bot-k9jvl_fX-py3.10\lib\site-packages\apscheduler\executors\base_py3.py", line 30, in run_coroutine_job
    retval = await job.func(*job.args, **job.kwargs)
                   │   │     │   │       │   └ <member 'kwargs' of 'Job' objects>
                   │   │     │   │       └ <Job (id=2aa8b89bb41b4925a99d352a4a9d1a78 name=_)>
                   │   │     │   └ <member 'args' of 'Job' objects>
                   │   │     └ <Job (id=2aa8b89bb41b4925a99d352a4a9d1a78 name=_)>
                   │   └ <member 'func' of 'Job' objects>
                   └ <Job (id=2aa8b89bb41b4925a99d352a4a9d1a78 name=_)>

  File "C:\Program Files\zhenxun\zhenxun_bot-dev\zhenxun\plugins\nonebot_plugin_sparkapi\config.py", line 133, in _
    logger.error("清理AI日常聊天数据失败...", e=e)

NameError: name 'logger' is not defined
11-03 03:17:56 [ERROR] nonebot | Running Matcher(type='message', module=zhenxun.plugins.parse_bilibili, lineno=54) failed.
Traceback (most recent call last):

  File "C:\Program Files\zhenxun\zhenxun_bot-dev\bot.py", line 27, in <module>
    nonebot.run()
    │       └ <function run at 0x0000020F7FC35510>
    └ <module 'nonebot' from 'C:\\Users\\Administrator\\AppData\\Local\\pypoetry\\Cache\\virtualenvs\\zhenxun-bot-k9jvl_fX-py3.10\\...

  File "C:\Users\Administrator\AppData\Local\pypoetry\Cache\virtualenvs\zhenxun-bot-k9jvl_fX-py3.10\lib\site-packages\nonebot\__init__.py", line 335, in run
    get_driver().run(*args, **kwargs)
    │                 │       └ {}
    │                 └ ()
    └ <function get_driver at 0x0000020F7FC35360>

  File "C:\Users\Administrator\AppData\Local\pypoetry\Cache\virtualenvs\zhenxun-bot-k9jvl_fX-py3.10\lib\site-packages\nonebot\drivers\fastapi.py", line 186, in run
    uvicorn.run(
    │       └ <function run at 0x0000020F018FED40>
    └ <module 'uvicorn' from 'C:\\Users\\Administrator\\AppData\\Local\\pypoetry\\Cache\\virtualenvs\\zhenxun-bot-k9jvl_fX-py3.10\\...

  File "C:\Users\Administrator\AppData\Local\pypoetry\Cache\virtualenvs\zhenxun-bot-k9jvl_fX-py3.10\lib\site-packages\uvicorn\main.py", line 577, in run
    server.run()
    │      └ <function Server.run at 0x0000020F018FE680>
    └ <uvicorn.server.Server object at 0x0000020F11A3ABF0>

  File "C:\Users\Administrator\AppData\Local\pypoetry\Cache\virtualenvs\zhenxun-bot-k9jvl_fX-py3.10\lib\site-packages\uvicorn\server.py", line 65, in run
    return asyncio.run(self.serve(sockets=sockets))
           │       │   │    │             └ None
           │       │   │    └ <function Server.serve at 0x0000020F018FE710>
           │       │   └ <uvicorn.server.Server object at 0x0000020F11A3ABF0>
           │       └ <function run at 0x0000020F7ED3CE50>
           └ <module 'asyncio' from 'C:\\Users\\Administrator\\AppData\\Local\\Programs\\Python\\Python310\\lib\\asyncio\\__init__.py'>

  File "C:\Users\Administrator\AppData\Local\Programs\Python\Python310\lib\asyncio\runners.py", line 44, in run
    return loop.run_until_complete(main)
           │    │                  └ <coroutine object Server.serve at 0x0000020F03BE17E0>
           │    └ <function BaseEventLoop.run_until_complete at 0x0000020F7EE40280>
           └ <ProactorEventLoop running=True closed=False debug=False>

  File "C:\Users\Administrator\AppData\Local\Programs\Python\Python310\lib\asyncio\base_events.py", line 636, in run_until_complete
    self.run_forever()
    │    └ <function ProactorEventLoop.run_forever at 0x0000020F7F671510>
    └ <ProactorEventLoop running=True closed=False debug=False>

  File "C:\Users\Administrator\AppData\Local\Programs\Python\Python310\lib\asyncio\windows_events.py", line 321, in run_forever
    super().run_forever()

  File "C:\Users\Administrator\AppData\Local\Programs\Python\Python310\lib\asyncio\base_events.py", line 603, in run_forever
    self._run_once()
    │    └ <function BaseEventLoop._run_once at 0x0000020F7EE41CF0>
    └ <ProactorEventLoop running=True closed=False debug=False>

  File "C:\Users\Administrator\AppData\Local\Programs\Python\Python310\lib\asyncio\base_events.py", line 1909, in _run_once
    handle._run()
    │      └ <function Handle._run at 0x0000020F7EDF09D0>
    └ <Handle Task.task_wakeup(<_GatheringFu...9b81d29'}})]]>)>

  File "C:\Users\Administrator\AppData\Local\Programs\Python\Python310\lib\asyncio\events.py", line 80, in _run
    self._context.run(self._callback, *self._args)
    │    │            │    │           │    └ <member '_args' of 'Handle' objects>
    │    │            │    │           └ <Handle Task.task_wakeup(<_GatheringFu...9b81d29'}})]]>)>
    │    │            │    └ <member '_callback' of 'Handle' objects>
    │    │            └ <Handle Task.task_wakeup(<_GatheringFu...9b81d29'}})]]>)>
    │    └ <member '_context' of 'Handle' objects>
    └ <Handle Task.task_wakeup(<_GatheringFu...9b81d29'}})]]>)>

  File "C:\Users\Administrator\AppData\Local\pypoetry\Cache\virtualenvs\zhenxun-bot-k9jvl_fX-py3.10\lib\site-packages\nonebot\message.py", line 476, in check_and_run_matcher
    await _run_matcher(
          └ <function _run_matcher at 0x0000020F7FD909D0>

> File "C:\Users\Administrator\AppData\Local\pypoetry\Cache\virtualenvs\zhenxun-bot-k9jvl_fX-py3.10\lib\site-packages\nonebot\message.py", line 428, in _run_matcher
    await matcher.run(bot, event, state, stack, dependency_cache)
          │       │   │    │      │      │      └ {<function _event_to_me at 0x0000020F7FC89CF0>: <Task finished name='Task-79948' coro=<_event_to_me() done, defined at C:\Use...
          │       │   │    │      │      └ <contextlib.AsyncExitStack object at 0x0000020F120FA080>
          │       │   │    │      └ {'_prefix': {'command': None, 'raw_command': None, 'command_arg': None, 'command_start': None, 'command_whitespace': None}}
          │       │   │    └ PrivateMessageEvent(time=1730575075, self_id=3973508735, post_type='message', sub_type='friend', user_id=2747277822, message_...
          │       │   └ Bot(type='OneBot V11', self_id='3973508735')
          │       └ <function Matcher.run at 0x0000020F7FC89B40>
          └ Matcher(type='message', module=zhenxun.plugins.parse_bilibili, lineno=54)

  File "C:\Users\Administrator\AppData\Local\pypoetry\Cache\virtualenvs\zhenxun-bot-k9jvl_fX-py3.10\lib\site-packages\nonebot\internal\matcher\matcher.py", line 850, in run
    await self.simple_run(bot, event, state, stack, dependency_cache)
          │    │          │    │      │      │      └ {<function _event_to_me at 0x0000020F7FC89CF0>: <Task finished name='Task-79948' coro=<_event_to_me() done, defined at C:\Use...
          │    │          │    │      │      └ <contextlib.AsyncExitStack object at 0x0000020F120FA080>
          │    │          │    │      └ {'_prefix': {'command': None, 'raw_command': None, 'command_arg': None, 'command_start': None, 'command_whitespace': None}}
          │    │          │    └ PrivateMessageEvent(time=1730575075, self_id=3973508735, post_type='message', sub_type='friend', user_id=2747277822, message_...
          │    │          └ Bot(type='OneBot V11', self_id='3973508735')
          │    └ <function Matcher.simple_run at 0x0000020F7FC89AB0>
          └ Matcher(type='message', module=zhenxun.plugins.parse_bilibili, lineno=54)

  File "C:\Users\Administrator\AppData\Local\pypoetry\Cache\virtualenvs\zhenxun-bot-k9jvl_fX-py3.10\lib\site-packages\nonebot\internal\matcher\matcher.py", line 825, in simple_run
    await handler(
          └ Dependent(call=_)

  File "C:\Users\Administrator\AppData\Local\pypoetry\Cache\virtualenvs\zhenxun-bot-k9jvl_fX-py3.10\lib\site-packages\nonebot\dependencies\__init__.py", line 94, in __call__
    return await cast(Callable[..., Awaitable[R]], self.call)(**values)
                 │    │             │         │    │    │       └ {'session': Session(bot_id='3973508735', bot_type='OneBot V11', platform='qq', level=<SessionLevel.LEVEL1: 1>, id1='274727782...
                 │    │             │         │    │    └ <function _ at 0x0000020F0BAEDAB0>
                 │    │             │         │    └ Dependent(call=_)
                 │    │             │         └ ~R
                 │    │             └ <class 'collections.abc.Awaitable'>
                 │    └ typing.Callable
                 └ <function cast at 0x0000020F7EBD04C0>

  File "C:\Program Files\zhenxun\zhenxun_bot-dev\zhenxun\plugins\parse_bilibili\__init__.py", line 86, in _
    get_url = (qqdocurl_value if qqdocurl_value else jumpUrl_value).split("?")[
               │                 │                   └ {}
               │                 └ {}
               └ {}

AttributeError: 'dict' object has no attribute 'split'
11-03 03:18:08 [ERROR] nonebot | Running Matcher(type='message', module=zhenxun.plugins.nonebot_plugin_sparkapi.matchers.chat, lineno=39) failed.
Traceback (most recent call last):

  File "C:\Program Files\zhenxun\zhenxun_bot-dev\bot.py", line 27, in <module>
    nonebot.run()
    │       └ <function run at 0x0000020F7FC35510>
    └ <module 'nonebot' from 'C:\\Users\\Administrator\\AppData\\Local\\pypoetry\\Cache\\virtualenvs\\zhenxun-bot-k9jvl_fX-py3.10\\...

  File "C:\Users\Administrator\AppData\Local\pypoetry\Cache\virtualenvs\zhenxun-bot-k9jvl_fX-py3.10\lib\site-packages\nonebot\__init__.py", line 335, in run
    get_driver().run(*args, **kwargs)
    │                 │       └ {}
    │                 └ ()
    └ <function get_driver at 0x0000020F7FC35360>

  File "C:\Users\Administrator\AppData\Local\pypoetry\Cache\virtualenvs\zhenxun-bot-k9jvl_fX-py3.10\lib\site-packages\nonebot\drivers\fastapi.py", line 186, in run
    uvicorn.run(
    │       └ <function run at 0x0000020F018FED40>
    └ <module 'uvicorn' from 'C:\\Users\\Administrator\\AppData\\Local\\pypoetry\\Cache\\virtualenvs\\zhenxun-bot-k9jvl_fX-py3.10\\...

  File "C:\Users\Administrator\AppData\Local\pypoetry\Cache\virtualenvs\zhenxun-bot-k9jvl_fX-py3.10\lib\site-packages\uvicorn\main.py", line 577, in run
    server.run()
    │      └ <function Server.run at 0x0000020F018FE680>
    └ <uvicorn.server.Server object at 0x0000020F11A3ABF0>

  File "C:\Users\Administrator\AppData\Local\pypoetry\Cache\virtualenvs\zhenxun-bot-k9jvl_fX-py3.10\lib\site-packages\uvicorn\server.py", line 65, in run
    return asyncio.run(self.serve(sockets=sockets))
           │       │   │    │             └ None
           │       │   │    └ <function Server.serve at 0x0000020F018FE710>
           │       │   └ <uvicorn.server.Server object at 0x0000020F11A3ABF0>
           │       └ <function run at 0x0000020F7ED3CE50>
           └ <module 'asyncio' from 'C:\\Users\\Administrator\\AppData\\Local\\Programs\\Python\\Python310\\lib\\asyncio\\__init__.py'>

  File "C:\Users\Administrator\AppData\Local\Programs\Python\Python310\lib\asyncio\runners.py", line 44, in run
    return loop.run_until_complete(main)
           │    │                  └ <coroutine object Server.serve at 0x0000020F03BE17E0>
           │    └ <function BaseEventLoop.run_until_complete at 0x0000020F7EE40280>
           └ <ProactorEventLoop running=True closed=False debug=False>

  File "C:\Users\Administrator\AppData\Local\Programs\Python\Python310\lib\asyncio\base_events.py", line 636, in run_until_complete
    self.run_forever()
    │    └ <function ProactorEventLoop.run_forever at 0x0000020F7F671510>
    └ <ProactorEventLoop running=True closed=False debug=False>

  File "C:\Users\Administrator\AppData\Local\Programs\Python\Python310\lib\asyncio\windows_events.py", line 321, in run_forever
    super().run_forever()

  File "C:\Users\Administrator\AppData\Local\Programs\Python\Python310\lib\asyncio\base_events.py", line 603, in run_forever
    self._run_once()
    │    └ <function BaseEventLoop._run_once at 0x0000020F7EE41CF0>
    └ <ProactorEventLoop running=True closed=False debug=False>

  File "C:\Users\Administrator\AppData\Local\Programs\Python\Python310\lib\asyncio\base_events.py", line 1909, in _run_once
    handle._run()
    │      └ <function Handle._run at 0x0000020F7EDF09D0>
    └ <Handle Task.task_wakeup(<Future finished result=None>)>

  File "C:\Users\Administrator\AppData\Local\Programs\Python\Python310\lib\asyncio\events.py", line 80, in _run
    self._context.run(self._callback, *self._args)
    │    │            │    │           │    └ <member '_args' of 'Handle' objects>
    │    │            │    │           └ <Handle Task.task_wakeup(<Future finished result=None>)>
    │    │            │    └ <member '_callback' of 'Handle' objects>
    │    │            └ <Handle Task.task_wakeup(<Future finished result=None>)>
    │    └ <member '_context' of 'Handle' objects>
    └ <Handle Task.task_wakeup(<Future finished result=None>)>

  File "C:\Users\Administrator\AppData\Local\pypoetry\Cache\virtualenvs\zhenxun-bot-k9jvl_fX-py3.10\lib\site-packages\nonebot\message.py", line 476, in check_and_run_matcher
    await _run_matcher(
          └ <function _run_matcher at 0x0000020F7FD909D0>

> File "C:\Users\Administrator\AppData\Local\pypoetry\Cache\virtualenvs\zhenxun-bot-k9jvl_fX-py3.10\lib\site-packages\nonebot\message.py", line 428, in _run_matcher
    await matcher.run(bot, event, state, stack, dependency_cache)
          │       │   │    │      │      │      └ {<function _event_to_me at 0x0000020F7FC89CF0>: <Task finished name='Task-79948' coro=<_event_to_me() done, defined at C:\Use...
          │       │   │    │      │      └ <contextlib.AsyncExitStack object at 0x0000020F120FA080>
          │       │   │    │      └ {'_prefix': {'command': None, 'raw_command': None, 'command_arg': None, 'command_start': None, 'command_whitespace': None}}
          │       │   │    └ PrivateMessageEvent(time=1730575075, self_id=3973508735, post_type='message', sub_type='friend', user_id=2747277822, message_...
          │       │   └ Bot(type='OneBot V11', self_id='3973508735')
          │       └ <function Matcher.run at 0x0000020F7FC89B40>
          └ Matcher(type='message', module=zhenxun.plugins.nonebot_plugin_sparkapi.matchers.chat, lineno=39)

  File "C:\Users\Administrator\AppData\Local\pypoetry\Cache\virtualenvs\zhenxun-bot-k9jvl_fX-py3.10\lib\site-packages\nonebot\internal\matcher\matcher.py", line 850, in run
    await self.simple_run(bot, event, state, stack, dependency_cache)
          │    │          │    │      │      │      └ {<function _event_to_me at 0x0000020F7FC89CF0>: <Task finished name='Task-79948' coro=<_event_to_me() done, defined at C:\Use...
          │    │          │    │      │      └ <contextlib.AsyncExitStack object at 0x0000020F120FA080>
          │    │          │    │      └ {'_prefix': {'command': None, 'raw_command': None, 'command_arg': None, 'command_start': None, 'command_whitespace': None}}
          │    │          │    └ PrivateMessageEvent(time=1730575075, self_id=3973508735, post_type='message', sub_type='friend', user_id=2747277822, message_...
          │    │          └ Bot(type='OneBot V11', self_id='3973508735')
          │    └ <function Matcher.simple_run at 0x0000020F7FC89AB0>
          └ Matcher(type='message', module=zhenxun.plugins.nonebot_plugin_sparkapi.matchers.chat, lineno=39)

  File "C:\Users\Administrator\AppData\Local\pypoetry\Cache\virtualenvs\zhenxun-bot-k9jvl_fX-py3.10\lib\site-packages\nonebot\internal\matcher\matcher.py", line 825, in simple_run
    await handler(
          └ Dependent(call=_)

  File "C:\Users\Administrator\AppData\Local\pypoetry\Cache\virtualenvs\zhenxun-bot-k9jvl_fX-py3.10\lib\site-packages\nonebot\dependencies\__init__.py", line 94, in __call__
    return await cast(Callable[..., Awaitable[R]], self.call)(**values)
                 │    │             │         │    │    │       └ {'session_id': 'qq_OneBot_V11_3973508735_2747277822', 'arg': [MessageSegment(type='json', data={'data': '{"app":"com.tencent....
                 │    │             │         │    │    └ <function _ at 0x0000020F0E42ACB0>
                 │    │             │         │    └ Dependent(call=_)
                 │    │             │         └ ~R
                 │    │             └ <class 'collections.abc.Awaitable'>
                 │    └ typing.Callable
                 └ <function cast at 0x0000020F7EBD04C0>

  File "C:\Program Files\zhenxun\zhenxun_bot-dev\zhenxun\plugins\nonebot_plugin_sparkapi\matchers\chat.py", line 58, in _
    await hello().finish()
          └ <function hello at 0x0000020F0E42A9E0>

  File "C:\Users\Administrator\AppData\Local\pypoetry\Cache\virtualenvs\zhenxun-bot-k9jvl_fX-py3.10\lib\site-packages\nonebot_plugin_alconna\uniseg\message.py", line 1407, in finish
    await self.send(target, bot, fallback, at_sender, reply_to, **kwargs)
          │    │    │       │    │         │          │           └ {}
          │    │    │       │    │         │          └ False
          │    │    │       │    │         └ False
          │    │    │       │    └ <FallbackStrategy.rollback: 'rollback'>
          │    │    │       └ None
          │    │    └ None
          │    └ <function UniMessage.send at 0x0000020F03F89480>
          └ [Image(id=None, url=None, path=WindowsPath('resources/image/zai/3.jpg'), raw=None, mimetype=None, name='3.jpg'), Text(text='库...

  File "C:\Users\Administrator\AppData\Local\pypoetry\Cache\virtualenvs\zhenxun-bot-k9jvl_fX-py3.10\lib\site-packages\nonebot_plugin_alconna\uniseg\message.py", line 1395, in send
    res = await fn.send_to(target, bot, msg, **kwargs)
                │  │       │       │    │      └ {}
                │  │       │       │    └ [MessageSegment(type='image', data={'file': 'file:///C:/Program%20Files/zhenxun/zhenxun_bot-dev/resources/image/zai/3.jpg', '...
                │  │       │       └ Bot(type='OneBot V11', self_id='3973508735')
                │  │       └ PrivateMessageEvent(time=1730575075, self_id=3973508735, post_type='message', sub_type='friend', user_id=2747277822, message_...
                │  └ <function Onebot11MessageExporter.send_to at 0x0000020F03F6C820>
                └ <nonebot_plugin_alconna.uniseg.adapters.onebot11.exporter.Onebot11MessageExporter object at 0x0000020F03F2A800>

  File "C:\Users\Administrator\AppData\Local\pypoetry\Cache\virtualenvs\zhenxun-bot-k9jvl_fX-py3.10\lib\site-packages\nonebot_plugin_alconna\uniseg\adapters\onebot11\exporter.py", line 154, in send_to
    return await bot.send(target, message, **kwargs)  # type: ignore
                 │   │    │       │          └ {}
                 │   │    │       └ [MessageSegment(type='image', data={'file': 'file:///C:/Program%20Files/zhenxun/zhenxun_bot-dev/resources/image/zai/3.jpg', '...
                 │   │    └ PrivateMessageEvent(time=1730575075, self_id=3973508735, post_type='message', sub_type='friend', user_id=2747277822, message_...
                 │   └ <function Bot.send at 0x0000020F016B4160>
                 └ Bot(type='OneBot V11', self_id='3973508735')

  File "C:\Users\Administrator\AppData\Local\pypoetry\Cache\virtualenvs\zhenxun-bot-k9jvl_fX-py3.10\lib\site-packages\nonebot\adapters\onebot\v11\bot.py", line 237, in send
    return await self.__class__.send_handler(self, event, message, **kwargs)
                 │    │                      │     │      │          └ {}
                 │    │                      │     │      └ [MessageSegment(type='image', data={'file': 'file:///C:/Program%20Files/zhenxun/zhenxun_bot-dev/resources/image/zai/3.jpg', '...
                 │    │                      │     └ PrivateMessageEvent(time=1730575075, self_id=3973508735, post_type='message', sub_type='friend', user_id=2747277822, message_...
                 │    │                      └ Bot(type='OneBot V11', self_id='3973508735')
                 │    └ <attribute '__class__' of 'object' objects>
                 └ Bot(type='OneBot V11', self_id='3973508735')

  File "C:\Users\Administrator\AppData\Local\pypoetry\Cache\virtualenvs\zhenxun-bot-k9jvl_fX-py3.10\lib\site-packages\nonebot\adapters\onebot\v11\bot.py", line 190, in send
    return await bot.send_msg(**params)
                 │              └ {'user_id': 2747277822, 'message_type': 'private', 'message': [MessageSegment(type='image', data={'file': 'file:///C:/Program...
                 └ Bot(type='OneBot V11', self_id='3973508735')

  File "C:\Users\Administrator\AppData\Local\pypoetry\Cache\virtualenvs\zhenxun-bot-k9jvl_fX-py3.10\lib\site-packages\nonebot\internal\adapter\bot.py", line 122, in call_api
    raise exception
          └ ActionFailed(status='failed', retcode=1200, data=None, message='Error: Timeout: NTEvent serviceAndMethod:NodeIKernelMsgServic...

  File "C:\Users\Administrator\AppData\Local\pypoetry\Cache\virtualenvs\zhenxun-bot-k9jvl_fX-py3.10\lib\site-packages\nonebot\internal\adapter\bot.py", line 97, in call_api
    result = await self.adapter._call_api(self, api, **data)
                   │    │       │         │     │      └ {'user_id': 2747277822, 'message_type': 'private', 'message': [MessageSegment(type='image', data={'file': 'file:///C:/Program...
                   │    │       │         │     └ 'send_msg'
                   │    │       │         └ Bot(type='OneBot V11', self_id='3973508735')
                   │    │       └ <function Adapter._call_api at 0x0000020F7E8B8820>
                   │    └ Adapter(name='OneBot V11')
                   └ Bot(type='OneBot V11', self_id='3973508735')

  File "C:\Users\Administrator\AppData\Local\pypoetry\Cache\virtualenvs\zhenxun-bot-k9jvl_fX-py3.10\lib\site-packages\nonebot\adapters\onebot\v11\adapter.py", line 147, in _call_api
    return handle_api_result(await self._result_store.fetch(seq, timeout))
           │                       │    │             │     │    └ 30.0
           │                       │    │             │     └ 23
           │                       │    │             └ <function ResultStore.fetch at 0x0000020F016B52D0>
           │                       │    └ <nonebot.adapters.onebot.store.ResultStore object at 0x0000020F7FEDC5E0>
           │                       └ Adapter(name='OneBot V11')
           └ <function handle_api_result at 0x0000020F01640280>

  File "C:\Users\Administrator\AppData\Local\pypoetry\Cache\virtualenvs\zhenxun-bot-k9jvl_fX-py3.10\lib\site-packages\nonebot\adapters\onebot\v11\utils.py", line 58, in handle_api_result
    raise ActionFailed(**result)
          │              └ {'status': 'failed', 'retcode': 1200, 'data': None, 'message': 'Error: Timeout: NTEvent serviceAndMethod:NodeIKernelMsgServic...
          └ <class 'nonebot.adapters.onebot.v11.exception.ActionFailed'>

nonebot.adapters.onebot.v11.exception.ActionFailed: ActionFailed(status='failed', retcode=1200, data=None, message='Error: Timeout: NTEvent serviceAndMethod:NodeIKernelMsgService/sendMsg ListenerName:NodeIKernelMsgListener/onMsgInfoListUpdate EventRet:\n{}\n\n    at Timeout.sendDataCallback [as _onTimeout] (file:///C:/Users/Administrator/Documents/LiteloaderQQNT/plugins/NapCat.Framework/napcat.mjs:7666:15)\n    at listOnTimeout (node:internal/timers:573:17)\n    at process.processTimers (node:internal/timers:514:7)', wording='Error: Timeout: NTEvent serviceAndMethod:NodeIKernelMsgService/sendMsg ListenerName:NodeIKernelMsgListener/onMsgInfoListUpdate EventRet:\n{}\n\n    at Timeout.sendDataCallback [as _onTimeout] (file:///C:/Users/Administrator/Documents/LiteloaderQQNT/plugins/NapCat.Framework/napcat.mjs:7666:15)\n    at listOnTimeout (node:internal/timers:573:17)\n    at process.processTimers (node:internal/timers:514:7)', echo='23')
11-03 04:30:06 [ERROR] zhenxun | 更新色图 6.jpg 错误 <class 'FileExistsError'>: [WinError 183] 当文件已存在时，无法创建该文件。: 'resources\\temp\\6.jpg' -> 'resources\\image\\_setu\\6.jpg'
11-03 04:30:08 [ERROR] zhenxun | 更新色图 5.jpg 错误 <class 'FileExistsError'>: [WinError 183] 当文件已存在时，无法创建该文件。: 'resources\\temp\\5.jpg' -> 'resources\\image\\_setu\\5.jpg'
11-03 04:30:47 [ERROR] zhenxun | 更新色图 3.jpg 错误 <class 'FileExistsError'>: [WinError 183] 当文件已存在时，无法创建该文件。: 'resources\\temp\\3.jpg' -> 'resources\\image\\_setu\\3.jpg'
11-03 04:30:59 [ERROR] zhenxun | 更新色图 1.jpg 错误 <class 'FileExistsError'>: [WinError 183] 当文件已存在时，无法创建该文件。: 'resources\\temp\\1.jpg' -> 'resources\\image\\_setu\\1.jpg'
11-03 04:31:03 [ERROR] zhenxun | 更新色图 0.jpg 错误 <class 'FileExistsError'>: [WinError 183] 当文件已存在时，无法创建该文件。: 'resources\\temp\\0.jpg' -> 'resources\\image\\_setu\\0.jpg'
11-03 09:01:01 [ERROR] zhenxun | 下载 ['https://api.jun.la/60s.php?format=image'] 错误 Path：C:\Program Files\zhenxun\zhenxun_bot-dev\resources\temp\moyu1730595660.jpeg || 错误 <class 'httpx.TooManyRedirects'>: Exceeded maximum allowed redirects.
11-03 09:01:01 [ERROR] apscheduler | Job "_ (trigger: cron[hour='9', minute='1'], next run at: 2024-11-04 09:01:00 CST)" raised an exception
Traceback (most recent call last):

  File "C:\Program Files\zhenxun\zhenxun_bot-dev\bot.py", line 27, in <module>
    nonebot.run()
    │       └ <function run at 0x0000020F7FC35510>
    └ <module 'nonebot' from 'C:\\Users\\Administrator\\AppData\\Local\\pypoetry\\Cache\\virtualenvs\\zhenxun-bot-k9jvl_fX-py3.10\\...

  File "C:\Users\Administrator\AppData\Local\pypoetry\Cache\virtualenvs\zhenxun-bot-k9jvl_fX-py3.10\lib\site-packages\nonebot\__init__.py", line 335, in run
    get_driver().run(*args, **kwargs)
    │                 │       └ {}
    │                 └ ()
    └ <function get_driver at 0x0000020F7FC35360>

  File "C:\Users\Administrator\AppData\Local\pypoetry\Cache\virtualenvs\zhenxun-bot-k9jvl_fX-py3.10\lib\site-packages\nonebot\drivers\fastapi.py", line 186, in run
    uvicorn.run(
    │       └ <function run at 0x0000020F018FED40>
    └ <module 'uvicorn' from 'C:\\Users\\Administrator\\AppData\\Local\\pypoetry\\Cache\\virtualenvs\\zhenxun-bot-k9jvl_fX-py3.10\\...

  File "C:\Users\Administrator\AppData\Local\pypoetry\Cache\virtualenvs\zhenxun-bot-k9jvl_fX-py3.10\lib\site-packages\uvicorn\main.py", line 577, in run
    server.run()
    │      └ <function Server.run at 0x0000020F018FE680>
    └ <uvicorn.server.Server object at 0x0000020F11A3ABF0>

  File "C:\Users\Administrator\AppData\Local\pypoetry\Cache\virtualenvs\zhenxun-bot-k9jvl_fX-py3.10\lib\site-packages\uvicorn\server.py", line 65, in run
    return asyncio.run(self.serve(sockets=sockets))
           │       │   │    │             └ None
           │       │   │    └ <function Server.serve at 0x0000020F018FE710>
           │       │   └ <uvicorn.server.Server object at 0x0000020F11A3ABF0>
           │       └ <function run at 0x0000020F7ED3CE50>
           └ <module 'asyncio' from 'C:\\Users\\Administrator\\AppData\\Local\\Programs\\Python\\Python310\\lib\\asyncio\\__init__.py'>

  File "C:\Users\Administrator\AppData\Local\Programs\Python\Python310\lib\asyncio\runners.py", line 44, in run
    return loop.run_until_complete(main)
           │    │                  └ <coroutine object Server.serve at 0x0000020F03BE17E0>
           │    └ <function BaseEventLoop.run_until_complete at 0x0000020F7EE40280>
           └ <ProactorEventLoop running=True closed=False debug=False>

  File "C:\Users\Administrator\AppData\Local\Programs\Python\Python310\lib\asyncio\base_events.py", line 636, in run_until_complete
    self.run_forever()
    │    └ <function ProactorEventLoop.run_forever at 0x0000020F7F671510>
    └ <ProactorEventLoop running=True closed=False debug=False>

  File "C:\Users\Administrator\AppData\Local\Programs\Python\Python310\lib\asyncio\windows_events.py", line 321, in run_forever
    super().run_forever()

  File "C:\Users\Administrator\AppData\Local\Programs\Python\Python310\lib\asyncio\base_events.py", line 603, in run_forever
    self._run_once()
    │    └ <function BaseEventLoop._run_once at 0x0000020F7EE41CF0>
    └ <ProactorEventLoop running=True closed=False debug=False>

  File "C:\Users\Administrator\AppData\Local\Programs\Python\Python310\lib\asyncio\base_events.py", line 1909, in _run_once
    handle._run()
    │      └ <function Handle._run at 0x0000020F7EDF09D0>
    └ <Handle <TaskStepMethWrapper object at 0x0000020F1229D660>()>

  File "C:\Users\Administrator\AppData\Local\Programs\Python\Python310\lib\asyncio\events.py", line 80, in _run
    self._context.run(self._callback, *self._args)
    │    │            │    │           │    └ <member '_args' of 'Handle' objects>
    │    │            │    │           └ <Handle <TaskStepMethWrapper object at 0x0000020F1229D660>()>
    │    │            │    └ <member '_callback' of 'Handle' objects>
    │    │            └ <Handle <TaskStepMethWrapper object at 0x0000020F1229D660>()>
    │    └ <member '_context' of 'Handle' objects>
    └ <Handle <TaskStepMethWrapper object at 0x0000020F1229D660>()>

> File "C:\Users\Administrator\AppData\Local\pypoetry\Cache\virtualenvs\zhenxun-bot-k9jvl_fX-py3.10\lib\site-packages\apscheduler\executors\base_py3.py", line 30, in run_coroutine_job
    retval = await job.func(*job.args, **job.kwargs)
                   │   │     │   │       │   └ <member 'kwargs' of 'Job' objects>
                   │   │     │   │       └ <Job (id=4e3f7f7fb9a349be8fcdafbb7d22e0a1 name=_)>
                   │   │     │   └ <member 'args' of 'Job' objects>
                   │   │     └ <Job (id=4e3f7f7fb9a349be8fcdafbb7d22e0a1 name=_)>
                   │   └ <member 'func' of 'Job' objects>
                   └ <Job (id=4e3f7f7fb9a349be8fcdafbb7d22e0a1 name=_)>

  File "C:\Program Files\zhenxun\zhenxun_bot-dev\zhenxun\plugins\moyu.py", line 101, in _
    await broadcast_group(receipt, log_cmd="被动每日新闻")
          │               └ []
          └ <function broadcast_group at 0x0000020F082C9240>

  File "C:\Program Files\zhenxun\zhenxun_bot-dev\zhenxun\utils\platform.py", line 571, in broadcast_group
    raise ValueError("群聊广播消息不能为空")

ValueError: 群聊广播消息不能为空
11-03 15:54:02 [ERROR] nonebot | Running Matcher(type='message', module=zhenxun.plugins.parse_bilibili, lineno=54) failed.
Traceback (most recent call last):

  File "C:\Program Files\zhenxun\zhenxun_bot-dev\bot.py", line 27, in <module>
    nonebot.run()
    │       └ <function run at 0x0000020F7FC35510>
    └ <module 'nonebot' from 'C:\\Users\\Administrator\\AppData\\Local\\pypoetry\\Cache\\virtualenvs\\zhenxun-bot-k9jvl_fX-py3.10\\...

  File "C:\Users\Administrator\AppData\Local\pypoetry\Cache\virtualenvs\zhenxun-bot-k9jvl_fX-py3.10\lib\site-packages\nonebot\__init__.py", line 335, in run
    get_driver().run(*args, **kwargs)
    │                 │       └ {}
    │                 └ ()
    └ <function get_driver at 0x0000020F7FC35360>

  File "C:\Users\Administrator\AppData\Local\pypoetry\Cache\virtualenvs\zhenxun-bot-k9jvl_fX-py3.10\lib\site-packages\nonebot\drivers\fastapi.py", line 186, in run
    uvicorn.run(
    │       └ <function run at 0x0000020F018FED40>
    └ <module 'uvicorn' from 'C:\\Users\\Administrator\\AppData\\Local\\pypoetry\\Cache\\virtualenvs\\zhenxun-bot-k9jvl_fX-py3.10\\...

  File "C:\Users\Administrator\AppData\Local\pypoetry\Cache\virtualenvs\zhenxun-bot-k9jvl_fX-py3.10\lib\site-packages\uvicorn\main.py", line 577, in run
    server.run()
    │      └ <function Server.run at 0x0000020F018FE680>
    └ <uvicorn.server.Server object at 0x0000020F11A3ABF0>

  File "C:\Users\Administrator\AppData\Local\pypoetry\Cache\virtualenvs\zhenxun-bot-k9jvl_fX-py3.10\lib\site-packages\uvicorn\server.py", line 65, in run
    return asyncio.run(self.serve(sockets=sockets))
           │       │   │    │             └ None
           │       │   │    └ <function Server.serve at 0x0000020F018FE710>
           │       │   └ <uvicorn.server.Server object at 0x0000020F11A3ABF0>
           │       └ <function run at 0x0000020F7ED3CE50>
           └ <module 'asyncio' from 'C:\\Users\\Administrator\\AppData\\Local\\Programs\\Python\\Python310\\lib\\asyncio\\__init__.py'>

  File "C:\Users\Administrator\AppData\Local\Programs\Python\Python310\lib\asyncio\runners.py", line 44, in run
    return loop.run_until_complete(main)
           │    │                  └ <coroutine object Server.serve at 0x0000020F03BE17E0>
           │    └ <function BaseEventLoop.run_until_complete at 0x0000020F7EE40280>
           └ <ProactorEventLoop running=True closed=False debug=False>

  File "C:\Users\Administrator\AppData\Local\Programs\Python\Python310\lib\asyncio\base_events.py", line 636, in run_until_complete
    self.run_forever()
    │    └ <function ProactorEventLoop.run_forever at 0x0000020F7F671510>
    └ <ProactorEventLoop running=True closed=False debug=False>

  File "C:\Users\Administrator\AppData\Local\Programs\Python\Python310\lib\asyncio\windows_events.py", line 321, in run_forever
    super().run_forever()

  File "C:\Users\Administrator\AppData\Local\Programs\Python\Python310\lib\asyncio\base_events.py", line 603, in run_forever
    self._run_once()
    │    └ <function BaseEventLoop._run_once at 0x0000020F7EE41CF0>
    └ <ProactorEventLoop running=True closed=False debug=False>

  File "C:\Users\Administrator\AppData\Local\Programs\Python\Python310\lib\asyncio\base_events.py", line 1909, in _run_once
    handle._run()
    │      └ <function Handle._run at 0x0000020F7EDF09D0>
    └ <Handle Task.task_wakeup(<_GatheringFu...37ef965'}})]]>)>

  File "C:\Users\Administrator\AppData\Local\Programs\Python\Python310\lib\asyncio\events.py", line 80, in _run
    self._context.run(self._callback, *self._args)
    │    │            │    │           │    └ <member '_args' of 'Handle' objects>
    │    │            │    │           └ <Handle Task.task_wakeup(<_GatheringFu...37ef965'}})]]>)>
    │    │            │    └ <member '_callback' of 'Handle' objects>
    │    │            └ <Handle Task.task_wakeup(<_GatheringFu...37ef965'}})]]>)>
    │    └ <member '_context' of 'Handle' objects>
    └ <Handle Task.task_wakeup(<_GatheringFu...37ef965'}})]]>)>

  File "C:\Users\Administrator\AppData\Local\pypoetry\Cache\virtualenvs\zhenxun-bot-k9jvl_fX-py3.10\lib\site-packages\nonebot\message.py", line 476, in check_and_run_matcher
    await _run_matcher(
          └ <function _run_matcher at 0x0000020F7FD909D0>

> File "C:\Users\Administrator\AppData\Local\pypoetry\Cache\virtualenvs\zhenxun-bot-k9jvl_fX-py3.10\lib\site-packages\nonebot\message.py", line 428, in _run_matcher
    await matcher.run(bot, event, state, stack, dependency_cache)
          │       │   │    │      │      │      └ {<function _event_to_me at 0x0000020F7FC89CF0>: <Task finished name='Task-2062807' coro=<_event_to_me() done, defined at C:\U...
          │       │   │    │      │      └ <contextlib.AsyncExitStack object at 0x0000020F125AF8E0>
          │       │   │    │      └ {'_prefix': {'command': None, 'raw_command': None, 'command_arg': None, 'command_start': None, 'command_whitespace': None}}
          │       │   │    └ PrivateMessageEvent(time=1730620442, self_id=3973508735, post_type='message', sub_type='friend', user_id=2747277822, message_...
          │       │   └ Bot(type='OneBot V11', self_id='3973508735')
          │       └ <function Matcher.run at 0x0000020F7FC89B40>
          └ Matcher(type='message', module=zhenxun.plugins.parse_bilibili, lineno=54)

  File "C:\Users\Administrator\AppData\Local\pypoetry\Cache\virtualenvs\zhenxun-bot-k9jvl_fX-py3.10\lib\site-packages\nonebot\internal\matcher\matcher.py", line 850, in run
    await self.simple_run(bot, event, state, stack, dependency_cache)
          │    │          │    │      │      │      └ {<function _event_to_me at 0x0000020F7FC89CF0>: <Task finished name='Task-2062807' coro=<_event_to_me() done, defined at C:\U...
          │    │          │    │      │      └ <contextlib.AsyncExitStack object at 0x0000020F125AF8E0>
          │    │          │    │      └ {'_prefix': {'command': None, 'raw_command': None, 'command_arg': None, 'command_start': None, 'command_whitespace': None}}
          │    │          │    └ PrivateMessageEvent(time=1730620442, self_id=3973508735, post_type='message', sub_type='friend', user_id=2747277822, message_...
          │    │          └ Bot(type='OneBot V11', self_id='3973508735')
          │    └ <function Matcher.simple_run at 0x0000020F7FC89AB0>
          └ Matcher(type='message', module=zhenxun.plugins.parse_bilibili, lineno=54)

  File "C:\Users\Administrator\AppData\Local\pypoetry\Cache\virtualenvs\zhenxun-bot-k9jvl_fX-py3.10\lib\site-packages\nonebot\internal\matcher\matcher.py", line 825, in simple_run
    await handler(
          └ Dependent(call=_)

  File "C:\Users\Administrator\AppData\Local\pypoetry\Cache\virtualenvs\zhenxun-bot-k9jvl_fX-py3.10\lib\site-packages\nonebot\dependencies\__init__.py", line 94, in __call__
    return await cast(Callable[..., Awaitable[R]], self.call)(**values)
                 │    │             │         │    │    │       └ {'session': Session(bot_id='3973508735', bot_type='OneBot V11', platform='qq', level=<SessionLevel.LEVEL1: 1>, id1='274727782...
                 │    │             │         │    │    └ <function _ at 0x0000020F0BAEDAB0>
                 │    │             │         │    └ Dependent(call=_)
                 │    │             │         └ ~R
                 │    │             └ <class 'collections.abc.Awaitable'>
                 │    └ typing.Callable
                 └ <function cast at 0x0000020F7EBD04C0>

  File "C:\Program Files\zhenxun\zhenxun_bot-dev\zhenxun\plugins\parse_bilibili\__init__.py", line 86, in _
    get_url = (qqdocurl_value if qqdocurl_value else jumpUrl_value).split("?")[
               │                 │                   └ {}
               │                 └ {}
               └ {}

AttributeError: 'dict' object has no attribute 'split'
11-03 15:54:13 [ERROR] nonebot | Running Matcher(type='message', module=zhenxun.plugins.nonebot_plugin_sparkapi.matchers.chat, lineno=39) failed.
Traceback (most recent call last):

  File "C:\Program Files\zhenxun\zhenxun_bot-dev\bot.py", line 27, in <module>
    nonebot.run()
    │       └ <function run at 0x0000020F7FC35510>
    └ <module 'nonebot' from 'C:\\Users\\Administrator\\AppData\\Local\\pypoetry\\Cache\\virtualenvs\\zhenxun-bot-k9jvl_fX-py3.10\\...

  File "C:\Users\Administrator\AppData\Local\pypoetry\Cache\virtualenvs\zhenxun-bot-k9jvl_fX-py3.10\lib\site-packages\nonebot\__init__.py", line 335, in run
    get_driver().run(*args, **kwargs)
    │                 │       └ {}
    │                 └ ()
    └ <function get_driver at 0x0000020F7FC35360>

  File "C:\Users\Administrator\AppData\Local\pypoetry\Cache\virtualenvs\zhenxun-bot-k9jvl_fX-py3.10\lib\site-packages\nonebot\drivers\fastapi.py", line 186, in run
    uvicorn.run(
    │       └ <function run at 0x0000020F018FED40>
    └ <module 'uvicorn' from 'C:\\Users\\Administrator\\AppData\\Local\\pypoetry\\Cache\\virtualenvs\\zhenxun-bot-k9jvl_fX-py3.10\\...

  File "C:\Users\Administrator\AppData\Local\pypoetry\Cache\virtualenvs\zhenxun-bot-k9jvl_fX-py3.10\lib\site-packages\uvicorn\main.py", line 577, in run
    server.run()
    │      └ <function Server.run at 0x0000020F018FE680>
    └ <uvicorn.server.Server object at 0x0000020F11A3ABF0>

  File "C:\Users\Administrator\AppData\Local\pypoetry\Cache\virtualenvs\zhenxun-bot-k9jvl_fX-py3.10\lib\site-packages\uvicorn\server.py", line 65, in run
    return asyncio.run(self.serve(sockets=sockets))
           │       │   │    │             └ None
           │       │   │    └ <function Server.serve at 0x0000020F018FE710>
           │       │   └ <uvicorn.server.Server object at 0x0000020F11A3ABF0>
           │       └ <function run at 0x0000020F7ED3CE50>
           └ <module 'asyncio' from 'C:\\Users\\Administrator\\AppData\\Local\\Programs\\Python\\Python310\\lib\\asyncio\\__init__.py'>

  File "C:\Users\Administrator\AppData\Local\Programs\Python\Python310\lib\asyncio\runners.py", line 44, in run
    return loop.run_until_complete(main)
           │    │                  └ <coroutine object Server.serve at 0x0000020F03BE17E0>
           │    └ <function BaseEventLoop.run_until_complete at 0x0000020F7EE40280>
           └ <ProactorEventLoop running=True closed=False debug=False>

  File "C:\Users\Administrator\AppData\Local\Programs\Python\Python310\lib\asyncio\base_events.py", line 636, in run_until_complete
    self.run_forever()
    │    └ <function ProactorEventLoop.run_forever at 0x0000020F7F671510>
    └ <ProactorEventLoop running=True closed=False debug=False>

  File "C:\Users\Administrator\AppData\Local\Programs\Python\Python310\lib\asyncio\windows_events.py", line 321, in run_forever
    super().run_forever()

  File "C:\Users\Administrator\AppData\Local\Programs\Python\Python310\lib\asyncio\base_events.py", line 603, in run_forever
    self._run_once()
    │    └ <function BaseEventLoop._run_once at 0x0000020F7EE41CF0>
    └ <ProactorEventLoop running=True closed=False debug=False>

  File "C:\Users\Administrator\AppData\Local\Programs\Python\Python310\lib\asyncio\base_events.py", line 1909, in _run_once
    handle._run()
    │      └ <function Handle._run at 0x0000020F7EDF09D0>
    └ <Handle Task.task_wakeup(<Future finished result=None>)>

  File "C:\Users\Administrator\AppData\Local\Programs\Python\Python310\lib\asyncio\events.py", line 80, in _run
    self._context.run(self._callback, *self._args)
    │    │            │    │           │    └ <member '_args' of 'Handle' objects>
    │    │            │    │           └ <Handle Task.task_wakeup(<Future finished result=None>)>
    │    │            │    └ <member '_callback' of 'Handle' objects>
    │    │            └ <Handle Task.task_wakeup(<Future finished result=None>)>
    │    └ <member '_context' of 'Handle' objects>
    └ <Handle Task.task_wakeup(<Future finished result=None>)>

  File "C:\Users\Administrator\AppData\Local\pypoetry\Cache\virtualenvs\zhenxun-bot-k9jvl_fX-py3.10\lib\site-packages\nonebot\message.py", line 476, in check_and_run_matcher
    await _run_matcher(
          └ <function _run_matcher at 0x0000020F7FD909D0>

> File "C:\Users\Administrator\AppData\Local\pypoetry\Cache\virtualenvs\zhenxun-bot-k9jvl_fX-py3.10\lib\site-packages\nonebot\message.py", line 428, in _run_matcher
    await matcher.run(bot, event, state, stack, dependency_cache)
          │       │   │    │      │      │      └ {<function _event_to_me at 0x0000020F7FC89CF0>: <Task finished name='Task-2062807' coro=<_event_to_me() done, defined at C:\U...
          │       │   │    │      │      └ <contextlib.AsyncExitStack object at 0x0000020F125AF8E0>
          │       │   │    │      └ {'_prefix': {'command': None, 'raw_command': None, 'command_arg': None, 'command_start': None, 'command_whitespace': None}}
          │       │   │    └ PrivateMessageEvent(time=1730620442, self_id=3973508735, post_type='message', sub_type='friend', user_id=2747277822, message_...
          │       │   └ Bot(type='OneBot V11', self_id='3973508735')
          │       └ <function Matcher.run at 0x0000020F7FC89B40>
          └ Matcher(type='message', module=zhenxun.plugins.nonebot_plugin_sparkapi.matchers.chat, lineno=39)

  File "C:\Users\Administrator\AppData\Local\pypoetry\Cache\virtualenvs\zhenxun-bot-k9jvl_fX-py3.10\lib\site-packages\nonebot\internal\matcher\matcher.py", line 850, in run
    await self.simple_run(bot, event, state, stack, dependency_cache)
          │    │          │    │      │      │      └ {<function _event_to_me at 0x0000020F7FC89CF0>: <Task finished name='Task-2062807' coro=<_event_to_me() done, defined at C:\U...
          │    │          │    │      │      └ <contextlib.AsyncExitStack object at 0x0000020F125AF8E0>
          │    │          │    │      └ {'_prefix': {'command': None, 'raw_command': None, 'command_arg': None, 'command_start': None, 'command_whitespace': None}}
          │    │          │    └ PrivateMessageEvent(time=1730620442, self_id=3973508735, post_type='message', sub_type='friend', user_id=2747277822, message_...
          │    │          └ Bot(type='OneBot V11', self_id='3973508735')
          │    └ <function Matcher.simple_run at 0x0000020F7FC89AB0>
          └ Matcher(type='message', module=zhenxun.plugins.nonebot_plugin_sparkapi.matchers.chat, lineno=39)

  File "C:\Users\Administrator\AppData\Local\pypoetry\Cache\virtualenvs\zhenxun-bot-k9jvl_fX-py3.10\lib\site-packages\nonebot\internal\matcher\matcher.py", line 825, in simple_run
    await handler(
          └ Dependent(call=_)

  File "C:\Users\Administrator\AppData\Local\pypoetry\Cache\virtualenvs\zhenxun-bot-k9jvl_fX-py3.10\lib\site-packages\nonebot\dependencies\__init__.py", line 94, in __call__
    return await cast(Callable[..., Awaitable[R]], self.call)(**values)
                 │    │             │         │    │    │       └ {'session_id': 'qq_OneBot_V11_3973508735_2747277822', 'arg': [MessageSegment(type='json', data={'data': '{"app":"com.tencent....
                 │    │             │         │    │    └ <function _ at 0x0000020F0E42ACB0>
                 │    │             │         │    └ Dependent(call=_)
                 │    │             │         └ ~R
                 │    │             └ <class 'collections.abc.Awaitable'>
                 │    └ typing.Callable
                 └ <function cast at 0x0000020F7EBD04C0>

  File "C:\Program Files\zhenxun\zhenxun_bot-dev\zhenxun\plugins\nonebot_plugin_sparkapi\matchers\chat.py", line 58, in _
    await hello().finish()
          └ <function hello at 0x0000020F0E42A9E0>

  File "C:\Users\Administrator\AppData\Local\pypoetry\Cache\virtualenvs\zhenxun-bot-k9jvl_fX-py3.10\lib\site-packages\nonebot_plugin_alconna\uniseg\message.py", line 1407, in finish
    await self.send(target, bot, fallback, at_sender, reply_to, **kwargs)
          │    │    │       │    │         │          │           └ {}
          │    │    │       │    │         │          └ False
          │    │    │       │    │         └ False
          │    │    │       │    └ <FallbackStrategy.rollback: 'rollback'>
          │    │    │       └ None
          │    │    └ None
          │    └ <function UniMessage.send at 0x0000020F03F89480>
          └ [Image(id=None, url=None, path=WindowsPath('resources/image/zai/5.jpg'), raw=None, mimetype=None, name='5.jpg'), Text(text='哦...

  File "C:\Users\Administrator\AppData\Local\pypoetry\Cache\virtualenvs\zhenxun-bot-k9jvl_fX-py3.10\lib\site-packages\nonebot_plugin_alconna\uniseg\message.py", line 1395, in send
    res = await fn.send_to(target, bot, msg, **kwargs)
                │  │       │       │    │      └ {}
                │  │       │       │    └ [MessageSegment(type='image', data={'file': 'file:///C:/Program%20Files/zhenxun/zhenxun_bot-dev/resources/image/zai/5.jpg', '...
                │  │       │       └ Bot(type='OneBot V11', self_id='3973508735')
                │  │       └ PrivateMessageEvent(time=1730620442, self_id=3973508735, post_type='message', sub_type='friend', user_id=2747277822, message_...
                │  └ <function Onebot11MessageExporter.send_to at 0x0000020F03F6C820>
                └ <nonebot_plugin_alconna.uniseg.adapters.onebot11.exporter.Onebot11MessageExporter object at 0x0000020F03F2A800>

  File "C:\Users\Administrator\AppData\Local\pypoetry\Cache\virtualenvs\zhenxun-bot-k9jvl_fX-py3.10\lib\site-packages\nonebot_plugin_alconna\uniseg\adapters\onebot11\exporter.py", line 154, in send_to
    return await bot.send(target, message, **kwargs)  # type: ignore
                 │   │    │       │          └ {}
                 │   │    │       └ [MessageSegment(type='image', data={'file': 'file:///C:/Program%20Files/zhenxun/zhenxun_bot-dev/resources/image/zai/5.jpg', '...
                 │   │    └ PrivateMessageEvent(time=1730620442, self_id=3973508735, post_type='message', sub_type='friend', user_id=2747277822, message_...
                 │   └ <function Bot.send at 0x0000020F016B4160>
                 └ Bot(type='OneBot V11', self_id='3973508735')

  File "C:\Users\Administrator\AppData\Local\pypoetry\Cache\virtualenvs\zhenxun-bot-k9jvl_fX-py3.10\lib\site-packages\nonebot\adapters\onebot\v11\bot.py", line 237, in send
    return await self.__class__.send_handler(self, event, message, **kwargs)
                 │    │                      │     │      │          └ {}
                 │    │                      │     │      └ [MessageSegment(type='image', data={'file': 'file:///C:/Program%20Files/zhenxun/zhenxun_bot-dev/resources/image/zai/5.jpg', '...
                 │    │                      │     └ PrivateMessageEvent(time=1730620442, self_id=3973508735, post_type='message', sub_type='friend', user_id=2747277822, message_...
                 │    │                      └ Bot(type='OneBot V11', self_id='3973508735')
                 │    └ <attribute '__class__' of 'object' objects>
                 └ Bot(type='OneBot V11', self_id='3973508735')

  File "C:\Users\Administrator\AppData\Local\pypoetry\Cache\virtualenvs\zhenxun-bot-k9jvl_fX-py3.10\lib\site-packages\nonebot\adapters\onebot\v11\bot.py", line 190, in send
    return await bot.send_msg(**params)
                 │              └ {'user_id': 2747277822, 'message_type': 'private', 'message': [MessageSegment(type='image', data={'file': 'file:///C:/Program...
                 └ Bot(type='OneBot V11', self_id='3973508735')

  File "C:\Users\Administrator\AppData\Local\pypoetry\Cache\virtualenvs\zhenxun-bot-k9jvl_fX-py3.10\lib\site-packages\nonebot\internal\adapter\bot.py", line 122, in call_api
    raise exception
          └ ActionFailed(status='failed', retcode=1200, data=None, message='Error: Timeout: NTEvent serviceAndMethod:NodeIKernelMsgServic...

  File "C:\Users\Administrator\AppData\Local\pypoetry\Cache\virtualenvs\zhenxun-bot-k9jvl_fX-py3.10\lib\site-packages\nonebot\internal\adapter\bot.py", line 97, in call_api
    result = await self.adapter._call_api(self, api, **data)
                   │    │       │         │     │      └ {'user_id': 2747277822, 'message_type': 'private', 'message': [MessageSegment(type='image', data={'file': 'file:///C:/Program...
                   │    │       │         │     └ 'send_msg'
                   │    │       │         └ Bot(type='OneBot V11', self_id='3973508735')
                   │    │       └ <function Adapter._call_api at 0x0000020F7E8B8820>
                   │    └ Adapter(name='OneBot V11')
                   └ Bot(type='OneBot V11', self_id='3973508735')

  File "C:\Users\Administrator\AppData\Local\pypoetry\Cache\virtualenvs\zhenxun-bot-k9jvl_fX-py3.10\lib\site-packages\nonebot\adapters\onebot\v11\adapter.py", line 147, in _call_api
    return handle_api_result(await self._result_store.fetch(seq, timeout))
           │                       │    │             │     │    └ 30.0
           │                       │    │             │     └ 489
           │                       │    │             └ <function ResultStore.fetch at 0x0000020F016B52D0>
           │                       │    └ <nonebot.adapters.onebot.store.ResultStore object at 0x0000020F7FEDC5E0>
           │                       └ Adapter(name='OneBot V11')
           └ <function handle_api_result at 0x0000020F01640280>

  File "C:\Users\Administrator\AppData\Local\pypoetry\Cache\virtualenvs\zhenxun-bot-k9jvl_fX-py3.10\lib\site-packages\nonebot\adapters\onebot\v11\utils.py", line 58, in handle_api_result
    raise ActionFailed(**result)
          │              └ {'status': 'failed', 'retcode': 1200, 'data': None, 'message': 'Error: Timeout: NTEvent serviceAndMethod:NodeIKernelMsgServic...
          └ <class 'nonebot.adapters.onebot.v11.exception.ActionFailed'>

nonebot.adapters.onebot.v11.exception.ActionFailed: ActionFailed(status='failed', retcode=1200, data=None, message='Error: Timeout: NTEvent serviceAndMethod:NodeIKernelMsgService/sendMsg ListenerName:NodeIKernelMsgListener/onMsgInfoListUpdate EventRet:\n{}\n\n    at Timeout.sendDataCallback [as _onTimeout] (file:///C:/Users/Administrator/Documents/LiteloaderQQNT/plugins/NapCat.Framework/napcat.mjs:7666:15)\n    at listOnTimeout (node:internal/timers:573:17)\n    at process.processTimers (node:internal/timers:514:7)', wording='Error: Timeout: NTEvent serviceAndMethod:NodeIKernelMsgService/sendMsg ListenerName:NodeIKernelMsgListener/onMsgInfoListUpdate EventRet:\n{}\n\n    at Timeout.sendDataCallback [as _onTimeout] (file:///C:/Users/Administrator/Documents/LiteloaderQQNT/plugins/NapCat.Framework/napcat.mjs:7666:15)\n    at listOnTimeout (node:internal/timers:573:17)\n    at process.processTimers (node:internal/timers:514:7)', echo='489')
11-03 16:11:19 [ERROR] zhenxun | Adapter[OneBot V11] 平台[qq] 群聊[546881717] 用户[782877431] CMD[HOOK] auth_admin 发送消息失败 || 错误 <class 'AssertionError'>: 
