12-31 02:23:25 [ERROR] nonebot | Running Matcher(type='message', module=zhenxun.plugins.parse_bilibili, lineno=54) failed.
Traceback (most recent call last):

  File "C:\Program Files\zhenxun\zhenxun_bot-dev\bot.py", line 27, in <module>
    nonebot.run()
    │       └ <function run at 0x00000208AA226290>
    └ <module 'nonebot' from 'C:\\Users\\Administrator\\AppData\\Local\\pypoetry\\Cache\\virtualenvs\\zhenxun-bot-k9jvl_fX-py3.10\\...

  File "C:\Users\Administrator\AppData\Local\pypoetry\Cache\virtualenvs\zhenxun-bot-k9jvl_fX-py3.10\lib\site-packages\nonebot\__init__.py", line 335, in run
    get_driver().run(*args, **kwargs)
    │                 │       └ {}
    │                 └ ()
    └ <function get_driver at 0x00000208AA2260E0>

  File "C:\Users\Administrator\AppData\Local\pypoetry\Cache\virtualenvs\zhenxun-bot-k9jvl_fX-py3.10\lib\site-packages\nonebot\drivers\fastapi.py", line 186, in run
    uvicorn.run(
    │       └ <function run at 0x00000208AA9FBD00>
    └ <module 'uvicorn' from 'C:\\Users\\Administrator\\AppData\\Local\\pypoetry\\Cache\\virtualenvs\\zhenxun-bot-k9jvl_fX-py3.10\\...

  File "C:\Users\Administrator\AppData\Local\pypoetry\Cache\virtualenvs\zhenxun-bot-k9jvl_fX-py3.10\lib\site-packages\uvicorn\main.py", line 579, in run
    server.run()
    │      └ <function Server.run at 0x00000208AA9FB640>
    └ <uvicorn.server.Server object at 0x00000208BAED1300>

  File "C:\Users\Administrator\AppData\Local\pypoetry\Cache\virtualenvs\zhenxun-bot-k9jvl_fX-py3.10\lib\site-packages\uvicorn\server.py", line 65, in run
    return asyncio.run(self.serve(sockets=sockets))
           │       │   │    │             └ None
           │       │   │    └ <function Server.serve at 0x00000208AA9FB6D0>
           │       │   └ <uvicorn.server.Server object at 0x00000208BAED1300>
           │       └ <function run at 0x00000208A7F10E50>
           └ <module 'asyncio' from 'C:\\Users\\Administrator\\AppData\\Local\\Programs\\Python\\Python310\\lib\\asyncio\\__init__.py'>

  File "C:\Users\Administrator\AppData\Local\Programs\Python\Python310\lib\asyncio\runners.py", line 44, in run
    return loop.run_until_complete(main)
           │    │                  └ <coroutine object Server.serve at 0x00000208BB1FBD80>
           │    └ <function BaseEventLoop.run_until_complete at 0x00000208A8010280>
           └ <ProactorEventLoop running=True closed=False debug=False>

  File "C:\Users\Administrator\AppData\Local\Programs\Python\Python310\lib\asyncio\base_events.py", line 636, in run_until_complete
    self.run_forever()
    │    └ <function ProactorEventLoop.run_forever at 0x00000208A9C51510>
    └ <ProactorEventLoop running=True closed=False debug=False>

  File "C:\Users\Administrator\AppData\Local\Programs\Python\Python310\lib\asyncio\windows_events.py", line 321, in run_forever
    super().run_forever()

  File "C:\Users\Administrator\AppData\Local\Programs\Python\Python310\lib\asyncio\base_events.py", line 603, in run_forever
    self._run_once()
    │    └ <function BaseEventLoop._run_once at 0x00000208A8011CF0>
    └ <ProactorEventLoop running=True closed=False debug=False>

  File "C:\Users\Administrator\AppData\Local\Programs\Python\Python310\lib\asyncio\base_events.py", line 1909, in _run_once
    handle._run()
    │      └ <function Handle._run at 0x00000208A7FC09D0>
    └ <Handle Task.task_wakeup(<_GatheringFu...3521176'}})]]>)>

  File "C:\Users\Administrator\AppData\Local\Programs\Python\Python310\lib\asyncio\events.py", line 80, in _run
    self._context.run(self._callback, *self._args)
    │    │            │    │           │    └ <member '_args' of 'Handle' objects>
    │    │            │    │           └ <Handle Task.task_wakeup(<_GatheringFu...3521176'}})]]>)>
    │    │            │    └ <member '_callback' of 'Handle' objects>
    │    │            └ <Handle Task.task_wakeup(<_GatheringFu...3521176'}})]]>)>
    │    └ <member '_context' of 'Handle' objects>
    └ <Handle Task.task_wakeup(<_GatheringFu...3521176'}})]]>)>

  File "C:\Users\Administrator\AppData\Local\pypoetry\Cache\virtualenvs\zhenxun-bot-k9jvl_fX-py3.10\lib\site-packages\nonebot\message.py", line 476, in check_and_run_matcher
    await _run_matcher(
          └ <function _run_matcher at 0x00000208AA379750>

> File "C:\Users\Administrator\AppData\Local\pypoetry\Cache\virtualenvs\zhenxun-bot-k9jvl_fX-py3.10\lib\site-packages\nonebot\message.py", line 428, in _run_matcher
    await matcher.run(bot, event, state, stack, dependency_cache)
          │       │   │    │      │      │      └ {<function _uni_msg at 0x00000208AE0B5090>: <Task finished name='Task-18414130' coro=<_uni_msg() done, defined at C:\Users\Ad...
          │       │   │    │      │      └ <contextlib.AsyncExitStack object at 0x00000208BAB57E50>
          │       │   │    │      └ {'_prefix': {'command': None, 'raw_command': None, 'command_arg': None, 'command_start': None, 'command_whitespace': None}}
          │       │   │    └ PrivateMessageEvent(time=1735583004, self_id=3973508735, post_type='message', sub_type='friend', user_id=2747277822, message_...
          │       │   └ Bot(type='OneBot V11', self_id='3973508735')
          │       └ <function Matcher.run at 0x00000208AA2868C0>
          └ Matcher(type='message', module=zhenxun.plugins.parse_bilibili, lineno=54)

  File "C:\Users\Administrator\AppData\Local\pypoetry\Cache\virtualenvs\zhenxun-bot-k9jvl_fX-py3.10\lib\site-packages\nonebot\internal\matcher\matcher.py", line 850, in run
    await self.simple_run(bot, event, state, stack, dependency_cache)
          │    │          │    │      │      │      └ {<function _uni_msg at 0x00000208AE0B5090>: <Task finished name='Task-18414130' coro=<_uni_msg() done, defined at C:\Users\Ad...
          │    │          │    │      │      └ <contextlib.AsyncExitStack object at 0x00000208BAB57E50>
          │    │          │    │      └ {'_prefix': {'command': None, 'raw_command': None, 'command_arg': None, 'command_start': None, 'command_whitespace': None}}
          │    │          │    └ PrivateMessageEvent(time=1735583004, self_id=3973508735, post_type='message', sub_type='friend', user_id=2747277822, message_...
          │    │          └ Bot(type='OneBot V11', self_id='3973508735')
          │    └ <function Matcher.simple_run at 0x00000208AA286830>
          └ Matcher(type='message', module=zhenxun.plugins.parse_bilibili, lineno=54)

  File "C:\Users\Administrator\AppData\Local\pypoetry\Cache\virtualenvs\zhenxun-bot-k9jvl_fX-py3.10\lib\site-packages\nonebot\internal\matcher\matcher.py", line 825, in simple_run
    await handler(
          └ Dependent(call=_)

  File "C:\Users\Administrator\AppData\Local\pypoetry\Cache\virtualenvs\zhenxun-bot-k9jvl_fX-py3.10\lib\site-packages\nonebot\dependencies\__init__.py", line 94, in __call__
    return await cast(Callable[..., Awaitable[R]], self.call)(**values)
                 │    │             │         │    │    │       └ {'session': Session(bot_id='3973508735', bot_type='OneBot V11', platform='qq', level=<SessionLevel.LEVEL1: 1>, id1='274727782...
                 │    │             │         │    │    └ <function _ at 0x00000208BB46AC20>
                 │    │             │         │    └ Dependent(call=_)
                 │    │             │         └ ~R
                 │    │             └ <class 'collections.abc.Awaitable'>
                 │    └ typing.Callable
                 └ <function cast at 0x00000208A7DA04C0>

  File "C:\Program Files\zhenxun\zhenxun_bot-dev\zhenxun\plugins\parse_bilibili\__init__.py", line 86, in _
    get_url = (qqdocurl_value if qqdocurl_value else jumpUrl_value).split("?")[
               │                 │                   └ {}
               │                 └ {}
               └ {}

AttributeError: 'dict' object has no attribute 'split'
12-31 02:23:35 [ERROR] nonebot | Running Matcher(type='message', module=zhenxun.plugins.nonebot_plugin_sparkapi.matchers.block_private, lineno=11) failed.
Traceback (most recent call last):

  File "C:\Program Files\zhenxun\zhenxun_bot-dev\bot.py", line 27, in <module>
    nonebot.run()
    │       └ <function run at 0x00000208AA226290>
    └ <module 'nonebot' from 'C:\\Users\\Administrator\\AppData\\Local\\pypoetry\\Cache\\virtualenvs\\zhenxun-bot-k9jvl_fX-py3.10\\...

  File "C:\Users\Administrator\AppData\Local\pypoetry\Cache\virtualenvs\zhenxun-bot-k9jvl_fX-py3.10\lib\site-packages\nonebot\__init__.py", line 335, in run
    get_driver().run(*args, **kwargs)
    │                 │       └ {}
    │                 └ ()
    └ <function get_driver at 0x00000208AA2260E0>

  File "C:\Users\Administrator\AppData\Local\pypoetry\Cache\virtualenvs\zhenxun-bot-k9jvl_fX-py3.10\lib\site-packages\nonebot\drivers\fastapi.py", line 186, in run
    uvicorn.run(
    │       └ <function run at 0x00000208AA9FBD00>
    └ <module 'uvicorn' from 'C:\\Users\\Administrator\\AppData\\Local\\pypoetry\\Cache\\virtualenvs\\zhenxun-bot-k9jvl_fX-py3.10\\...

  File "C:\Users\Administrator\AppData\Local\pypoetry\Cache\virtualenvs\zhenxun-bot-k9jvl_fX-py3.10\lib\site-packages\uvicorn\main.py", line 579, in run
    server.run()
    │      └ <function Server.run at 0x00000208AA9FB640>
    └ <uvicorn.server.Server object at 0x00000208BAED1300>

  File "C:\Users\Administrator\AppData\Local\pypoetry\Cache\virtualenvs\zhenxun-bot-k9jvl_fX-py3.10\lib\site-packages\uvicorn\server.py", line 65, in run
    return asyncio.run(self.serve(sockets=sockets))
           │       │   │    │             └ None
           │       │   │    └ <function Server.serve at 0x00000208AA9FB6D0>
           │       │   └ <uvicorn.server.Server object at 0x00000208BAED1300>
           │       └ <function run at 0x00000208A7F10E50>
           └ <module 'asyncio' from 'C:\\Users\\Administrator\\AppData\\Local\\Programs\\Python\\Python310\\lib\\asyncio\\__init__.py'>

  File "C:\Users\Administrator\AppData\Local\Programs\Python\Python310\lib\asyncio\runners.py", line 44, in run
    return loop.run_until_complete(main)
           │    │                  └ <coroutine object Server.serve at 0x00000208BB1FBD80>
           │    └ <function BaseEventLoop.run_until_complete at 0x00000208A8010280>
           └ <ProactorEventLoop running=True closed=False debug=False>

  File "C:\Users\Administrator\AppData\Local\Programs\Python\Python310\lib\asyncio\base_events.py", line 636, in run_until_complete
    self.run_forever()
    │    └ <function ProactorEventLoop.run_forever at 0x00000208A9C51510>
    └ <ProactorEventLoop running=True closed=False debug=False>

  File "C:\Users\Administrator\AppData\Local\Programs\Python\Python310\lib\asyncio\windows_events.py", line 321, in run_forever
    super().run_forever()

  File "C:\Users\Administrator\AppData\Local\Programs\Python\Python310\lib\asyncio\base_events.py", line 603, in run_forever
    self._run_once()
    │    └ <function BaseEventLoop._run_once at 0x00000208A8011CF0>
    └ <ProactorEventLoop running=True closed=False debug=False>

  File "C:\Users\Administrator\AppData\Local\Programs\Python\Python310\lib\asyncio\base_events.py", line 1909, in _run_once
    handle._run()
    │      └ <function Handle._run at 0x00000208A7FC09D0>
    └ <Handle Task.task_wakeup(<_GatheringFu...result=[None]>)>

  File "C:\Users\Administrator\AppData\Local\Programs\Python\Python310\lib\asyncio\events.py", line 80, in _run
    self._context.run(self._callback, *self._args)
    │    │            │    │           │    └ <member '_args' of 'Handle' objects>
    │    │            │    │           └ <Handle Task.task_wakeup(<_GatheringFu...result=[None]>)>
    │    │            │    └ <member '_callback' of 'Handle' objects>
    │    │            └ <Handle Task.task_wakeup(<_GatheringFu...result=[None]>)>
    │    └ <member '_context' of 'Handle' objects>
    └ <Handle Task.task_wakeup(<_GatheringFu...result=[None]>)>

  File "C:\Users\Administrator\AppData\Local\pypoetry\Cache\virtualenvs\zhenxun-bot-k9jvl_fX-py3.10\lib\site-packages\nonebot\message.py", line 476, in check_and_run_matcher
    await _run_matcher(
          └ <function _run_matcher at 0x00000208AA379750>

> File "C:\Users\Administrator\AppData\Local\pypoetry\Cache\virtualenvs\zhenxun-bot-k9jvl_fX-py3.10\lib\site-packages\nonebot\message.py", line 428, in _run_matcher
    await matcher.run(bot, event, state, stack, dependency_cache)
          │       │   │    │      │      │      └ {<function _uni_msg at 0x00000208AE0B5090>: <Task finished name='Task-18414130' coro=<_uni_msg() done, defined at C:\Users\Ad...
          │       │   │    │      │      └ <contextlib.AsyncExitStack object at 0x00000208BAB57E50>
          │       │   │    │      └ {'_prefix': {'command': None, 'raw_command': None, 'command_arg': None, 'command_start': None, 'command_whitespace': None}}
          │       │   │    └ PrivateMessageEvent(time=1735583004, self_id=3973508735, post_type='message', sub_type='friend', user_id=2747277822, message_...
          │       │   └ Bot(type='OneBot V11', self_id='3973508735')
          │       └ <function Matcher.run at 0x00000208AA2868C0>
          └ Matcher(type='message', module=zhenxun.plugins.nonebot_plugin_sparkapi.matchers.block_private, lineno=11)

  File "C:\Users\Administrator\AppData\Local\pypoetry\Cache\virtualenvs\zhenxun-bot-k9jvl_fX-py3.10\lib\site-packages\nonebot\internal\matcher\matcher.py", line 850, in run
    await self.simple_run(bot, event, state, stack, dependency_cache)
          │    │          │    │      │      │      └ {<function _uni_msg at 0x00000208AE0B5090>: <Task finished name='Task-18414130' coro=<_uni_msg() done, defined at C:\Users\Ad...
          │    │          │    │      │      └ <contextlib.AsyncExitStack object at 0x00000208BAB57E50>
          │    │          │    │      └ {'_prefix': {'command': None, 'raw_command': None, 'command_arg': None, 'command_start': None, 'command_whitespace': None}}
          │    │          │    └ PrivateMessageEvent(time=1735583004, self_id=3973508735, post_type='message', sub_type='friend', user_id=2747277822, message_...
          │    │          └ Bot(type='OneBot V11', self_id='3973508735')
          │    └ <function Matcher.simple_run at 0x00000208AA286830>
          └ Matcher(type='message', module=zhenxun.plugins.nonebot_plugin_sparkapi.matchers.block_private, lineno=11)

  File "C:\Users\Administrator\AppData\Local\pypoetry\Cache\virtualenvs\zhenxun-bot-k9jvl_fX-py3.10\lib\site-packages\nonebot\internal\matcher\matcher.py", line 825, in simple_run
    await handler(
          └ Dependent(call=_)

  File "C:\Users\Administrator\AppData\Local\pypoetry\Cache\virtualenvs\zhenxun-bot-k9jvl_fX-py3.10\lib\site-packages\nonebot\dependencies\__init__.py", line 94, in __call__
    return await cast(Callable[..., Awaitable[R]], self.call)(**values)
                 │    │             │         │    │    │       └ {}
                 │    │             │         │    │    └ <function _ at 0x00000208B3E370A0>
                 │    │             │         │    └ Dependent(call=_)
                 │    │             │         └ ~R
                 │    │             └ <class 'collections.abc.Awaitable'>
                 │    └ typing.Callable
                 └ <function cast at 0x00000208A7DA04C0>

  File "C:\Program Files\zhenxun\zhenxun_bot-dev\zhenxun\plugins\nonebot_plugin_sparkapi\matchers\block_private.py", line 18, in _
    await matcher_blockprivate.finish("私聊功能已关闭！如有需要，请联系管理员。")
          │                    └ <classmethod(<function Matcher.finish at 0x00000208AA285D80>)>
          └ Matcher(type='message', module=zhenxun.plugins.nonebot_plugin_sparkapi.matchers.block_private, lineno=11)

  File "C:\Users\Administrator\AppData\Local\pypoetry\Cache\virtualenvs\zhenxun-bot-k9jvl_fX-py3.10\lib\site-packages\nonebot\internal\matcher\matcher.py", line 582, in finish
    await cls.send(message, **kwargs)
          │   │    │          └ {}
          │   │    └ '私聊功能已关闭！如有需要，请联系管理员。'
          │   └ <classmethod(<function Matcher.send at 0x00000208AA285CF0>)>
          └ Matcher(type='message', module=zhenxun.plugins.nonebot_plugin_sparkapi.matchers.block_private, lineno=11)

  File "C:\Users\Administrator\AppData\Local\pypoetry\Cache\virtualenvs\zhenxun-bot-k9jvl_fX-py3.10\lib\site-packages\nonebot\internal\matcher\matcher.py", line 566, in send
    return await bot.send(event=event, message=_message, **kwargs)
                 │   │          │              │           └ {}
                 │   │          │              └ '私聊功能已关闭！如有需要，请联系管理员。'
                 │   │          └ PrivateMessageEvent(time=1735583004, self_id=3973508735, post_type='message', sub_type='friend', user_id=2747277822, message_...
                 │   └ <function Bot.send at 0x00000208AA784EE0>
                 └ Bot(type='OneBot V11', self_id='3973508735')

  File "C:\Users\Administrator\AppData\Local\pypoetry\Cache\virtualenvs\zhenxun-bot-k9jvl_fX-py3.10\lib\site-packages\nonebot\adapters\onebot\v11\bot.py", line 237, in send
    return await self.__class__.send_handler(self, event, message, **kwargs)
                 │    │                      │     │      │          └ {}
                 │    │                      │     │      └ '私聊功能已关闭！如有需要，请联系管理员。'
                 │    │                      │     └ PrivateMessageEvent(time=1735583004, self_id=3973508735, post_type='message', sub_type='friend', user_id=2747277822, message_...
                 │    │                      └ Bot(type='OneBot V11', self_id='3973508735')
                 │    └ <attribute '__class__' of 'object' objects>
                 └ Bot(type='OneBot V11', self_id='3973508735')

  File "C:\Users\Administrator\AppData\Local\pypoetry\Cache\virtualenvs\zhenxun-bot-k9jvl_fX-py3.10\lib\site-packages\nonebot\adapters\onebot\v11\bot.py", line 190, in send
    return await bot.send_msg(**params)
                 │              └ {'user_id': 2747277822, 'message_type': 'private', 'message': [MessageSegment(type='text', data={'text': '私聊功能已关闭！如有需要，请联系管理员...
                 └ Bot(type='OneBot V11', self_id='3973508735')

  File "C:\Users\Administrator\AppData\Local\pypoetry\Cache\virtualenvs\zhenxun-bot-k9jvl_fX-py3.10\lib\site-packages\nonebot\internal\adapter\bot.py", line 122, in call_api
    raise exception
          └ ActionFailed(status='failed', retcode=1200, data=None, message='Error: Timeout: NTEvent serviceAndMethod:NodeIKernelMsgServic...

  File "C:\Users\Administrator\AppData\Local\pypoetry\Cache\virtualenvs\zhenxun-bot-k9jvl_fX-py3.10\lib\site-packages\nonebot\internal\adapter\bot.py", line 97, in call_api
    result = await self.adapter._call_api(self, api, **data)
                   │    │       │         │     │      └ {'user_id': 2747277822, 'message_type': 'private', 'message': [MessageSegment(type='text', data={'text': '私聊功能已关闭！如有需要，请联系管理员...
                   │    │       │         │     └ 'send_msg'
                   │    │       │         └ Bot(type='OneBot V11', self_id='3973508735')
                   │    │       └ <function Adapter._call_api at 0x00000208A7AC8820>
                   │    └ Adapter(name='OneBot V11')
                   └ Bot(type='OneBot V11', self_id='3973508735')

  File "C:\Users\Administrator\AppData\Local\pypoetry\Cache\virtualenvs\zhenxun-bot-k9jvl_fX-py3.10\lib\site-packages\nonebot\adapters\onebot\v11\adapter.py", line 147, in _call_api
    return handle_api_result(await self._result_store.fetch(seq, timeout))
           │                       │    │             │     │    └ 30.0
           │                       │    │             │     └ 15108
           │                       │    │             └ <function ResultStore.fetch at 0x00000208AA786050>
           │                       │    └ <nonebot.adapters.onebot.store.ResultStore object at 0x00000208AA47D960>
           │                       └ Adapter(name='OneBot V11')
           └ <function handle_api_result at 0x00000208AA719000>

  File "C:\Users\Administrator\AppData\Local\pypoetry\Cache\virtualenvs\zhenxun-bot-k9jvl_fX-py3.10\lib\site-packages\nonebot\adapters\onebot\v11\utils.py", line 58, in handle_api_result
    raise ActionFailed(**result)
          │              └ {'status': 'failed', 'retcode': 1200, 'data': None, 'message': 'Error: Timeout: NTEvent serviceAndMethod:NodeIKernelMsgServic...
          └ <class 'nonebot.adapters.onebot.v11.exception.ActionFailed'>

nonebot.adapters.onebot.v11.exception.ActionFailed: ActionFailed(status='failed', retcode=1200, data=None, message='Error: Timeout: NTEvent serviceAndMethod:NodeIKernelMsgService/sendMsg ListenerName:NodeIKernelMsgListener/onMsgInfoListUpdate EventRet:\n{}\n\n    at Timeout.sendDataCallback [as _onTimeout] (file:///C:/Users/Administrator/Documents/LiteloaderQQNT/plugins/NapCat.Framework/napcat.mjs:7666:15)\n    at listOnTimeout (node:internal/timers:573:17)\n    at process.processTimers (node:internal/timers:514:7)', wording='Error: Timeout: NTEvent serviceAndMethod:NodeIKernelMsgService/sendMsg ListenerName:NodeIKernelMsgListener/onMsgInfoListUpdate EventRet:\n{}\n\n    at Timeout.sendDataCallback [as _onTimeout] (file:///C:/Users/Administrator/Documents/LiteloaderQQNT/plugins/NapCat.Framework/napcat.mjs:7666:15)\n    at listOnTimeout (node:internal/timers:573:17)\n    at process.processTimers (node:internal/timers:514:7)', echo='15108')
12-31 03:01:00 [ERROR] zhenxun | 清理AI日常聊天数据失败... || 错误 <class 'FileNotFoundError'>: [WinError 3] 系统找不到指定的路径。: 'C:\\Users\\Administrator\\AppData\\Local\\nonebot2\\nonebot_plugin_sparkapi'
12-31 04:30:06 [ERROR] zhenxun | 更新色图 4.jpg 错误 <class 'FileExistsError'>: [WinError 183] 当文件已存在时，无法创建该文件。: 'resources\\temp\\4.jpg' -> 'resources\\image\\_setu\\4.jpg'
12-31 04:30:10 [ERROR] zhenxun | 更新色图 3.jpg 错误 <class 'FileExistsError'>: [WinError 183] 当文件已存在时，无法创建该文件。: 'resources\\temp\\3.jpg' -> 'resources\\image\\_setu\\3.jpg'
12-31 06:01:01 [ERROR] zhenxun | CMD[被动早晚安] [Target]([992333365:None]) 发送失败 || 错误 <class 'nonebot.adapters.onebot.v11.exception.ActionFailed'>: ActionFailed(status='failed', retcode=1200, data=None, message='Error: EventChecker Failed: NTEvent serviceAndMethod:NodeIKernelMsgService/sendMsg ListenerName:NodeIKernelMsgListener/onMsgInfoListUpdate EventRet:\n{\n    "result": 120,\n    "errMsg": ""\n}\n\n    at file:///C:/Users/Administrator/Documents/LiteloaderQQNT/plugins/NapCat.Framework/napcat.mjs:7704:15', wording='Error: EventChecker Failed: NTEvent serviceAndMethod:NodeIKernelMsgService/sendMsg ListenerName:NodeIKernelMsgListener/onMsgInfoListUpdate EventRet:\n{\n    "result": 120,\n    "errMsg": ""\n}\n\n    at file:///C:/Users/Administrator/Documents/LiteloaderQQNT/plugins/NapCat.Framework/napcat.mjs:7704:15', echo='15553')
12-31 09:01:01 [ERROR] zhenxun | CMD[被动每日新闻] [Target]([992333365:None]) 发送失败 || 错误 <class 'nonebot.adapters.onebot.v11.exception.ActionFailed'>: ActionFailed(status='failed', retcode=1200, data=None, message='Error: EventChecker Failed: NTEvent serviceAndMethod:NodeIKernelMsgService/sendMsg ListenerName:NodeIKernelMsgListener/onMsgInfoListUpdate EventRet:\n{\n    "result": 120,\n    "errMsg": ""\n}\n\n    at file:///C:/Users/Administrator/Documents/LiteloaderQQNT/plugins/NapCat.Framework/napcat.mjs:7704:15', wording='Error: EventChecker Failed: NTEvent serviceAndMethod:NodeIKernelMsgService/sendMsg ListenerName:NodeIKernelMsgListener/onMsgInfoListUpdate EventRet:\n{\n    "result": 120,\n    "errMsg": ""\n}\n\n    at file:///C:/Users/Administrator/Documents/LiteloaderQQNT/plugins/NapCat.Framework/napcat.mjs:7704:15', echo='15917')
12-31 09:01:01 [ERROR] apscheduler | Job "_ (trigger: cron[hour='9', minute='1'], next run at: 2025-01-01 09:01:00 CST)" raised an exception
Traceback (most recent call last):

  File "C:\Program Files\zhenxun\zhenxun_bot-dev\bot.py", line 27, in <module>
    nonebot.run()
    │       └ <function run at 0x00000208AA226290>
    └ <module 'nonebot' from 'C:\\Users\\Administrator\\AppData\\Local\\pypoetry\\Cache\\virtualenvs\\zhenxun-bot-k9jvl_fX-py3.10\\...

  File "C:\Users\Administrator\AppData\Local\pypoetry\Cache\virtualenvs\zhenxun-bot-k9jvl_fX-py3.10\lib\site-packages\nonebot\__init__.py", line 335, in run
    get_driver().run(*args, **kwargs)
    │                 │       └ {}
    │                 └ ()
    └ <function get_driver at 0x00000208AA2260E0>

  File "C:\Users\Administrator\AppData\Local\pypoetry\Cache\virtualenvs\zhenxun-bot-k9jvl_fX-py3.10\lib\site-packages\nonebot\drivers\fastapi.py", line 186, in run
    uvicorn.run(
    │       └ <function run at 0x00000208AA9FBD00>
    └ <module 'uvicorn' from 'C:\\Users\\Administrator\\AppData\\Local\\pypoetry\\Cache\\virtualenvs\\zhenxun-bot-k9jvl_fX-py3.10\\...

  File "C:\Users\Administrator\AppData\Local\pypoetry\Cache\virtualenvs\zhenxun-bot-k9jvl_fX-py3.10\lib\site-packages\uvicorn\main.py", line 579, in run
    server.run()
    │      └ <function Server.run at 0x00000208AA9FB640>
    └ <uvicorn.server.Server object at 0x00000208BAED1300>

  File "C:\Users\Administrator\AppData\Local\pypoetry\Cache\virtualenvs\zhenxun-bot-k9jvl_fX-py3.10\lib\site-packages\uvicorn\server.py", line 65, in run
    return asyncio.run(self.serve(sockets=sockets))
           │       │   │    │             └ None
           │       │   │    └ <function Server.serve at 0x00000208AA9FB6D0>
           │       │   └ <uvicorn.server.Server object at 0x00000208BAED1300>
           │       └ <function run at 0x00000208A7F10E50>
           └ <module 'asyncio' from 'C:\\Users\\Administrator\\AppData\\Local\\Programs\\Python\\Python310\\lib\\asyncio\\__init__.py'>

  File "C:\Users\Administrator\AppData\Local\Programs\Python\Python310\lib\asyncio\runners.py", line 44, in run
    return loop.run_until_complete(main)
           │    │                  └ <coroutine object Server.serve at 0x00000208BB1FBD80>
           │    └ <function BaseEventLoop.run_until_complete at 0x00000208A8010280>
           └ <ProactorEventLoop running=True closed=False debug=False>

  File "C:\Users\Administrator\AppData\Local\Programs\Python\Python310\lib\asyncio\base_events.py", line 636, in run_until_complete
    self.run_forever()
    │    └ <function ProactorEventLoop.run_forever at 0x00000208A9C51510>
    └ <ProactorEventLoop running=True closed=False debug=False>

  File "C:\Users\Administrator\AppData\Local\Programs\Python\Python310\lib\asyncio\windows_events.py", line 321, in run_forever
    super().run_forever()

  File "C:\Users\Administrator\AppData\Local\Programs\Python\Python310\lib\asyncio\base_events.py", line 603, in run_forever
    self._run_once()
    │    └ <function BaseEventLoop._run_once at 0x00000208A8011CF0>
    └ <ProactorEventLoop running=True closed=False debug=False>

  File "C:\Users\Administrator\AppData\Local\Programs\Python\Python310\lib\asyncio\base_events.py", line 1909, in _run_once
    handle._run()
    │      └ <function Handle._run at 0x00000208A7FC09D0>
    └ <Handle Task.task_wakeup(<Future finished result=None>)>

  File "C:\Users\Administrator\AppData\Local\Programs\Python\Python310\lib\asyncio\events.py", line 80, in _run
    self._context.run(self._callback, *self._args)
    │    │            │    │           │    └ <member '_args' of 'Handle' objects>
    │    │            │    │           └ <Handle Task.task_wakeup(<Future finished result=None>)>
    │    │            │    └ <member '_callback' of 'Handle' objects>
    │    │            └ <Handle Task.task_wakeup(<Future finished result=None>)>
    │    └ <member '_context' of 'Handle' objects>
    └ <Handle Task.task_wakeup(<Future finished result=None>)>

> File "C:\Users\Administrator\AppData\Local\pypoetry\Cache\virtualenvs\zhenxun-bot-k9jvl_fX-py3.10\lib\site-packages\apscheduler\executors\base_py3.py", line 30, in run_coroutine_job
    retval = await job.func(*job.args, **job.kwargs)
                   │   │     │   │       │   └ <member 'kwargs' of 'Job' objects>
                   │   │     │   │       └ <Job (id=6cf612264f76422c9b0d4d5e93017506 name=_)>
                   │   │     │   └ <member 'args' of 'Job' objects>
                   │   │     └ <Job (id=6cf612264f76422c9b0d4d5e93017506 name=_)>
                   │   └ <member 'func' of 'Job' objects>
                   └ <Job (id=6cf612264f76422c9b0d4d5e93017506 name=_)>

  File "C:\Program Files\zhenxun\zhenxun_bot-dev\zhenxun\plugins\moyu.py", line 100, in _
    receipt = MessageUtils.build_message(path)
              │            │             └ WindowsPath('resources/temp/moyu1735606860.jpeg')
              │            └ <classmethod(<function MessageUtils.build_message at 0x00000208AB5488B0>)>
              └ <class 'zhenxun.utils.message.MessageUtils'>

  File "C:\Program Files\zhenxun\zhenxun_bot-dev\zhenxun\utils\message.py", line 107, in build_message
    message_list += cls.__build_message(_data)  # type: ignore
    │               │                   └ [WindowsPath('resources/temp/moyu1735606860.jpeg')]
    │               └ <class 'zhenxun.utils.message.MessageUtils'>
    └ []

  File "C:\Program Files\zhenxun\zhenxun_bot-dev\zhenxun\utils\message.py", line 76, in __build_message
    image = BuildImage.open(msg)
            │          │    └ WindowsPath('resources/temp/moyu1735606860.jpeg')
            │          └ <classmethod(<function BuildImage.open at 0x00000208AB537010>)>
            └ <class 'zhenxun.utils._build_image.BuildImage'>

  File "C:\Program Files\zhenxun\zhenxun_bot-dev\zhenxun\utils\_build_image.py", line 89, in open
    return cls(background=path)
           │              └ WindowsPath('resources/temp/moyu1735606860.jpeg')
           └ <class 'zhenxun.utils._build_image.BuildImage'>

  File "C:\Program Files\zhenxun\zhenxun_bot-dev\zhenxun\utils\_build_image.py", line 63, in __init__
    self.markImg = Image.open(background)
    │              │     │    └ WindowsPath('resources/temp/moyu1735606860.jpeg')
    │              │     └ <function open at 0x00000208AB521BD0>
    │              └ <module 'PIL.Image' from 'C:\\Users\\Administrator\\AppData\\Local\\pypoetry\\Cache\\virtualenvs\\zhenxun-bot-k9jvl_fX-py3.10...
    └ <zhenxun.utils._build_image.BuildImage object at 0x00000208BAA73670>

  File "C:\Users\Administrator\AppData\Local\pypoetry\Cache\virtualenvs\zhenxun-bot-k9jvl_fX-py3.10\lib\site-packages\PIL\Image.py", line 3298, in open
    raise UnidentifiedImageError(msg)
          │                      └ "cannot identify image file 'C:\\\\Program Files\\\\zhenxun\\\\zhenxun_bot-dev\\\\resources\\\\temp\\\\moyu1735606860.jpeg'"
          └ <class 'PIL.UnidentifiedImageError'>

PIL.UnidentifiedImageError: cannot identify image file 'C:\\Program Files\\zhenxun\\zhenxun_bot-dev\\resources\\temp\\moyu1735606860.jpeg'
12-31 15:01:00 [ERROR] zhenxun | CMD[真寻日报] [Target]([992333365:None]) 发送失败 || 错误 <class 'nonebot.adapters.onebot.v11.exception.ActionFailed'>: ActionFailed(status='failed', retcode=1200, data=None, message='Error: EventChecker Failed: NTEvent serviceAndMethod:NodeIKernelMsgService/sendMsg ListenerName:NodeIKernelMsgListener/onMsgInfoListUpdate EventRet:\n{\n    "result": 120,\n    "errMsg": ""\n}\n\n    at file:///C:/Users/Administrator/Documents/LiteloaderQQNT/plugins/NapCat.Framework/napcat.mjs:7704:15', wording='Error: EventChecker Failed: NTEvent serviceAndMethod:NodeIKernelMsgService/sendMsg ListenerName:NodeIKernelMsgListener/onMsgInfoListUpdate EventRet:\n{\n    "result": 120,\n    "errMsg": ""\n}\n\n    at file:///C:/Users/Administrator/Documents/LiteloaderQQNT/plugins/NapCat.Framework/napcat.mjs:7704:15', echo='16851')
12-31 15:01:05 [ERROR] zhenxun | CMD[真寻日报] [Target]([992333365:None]) 发送失败 || 错误 <class 'nonebot.adapters.onebot.v11.exception.ActionFailed'>: ActionFailed(status='failed', retcode=1200, data=None, message='Error: EventChecker Failed: NTEvent serviceAndMethod:NodeIKernelMsgService/sendMsg ListenerName:NodeIKernelMsgListener/onMsgInfoListUpdate EventRet:\n{\n    "result": 120,\n    "errMsg": ""\n}\n\n    at file:///C:/Users/Administrator/Documents/LiteloaderQQNT/plugins/NapCat.Framework/napcat.mjs:7704:15', wording='Error: EventChecker Failed: NTEvent serviceAndMethod:NodeIKernelMsgService/sendMsg ListenerName:NodeIKernelMsgListener/onMsgInfoListUpdate EventRet:\n{\n    "result": 120,\n    "errMsg": ""\n}\n\n    at file:///C:/Users/Administrator/Documents/LiteloaderQQNT/plugins/NapCat.Framework/napcat.mjs:7704:15', echo='16855')
12-31 15:52:37 [ERROR] nonebot | Running Matcher(type='message', module=zhenxun.plugins.parse_bilibili, lineno=54) failed.
Traceback (most recent call last):

  File "C:\Program Files\zhenxun\zhenxun_bot-dev\bot.py", line 27, in <module>
    nonebot.run()
    │       └ <function run at 0x00000208AA226290>
    └ <module 'nonebot' from 'C:\\Users\\Administrator\\AppData\\Local\\pypoetry\\Cache\\virtualenvs\\zhenxun-bot-k9jvl_fX-py3.10\\...

  File "C:\Users\Administrator\AppData\Local\pypoetry\Cache\virtualenvs\zhenxun-bot-k9jvl_fX-py3.10\lib\site-packages\nonebot\__init__.py", line 335, in run
    get_driver().run(*args, **kwargs)
    │                 │       └ {}
    │                 └ ()
    └ <function get_driver at 0x00000208AA2260E0>

  File "C:\Users\Administrator\AppData\Local\pypoetry\Cache\virtualenvs\zhenxun-bot-k9jvl_fX-py3.10\lib\site-packages\nonebot\drivers\fastapi.py", line 186, in run
    uvicorn.run(
    │       └ <function run at 0x00000208AA9FBD00>
    └ <module 'uvicorn' from 'C:\\Users\\Administrator\\AppData\\Local\\pypoetry\\Cache\\virtualenvs\\zhenxun-bot-k9jvl_fX-py3.10\\...

  File "C:\Users\Administrator\AppData\Local\pypoetry\Cache\virtualenvs\zhenxun-bot-k9jvl_fX-py3.10\lib\site-packages\uvicorn\main.py", line 579, in run
    server.run()
    │      └ <function Server.run at 0x00000208AA9FB640>
    └ <uvicorn.server.Server object at 0x00000208BAED1300>

  File "C:\Users\Administrator\AppData\Local\pypoetry\Cache\virtualenvs\zhenxun-bot-k9jvl_fX-py3.10\lib\site-packages\uvicorn\server.py", line 65, in run
    return asyncio.run(self.serve(sockets=sockets))
           │       │   │    │             └ None
           │       │   │    └ <function Server.serve at 0x00000208AA9FB6D0>
           │       │   └ <uvicorn.server.Server object at 0x00000208BAED1300>
           │       └ <function run at 0x00000208A7F10E50>
           └ <module 'asyncio' from 'C:\\Users\\Administrator\\AppData\\Local\\Programs\\Python\\Python310\\lib\\asyncio\\__init__.py'>

  File "C:\Users\Administrator\AppData\Local\Programs\Python\Python310\lib\asyncio\runners.py", line 44, in run
    return loop.run_until_complete(main)
           │    │                  └ <coroutine object Server.serve at 0x00000208BB1FBD80>
           │    └ <function BaseEventLoop.run_until_complete at 0x00000208A8010280>
           └ <ProactorEventLoop running=True closed=False debug=False>

  File "C:\Users\Administrator\AppData\Local\Programs\Python\Python310\lib\asyncio\base_events.py", line 636, in run_until_complete
    self.run_forever()
    │    └ <function ProactorEventLoop.run_forever at 0x00000208A9C51510>
    └ <ProactorEventLoop running=True closed=False debug=False>

  File "C:\Users\Administrator\AppData\Local\Programs\Python\Python310\lib\asyncio\windows_events.py", line 321, in run_forever
    super().run_forever()

  File "C:\Users\Administrator\AppData\Local\Programs\Python\Python310\lib\asyncio\base_events.py", line 603, in run_forever
    self._run_once()
    │    └ <function BaseEventLoop._run_once at 0x00000208A8011CF0>
    └ <ProactorEventLoop running=True closed=False debug=False>

  File "C:\Users\Administrator\AppData\Local\Programs\Python\Python310\lib\asyncio\base_events.py", line 1909, in _run_once
    handle._run()
    │      └ <function Handle._run at 0x00000208A7FC09D0>
    └ <Handle Task.task_wakeup(<_GatheringFu...2164114'}})]]>)>

  File "C:\Users\Administrator\AppData\Local\Programs\Python\Python310\lib\asyncio\events.py", line 80, in _run
    self._context.run(self._callback, *self._args)
    │    │            │    │           │    └ <member '_args' of 'Handle' objects>
    │    │            │    │           └ <Handle Task.task_wakeup(<_GatheringFu...2164114'}})]]>)>
    │    │            │    └ <member '_callback' of 'Handle' objects>
    │    │            └ <Handle Task.task_wakeup(<_GatheringFu...2164114'}})]]>)>
    │    └ <member '_context' of 'Handle' objects>
    └ <Handle Task.task_wakeup(<_GatheringFu...2164114'}})]]>)>

  File "C:\Users\Administrator\AppData\Local\pypoetry\Cache\virtualenvs\zhenxun-bot-k9jvl_fX-py3.10\lib\site-packages\nonebot\message.py", line 476, in check_and_run_matcher
    await _run_matcher(
          └ <function _run_matcher at 0x00000208AA379750>

> File "C:\Users\Administrator\AppData\Local\pypoetry\Cache\virtualenvs\zhenxun-bot-k9jvl_fX-py3.10\lib\site-packages\nonebot\message.py", line 428, in _run_matcher
    await matcher.run(bot, event, state, stack, dependency_cache)
          │       │   │    │      │      │      └ {<function _uni_msg at 0x00000208AE0B5090>: <Task finished name='Task-20718495' coro=<_uni_msg() done, defined at C:\Users\Ad...
          │       │   │    │      │      └ <contextlib.AsyncExitStack object at 0x00000208BACA0D60>
          │       │   │    │      └ {'_prefix': {'command': None, 'raw_command': None, 'command_arg': None, 'command_start': None, 'command_whitespace': None}}
          │       │   │    └ PrivateMessageEvent(time=1735631556, self_id=3973508735, post_type='message', sub_type='friend', user_id=2747277822, message_...
          │       │   └ Bot(type='OneBot V11', self_id='3973508735')
          │       └ <function Matcher.run at 0x00000208AA2868C0>
          └ Matcher(type='message', module=zhenxun.plugins.parse_bilibili, lineno=54)

  File "C:\Users\Administrator\AppData\Local\pypoetry\Cache\virtualenvs\zhenxun-bot-k9jvl_fX-py3.10\lib\site-packages\nonebot\internal\matcher\matcher.py", line 850, in run
    await self.simple_run(bot, event, state, stack, dependency_cache)
          │    │          │    │      │      │      └ {<function _uni_msg at 0x00000208AE0B5090>: <Task finished name='Task-20718495' coro=<_uni_msg() done, defined at C:\Users\Ad...
          │    │          │    │      │      └ <contextlib.AsyncExitStack object at 0x00000208BACA0D60>
          │    │          │    │      └ {'_prefix': {'command': None, 'raw_command': None, 'command_arg': None, 'command_start': None, 'command_whitespace': None}}
          │    │          │    └ PrivateMessageEvent(time=1735631556, self_id=3973508735, post_type='message', sub_type='friend', user_id=2747277822, message_...
          │    │          └ Bot(type='OneBot V11', self_id='3973508735')
          │    └ <function Matcher.simple_run at 0x00000208AA286830>
          └ Matcher(type='message', module=zhenxun.plugins.parse_bilibili, lineno=54)

  File "C:\Users\Administrator\AppData\Local\pypoetry\Cache\virtualenvs\zhenxun-bot-k9jvl_fX-py3.10\lib\site-packages\nonebot\internal\matcher\matcher.py", line 825, in simple_run
    await handler(
          └ Dependent(call=_)

  File "C:\Users\Administrator\AppData\Local\pypoetry\Cache\virtualenvs\zhenxun-bot-k9jvl_fX-py3.10\lib\site-packages\nonebot\dependencies\__init__.py", line 94, in __call__
    return await cast(Callable[..., Awaitable[R]], self.call)(**values)
                 │    │             │         │    │    │       └ {'session': Session(bot_id='3973508735', bot_type='OneBot V11', platform='qq', level=<SessionLevel.LEVEL1: 1>, id1='274727782...
                 │    │             │         │    │    └ <function _ at 0x00000208BB46AC20>
                 │    │             │         │    └ Dependent(call=_)
                 │    │             │         └ ~R
                 │    │             └ <class 'collections.abc.Awaitable'>
                 │    └ typing.Callable
                 └ <function cast at 0x00000208A7DA04C0>

  File "C:\Program Files\zhenxun\zhenxun_bot-dev\zhenxun\plugins\parse_bilibili\__init__.py", line 86, in _
    get_url = (qqdocurl_value if qqdocurl_value else jumpUrl_value).split("?")[
               │                 │                   └ {}
               │                 └ {}
               └ {}

AttributeError: 'dict' object has no attribute 'split'
12-31 15:52:47 [ERROR] nonebot | Running Matcher(type='message', module=zhenxun.plugins.nonebot_plugin_sparkapi.matchers.block_private, lineno=11) failed.
Traceback (most recent call last):

  File "C:\Program Files\zhenxun\zhenxun_bot-dev\bot.py", line 27, in <module>
    nonebot.run()
    │       └ <function run at 0x00000208AA226290>
    └ <module 'nonebot' from 'C:\\Users\\Administrator\\AppData\\Local\\pypoetry\\Cache\\virtualenvs\\zhenxun-bot-k9jvl_fX-py3.10\\...

  File "C:\Users\Administrator\AppData\Local\pypoetry\Cache\virtualenvs\zhenxun-bot-k9jvl_fX-py3.10\lib\site-packages\nonebot\__init__.py", line 335, in run
    get_driver().run(*args, **kwargs)
    │                 │       └ {}
    │                 └ ()
    └ <function get_driver at 0x00000208AA2260E0>

  File "C:\Users\Administrator\AppData\Local\pypoetry\Cache\virtualenvs\zhenxun-bot-k9jvl_fX-py3.10\lib\site-packages\nonebot\drivers\fastapi.py", line 186, in run
    uvicorn.run(
    │       └ <function run at 0x00000208AA9FBD00>
    └ <module 'uvicorn' from 'C:\\Users\\Administrator\\AppData\\Local\\pypoetry\\Cache\\virtualenvs\\zhenxun-bot-k9jvl_fX-py3.10\\...

  File "C:\Users\Administrator\AppData\Local\pypoetry\Cache\virtualenvs\zhenxun-bot-k9jvl_fX-py3.10\lib\site-packages\uvicorn\main.py", line 579, in run
    server.run()
    │      └ <function Server.run at 0x00000208AA9FB640>
    └ <uvicorn.server.Server object at 0x00000208BAED1300>

  File "C:\Users\Administrator\AppData\Local\pypoetry\Cache\virtualenvs\zhenxun-bot-k9jvl_fX-py3.10\lib\site-packages\uvicorn\server.py", line 65, in run
    return asyncio.run(self.serve(sockets=sockets))
           │       │   │    │             └ None
           │       │   │    └ <function Server.serve at 0x00000208AA9FB6D0>
           │       │   └ <uvicorn.server.Server object at 0x00000208BAED1300>
           │       └ <function run at 0x00000208A7F10E50>
           └ <module 'asyncio' from 'C:\\Users\\Administrator\\AppData\\Local\\Programs\\Python\\Python310\\lib\\asyncio\\__init__.py'>

  File "C:\Users\Administrator\AppData\Local\Programs\Python\Python310\lib\asyncio\runners.py", line 44, in run
    return loop.run_until_complete(main)
           │    │                  └ <coroutine object Server.serve at 0x00000208BB1FBD80>
           │    └ <function BaseEventLoop.run_until_complete at 0x00000208A8010280>
           └ <ProactorEventLoop running=True closed=False debug=False>

  File "C:\Users\Administrator\AppData\Local\Programs\Python\Python310\lib\asyncio\base_events.py", line 636, in run_until_complete
    self.run_forever()
    │    └ <function ProactorEventLoop.run_forever at 0x00000208A9C51510>
    └ <ProactorEventLoop running=True closed=False debug=False>

  File "C:\Users\Administrator\AppData\Local\Programs\Python\Python310\lib\asyncio\windows_events.py", line 321, in run_forever
    super().run_forever()

  File "C:\Users\Administrator\AppData\Local\Programs\Python\Python310\lib\asyncio\base_events.py", line 603, in run_forever
    self._run_once()
    │    └ <function BaseEventLoop._run_once at 0x00000208A8011CF0>
    └ <ProactorEventLoop running=True closed=False debug=False>

  File "C:\Users\Administrator\AppData\Local\Programs\Python\Python310\lib\asyncio\base_events.py", line 1909, in _run_once
    handle._run()
    │      └ <function Handle._run at 0x00000208A7FC09D0>
    └ <Handle Task.task_wakeup(<_GatheringFu...result=[None]>)>

  File "C:\Users\Administrator\AppData\Local\Programs\Python\Python310\lib\asyncio\events.py", line 80, in _run
    self._context.run(self._callback, *self._args)
    │    │            │    │           │    └ <member '_args' of 'Handle' objects>
    │    │            │    │           └ <Handle Task.task_wakeup(<_GatheringFu...result=[None]>)>
    │    │            │    └ <member '_callback' of 'Handle' objects>
    │    │            └ <Handle Task.task_wakeup(<_GatheringFu...result=[None]>)>
    │    └ <member '_context' of 'Handle' objects>
    └ <Handle Task.task_wakeup(<_GatheringFu...result=[None]>)>

  File "C:\Users\Administrator\AppData\Local\pypoetry\Cache\virtualenvs\zhenxun-bot-k9jvl_fX-py3.10\lib\site-packages\nonebot\message.py", line 476, in check_and_run_matcher
    await _run_matcher(
          └ <function _run_matcher at 0x00000208AA379750>

> File "C:\Users\Administrator\AppData\Local\pypoetry\Cache\virtualenvs\zhenxun-bot-k9jvl_fX-py3.10\lib\site-packages\nonebot\message.py", line 428, in _run_matcher
    await matcher.run(bot, event, state, stack, dependency_cache)
          │       │   │    │      │      │      └ {<function _uni_msg at 0x00000208AE0B5090>: <Task finished name='Task-20718495' coro=<_uni_msg() done, defined at C:\Users\Ad...
          │       │   │    │      │      └ <contextlib.AsyncExitStack object at 0x00000208BACA0D60>
          │       │   │    │      └ {'_prefix': {'command': None, 'raw_command': None, 'command_arg': None, 'command_start': None, 'command_whitespace': None}}
          │       │   │    └ PrivateMessageEvent(time=1735631556, self_id=3973508735, post_type='message', sub_type='friend', user_id=2747277822, message_...
          │       │   └ Bot(type='OneBot V11', self_id='3973508735')
          │       └ <function Matcher.run at 0x00000208AA2868C0>
          └ Matcher(type='message', module=zhenxun.plugins.nonebot_plugin_sparkapi.matchers.block_private, lineno=11)

  File "C:\Users\Administrator\AppData\Local\pypoetry\Cache\virtualenvs\zhenxun-bot-k9jvl_fX-py3.10\lib\site-packages\nonebot\internal\matcher\matcher.py", line 850, in run
    await self.simple_run(bot, event, state, stack, dependency_cache)
          │    │          │    │      │      │      └ {<function _uni_msg at 0x00000208AE0B5090>: <Task finished name='Task-20718495' coro=<_uni_msg() done, defined at C:\Users\Ad...
          │    │          │    │      │      └ <contextlib.AsyncExitStack object at 0x00000208BACA0D60>
          │    │          │    │      └ {'_prefix': {'command': None, 'raw_command': None, 'command_arg': None, 'command_start': None, 'command_whitespace': None}}
          │    │          │    └ PrivateMessageEvent(time=1735631556, self_id=3973508735, post_type='message', sub_type='friend', user_id=2747277822, message_...
          │    │          └ Bot(type='OneBot V11', self_id='3973508735')
          │    └ <function Matcher.simple_run at 0x00000208AA286830>
          └ Matcher(type='message', module=zhenxun.plugins.nonebot_plugin_sparkapi.matchers.block_private, lineno=11)

  File "C:\Users\Administrator\AppData\Local\pypoetry\Cache\virtualenvs\zhenxun-bot-k9jvl_fX-py3.10\lib\site-packages\nonebot\internal\matcher\matcher.py", line 825, in simple_run
    await handler(
          └ Dependent(call=_)

  File "C:\Users\Administrator\AppData\Local\pypoetry\Cache\virtualenvs\zhenxun-bot-k9jvl_fX-py3.10\lib\site-packages\nonebot\dependencies\__init__.py", line 94, in __call__
    return await cast(Callable[..., Awaitable[R]], self.call)(**values)
                 │    │             │         │    │    │       └ {}
                 │    │             │         │    │    └ <function _ at 0x00000208B3E370A0>
                 │    │             │         │    └ Dependent(call=_)
                 │    │             │         └ ~R
                 │    │             └ <class 'collections.abc.Awaitable'>
                 │    └ typing.Callable
                 └ <function cast at 0x00000208A7DA04C0>

  File "C:\Program Files\zhenxun\zhenxun_bot-dev\zhenxun\plugins\nonebot_plugin_sparkapi\matchers\block_private.py", line 18, in _
    await matcher_blockprivate.finish("私聊功能已关闭！如有需要，请联系管理员。")
          │                    └ <classmethod(<function Matcher.finish at 0x00000208AA285D80>)>
          └ Matcher(type='message', module=zhenxun.plugins.nonebot_plugin_sparkapi.matchers.block_private, lineno=11)

  File "C:\Users\Administrator\AppData\Local\pypoetry\Cache\virtualenvs\zhenxun-bot-k9jvl_fX-py3.10\lib\site-packages\nonebot\internal\matcher\matcher.py", line 582, in finish
    await cls.send(message, **kwargs)
          │   │    │          └ {}
          │   │    └ '私聊功能已关闭！如有需要，请联系管理员。'
          │   └ <classmethod(<function Matcher.send at 0x00000208AA285CF0>)>
          └ Matcher(type='message', module=zhenxun.plugins.nonebot_plugin_sparkapi.matchers.block_private, lineno=11)

  File "C:\Users\Administrator\AppData\Local\pypoetry\Cache\virtualenvs\zhenxun-bot-k9jvl_fX-py3.10\lib\site-packages\nonebot\internal\matcher\matcher.py", line 566, in send
    return await bot.send(event=event, message=_message, **kwargs)
                 │   │          │              │           └ {}
                 │   │          │              └ '私聊功能已关闭！如有需要，请联系管理员。'
                 │   │          └ PrivateMessageEvent(time=1735631556, self_id=3973508735, post_type='message', sub_type='friend', user_id=2747277822, message_...
                 │   └ <function Bot.send at 0x00000208AA784EE0>
                 └ Bot(type='OneBot V11', self_id='3973508735')

  File "C:\Users\Administrator\AppData\Local\pypoetry\Cache\virtualenvs\zhenxun-bot-k9jvl_fX-py3.10\lib\site-packages\nonebot\adapters\onebot\v11\bot.py", line 237, in send
    return await self.__class__.send_handler(self, event, message, **kwargs)
                 │    │                      │     │      │          └ {}
                 │    │                      │     │      └ '私聊功能已关闭！如有需要，请联系管理员。'
                 │    │                      │     └ PrivateMessageEvent(time=1735631556, self_id=3973508735, post_type='message', sub_type='friend', user_id=2747277822, message_...
                 │    │                      └ Bot(type='OneBot V11', self_id='3973508735')
                 │    └ <attribute '__class__' of 'object' objects>
                 └ Bot(type='OneBot V11', self_id='3973508735')

  File "C:\Users\Administrator\AppData\Local\pypoetry\Cache\virtualenvs\zhenxun-bot-k9jvl_fX-py3.10\lib\site-packages\nonebot\adapters\onebot\v11\bot.py", line 190, in send
    return await bot.send_msg(**params)
                 │              └ {'user_id': 2747277822, 'message_type': 'private', 'message': [MessageSegment(type='text', data={'text': '私聊功能已关闭！如有需要，请联系管理员...
                 └ Bot(type='OneBot V11', self_id='3973508735')

  File "C:\Users\Administrator\AppData\Local\pypoetry\Cache\virtualenvs\zhenxun-bot-k9jvl_fX-py3.10\lib\site-packages\nonebot\internal\adapter\bot.py", line 122, in call_api
    raise exception
          └ ActionFailed(status='failed', retcode=1200, data=None, message='Error: Timeout: NTEvent serviceAndMethod:NodeIKernelMsgServic...

  File "C:\Users\Administrator\AppData\Local\pypoetry\Cache\virtualenvs\zhenxun-bot-k9jvl_fX-py3.10\lib\site-packages\nonebot\internal\adapter\bot.py", line 97, in call_api
    result = await self.adapter._call_api(self, api, **data)
                   │    │       │         │     │      └ {'user_id': 2747277822, 'message_type': 'private', 'message': [MessageSegment(type='text', data={'text': '私聊功能已关闭！如有需要，请联系管理员...
                   │    │       │         │     └ 'send_msg'
                   │    │       │         └ Bot(type='OneBot V11', self_id='3973508735')
                   │    │       └ <function Adapter._call_api at 0x00000208A7AC8820>
                   │    └ Adapter(name='OneBot V11')
                   └ Bot(type='OneBot V11', self_id='3973508735')

  File "C:\Users\Administrator\AppData\Local\pypoetry\Cache\virtualenvs\zhenxun-bot-k9jvl_fX-py3.10\lib\site-packages\nonebot\adapters\onebot\v11\adapter.py", line 147, in _call_api
    return handle_api_result(await self._result_store.fetch(seq, timeout))
           │                       │    │             │     │    └ 30.0
           │                       │    │             │     └ 17010
           │                       │    │             └ <function ResultStore.fetch at 0x00000208AA786050>
           │                       │    └ <nonebot.adapters.onebot.store.ResultStore object at 0x00000208AA47D960>
           │                       └ Adapter(name='OneBot V11')
           └ <function handle_api_result at 0x00000208AA719000>

  File "C:\Users\Administrator\AppData\Local\pypoetry\Cache\virtualenvs\zhenxun-bot-k9jvl_fX-py3.10\lib\site-packages\nonebot\adapters\onebot\v11\utils.py", line 58, in handle_api_result
    raise ActionFailed(**result)
          │              └ {'status': 'failed', 'retcode': 1200, 'data': None, 'message': 'Error: Timeout: NTEvent serviceAndMethod:NodeIKernelMsgServic...
          └ <class 'nonebot.adapters.onebot.v11.exception.ActionFailed'>

nonebot.adapters.onebot.v11.exception.ActionFailed: ActionFailed(status='failed', retcode=1200, data=None, message='Error: Timeout: NTEvent serviceAndMethod:NodeIKernelMsgService/sendMsg ListenerName:NodeIKernelMsgListener/onMsgInfoListUpdate EventRet:\n{}\n\n    at Timeout.sendDataCallback [as _onTimeout] (file:///C:/Users/Administrator/Documents/LiteloaderQQNT/plugins/NapCat.Framework/napcat.mjs:7666:15)\n    at listOnTimeout (node:internal/timers:573:17)\n    at process.processTimers (node:internal/timers:514:7)', wording='Error: Timeout: NTEvent serviceAndMethod:NodeIKernelMsgService/sendMsg ListenerName:NodeIKernelMsgListener/onMsgInfoListUpdate EventRet:\n{}\n\n    at Timeout.sendDataCallback [as _onTimeout] (file:///C:/Users/Administrator/Documents/LiteloaderQQNT/plugins/NapCat.Framework/napcat.mjs:7666:15)\n    at listOnTimeout (node:internal/timers:573:17)\n    at process.processTimers (node:internal/timers:514:7)', echo='17010')
12-31 17:48:06 [ERROR] nonebot | Running Matcher(type='message', module=zhenxun.plugins.parse_bilibili, lineno=54) failed.
Traceback (most recent call last):

  File "C:\Program Files\zhenxun\zhenxun_bot-dev\bot.py", line 27, in <module>
    nonebot.run()
    │       └ <function run at 0x00000208AA226290>
    └ <module 'nonebot' from 'C:\\Users\\Administrator\\AppData\\Local\\pypoetry\\Cache\\virtualenvs\\zhenxun-bot-k9jvl_fX-py3.10\\...

  File "C:\Users\Administrator\AppData\Local\pypoetry\Cache\virtualenvs\zhenxun-bot-k9jvl_fX-py3.10\lib\site-packages\nonebot\__init__.py", line 335, in run
    get_driver().run(*args, **kwargs)
    │                 │       └ {}
    │                 └ ()
    └ <function get_driver at 0x00000208AA2260E0>

  File "C:\Users\Administrator\AppData\Local\pypoetry\Cache\virtualenvs\zhenxun-bot-k9jvl_fX-py3.10\lib\site-packages\nonebot\drivers\fastapi.py", line 186, in run
    uvicorn.run(
    │       └ <function run at 0x00000208AA9FBD00>
    └ <module 'uvicorn' from 'C:\\Users\\Administrator\\AppData\\Local\\pypoetry\\Cache\\virtualenvs\\zhenxun-bot-k9jvl_fX-py3.10\\...

  File "C:\Users\Administrator\AppData\Local\pypoetry\Cache\virtualenvs\zhenxun-bot-k9jvl_fX-py3.10\lib\site-packages\uvicorn\main.py", line 579, in run
    server.run()
    │      └ <function Server.run at 0x00000208AA9FB640>
    └ <uvicorn.server.Server object at 0x00000208BAED1300>

  File "C:\Users\Administrator\AppData\Local\pypoetry\Cache\virtualenvs\zhenxun-bot-k9jvl_fX-py3.10\lib\site-packages\uvicorn\server.py", line 65, in run
    return asyncio.run(self.serve(sockets=sockets))
           │       │   │    │             └ None
           │       │   │    └ <function Server.serve at 0x00000208AA9FB6D0>
           │       │   └ <uvicorn.server.Server object at 0x00000208BAED1300>
           │       └ <function run at 0x00000208A7F10E50>
           └ <module 'asyncio' from 'C:\\Users\\Administrator\\AppData\\Local\\Programs\\Python\\Python310\\lib\\asyncio\\__init__.py'>

  File "C:\Users\Administrator\AppData\Local\Programs\Python\Python310\lib\asyncio\runners.py", line 44, in run
    return loop.run_until_complete(main)
           │    │                  └ <coroutine object Server.serve at 0x00000208BB1FBD80>
           │    └ <function BaseEventLoop.run_until_complete at 0x00000208A8010280>
           └ <ProactorEventLoop running=True closed=False debug=False>

  File "C:\Users\Administrator\AppData\Local\Programs\Python\Python310\lib\asyncio\base_events.py", line 636, in run_until_complete
    self.run_forever()
    │    └ <function ProactorEventLoop.run_forever at 0x00000208A9C51510>
    └ <ProactorEventLoop running=True closed=False debug=False>

  File "C:\Users\Administrator\AppData\Local\Programs\Python\Python310\lib\asyncio\windows_events.py", line 321, in run_forever
    super().run_forever()

  File "C:\Users\Administrator\AppData\Local\Programs\Python\Python310\lib\asyncio\base_events.py", line 603, in run_forever
    self._run_once()
    │    └ <function BaseEventLoop._run_once at 0x00000208A8011CF0>
    └ <ProactorEventLoop running=True closed=False debug=False>

  File "C:\Users\Administrator\AppData\Local\Programs\Python\Python310\lib\asyncio\base_events.py", line 1909, in _run_once
    handle._run()
    │      └ <function Handle._run at 0x00000208A7FC09D0>
    └ <Handle <TaskStepMethWrapper object at 0x00000208BABB9090>()>

  File "C:\Users\Administrator\AppData\Local\Programs\Python\Python310\lib\asyncio\events.py", line 80, in _run
    self._context.run(self._callback, *self._args)
    │    │            │    │           │    └ <member '_args' of 'Handle' objects>
    │    │            │    │           └ <Handle <TaskStepMethWrapper object at 0x00000208BABB9090>()>
    │    │            │    └ <member '_callback' of 'Handle' objects>
    │    │            └ <Handle <TaskStepMethWrapper object at 0x00000208BABB9090>()>
    │    └ <member '_context' of 'Handle' objects>
    └ <Handle <TaskStepMethWrapper object at 0x00000208BABB9090>()>

  File "C:\Users\Administrator\AppData\Local\pypoetry\Cache\virtualenvs\zhenxun-bot-k9jvl_fX-py3.10\lib\site-packages\nonebot\message.py", line 476, in check_and_run_matcher
    await _run_matcher(
          └ <function _run_matcher at 0x00000208AA379750>

> File "C:\Users\Administrator\AppData\Local\pypoetry\Cache\virtualenvs\zhenxun-bot-k9jvl_fX-py3.10\lib\site-packages\nonebot\message.py", line 428, in _run_matcher
    await matcher.run(bot, event, state, stack, dependency_cache)
          │       │   │    │      │      │      └ {<function _uni_msg at 0x00000208AE0B5090>: <Task finished name='Task-21039468' coro=<_uni_msg() done, defined at C:\Users\Ad...
          │       │   │    │      │      └ <contextlib.AsyncExitStack object at 0x00000208BB63CAF0>
          │       │   │    │      └ {'_prefix': {'command': None, 'raw_command': None, 'command_arg': None, 'command_start': None, 'command_whitespace': None}}
          │       │   │    └ GroupMessageEvent(time=1735638485, self_id=3973508735, post_type='message', sub_type='normal', user_id=457891411, message_typ...
          │       │   └ Bot(type='OneBot V11', self_id='3973508735')
          │       └ <function Matcher.run at 0x00000208AA2868C0>
          └ Matcher(type='message', module=zhenxun.plugins.parse_bilibili, lineno=54)

  File "C:\Users\Administrator\AppData\Local\pypoetry\Cache\virtualenvs\zhenxun-bot-k9jvl_fX-py3.10\lib\site-packages\nonebot\internal\matcher\matcher.py", line 850, in run
    await self.simple_run(bot, event, state, stack, dependency_cache)
          │    │          │    │      │      │      └ {<function _uni_msg at 0x00000208AE0B5090>: <Task finished name='Task-21039468' coro=<_uni_msg() done, defined at C:\Users\Ad...
          │    │          │    │      │      └ <contextlib.AsyncExitStack object at 0x00000208BB63CAF0>
          │    │          │    │      └ {'_prefix': {'command': None, 'raw_command': None, 'command_arg': None, 'command_start': None, 'command_whitespace': None}}
          │    │          │    └ GroupMessageEvent(time=1735638485, self_id=3973508735, post_type='message', sub_type='normal', user_id=457891411, message_typ...
          │    │          └ Bot(type='OneBot V11', self_id='3973508735')
          │    └ <function Matcher.simple_run at 0x00000208AA286830>
          └ Matcher(type='message', module=zhenxun.plugins.parse_bilibili, lineno=54)

  File "C:\Users\Administrator\AppData\Local\pypoetry\Cache\virtualenvs\zhenxun-bot-k9jvl_fX-py3.10\lib\site-packages\nonebot\internal\matcher\matcher.py", line 825, in simple_run
    await handler(
          └ Dependent(call=_)

  File "C:\Users\Administrator\AppData\Local\pypoetry\Cache\virtualenvs\zhenxun-bot-k9jvl_fX-py3.10\lib\site-packages\nonebot\dependencies\__init__.py", line 94, in __call__
    return await cast(Callable[..., Awaitable[R]], self.call)(**values)
                 │    │             │         │    │    │       └ {'session': Session(bot_id='3973508735', bot_type='OneBot V11', platform='qq', level=<SessionLevel.LEVEL2: 2>, id1='457891411...
                 │    │             │         │    │    └ <function _ at 0x00000208BB46AC20>
                 │    │             │         │    └ Dependent(call=_)
                 │    │             │         └ ~R
                 │    │             └ <class 'collections.abc.Awaitable'>
                 │    └ typing.Callable
                 └ <function cast at 0x00000208A7DA04C0>

  File "C:\Program Files\zhenxun\zhenxun_bot-dev\zhenxun\plugins\parse_bilibili\__init__.py", line 123, in _
    data = await parse_bili_url(get_url, information_container)
                 │              │        └ <zhenxun.plugins.parse_bilibili.information_container.InformationContainer object at 0x00000208BAADFB80>
                 │              └ 'https://www.bilibili.com/video/avel'
                 └ <function parse_bili_url at 0x00000208BB469BD0>

  File "C:\Program Files\zhenxun\zhenxun_bot-dev\zhenxun\plugins\parse_bilibili\parse_url.py", line 44, in parse_bili_url
    vd_info = await video.get_video_base_info(vid)
                    │     │                   └ 'avel'
                    │     └ <function get_video_base_info at 0x00000208BB469EA0>
                    └ <module 'bilireq.video' from 'C:\\Users\\Administrator\\AppData\\Local\\pypoetry\\Cache\\virtualenvs\\zhenxun-bot-k9jvl_fX-py...

  File "C:\Users\Administrator\AppData\Local\pypoetry\Cache\virtualenvs\zhenxun-bot-k9jvl_fX-py3.10\lib\site-packages\bilireq\video\__init__.py", line 17, in get_video_base_info
    raise ValueError(f"{video_id} 不是一个有效的 AV 或 BV 号")

ValueError: avel 不是一个有效的 AV 或 BV 号
12-31 18:01:00 [ERROR] zhenxun | CMD[被动查询微博热搜] [Target]([992333365:None]) 发送失败 || 错误 <class 'nonebot.adapters.onebot.v11.exception.ActionFailed'>: ActionFailed(status='failed', retcode=1200, data=None, message='Error: EventChecker Failed: NTEvent serviceAndMethod:NodeIKernelMsgService/sendMsg ListenerName:NodeIKernelMsgListener/onMsgInfoListUpdate EventRet:\n{\n    "result": 120,\n    "errMsg": ""\n}\n\n    at file:///C:/Users/Administrator/Documents/LiteloaderQQNT/plugins/NapCat.Framework/napcat.mjs:7704:15', wording='Error: EventChecker Failed: NTEvent serviceAndMethod:NodeIKernelMsgService/sendMsg ListenerName:NodeIKernelMsgListener/onMsgInfoListUpdate EventRet:\n{\n    "result": 120,\n    "errMsg": ""\n}\n\n    at file:///C:/Users/Administrator/Documents/LiteloaderQQNT/plugins/NapCat.Framework/napcat.mjs:7704:15', echo='17311')
12-31 18:01:04 [ERROR] zhenxun | CMD[被动查询微博热搜] [Target]([992333365:None]) 发送失败 || 错误 <class 'nonebot.adapters.onebot.v11.exception.ActionFailed'>: ActionFailed(status='failed', retcode=1200, data=None, message='Error: EventChecker Failed: NTEvent serviceAndMethod:NodeIKernelMsgService/sendMsg ListenerName:NodeIKernelMsgListener/onMsgInfoListUpdate EventRet:\n{\n    "result": 120,\n    "errMsg": ""\n}\n\n    at file:///C:/Users/Administrator/Documents/LiteloaderQQNT/plugins/NapCat.Framework/napcat.mjs:7704:15', wording='Error: EventChecker Failed: NTEvent serviceAndMethod:NodeIKernelMsgService/sendMsg ListenerName:NodeIKernelMsgListener/onMsgInfoListUpdate EventRet:\n{\n    "result": 120,\n    "errMsg": ""\n}\n\n    at file:///C:/Users/Administrator/Documents/LiteloaderQQNT/plugins/NapCat.Framework/napcat.mjs:7704:15', echo='17315')
12-31 23:59:00 [ERROR] zhenxun | CMD[被动早晚安] [Target]([992333365:None]) 发送失败 || 错误 <class 'nonebot.adapters.onebot.v11.exception.ActionFailed'>: ActionFailed(status='failed', retcode=1200, data=None, message='Error: EventChecker Failed: NTEvent serviceAndMethod:NodeIKernelMsgService/sendMsg ListenerName:NodeIKernelMsgListener/onMsgInfoListUpdate EventRet:\n{\n    "result": 120,\n    "errMsg": ""\n}\n\n    at file:///C:/Users/Administrator/Documents/LiteloaderQQNT/plugins/NapCat.Framework/napcat.mjs:7704:15', wording='Error: EventChecker Failed: NTEvent serviceAndMethod:NodeIKernelMsgService/sendMsg ListenerName:NodeIKernelMsgListener/onMsgInfoListUpdate EventRet:\n{\n    "result": 120,\n    "errMsg": ""\n}\n\n    at file:///C:/Users/Administrator/Documents/LiteloaderQQNT/plugins/NapCat.Framework/napcat.mjs:7704:15', echo='18222')
